mode: set
github.com/kudig/kudig/pkg/analyzer/kernel/kernel.go:19.40,28.2 1 1
github.com/kudig/kudig/pkg/analyzer/kernel/kernel.go:31.103,36.9 3 1
github.com/kudig/kudig/pkg/analyzer/kernel/kernel.go:36.9,39.10 2 1
github.com/kudig/kudig/pkg/analyzer/kernel/kernel.go:39.10,41.4 1 1
github.com/kudig/kudig/pkg/analyzer/kernel/kernel.go:44.2,46.47 2 1
github.com/kudig/kudig/pkg/analyzer/kernel/kernel.go:46.47,56.3 3 1
github.com/kudig/kudig/pkg/analyzer/kernel/kernel.go:58.2,58.20 1 1
github.com/kudig/kudig/pkg/analyzer/kernel/kernel.go:67.36,76.2 1 1
github.com/kudig/kudig/pkg/analyzer/kernel/kernel.go:79.101,85.35 3 1
github.com/kudig/kudig/pkg/analyzer/kernel/kernel.go:85.35,87.10 2 1
github.com/kudig/kudig/pkg/analyzer/kernel/kernel.go:87.10,88.12 1 1
github.com/kudig/kudig/pkg/analyzer/kernel/kernel.go:91.3,95.19 4 1
github.com/kudig/kudig/pkg/analyzer/kernel/kernel.go:95.19,106.9 4 1
github.com/kudig/kudig/pkg/analyzer/kernel/kernel.go:110.2,110.20 1 1
github.com/kudig/kudig/pkg/analyzer/kernel/kernel.go:119.50,128.2 1 1
github.com/kudig/kudig/pkg/analyzer/kernel/kernel.go:131.108,136.35 3 1
github.com/kudig/kudig/pkg/analyzer/kernel/kernel.go:136.35,138.10 2 1
github.com/kudig/kudig/pkg/analyzer/kernel/kernel.go:138.10,139.12 1 1
github.com/kudig/kudig/pkg/analyzer/kernel/kernel.go:142.3,146.65 2 1
github.com/kudig/kudig/pkg/analyzer/kernel/kernel.go:146.65,156.4 3 1
github.com/kudig/kudig/pkg/analyzer/kernel/kernel.go:159.3,160.24 2 1
github.com/kudig/kudig/pkg/analyzer/kernel/kernel.go:160.24,170.4 3 1
github.com/kudig/kudig/pkg/analyzer/kernel/kernel.go:172.3,172.22 1 1
github.com/kudig/kudig/pkg/analyzer/kernel/kernel.go:172.22,173.9 1 1
github.com/kudig/kudig/pkg/analyzer/kernel/kernel.go:177.2,177.20 1 1
github.com/kudig/kudig/pkg/analyzer/kernel/kernel.go:186.42,195.2 1 1
github.com/kudig/kudig/pkg/analyzer/kernel/kernel.go:198.106,202.9 3 0
github.com/kudig/kudig/pkg/analyzer/kernel/kernel.go:202.9,204.10 2 0
github.com/kudig/kudig/pkg/analyzer/kernel/kernel.go:204.10,206.4 1 0
github.com/kudig/kudig/pkg/analyzer/kernel/kernel.go:209.2,211.80 2 0
github.com/kudig/kudig/pkg/analyzer/kernel/kernel.go:211.80,221.3 3 0
github.com/kudig/kudig/pkg/analyzer/kernel/kernel.go:223.2,223.20 1 0
github.com/kudig/kudig/pkg/analyzer/kernel/kernel.go:232.52,241.2 1 1
github.com/kudig/kudig/pkg/analyzer/kernel/kernel.go:244.111,248.9 3 0
github.com/kudig/kudig/pkg/analyzer/kernel/kernel.go:248.9,250.3 1 0
github.com/kudig/kudig/pkg/analyzer/kernel/kernel.go:252.2,254.91 2 0
github.com/kudig/kudig/pkg/analyzer/kernel/kernel.go:254.91,264.3 3 0
github.com/kudig/kudig/pkg/analyzer/kernel/kernel.go:266.2,266.20 1 0
github.com/kudig/kudig/pkg/analyzer/kernel/kernel.go:270.13,276.2 5 1
github.com/kudig/kudig/pkg/analyzer/interface.go:41.96,49.2 1 1
github.com/kudig/kudig/pkg/analyzer/interface.go:52.38,54.2 1 1
github.com/kudig/kudig/pkg/analyzer/interface.go:57.45,59.2 1 1
github.com/kudig/kudig/pkg/analyzer/interface.go:62.42,64.2 1 1
github.com/kudig/kudig/pkg/analyzer/interface.go:67.58,69.2 1 1
github.com/kudig/kudig/pkg/analyzer/interface.go:72.48,74.2 1 1
github.com/kudig/kudig/pkg/analyzer/interface.go:77.63,78.28 1 0
github.com/kudig/kudig/pkg/analyzer/interface.go:78.28,79.16 1 0
github.com/kudig/kudig/pkg/analyzer/interface.go:79.16,81.4 1 0
github.com/kudig/kudig/pkg/analyzer/interface.go:83.2,83.14 1 0
github.com/kudig/kudig/pkg/analyzer/registry.go:23.30,27.2 1 1
github.com/kudig/kudig/pkg/analyzer/registry.go:30.54,35.44 4 1
github.com/kudig/kudig/pkg/analyzer/registry.go:35.44,37.3 1 1
github.com/kudig/kudig/pkg/analyzer/registry.go:39.2,40.12 2 1
github.com/kudig/kudig/pkg/analyzer/registry.go:44.54,50.2 4 1
github.com/kudig/kudig/pkg/analyzer/registry.go:53.38,58.32 4 1
github.com/kudig/kudig/pkg/analyzer/registry.go:58.32,60.3 1 1
github.com/kudig/kudig/pkg/analyzer/registry.go:61.2,61.15 1 1
github.com/kudig/kudig/pkg/analyzer/registry.go:65.63,70.32 4 1
github.com/kudig/kudig/pkg/analyzer/registry.go:70.32,71.31 1 1
github.com/kudig/kudig/pkg/analyzer/registry.go:71.31,73.4 1 1
github.com/kudig/kudig/pkg/analyzer/registry.go:75.2,75.15 1 1
github.com/kudig/kudig/pkg/analyzer/registry.go:79.63,84.32 4 1
github.com/kudig/kudig/pkg/analyzer/registry.go:84.32,85.40 1 1
github.com/kudig/kudig/pkg/analyzer/registry.go:85.40,86.17 1 1
github.com/kudig/kudig/pkg/analyzer/registry.go:86.17,88.10 2 1
github.com/kudig/kudig/pkg/analyzer/registry.go:92.2,92.15 1 1
github.com/kudig/kudig/pkg/analyzer/registry.go:96.98,99.2 2 0
github.com/kudig/kudig/pkg/analyzer/registry.go:106.21,109.2 2 0
github.com/kudig/kudig/pkg/analyzer/registry.go:116.21,119.2 2 0
github.com/kudig/kudig/pkg/analyzer/registry.go:126.21,129.29 3 0
github.com/kudig/kudig/pkg/analyzer/registry.go:129.29,130.37 1 0
github.com/kudig/kudig/pkg/analyzer/registry.go:130.37,132.4 1 0
github.com/kudig/kudig/pkg/analyzer/registry.go:134.2,136.49 2 0
github.com/kudig/kudig/pkg/analyzer/registry.go:144.21,147.16 2 0
github.com/kudig/kudig/pkg/analyzer/registry.go:147.16,149.3 1 0
github.com/kudig/kudig/pkg/analyzer/registry.go:151.2,153.34 2 0
github.com/kudig/kudig/pkg/analyzer/registry.go:153.34,154.10 1 0
github.com/kudig/kudig/pkg/analyzer/registry.go:155.21,156.29 1 0
github.com/kudig/kudig/pkg/analyzer/registry.go:157.11,157.11 0 0
github.com/kudig/kudig/pkg/analyzer/registry.go:160.3,161.36 2 0
github.com/kudig/kudig/pkg/analyzer/registry.go:164.2,164.21 1 0
github.com/kudig/kudig/pkg/analyzer/registry.go:168.106,179.2 3 0
github.com/kudig/kudig/pkg/analyzer/registry.go:182.81,185.30 2 0
github.com/kudig/kudig/pkg/analyzer/registry.go:185.30,187.3 1 0
github.com/kudig/kudig/pkg/analyzer/registry.go:190.2,195.34 5 0
github.com/kudig/kudig/pkg/analyzer/registry.go:195.34,196.20 1 0
github.com/kudig/kudig/pkg/analyzer/registry.go:196.20,198.4 1 0
github.com/kudig/kudig/pkg/analyzer/registry.go:199.3,199.21 1 0
github.com/kudig/kudig/pkg/analyzer/registry.go:199.21,201.4 1 0
github.com/kudig/kudig/pkg/analyzer/registry.go:203.3,204.10 2 0
github.com/kudig/kudig/pkg/analyzer/registry.go:204.10,207.4 1 0
github.com/kudig/kudig/pkg/analyzer/registry.go:209.3,210.47 2 0
github.com/kudig/kudig/pkg/analyzer/registry.go:210.47,211.37 1 0
github.com/kudig/kudig/pkg/analyzer/registry.go:211.37,213.5 1 0
github.com/kudig/kudig/pkg/analyzer/registry.go:215.3,218.13 4 0
github.com/kudig/kudig/pkg/analyzer/registry.go:221.2,221.30 1 0
github.com/kudig/kudig/pkg/analyzer/registry.go:221.30,222.41 1 0
github.com/kudig/kudig/pkg/analyzer/registry.go:222.41,224.4 1 0
github.com/kudig/kudig/pkg/analyzer/registry.go:227.2,227.20 1 0
github.com/kudig/kudig/pkg/analyzer/registry.go:231.40,233.2 1 0
github.com/kudig/kudig/pkg/analyzer/registry.go:236.52,238.28 2 1
github.com/kudig/kudig/pkg/analyzer/registry.go:238.28,239.42 1 1
github.com/kudig/kudig/pkg/analyzer/registry.go:239.42,241.4 1 1
github.com/kudig/kudig/pkg/analyzer/registry.go:243.2,243.15 1 1
github.com/kudig/kudig/pkg/analyzer/network/network.go:21.48,30.2 1 1
github.com/kudig/kudig/pkg/analyzer/network/network.go:33.107,37.9 3 1
github.com/kudig/kudig/pkg/analyzer/network/network.go:37.9,39.3 1 1
github.com/kudig/kudig/pkg/analyzer/network/network.go:41.2,48.32 5 1
github.com/kudig/kudig/pkg/analyzer/network/network.go:48.32,49.21 1 1
github.com/kudig/kudig/pkg/analyzer/network/network.go:49.21,52.58 2 1
github.com/kudig/kudig/pkg/analyzer/network/network.go:52.58,54.5 1 1
github.com/kudig/kudig/pkg/analyzer/network/network.go:58.2,58.29 1 1
github.com/kudig/kudig/pkg/analyzer/network/network.go:58.29,68.3 3 1
github.com/kudig/kudig/pkg/analyzer/network/network.go:70.2,70.20 1 1
github.com/kudig/kudig/pkg/analyzer/network/network.go:79.40,88.2 1 1
github.com/kudig/kudig/pkg/analyzer/network/network.go:91.103,95.9 3 0
github.com/kudig/kudig/pkg/analyzer/network/network.go:95.9,97.3 1 0
github.com/kudig/kudig/pkg/analyzer/network/network.go:99.2,101.47 2 0
github.com/kudig/kudig/pkg/analyzer/network/network.go:101.47,111.3 3 0
github.com/kudig/kudig/pkg/analyzer/network/network.go:113.2,113.20 1 0
github.com/kudig/kudig/pkg/analyzer/network/network.go:122.38,131.2 1 1
github.com/kudig/kudig/pkg/analyzer/network/network.go:134.102,138.9 3 0
github.com/kudig/kudig/pkg/analyzer/network/network.go:138.9,140.3 1 0
github.com/kudig/kudig/pkg/analyzer/network/network.go:142.2,145.82 2 0
github.com/kudig/kudig/pkg/analyzer/network/network.go:145.82,148.24 2 0
github.com/kudig/kudig/pkg/analyzer/network/network.go:148.24,158.4 3 0
github.com/kudig/kudig/pkg/analyzer/network/network.go:161.2,161.20 1 0
github.com/kudig/kudig/pkg/analyzer/network/network.go:170.46,179.2 1 1
github.com/kudig/kudig/pkg/analyzer/network/network.go:182.106,186.9 3 0
github.com/kudig/kudig/pkg/analyzer/network/network.go:186.9,188.3 1 0
github.com/kudig/kudig/pkg/analyzer/network/network.go:190.2,195.23 3 0
github.com/kudig/kudig/pkg/analyzer/network/network.go:195.23,205.3 3 0
github.com/kudig/kudig/pkg/analyzer/network/network.go:207.2,207.20 1 0
github.com/kudig/kudig/pkg/analyzer/network/network.go:216.40,225.2 1 1
github.com/kudig/kudig/pkg/analyzer/network/network.go:228.103,232.9 3 0
github.com/kudig/kudig/pkg/analyzer/network/network.go:232.9,234.3 1 0
github.com/kudig/kudig/pkg/analyzer/network/network.go:236.2,242.32 4 0
github.com/kudig/kudig/pkg/analyzer/network/network.go:242.32,243.21 1 0
github.com/kudig/kudig/pkg/analyzer/network/network.go:243.21,246.24 3 0
github.com/kudig/kudig/pkg/analyzer/network/network.go:246.24,248.5 1 0
github.com/kudig/kudig/pkg/analyzer/network/network.go:250.4,251.18 2 0
github.com/kudig/kudig/pkg/analyzer/network/network.go:251.18,252.13 1 0
github.com/kudig/kudig/pkg/analyzer/network/network.go:255.4,255.19 1 0
github.com/kudig/kudig/pkg/analyzer/network/network.go:255.19,265.5 3 0
github.com/kudig/kudig/pkg/analyzer/network/network.go:269.2,269.20 1 0
github.com/kudig/kudig/pkg/analyzer/network/network.go:273.13,279.2 5 1
github.com/kudig/kudig/pkg/analyzer/process/service.go:20.44,29.2 1 1
github.com/kudig/kudig/pkg/analyzer/process/service.go:32.107,36.9 3 1
github.com/kudig/kudig/pkg/analyzer/process/service.go:36.9,38.3 1 1
github.com/kudig/kudig/pkg/analyzer/process/service.go:40.2,43.16 3 1
github.com/kudig/kudig/pkg/analyzer/process/service.go:44.16,53.34 3 1
github.com/kudig/kudig/pkg/analyzer/process/service.go:55.29,64.34 3 1
github.com/kudig/kudig/pkg/analyzer/process/service.go:67.2,67.20 1 1
github.com/kudig/kudig/pkg/analyzer/process/service.go:76.62,85.2 1 1
github.com/kudig/kudig/pkg/analyzer/process/service.go:88.116,94.71 4 1
github.com/kudig/kudig/pkg/analyzer/process/service.go:94.71,96.3 1 1
github.com/kudig/kudig/pkg/analyzer/process/service.go:98.2,98.75 1 1
github.com/kudig/kudig/pkg/analyzer/process/service.go:98.75,100.3 1 1
github.com/kudig/kudig/pkg/analyzer/process/service.go:103.2,103.62 1 1
github.com/kudig/kudig/pkg/analyzer/process/service.go:103.62,113.3 3 0
github.com/kudig/kudig/pkg/analyzer/process/service.go:113.8,114.69 1 1
github.com/kudig/kudig/pkg/analyzer/process/service.go:114.69,124.3 3 0
github.com/kudig/kudig/pkg/analyzer/process/service.go:126.2,126.20 1 1
github.com/kudig/kudig/pkg/analyzer/process/service.go:135.38,144.2 1 1
github.com/kudig/kudig/pkg/analyzer/process/service.go:147.104,151.9 3 0
github.com/kudig/kudig/pkg/analyzer/process/service.go:151.9,153.3 1 0
github.com/kudig/kudig/pkg/analyzer/process/service.go:155.2,157.90 2 0
github.com/kudig/kudig/pkg/analyzer/process/service.go:157.90,168.3 4 0
github.com/kudig/kudig/pkg/analyzer/process/service.go:170.2,170.20 1 0
github.com/kudig/kudig/pkg/analyzer/process/service.go:179.48,188.2 1 1
github.com/kudig/kudig/pkg/analyzer/process/service.go:191.109,195.9 3 0
github.com/kudig/kudig/pkg/analyzer/process/service.go:195.9,197.3 1 0
github.com/kudig/kudig/pkg/analyzer/process/service.go:199.2,201.84 2 0
github.com/kudig/kudig/pkg/analyzer/process/service.go:201.84,211.3 3 0
github.com/kudig/kudig/pkg/analyzer/process/service.go:213.2,213.20 1 0
github.com/kudig/kudig/pkg/analyzer/process/service.go:222.44,231.2 1 1
github.com/kudig/kudig/pkg/analyzer/process/service.go:234.107,238.9 3 0
github.com/kudig/kudig/pkg/analyzer/process/service.go:238.9,240.3 1 0
github.com/kudig/kudig/pkg/analyzer/process/service.go:242.2,249.32 5 0
github.com/kudig/kudig/pkg/analyzer/process/service.go:249.32,250.21 1 0
github.com/kudig/kudig/pkg/analyzer/process/service.go:250.21,253.28 3 0
github.com/kudig/kudig/pkg/analyzer/process/service.go:253.28,255.5 1 0
github.com/kudig/kudig/pkg/analyzer/process/service.go:259.2,259.24 1 0
github.com/kudig/kudig/pkg/analyzer/process/service.go:259.24,269.3 3 0
github.com/kudig/kudig/pkg/analyzer/process/service.go:269.8,269.30 1 0
github.com/kudig/kudig/pkg/analyzer/process/service.go:269.30,279.3 3 0
github.com/kudig/kudig/pkg/analyzer/process/service.go:281.2,281.20 1 0
github.com/kudig/kudig/pkg/analyzer/process/service.go:285.48,289.49 2 1
github.com/kudig/kudig/pkg/analyzer/process/service.go:289.49,291.3 1 1
github.com/kudig/kudig/pkg/analyzer/process/service.go:292.2,293.49 1 1
github.com/kudig/kudig/pkg/analyzer/process/service.go:293.49,295.3 1 1
github.com/kudig/kudig/pkg/analyzer/process/service.go:296.2,297.48 1 1
github.com/kudig/kudig/pkg/analyzer/process/service.go:297.48,299.3 1 1
github.com/kudig/kudig/pkg/analyzer/process/service.go:300.2,300.18 1 1
github.com/kudig/kudig/pkg/analyzer/process/service.go:304.13,310.2 5 1
github.com/kudig/kudig/pkg/analyzer/runtime/runtime.go:19.42,28.2 1 1
github.com/kudig/kudig/pkg/analyzer/runtime/runtime.go:31.106,35.9 3 1
github.com/kudig/kudig/pkg/analyzer/runtime/runtime.go:35.9,37.3 1 1
github.com/kudig/kudig/pkg/analyzer/runtime/runtime.go:39.2,42.50 2 1
github.com/kudig/kudig/pkg/analyzer/runtime/runtime.go:42.50,52.3 3 1
github.com/kudig/kudig/pkg/analyzer/runtime/runtime.go:55.2,56.55 1 1
github.com/kudig/kudig/pkg/analyzer/runtime/runtime.go:56.55,66.3 3 1
github.com/kudig/kudig/pkg/analyzer/runtime/runtime.go:68.2,68.20 1 1
github.com/kudig/kudig/pkg/analyzer/runtime/runtime.go:77.50,86.2 1 1
github.com/kudig/kudig/pkg/analyzer/runtime/runtime.go:89.110,93.9 3 1
github.com/kudig/kudig/pkg/analyzer/runtime/runtime.go:93.9,95.3 1 1
github.com/kudig/kudig/pkg/analyzer/runtime/runtime.go:97.2,103.26 4 1
github.com/kudig/kudig/pkg/analyzer/runtime/runtime.go:103.26,113.3 3 1
github.com/kudig/kudig/pkg/analyzer/runtime/runtime.go:115.2,115.20 1 1
github.com/kudig/kudig/pkg/analyzer/runtime/runtime.go:124.46,133.2 1 1
github.com/kudig/kudig/pkg/analyzer/runtime/runtime.go:136.108,140.9 3 0
github.com/kudig/kudig/pkg/analyzer/runtime/runtime.go:140.9,142.3 1 0
github.com/kudig/kudig/pkg/analyzer/runtime/runtime.go:144.2,149.37 4 0
github.com/kudig/kudig/pkg/analyzer/runtime/runtime.go:149.37,159.3 3 0
github.com/kudig/kudig/pkg/analyzer/runtime/runtime.go:161.2,161.20 1 0
github.com/kudig/kudig/pkg/analyzer/runtime/runtime.go:170.42,179.2 1 1
github.com/kudig/kudig/pkg/analyzer/runtime/runtime.go:182.106,186.9 3 0
github.com/kudig/kudig/pkg/analyzer/runtime/runtime.go:186.9,188.3 1 0
github.com/kudig/kudig/pkg/analyzer/runtime/runtime.go:190.2,193.58 2 0
github.com/kudig/kudig/pkg/analyzer/runtime/runtime.go:193.58,203.3 3 0
github.com/kudig/kudig/pkg/analyzer/runtime/runtime.go:206.2,206.73 1 0
github.com/kudig/kudig/pkg/analyzer/runtime/runtime.go:206.73,216.3 3 0
github.com/kudig/kudig/pkg/analyzer/runtime/runtime.go:219.2,219.82 1 0
github.com/kudig/kudig/pkg/analyzer/runtime/runtime.go:219.82,229.3 3 0
github.com/kudig/kudig/pkg/analyzer/runtime/runtime.go:232.2,233.59 1 0
github.com/kudig/kudig/pkg/analyzer/runtime/runtime.go:233.59,243.3 3 0
github.com/kudig/kudig/pkg/analyzer/runtime/runtime.go:245.2,245.20 1 0
github.com/kudig/kudig/pkg/analyzer/runtime/runtime.go:249.13,254.2 4 1
github.com/kudig/kudig/pkg/analyzer/system/resource.go:21.36,30.2 1 1
github.com/kudig/kudig/pkg/analyzer/system/resource.go:33.101,36.31 2 1
github.com/kudig/kudig/pkg/analyzer/system/resource.go:36.31,38.3 1 1
github.com/kudig/kudig/pkg/analyzer/system/resource.go:40.2,41.19 2 1
github.com/kudig/kudig/pkg/analyzer/system/resource.go:41.19,43.3 1 1
github.com/kudig/kudig/pkg/analyzer/system/resource.go:45.2,51.35 4 1
github.com/kudig/kudig/pkg/analyzer/system/resource.go:51.35,61.3 3 1
github.com/kudig/kudig/pkg/analyzer/system/resource.go:61.8,61.41 1 1
github.com/kudig/kudig/pkg/analyzer/system/resource.go:61.41,71.3 3 1
github.com/kudig/kudig/pkg/analyzer/system/resource.go:73.2,73.20 1 1
github.com/kudig/kudig/pkg/analyzer/system/resource.go:82.42,91.2 1 1
github.com/kudig/kudig/pkg/analyzer/system/resource.go:94.104,97.31 2 1
github.com/kudig/kudig/pkg/analyzer/system/resource.go:97.31,99.3 1 1
github.com/kudig/kudig/pkg/analyzer/system/resource.go:101.2,104.40 3 1
github.com/kudig/kudig/pkg/analyzer/system/resource.go:104.40,106.3 1 1
github.com/kudig/kudig/pkg/analyzer/system/resource.go:108.2,110.24 2 1
github.com/kudig/kudig/pkg/analyzer/system/resource.go:110.24,120.3 3 1
github.com/kudig/kudig/pkg/analyzer/system/resource.go:120.8,120.31 1 1
github.com/kudig/kudig/pkg/analyzer/system/resource.go:120.31,130.3 3 1
github.com/kudig/kudig/pkg/analyzer/system/resource.go:132.2,132.20 1 1
github.com/kudig/kudig/pkg/analyzer/system/resource.go:141.38,150.2 1 1
github.com/kudig/kudig/pkg/analyzer/system/resource.go:153.102,156.31 2 1
github.com/kudig/kudig/pkg/analyzer/system/resource.go:156.31,158.3 1 1
github.com/kudig/kudig/pkg/analyzer/system/resource.go:160.2,160.52 1 1
github.com/kudig/kudig/pkg/analyzer/system/resource.go:160.52,161.29 1 1
github.com/kudig/kudig/pkg/analyzer/system/resource.go:161.29,171.4 3 1
github.com/kudig/kudig/pkg/analyzer/system/resource.go:171.9,171.36 1 1
github.com/kudig/kudig/pkg/analyzer/system/resource.go:171.36,181.4 3 1
github.com/kudig/kudig/pkg/analyzer/system/resource.go:184.2,184.20 1 1
github.com/kudig/kudig/pkg/analyzer/system/resource.go:193.38,202.2 1 1
github.com/kudig/kudig/pkg/analyzer/system/resource.go:205.104,208.31 2 1
github.com/kudig/kudig/pkg/analyzer/system/resource.go:208.31,210.3 1 1
github.com/kudig/kudig/pkg/analyzer/system/resource.go:212.2,212.38 1 1
github.com/kudig/kudig/pkg/analyzer/system/resource.go:212.38,222.3 3 1
github.com/kudig/kudig/pkg/analyzer/system/resource.go:224.2,224.20 1 1
github.com/kudig/kudig/pkg/analyzer/system/resource.go:233.48,242.2 1 1
github.com/kudig/kudig/pkg/analyzer/system/resource.go:245.109,248.31 2 1
github.com/kudig/kudig/pkg/analyzer/system/resource.go:248.31,250.3 1 1
github.com/kudig/kudig/pkg/analyzer/system/resource.go:252.2,255.14 3 1
github.com/kudig/kudig/pkg/analyzer/system/resource.go:255.14,257.3 1 1
github.com/kudig/kudig/pkg/analyzer/system/resource.go:259.2,261.24 2 1
github.com/kudig/kudig/pkg/analyzer/system/resource.go:261.24,271.3 3 1
github.com/kudig/kudig/pkg/analyzer/system/resource.go:271.8,271.31 1 1
github.com/kudig/kudig/pkg/analyzer/system/resource.go:271.31,281.3 3 1
github.com/kudig/kudig/pkg/analyzer/system/resource.go:283.2,283.20 1 1
github.com/kudig/kudig/pkg/analyzer/system/resource.go:292.50,301.2 1 1
github.com/kudig/kudig/pkg/analyzer/system/resource.go:304.110,308.9 3 1
github.com/kudig/kudig/pkg/analyzer/system/resource.go:308.9,310.3 1 1
github.com/kudig/kudig/pkg/analyzer/system/resource.go:312.2,318.22 4 1
github.com/kudig/kudig/pkg/analyzer/system/resource.go:318.22,320.21 2 1
github.com/kudig/kudig/pkg/analyzer/system/resource.go:320.21,330.4 3 1
github.com/kudig/kudig/pkg/analyzer/system/resource.go:333.2,333.20 1 1
github.com/kudig/kudig/pkg/analyzer/system/resource.go:342.54,351.2 1 1
github.com/kudig/kudig/pkg/analyzer/system/resource.go:354.112,358.9 3 1
github.com/kudig/kudig/pkg/analyzer/system/resource.go:358.9,360.3 1 1
github.com/kudig/kudig/pkg/analyzer/system/resource.go:362.2,365.57 2 1
github.com/kudig/kudig/pkg/analyzer/system/resource.go:365.57,375.3 3 1
github.com/kudig/kudig/pkg/analyzer/system/resource.go:378.2,378.48 1 1
github.com/kudig/kudig/pkg/analyzer/system/resource.go:378.48,389.3 4 1
github.com/kudig/kudig/pkg/analyzer/system/resource.go:391.2,391.20 1 1
github.com/kudig/kudig/pkg/analyzer/system/resource.go:395.13,403.2 7 1
github.com/kudig/kudig/pkg/collector/interface.go:56.26,60.2 1 1
github.com/kudig/kudig/pkg/collector/interface.go:63.52,68.2 1 1
github.com/kudig/kudig/pkg/collector/interface.go:71.59,77.2 1 1
github.com/kudig/kudig/pkg/collector/interface.go:85.37,89.2 1 1
github.com/kudig/kudig/pkg/collector/interface.go:92.49,94.2 1 1
github.com/kudig/kudig/pkg/collector/interface.go:97.62,100.2 2 1
github.com/kudig/kudig/pkg/collector/interface.go:106.45,108.2 1 1
github.com/kudig/kudig/pkg/collector/interface.go:111.58,113.2 1 1
github.com/kudig/kudig/pkg/collector/offline/directory.go:22.32,24.2 1 1
github.com/kudig/kudig/pkg/collector/offline/directory.go:27.35,29.2 1 1
github.com/kudig/kudig/pkg/collector/offline/directory.go:32.43,34.2 1 1
github.com/kudig/kudig/pkg/collector/offline/directory.go:37.62,38.31 1 1
github.com/kudig/kudig/pkg/collector/offline/directory.go:38.31,40.3 1 1
github.com/kudig/kudig/pkg/collector/offline/directory.go:42.2,43.16 2 1
github.com/kudig/kudig/pkg/collector/offline/directory.go:43.16,44.25 1 1
github.com/kudig/kudig/pkg/collector/offline/directory.go:44.25,46.4 1 1
github.com/kudig/kudig/pkg/collector/offline/directory.go:47.3,47.70 1 0
github.com/kudig/kudig/pkg/collector/offline/directory.go:50.2,50.19 1 1
github.com/kudig/kudig/pkg/collector/offline/directory.go:50.19,52.3 1 1
github.com/kudig/kudig/pkg/collector/offline/directory.go:54.2,54.12 1 1
github.com/kudig/kudig/pkg/collector/offline/directory.go:58.107,59.43 1 1
github.com/kudig/kudig/pkg/collector/offline/directory.go:59.43,61.3 1 1
github.com/kudig/kudig/pkg/collector/offline/directory.go:63.2,76.32 4 1
github.com/kudig/kudig/pkg/collector/offline/directory.go:76.32,77.10 1 1
github.com/kudig/kudig/pkg/collector/offline/directory.go:78.21,79.25 1 1
github.com/kudig/kudig/pkg/collector/offline/directory.go:80.11,80.11 0 1
github.com/kudig/kudig/pkg/collector/offline/directory.go:83.3,85.17 3 1
github.com/kudig/kudig/pkg/collector/offline/directory.go:85.17,86.27 1 1
github.com/kudig/kudig/pkg/collector/offline/directory.go:86.27,88.5 1 0
github.com/kudig/kudig/pkg/collector/offline/directory.go:90.4,90.12 1 1
github.com/kudig/kudig/pkg/collector/offline/directory.go:92.3,92.33 1 1
github.com/kudig/kudig/pkg/collector/offline/directory.go:96.2,97.71 2 1
github.com/kudig/kudig/pkg/collector/offline/directory.go:97.71,99.17 2 0
github.com/kudig/kudig/pkg/collector/offline/directory.go:99.17,100.34 1 0
github.com/kudig/kudig/pkg/collector/offline/directory.go:100.34,101.22 1 0
github.com/kudig/kudig/pkg/collector/offline/directory.go:101.22,102.14 1 0
github.com/kudig/kudig/pkg/collector/offline/directory.go:104.5,106.19 3 0
github.com/kudig/kudig/pkg/collector/offline/directory.go:106.19,108.6 1 0
github.com/kudig/kudig/pkg/collector/offline/directory.go:114.2,115.63 2 1
github.com/kudig/kudig/pkg/collector/offline/directory.go:115.63,117.17 2 0
github.com/kudig/kudig/pkg/collector/offline/directory.go:117.17,118.34 1 0
github.com/kudig/kudig/pkg/collector/offline/directory.go:118.34,119.22 1 0
github.com/kudig/kudig/pkg/collector/offline/directory.go:119.22,120.14 1 0
github.com/kudig/kudig/pkg/collector/offline/directory.go:122.5,124.19 3 0
github.com/kudig/kudig/pkg/collector/offline/directory.go:124.19,126.6 1 0
github.com/kudig/kudig/pkg/collector/offline/directory.go:132.2,137.18 3 1
github.com/kudig/kudig/pkg/collector/offline/directory.go:141.78,145.9 3 1
github.com/kudig/kudig/pkg/collector/offline/directory.go:145.9,147.3 1 0
github.com/kudig/kudig/pkg/collector/offline/directory.go:149.2,153.73 3 1
github.com/kudig/kudig/pkg/collector/offline/directory.go:153.73,155.3 1 0
github.com/kudig/kudig/pkg/collector/offline/directory.go:158.2,159.71 2 1
github.com/kudig/kudig/pkg/collector/offline/directory.go:159.71,161.3 1 0
github.com/kudig/kudig/pkg/collector/offline/directory.go:164.2,165.67 2 1
github.com/kudig/kudig/pkg/collector/offline/directory.go:165.67,167.3 1 0
github.com/kudig/kudig/pkg/collector/offline/directory.go:170.2,171.8 2 1
github.com/kudig/kudig/pkg/collector/offline/directory.go:171.8,173.87 2 0
github.com/kudig/kudig/pkg/collector/offline/directory.go:173.87,175.4 1 0
github.com/kudig/kudig/pkg/collector/offline/directory.go:178.2,178.13 1 1
github.com/kudig/kudig/pkg/collector/offline/directory.go:182.89,187.8 3 1
github.com/kudig/kudig/pkg/collector/offline/directory.go:187.8,191.25 3 1
github.com/kudig/kudig/pkg/collector/offline/directory.go:191.25,193.4 1 0
github.com/kudig/kudig/pkg/collector/offline/directory.go:193.9,196.70 2 1
github.com/kudig/kudig/pkg/collector/offline/directory.go:196.70,197.59 1 0
github.com/kudig/kudig/pkg/collector/offline/directory.go:197.59,199.6 1 0
github.com/kudig/kudig/pkg/collector/offline/directory.go:204.3,204.28 1 1
github.com/kudig/kudig/pkg/collector/offline/directory.go:204.28,206.4 1 1
github.com/kudig/kudig/pkg/collector/offline/directory.go:210.2,211.8 2 1
github.com/kudig/kudig/pkg/collector/offline/directory.go:211.8,214.70 3 1
github.com/kudig/kudig/pkg/collector/offline/directory.go:214.70,218.4 3 0
github.com/kudig/kudig/pkg/collector/offline/directory.go:222.2,223.8 2 1
github.com/kudig/kudig/pkg/collector/offline/directory.go:223.8,227.74 3 1
github.com/kudig/kudig/pkg/collector/offline/directory.go:227.74,229.4 1 0
github.com/kudig/kudig/pkg/collector/offline/directory.go:231.3,232.74 2 1
github.com/kudig/kudig/pkg/collector/offline/directory.go:232.74,234.4 1 0
github.com/kudig/kudig/pkg/collector/offline/directory.go:236.3,237.73 2 1
github.com/kudig/kudig/pkg/collector/offline/directory.go:237.73,239.4 1 0
github.com/kudig/kudig/pkg/collector/offline/directory.go:241.3,242.75 2 1
github.com/kudig/kudig/pkg/collector/offline/directory.go:242.75,244.4 1 0
github.com/kudig/kudig/pkg/collector/offline/directory.go:246.3,247.74 2 1
github.com/kudig/kudig/pkg/collector/offline/directory.go:247.74,249.4 1 0
github.com/kudig/kudig/pkg/collector/offline/directory.go:253.2,253.62 1 1
github.com/kudig/kudig/pkg/collector/offline/directory.go:253.62,255.3 1 1
github.com/kudig/kudig/pkg/collector/offline/directory.go:258.2,258.60 1 1
github.com/kudig/kudig/pkg/collector/offline/directory.go:258.60,262.3 2 0
github.com/kudig/kudig/pkg/collector/offline/directory.go:265.2,265.58 1 1
github.com/kudig/kudig/pkg/collector/offline/directory.go:265.58,268.78 3 1
github.com/kudig/kudig/pkg/collector/offline/directory.go:268.78,270.4 1 0
github.com/kudig/kudig/pkg/collector/offline/directory.go:273.2,273.16 1 1
github.com/kudig/kudig/pkg/collector/offline/directory.go:277.70,284.21 4 1
github.com/kudig/kudig/pkg/collector/offline/directory.go:284.21,287.78 2 1
github.com/kudig/kudig/pkg/collector/offline/directory.go:287.78,289.12 2 0
github.com/kudig/kudig/pkg/collector/offline/directory.go:291.3,291.57 1 1
github.com/kudig/kudig/pkg/collector/offline/directory.go:291.57,292.9 1 0
github.com/kudig/kudig/pkg/collector/offline/directory.go:295.3,295.50 1 1
github.com/kudig/kudig/pkg/collector/offline/directory.go:295.50,297.24 2 0
github.com/kudig/kudig/pkg/collector/offline/directory.go:297.24,305.72 3 0
github.com/kudig/kudig/pkg/collector/offline/directory.go:305.72,307.6 1 0
github.com/kudig/kudig/pkg/collector/offline/directory.go:309.5,309.35 1 0
github.com/kudig/kudig/pkg/collector/offline/directory.go:314.2,314.15 1 1
github.com/kudig/kudig/pkg/collector/offline/directory.go:318.13,320.2 1 1
github.com/kudig/kudig/pkg/reporter/interface.go:44.42,50.2 1 1
github.com/kudig/kudig/pkg/reporter/interface.go:67.72,79.2 2 1
github.com/kudig/kudig/pkg/reporter/interface.go:87.44,91.2 1 1
github.com/kudig/kudig/pkg/reporter/interface.go:94.55,96.2 1 1
github.com/kudig/kudig/pkg/reporter/interface.go:99.63,102.2 2 1
github.com/kudig/kudig/pkg/reporter/interface.go:105.43,107.34 2 1
github.com/kudig/kudig/pkg/reporter/interface.go:107.34,109.3 1 1
github.com/kudig/kudig/pkg/reporter/interface.go:110.2,110.16 1 1
github.com/kudig/kudig/pkg/reporter/interface.go:117.42,119.2 1 1
github.com/kudig/kudig/pkg/reporter/interface.go:122.50,124.2 1 1
github.com/kudig/kudig/pkg/reporter/json.go:17.49,19.2 1 1
github.com/kudig/kudig/pkg/reporter/json.go:22.40,24.2 1 1
github.com/kudig/kudig/pkg/reporter/json.go:27.97,30.14 2 1
github.com/kudig/kudig/pkg/reporter/json.go:30.14,32.3 1 1
github.com/kudig/kudig/pkg/reporter/json.go:33.2,33.29 1 1
github.com/kudig/kudig/pkg/reporter/json.go:37.13,39.2 1 1
github.com/kudig/kudig/pkg/reporter/text.go:19.51,21.2 1 1
github.com/kudig/kudig/pkg/reporter/text.go:24.40,26.2 1 1
github.com/kudig/kudig/pkg/reporter/text.go:38.97,49.22 8 1
github.com/kudig/kudig/pkg/reporter/text.go:49.22,50.17 1 1
github.com/kudig/kudig/pkg/reporter/text.go:50.17,52.4 1 0
github.com/kudig/kudig/pkg/reporter/text.go:52.9,54.4 1 1
github.com/kudig/kudig/pkg/reporter/text.go:55.3,56.26 2 1
github.com/kudig/kudig/pkg/reporter/text.go:60.2,65.23 4 1
github.com/kudig/kudig/pkg/reporter/text.go:65.23,69.34 4 1
github.com/kudig/kudig/pkg/reporter/text.go:69.34,71.4 1 1
github.com/kudig/kudig/pkg/reporter/text.go:75.2,75.22 1 1
github.com/kudig/kudig/pkg/reporter/text.go:75.22,79.33 4 1
github.com/kudig/kudig/pkg/reporter/text.go:79.33,81.4 1 1
github.com/kudig/kudig/pkg/reporter/text.go:85.2,85.19 1 1
github.com/kudig/kudig/pkg/reporter/text.go:85.19,89.30 4 0
github.com/kudig/kudig/pkg/reporter/text.go:89.30,91.4 1 0
github.com/kudig/kudig/pkg/reporter/text.go:95.2,104.25 9 1
github.com/kudig/kudig/pkg/reporter/text.go:108.94,109.16 1 1
github.com/kudig/kudig/pkg/reporter/text.go:109.16,111.3 1 1
github.com/kudig/kudig/pkg/reporter/text.go:111.8,113.3 1 1
github.com/kudig/kudig/pkg/reporter/text.go:114.2,117.68 3 1
github.com/kudig/kudig/pkg/reporter/text.go:117.68,119.3 1 1
github.com/kudig/kudig/pkg/reporter/text.go:120.2,120.23 1 1
github.com/kudig/kudig/pkg/reporter/text.go:124.84,126.31 2 1
github.com/kudig/kudig/pkg/reporter/text.go:126.31,127.33 1 1
github.com/kudig/kudig/pkg/reporter/text.go:127.33,129.4 1 1
github.com/kudig/kudig/pkg/reporter/text.go:131.2,131.15 1 1
github.com/kudig/kudig/pkg/reporter/text.go:135.60,139.31 3 1
github.com/kudig/kudig/pkg/reporter/text.go:139.31,141.17 2 1
github.com/kudig/kudig/pkg/reporter/text.go:141.17,144.4 2 1
github.com/kudig/kudig/pkg/reporter/text.go:146.2,146.15 1 1
github.com/kudig/kudig/pkg/reporter/text.go:150.63,160.2 8 1
github.com/kudig/kudig/pkg/reporter/text.go:163.13,165.2 1 1
github.com/kudig/kudig/pkg/types/diagnostic_data.go:24.35,25.11 1 0
github.com/kudig/kudig/pkg/types/diagnostic_data.go:26.19,27.19 1 0
github.com/kudig/kudig/pkg/types/diagnostic_data.go:28.18,29.18 1 0
github.com/kudig/kudig/pkg/types/diagnostic_data.go:30.18,31.18 1 0
github.com/kudig/kudig/pkg/types/diagnostic_data.go:32.10,33.19 1 0
github.com/kudig/kudig/pkg/types/diagnostic_data.go:133.55,140.2 1 0
github.com/kudig/kudig/pkg/types/diagnostic_data.go:143.65,144.23 1 0
github.com/kudig/kudig/pkg/types/diagnostic_data.go:144.23,146.3 1 0
github.com/kudig/kudig/pkg/types/diagnostic_data.go:147.2,148.20 2 0
github.com/kudig/kudig/pkg/types/diagnostic_data.go:152.66,153.23 1 0
github.com/kudig/kudig/pkg/types/diagnostic_data.go:153.23,155.3 1 0
github.com/kudig/kudig/pkg/types/diagnostic_data.go:156.2,156.28 1 0
github.com/kudig/kudig/pkg/types/diagnostic_data.go:160.46,162.2 1 0
github.com/kudig/kudig/pkg/types/issue.go:54.83,64.2 1 1
github.com/kudig/kudig/pkg/types/issue.go:67.59,72.2 2 1
github.com/kudig/kudig/pkg/types/issue.go:75.56,76.23 1 1
github.com/kudig/kudig/pkg/types/issue.go:76.23,78.3 1 0
github.com/kudig/kudig/pkg/types/issue.go:79.2,80.10 2 1
github.com/kudig/kudig/pkg/types/issue.go:92.52,94.31 2 1
github.com/kudig/kudig/pkg/types/issue.go:94.31,95.25 1 1
github.com/kudig/kudig/pkg/types/issue.go:96.25,97.22 1 1
github.com/kudig/kudig/pkg/types/issue.go:98.24,99.21 1 1
github.com/kudig/kudig/pkg/types/issue.go:100.21,101.18 1 1
github.com/kudig/kudig/pkg/types/issue.go:103.3,103.18 1 1
github.com/kudig/kudig/pkg/types/issue.go:105.2,105.16 1 1
github.com/kudig/kudig/pkg/types/issue.go:109.43,111.31 2 1
github.com/kudig/kudig/pkg/types/issue.go:111.31,112.30 1 1
github.com/kudig/kudig/pkg/types/issue.go:112.30,114.4 1 1
github.com/kudig/kudig/pkg/types/issue.go:116.2,116.22 1 1
github.com/kudig/kudig/pkg/types/issue.go:116.22,118.3 1 1
github.com/kudig/kudig/pkg/types/issue.go:119.2,119.15 1 1
github.com/kudig/kudig/pkg/types/severity.go:22.35,23.11 1 1
github.com/kudig/kudig/pkg/types/severity.go:24.24,25.18 1 1
github.com/kudig/kudig/pkg/types/severity.go:26.23,27.18 1 1
github.com/kudig/kudig/pkg/types/severity.go:28.20,29.18 1 1
github.com/kudig/kudig/pkg/types/severity.go:30.10,31.18 1 1
github.com/kudig/kudig/pkg/types/severity.go:36.42,37.11 1 1
github.com/kudig/kudig/pkg/types/severity.go:38.24,39.20 1 1
github.com/kudig/kudig/pkg/types/severity.go:40.23,41.19 1 1
github.com/kudig/kudig/pkg/types/severity.go:42.20,43.16 1 1
github.com/kudig/kudig/pkg/types/severity.go:44.10,45.19 1 1
github.com/kudig/kudig/pkg/types/severity.go:50.49,52.2 1 1
github.com/kudig/kudig/pkg/types/severity.go:55.53,57.51 2 1
github.com/kudig/kudig/pkg/types/severity.go:57.51,59.3 1 0
github.com/kudig/kudig/pkg/types/severity.go:60.2,61.12 2 1
github.com/kudig/kudig/pkg/types/severity.go:65.39,66.28 1 1
github.com/kudig/kudig/pkg/types/severity.go:67.28,68.26 1 1
github.com/kudig/kudig/pkg/types/severity.go:69.27,70.25 1 1
github.com/kudig/kudig/pkg/types/severity.go:71.24,72.22 1 1
github.com/kudig/kudig/pkg/types/severity.go:73.10,74.22 1 1
github.com/kudig/kudig/pkg/types/severity.go:80.34,81.11 1 1
github.com/kudig/kudig/pkg/types/severity.go:82.24,83.11 1 1
github.com/kudig/kudig/pkg/types/severity.go:84.37,85.11 1 1
github.com/kudig/kudig/pkg/types/severity.go:86.10,87.11 1 1
github.com/kudig/kudig/pkg/analyzer/kubernetes/kubernetes.go:22.38,31.2 1 1
github.com/kudig/kudig/pkg/analyzer/kubernetes/kubernetes.go:34.104,38.9 3 1
github.com/kudig/kudig/pkg/analyzer/kubernetes/kubernetes.go:38.9,41.10 2 1
github.com/kudig/kudig/pkg/analyzer/kubernetes/kubernetes.go:41.10,43.4 1 1
github.com/kudig/kudig/pkg/analyzer/kubernetes/kubernetes.go:46.2,49.19 3 1
github.com/kudig/kudig/pkg/analyzer/kubernetes/kubernetes.go:49.19,59.3 3 1
github.com/kudig/kudig/pkg/analyzer/kubernetes/kubernetes.go:61.2,61.20 1 1
github.com/kudig/kudig/pkg/analyzer/kubernetes/kubernetes.go:70.36,79.2 1 1
github.com/kudig/kudig/pkg/analyzer/kubernetes/kubernetes.go:82.103,86.9 3 1
github.com/kudig/kudig/pkg/analyzer/kubernetes/kubernetes.go:86.9,88.10 2 1
github.com/kudig/kudig/pkg/analyzer/kubernetes/kubernetes.go:88.10,90.4 1 0
github.com/kudig/kudig/pkg/analyzer/kubernetes/kubernetes.go:93.2,96.99 2 1
github.com/kudig/kudig/pkg/analyzer/kubernetes/kubernetes.go:96.99,107.3 4 1
github.com/kudig/kudig/pkg/analyzer/kubernetes/kubernetes.go:109.2,109.20 1 1
github.com/kudig/kudig/pkg/analyzer/kubernetes/kubernetes.go:118.52,127.2 1 1
github.com/kudig/kudig/pkg/analyzer/kubernetes/kubernetes.go:130.111,134.9 3 1
github.com/kudig/kudig/pkg/analyzer/kubernetes/kubernetes.go:134.9,136.10 2 0
github.com/kudig/kudig/pkg/analyzer/kubernetes/kubernetes.go:136.10,138.4 1 0
github.com/kudig/kudig/pkg/analyzer/kubernetes/kubernetes.go:141.2,143.58 2 1
github.com/kudig/kudig/pkg/analyzer/kubernetes/kubernetes.go:143.58,153.3 3 1
github.com/kudig/kudig/pkg/analyzer/kubernetes/kubernetes.go:153.8,153.65 1 1
github.com/kudig/kudig/pkg/analyzer/kubernetes/kubernetes.go:153.65,163.3 3 1
github.com/kudig/kudig/pkg/analyzer/kubernetes/kubernetes.go:165.2,165.20 1 1
github.com/kudig/kudig/pkg/analyzer/kubernetes/kubernetes.go:174.48,183.2 1 1
github.com/kudig/kudig/pkg/analyzer/kubernetes/kubernetes.go:186.109,190.9 3 1
github.com/kudig/kudig/pkg/analyzer/kubernetes/kubernetes.go:190.9,192.10 2 0
github.com/kudig/kudig/pkg/analyzer/kubernetes/kubernetes.go:192.10,194.4 1 0
github.com/kudig/kudig/pkg/analyzer/kubernetes/kubernetes.go:197.2,203.24 4 1
github.com/kudig/kudig/pkg/analyzer/kubernetes/kubernetes.go:203.24,213.3 3 1
github.com/kudig/kudig/pkg/analyzer/kubernetes/kubernetes.go:216.2,216.47 1 1
github.com/kudig/kudig/pkg/analyzer/kubernetes/kubernetes.go:216.47,227.3 4 1
github.com/kudig/kudig/pkg/analyzer/kubernetes/kubernetes.go:229.2,229.20 1 1
github.com/kudig/kudig/pkg/analyzer/kubernetes/kubernetes.go:238.50,247.2 1 1
github.com/kudig/kudig/pkg/analyzer/kubernetes/kubernetes.go:250.110,254.25 2 1
github.com/kudig/kudig/pkg/analyzer/kubernetes/kubernetes.go:254.25,256.17 2 1
github.com/kudig/kudig/pkg/analyzer/kubernetes/kubernetes.go:256.17,258.4 1 1
github.com/kudig/kudig/pkg/analyzer/kubernetes/kubernetes.go:262.2,263.9 2 1
github.com/kudig/kudig/pkg/analyzer/kubernetes/kubernetes.go:263.9,265.10 2 1
github.com/kudig/kudig/pkg/analyzer/kubernetes/kubernetes.go:265.10,268.4 1 1
github.com/kudig/kudig/pkg/analyzer/kubernetes/kubernetes.go:271.2,271.8 1 1
github.com/kudig/kudig/pkg/analyzer/kubernetes/kubernetes.go:271.8,274.3 2 1
github.com/kudig/kudig/pkg/analyzer/kubernetes/kubernetes.go:276.2,276.20 1 1
github.com/kudig/kudig/pkg/analyzer/kubernetes/kubernetes.go:283.26,285.16 2 1
github.com/kudig/kudig/pkg/analyzer/kubernetes/kubernetes.go:285.16,287.3 1 1
github.com/kudig/kudig/pkg/analyzer/kubernetes/kubernetes.go:289.2,290.29 2 1
github.com/kudig/kudig/pkg/analyzer/kubernetes/kubernetes.go:290.29,293.3 2 1
github.com/kudig/kudig/pkg/analyzer/kubernetes/kubernetes.go:295.2,295.20 1 1
github.com/kudig/kudig/pkg/analyzer/kubernetes/kubernetes.go:302.26,303.25 1 1
github.com/kudig/kudig/pkg/analyzer/kubernetes/kubernetes.go:303.25,305.17 2 1
github.com/kudig/kudig/pkg/analyzer/kubernetes/kubernetes.go:305.17,307.4 1 1
github.com/kudig/kudig/pkg/analyzer/kubernetes/kubernetes.go:308.3,308.35 1 1
github.com/kudig/kudig/pkg/analyzer/kubernetes/kubernetes.go:311.2,312.16 2 1
github.com/kudig/kudig/pkg/analyzer/kubernetes/kubernetes.go:312.16,314.3 1 0
github.com/kudig/kudig/pkg/analyzer/kubernetes/kubernetes.go:315.2,315.28 1 1
github.com/kudig/kudig/pkg/analyzer/kubernetes/kubernetes.go:319.82,322.46 2 1
github.com/kudig/kudig/pkg/analyzer/kubernetes/kubernetes.go:322.46,323.66 1 1
github.com/kudig/kudig/pkg/analyzer/kubernetes/kubernetes.go:323.66,326.4 2 1
github.com/kudig/kudig/pkg/analyzer/kubernetes/kubernetes.go:329.2,329.15 1 1
github.com/kudig/kudig/pkg/analyzer/kubernetes/kubernetes.go:336.16,337.19 1 1
github.com/kudig/kudig/pkg/analyzer/kubernetes/kubernetes.go:338.24,339.41 1 1
github.com/kudig/kudig/pkg/analyzer/kubernetes/kubernetes.go:340.31,341.44 1 1
github.com/kudig/kudig/pkg/analyzer/kubernetes/kubernetes.go:342.33,343.46 1 1
github.com/kudig/kudig/pkg/analyzer/kubernetes/kubernetes.go:344.30,345.43 1 1
github.com/kudig/kudig/pkg/analyzer/kubernetes/kubernetes.go:346.37,347.50 1 1
github.com/kudig/kudig/pkg/analyzer/kubernetes/kubernetes.go:349.2,349.12 1 0
github.com/kudig/kudig/pkg/analyzer/kubernetes/kubernetes.go:352.101,353.41 1 1
github.com/kudig/kudig/pkg/analyzer/kubernetes/kubernetes.go:353.41,355.3 1 1
github.com/kudig/kudig/pkg/analyzer/kubernetes/kubernetes.go:356.2,362.95 1 1
github.com/kudig/kudig/pkg/analyzer/kubernetes/kubernetes.go:365.104,366.41 1 1
github.com/kudig/kudig/pkg/analyzer/kubernetes/kubernetes.go:366.41,368.3 1 0
github.com/kudig/kudig/pkg/analyzer/kubernetes/kubernetes.go:369.2,375.88 1 1
github.com/kudig/kudig/pkg/analyzer/kubernetes/kubernetes.go:378.106,379.41 1 1
github.com/kudig/kudig/pkg/analyzer/kubernetes/kubernetes.go:379.41,381.3 1 0
github.com/kudig/kudig/pkg/analyzer/kubernetes/kubernetes.go:382.2,388.73 1 1
github.com/kudig/kudig/pkg/analyzer/kubernetes/kubernetes.go:391.103,392.41 1 1
github.com/kudig/kudig/pkg/analyzer/kubernetes/kubernetes.go:392.41,394.3 1 0
github.com/kudig/kudig/pkg/analyzer/kubernetes/kubernetes.go:395.2,401.77 1 1
github.com/kudig/kudig/pkg/analyzer/kubernetes/kubernetes.go:407.16,408.41 1 1
github.com/kudig/kudig/pkg/analyzer/kubernetes/kubernetes.go:408.41,410.3 1 0
github.com/kudig/kudig/pkg/analyzer/kubernetes/kubernetes.go:411.2,417.64 1 1
github.com/kudig/kudig/pkg/analyzer/kubernetes/kubernetes.go:421.78,424.41 2 1
github.com/kudig/kudig/pkg/analyzer/kubernetes/kubernetes.go:424.41,425.72 1 1
github.com/kudig/kudig/pkg/analyzer/kubernetes/kubernetes.go:425.72,428.4 2 1
github.com/kudig/kudig/pkg/analyzer/kubernetes/kubernetes.go:431.2,431.15 1 1
github.com/kudig/kudig/pkg/analyzer/kubernetes/kubernetes.go:437.16,438.50 1 1
github.com/kudig/kudig/pkg/analyzer/kubernetes/kubernetes.go:438.50,440.3 1 0
github.com/kudig/kudig/pkg/analyzer/kubernetes/kubernetes.go:441.2,441.53 1 1
github.com/kudig/kudig/pkg/analyzer/kubernetes/kubernetes.go:441.53,443.3 1 0
github.com/kudig/kudig/pkg/analyzer/kubernetes/kubernetes.go:444.2,450.71 1 1
github.com/kudig/kudig/pkg/analyzer/kubernetes/kubernetes.go:454.76,458.80 2 1
github.com/kudig/kudig/pkg/analyzer/kubernetes/kubernetes.go:458.80,468.3 3 1
github.com/kudig/kudig/pkg/analyzer/kubernetes/kubernetes.go:471.2,471.47 1 1
github.com/kudig/kudig/pkg/analyzer/kubernetes/kubernetes.go:471.47,481.3 3 1
github.com/kudig/kudig/pkg/analyzer/kubernetes/kubernetes.go:484.2,484.49 1 1
github.com/kudig/kudig/pkg/analyzer/kubernetes/kubernetes.go:484.49,494.3 3 1
github.com/kudig/kudig/pkg/analyzer/kubernetes/kubernetes.go:497.2,497.86 1 1
github.com/kudig/kudig/pkg/analyzer/kubernetes/kubernetes.go:497.86,508.3 4 1
github.com/kudig/kudig/pkg/analyzer/kubernetes/kubernetes.go:510.2,510.15 1 1
github.com/kudig/kudig/pkg/analyzer/kubernetes/kubernetes.go:519.48,528.2 1 1
github.com/kudig/kudig/pkg/analyzer/kubernetes/kubernetes.go:531.109,535.25 2 1
github.com/kudig/kudig/pkg/analyzer/kubernetes/kubernetes.go:535.25,537.17 2 1
github.com/kudig/kudig/pkg/analyzer/kubernetes/kubernetes.go:537.17,539.4 1 1
github.com/kudig/kudig/pkg/analyzer/kubernetes/kubernetes.go:543.2,544.9 2 1
github.com/kudig/kudig/pkg/analyzer/kubernetes/kubernetes.go:544.9,546.3 1 1
github.com/kudig/kudig/pkg/analyzer/kubernetes/kubernetes.go:548.2,553.23 4 1
github.com/kudig/kudig/pkg/analyzer/kubernetes/kubernetes.go:553.23,563.3 3 1
github.com/kudig/kudig/pkg/analyzer/kubernetes/kubernetes.go:565.2,565.20 1 1
github.com/kudig/kudig/pkg/analyzer/kubernetes/kubernetes.go:569.115,574.16 3 1
github.com/kudig/kudig/pkg/analyzer/kubernetes/kubernetes.go:574.16,576.3 1 0
github.com/kudig/kudig/pkg/analyzer/kubernetes/kubernetes.go:578.2,579.33 2 1
github.com/kudig/kudig/pkg/analyzer/kubernetes/kubernetes.go:579.33,580.51 1 1
github.com/kudig/kudig/pkg/analyzer/kubernetes/kubernetes.go:580.51,581.31 1 1
github.com/kudig/kudig/pkg/analyzer/kubernetes/kubernetes.go:581.31,583.65 2 1
github.com/kudig/kudig/pkg/analyzer/kubernetes/kubernetes.go:583.65,585.6 1 1
github.com/kudig/kudig/pkg/analyzer/kubernetes/kubernetes.go:590.2,590.44 1 1
github.com/kudig/kudig/pkg/analyzer/kubernetes/kubernetes.go:590.44,600.3 3 1
github.com/kudig/kudig/pkg/analyzer/kubernetes/kubernetes.go:602.2,602.20 1 1
github.com/kudig/kudig/pkg/analyzer/kubernetes/kubernetes.go:611.48,620.2 1 1
github.com/kudig/kudig/pkg/analyzer/kubernetes/kubernetes.go:623.109,626.26 2 1
github.com/kudig/kudig/pkg/analyzer/kubernetes/kubernetes.go:626.26,628.3 1 1
github.com/kudig/kudig/pkg/analyzer/kubernetes/kubernetes.go:630.2,631.25 2 1
github.com/kudig/kudig/pkg/analyzer/kubernetes/kubernetes.go:631.25,633.3 1 1
github.com/kudig/kudig/pkg/analyzer/kubernetes/kubernetes.go:635.2,636.16 2 1
github.com/kudig/kudig/pkg/analyzer/kubernetes/kubernetes.go:636.16,638.3 1 0
github.com/kudig/kudig/pkg/analyzer/kubernetes/kubernetes.go:640.2,645.33 5 1
github.com/kudig/kudig/pkg/analyzer/kubernetes/kubernetes.go:645.33,647.27 1 1
github.com/kudig/kudig/pkg/analyzer/kubernetes/kubernetes.go:648.26,649.17 1 1
github.com/kudig/kudig/pkg/analyzer/kubernetes/kubernetes.go:650.25,651.16 1 1
github.com/kudig/kudig/pkg/analyzer/kubernetes/kubernetes.go:655.3,655.51 1 1
github.com/kudig/kudig/pkg/analyzer/kubernetes/kubernetes.go:655.51,656.80 1 1
github.com/kudig/kudig/pkg/analyzer/kubernetes/kubernetes.go:656.80,658.5 1 1
github.com/kudig/kudig/pkg/analyzer/kubernetes/kubernetes.go:659.4,659.28 1 1
github.com/kudig/kudig/pkg/analyzer/kubernetes/kubernetes.go:659.28,661.5 1 1
github.com/kudig/kudig/pkg/analyzer/kubernetes/kubernetes.go:665.2,665.23 1 1
github.com/kudig/kudig/pkg/analyzer/kubernetes/kubernetes.go:665.23,675.3 3 1
github.com/kudig/kudig/pkg/analyzer/kubernetes/kubernetes.go:677.2,677.21 1 1
github.com/kudig/kudig/pkg/analyzer/kubernetes/kubernetes.go:677.21,687.3 3 1
github.com/kudig/kudig/pkg/analyzer/kubernetes/kubernetes.go:689.2,689.20 1 1
github.com/kudig/kudig/pkg/analyzer/kubernetes/kubernetes.go:689.20,699.3 3 1
github.com/kudig/kudig/pkg/analyzer/kubernetes/kubernetes.go:701.2,701.25 1 1
github.com/kudig/kudig/pkg/analyzer/kubernetes/kubernetes.go:701.25,711.3 3 1
github.com/kudig/kudig/pkg/analyzer/kubernetes/kubernetes.go:713.2,713.20 1 1
github.com/kudig/kudig/pkg/analyzer/kubernetes/kubernetes.go:722.40,731.2 1 1
github.com/kudig/kudig/pkg/analyzer/kubernetes/kubernetes.go:734.105,737.26 2 1
github.com/kudig/kudig/pkg/analyzer/kubernetes/kubernetes.go:737.26,739.3 1 1
github.com/kudig/kudig/pkg/analyzer/kubernetes/kubernetes.go:741.2,742.16 2 1
github.com/kudig/kudig/pkg/analyzer/kubernetes/kubernetes.go:742.16,744.3 1 0
github.com/kudig/kudig/pkg/analyzer/kubernetes/kubernetes.go:746.2,748.37 2 1
github.com/kudig/kudig/pkg/analyzer/kubernetes/kubernetes.go:748.37,749.30 1 1
github.com/kudig/kudig/pkg/analyzer/kubernetes/kubernetes.go:749.30,751.4 1 1
github.com/kudig/kudig/pkg/analyzer/kubernetes/kubernetes.go:755.2,765.44 2 1
github.com/kudig/kudig/pkg/analyzer/kubernetes/kubernetes.go:765.44,766.58 1 1
github.com/kudig/kudig/pkg/analyzer/kubernetes/kubernetes.go:766.58,768.63 2 1
github.com/kudig/kudig/pkg/analyzer/kubernetes/kubernetes.go:768.63,770.5 1 1
github.com/kudig/kudig/pkg/analyzer/kubernetes/kubernetes.go:772.4,780.35 3 1
github.com/kudig/kudig/pkg/analyzer/kubernetes/kubernetes.go:784.2,784.20 1 1
github.com/kudig/kudig/pkg/analyzer/kubernetes/kubernetes.go:788.13,797.2 8 1
github.com/kudig/kudig/pkg/analyzer/log/log.go:20.42,29.2 1 1
github.com/kudig/kudig/pkg/analyzer/log/log.go:32.104,43.35 3 1
github.com/kudig/kudig/pkg/analyzer/log/log.go:43.35,45.10 2 1
github.com/kudig/kudig/pkg/analyzer/log/log.go:45.10,46.12 1 1
github.com/kudig/kudig/pkg/analyzer/log/log.go:49.3,49.76 1 1
github.com/kudig/kudig/pkg/analyzer/log/log.go:52.2,52.20 1 1
github.com/kudig/kudig/pkg/analyzer/log/log.go:55.82,135.29 4 1
github.com/kudig/kudig/pkg/analyzer/log/log.go:135.29,137.30 2 1
github.com/kudig/kudig/pkg/analyzer/log/log.go:137.30,138.35 1 1
github.com/kudig/kudig/pkg/analyzer/log/log.go:138.35,140.5 1 1
github.com/kudig/kudig/pkg/analyzer/log/log.go:143.3,143.27 1 1
github.com/kudig/kudig/pkg/analyzer/log/log.go:143.27,153.4 3 1
github.com/kudig/kudig/pkg/analyzer/log/log.go:156.2,156.15 1 1
github.com/kudig/kudig/pkg/analyzer/log/log.go:165.50,174.2 1 1
github.com/kudig/kudig/pkg/analyzer/log/log.go:177.108,187.43 3 1
github.com/kudig/kudig/pkg/analyzer/log/log.go:187.43,189.10 2 1
github.com/kudig/kudig/pkg/analyzer/log/log.go:189.10,190.12 1 1
github.com/kudig/kudig/pkg/analyzer/log/log.go:193.3,193.84 1 1
github.com/kudig/kudig/pkg/analyzer/log/log.go:196.2,196.20 1 1
github.com/kudig/kudig/pkg/analyzer/log/log.go:199.90,262.29 4 1
github.com/kudig/kudig/pkg/analyzer/log/log.go:262.29,264.30 2 1
github.com/kudig/kudig/pkg/analyzer/log/log.go:264.30,265.35 1 1
github.com/kudig/kudig/pkg/analyzer/log/log.go:265.35,267.5 1 1
github.com/kudig/kudig/pkg/analyzer/log/log.go:270.3,270.27 1 1
github.com/kudig/kudig/pkg/analyzer/log/log.go:270.27,280.4 3 1
github.com/kudig/kudig/pkg/analyzer/log/log.go:283.2,283.15 1 1
github.com/kudig/kudig/pkg/analyzer/log/log.go:292.50,301.2 1 1
github.com/kudig/kudig/pkg/analyzer/log/log.go:304.108,312.35 3 1
github.com/kudig/kudig/pkg/analyzer/log/log.go:312.35,314.10 2 1
github.com/kudig/kudig/pkg/analyzer/log/log.go:314.10,315.12 1 1
github.com/kudig/kudig/pkg/analyzer/log/log.go:318.3,318.80 1 1
github.com/kudig/kudig/pkg/analyzer/log/log.go:321.2,321.20 1 1
github.com/kudig/kudig/pkg/analyzer/log/log.go:324.90,386.29 4 1
github.com/kudig/kudig/pkg/analyzer/log/log.go:386.29,388.30 2 1
github.com/kudig/kudig/pkg/analyzer/log/log.go:388.30,389.35 1 1
github.com/kudig/kudig/pkg/analyzer/log/log.go:389.35,391.5 1 1
github.com/kudig/kudig/pkg/analyzer/log/log.go:394.3,394.27 1 1
github.com/kudig/kudig/pkg/analyzer/log/log.go:394.27,404.4 3 1
github.com/kudig/kudig/pkg/analyzer/log/log.go:407.2,407.15 1 1
github.com/kudig/kudig/pkg/analyzer/log/log.go:411.13,415.2 3 1
github.com/kudig/kudig/pkg/collector/online/kubernetes.go:28.32,30.2 1 1
github.com/kudig/kudig/pkg/collector/online/kubernetes.go:33.35,35.2 1 1
github.com/kudig/kudig/pkg/collector/online/kubernetes.go:38.43,40.2 1 1
github.com/kudig/kudig/pkg/collector/online/kubernetes.go:43.62,46.16 2 1
github.com/kudig/kudig/pkg/collector/online/kubernetes.go:46.16,48.3 1 0
github.com/kudig/kudig/pkg/collector/online/kubernetes.go:49.2,49.12 1 1
github.com/kudig/kudig/pkg/collector/online/kubernetes.go:53.89,58.29 3 1
github.com/kudig/kudig/pkg/collector/online/kubernetes.go:58.29,60.17 2 1
github.com/kudig/kudig/pkg/collector/online/kubernetes.go:60.17,63.57 2 1
github.com/kudig/kudig/pkg/collector/online/kubernetes.go:63.57,65.5 1 1
github.com/kudig/kudig/pkg/collector/online/kubernetes.go:70.2,70.50 1 1
github.com/kudig/kudig/pkg/collector/online/kubernetes.go:70.50,74.27 3 1
github.com/kudig/kudig/pkg/collector/online/kubernetes.go:74.27,76.4 1 0
github.com/kudig/kudig/pkg/collector/online/kubernetes.go:78.3,80.17 3 1
github.com/kudig/kudig/pkg/collector/online/kubernetes.go:80.17,82.4 1 0
github.com/kudig/kudig/pkg/collector/online/kubernetes.go:85.2,85.23 1 1
github.com/kudig/kudig/pkg/collector/online/kubernetes.go:85.23,87.3 1 0
github.com/kudig/kudig/pkg/collector/online/kubernetes.go:90.2,94.16 3 1
github.com/kudig/kudig/pkg/collector/online/kubernetes.go:94.16,96.3 1 0
github.com/kudig/kudig/pkg/collector/online/kubernetes.go:98.2,98.20 1 1
github.com/kudig/kudig/pkg/collector/online/kubernetes.go:102.107,104.16 2 0
github.com/kudig/kudig/pkg/collector/online/kubernetes.go:104.16,106.3 1 0
github.com/kudig/kudig/pkg/collector/online/kubernetes.go:107.2,115.27 6 0
github.com/kudig/kudig/pkg/collector/online/kubernetes.go:115.27,116.71 1 0
github.com/kudig/kudig/pkg/collector/online/kubernetes.go:116.71,118.4 1 0
github.com/kudig/kudig/pkg/collector/online/kubernetes.go:119.8,119.28 1 0
github.com/kudig/kudig/pkg/collector/online/kubernetes.go:119.28,120.58 1 0
github.com/kudig/kudig/pkg/collector/online/kubernetes.go:120.58,122.4 1 0
github.com/kudig/kudig/pkg/collector/online/kubernetes.go:123.8,126.21 2 0
github.com/kudig/kudig/pkg/collector/online/kubernetes.go:126.21,127.65 1 0
github.com/kudig/kudig/pkg/collector/online/kubernetes.go:127.65,129.5 1 0
github.com/kudig/kudig/pkg/collector/online/kubernetes.go:134.2,134.64 1 0
github.com/kudig/kudig/pkg/collector/online/kubernetes.go:134.64,136.3 1 0
github.com/kudig/kudig/pkg/collector/online/kubernetes.go:138.2,138.18 1 0
github.com/kudig/kudig/pkg/collector/online/kubernetes.go:142.109,144.16 2 0
github.com/kudig/kudig/pkg/collector/online/kubernetes.go:144.16,146.3 1 0
github.com/kudig/kudig/pkg/collector/online/kubernetes.go:149.2,168.35 8 0
github.com/kudig/kudig/pkg/collector/online/kubernetes.go:168.35,170.3 1 0
github.com/kudig/kudig/pkg/collector/online/kubernetes.go:173.2,174.16 2 0
github.com/kudig/kudig/pkg/collector/online/kubernetes.go:174.16,176.3 1 0
github.com/kudig/kudig/pkg/collector/online/kubernetes.go:178.2,178.12 1 0
github.com/kudig/kudig/pkg/collector/online/kubernetes.go:182.96,184.16 2 0
github.com/kudig/kudig/pkg/collector/online/kubernetes.go:184.16,186.3 1 0
github.com/kudig/kudig/pkg/collector/online/kubernetes.go:188.2,189.35 2 0
github.com/kudig/kudig/pkg/collector/online/kubernetes.go:189.35,191.47 2 0
github.com/kudig/kudig/pkg/collector/online/kubernetes.go:191.47,192.37 1 0
github.com/kudig/kudig/pkg/collector/online/kubernetes.go:192.37,193.44 1 0
github.com/kudig/kudig/pkg/collector/online/kubernetes.go:193.44,195.6 1 0
github.com/kudig/kudig/pkg/collector/online/kubernetes.go:196.5,196.10 1 0
github.com/kudig/kudig/pkg/collector/online/kubernetes.go:199.3,203.50 1 0
github.com/kudig/kudig/pkg/collector/online/kubernetes.go:206.2,209.27 2 0
github.com/kudig/kudig/pkg/collector/online/kubernetes.go:209.27,211.3 1 0
github.com/kudig/kudig/pkg/collector/online/kubernetes.go:213.2,213.12 1 0
github.com/kudig/kudig/pkg/collector/online/kubernetes.go:221.9,224.16 2 0
github.com/kudig/kudig/pkg/collector/online/kubernetes.go:224.16,226.46 2 0
github.com/kudig/kudig/pkg/collector/online/kubernetes.go:226.46,228.39 2 0
github.com/kudig/kudig/pkg/collector/online/kubernetes.go:228.39,229.84 1 0
github.com/kudig/kudig/pkg/collector/online/kubernetes.go:229.84,231.11 2 0
github.com/kudig/kudig/pkg/collector/online/kubernetes.go:234.4,234.65 1 0
github.com/kudig/kudig/pkg/collector/online/kubernetes.go:236.3,236.67 1 0
github.com/kudig/kudig/pkg/collector/online/kubernetes.go:240.2,241.45 2 0
github.com/kudig/kudig/pkg/collector/online/kubernetes.go:241.45,243.3 1 0
github.com/kudig/kudig/pkg/collector/online/kubernetes.go:246.2,246.65 1 0
github.com/kudig/kudig/pkg/collector/online/kubernetes.go:246.65,248.38 2 0
github.com/kudig/kudig/pkg/collector/online/kubernetes.go:248.38,250.4 1 0
github.com/kudig/kudig/pkg/collector/online/kubernetes.go:254.2,255.16 2 0
github.com/kudig/kudig/pkg/collector/online/kubernetes.go:255.16,257.3 1 0
github.com/kudig/kudig/pkg/collector/online/kubernetes.go:260.2,261.16 2 0
github.com/kudig/kudig/pkg/collector/online/kubernetes.go:261.16,263.3 1 0
github.com/kudig/kudig/pkg/collector/online/kubernetes.go:265.2,265.12 1 0
github.com/kudig/kudig/pkg/collector/online/kubernetes.go:269.64,277.32 5 0
github.com/kudig/kudig/pkg/collector/online/kubernetes.go:277.32,279.3 1 0
github.com/kudig/kudig/pkg/collector/online/kubernetes.go:282.2,283.41 2 0
github.com/kudig/kudig/pkg/collector/online/kubernetes.go:283.41,285.3 1 0
github.com/kudig/kudig/pkg/collector/online/kubernetes.go:288.2,289.46 2 0
github.com/kudig/kudig/pkg/collector/online/kubernetes.go:289.46,291.3 1 0
github.com/kudig/kudig/pkg/collector/online/kubernetes.go:294.2,295.49 2 0
github.com/kudig/kudig/pkg/collector/online/kubernetes.go:295.49,297.3 1 0
github.com/kudig/kudig/pkg/collector/online/kubernetes.go:299.2,299.20 1 0
github.com/kudig/kudig/pkg/collector/online/kubernetes.go:303.68,307.46 3 0
github.com/kudig/kudig/pkg/collector/online/kubernetes.go:307.46,310.3 1 0
github.com/kudig/kudig/pkg/collector/online/kubernetes.go:312.2,312.20 1 0
github.com/kudig/kudig/pkg/collector/online/kubernetes.go:316.91,320.16 2 0
github.com/kudig/kudig/pkg/collector/online/kubernetes.go:320.16,322.3 1 0
github.com/kudig/kudig/pkg/collector/online/kubernetes.go:324.2,325.37 2 0
github.com/kudig/kudig/pkg/collector/online/kubernetes.go:325.37,331.3 1 0
github.com/kudig/kudig/pkg/collector/online/kubernetes.go:333.2,333.20 1 0
github.com/kudig/kudig/pkg/collector/online/kubernetes.go:337.89,341.16 2 0
github.com/kudig/kudig/pkg/collector/online/kubernetes.go:341.16,343.3 1 0
github.com/kudig/kudig/pkg/collector/online/kubernetes.go:345.2,346.33 2 0
github.com/kudig/kudig/pkg/collector/online/kubernetes.go:346.33,349.51 3 0
github.com/kudig/kudig/pkg/collector/online/kubernetes.go:349.51,351.4 1 0
github.com/kudig/kudig/pkg/collector/online/kubernetes.go:352.3,353.47 1 0
github.com/kudig/kudig/pkg/collector/online/kubernetes.go:356.2,356.25 1 0
github.com/kudig/kudig/pkg/collector/online/kubernetes.go:360.97,362.16 2 0
github.com/kudig/kudig/pkg/collector/online/kubernetes.go:362.16,364.3 1 0
github.com/kudig/kudig/pkg/collector/online/kubernetes.go:366.2,367.37 2 0
github.com/kudig/kudig/pkg/collector/online/kubernetes.go:367.37,369.30 1 0
github.com/kudig/kudig/pkg/collector/online/kubernetes.go:369.30,370.56 1 0
github.com/kudig/kudig/pkg/collector/online/kubernetes.go:370.56,377.5 1 0
github.com/kudig/kudig/pkg/collector/online/kubernetes.go:381.2,381.20 1 0
github.com/kudig/kudig/pkg/collector/online/kubernetes.go:385.78,387.16 2 0
github.com/kudig/kudig/pkg/collector/online/kubernetes.go:387.16,389.3 1 0
github.com/kudig/kudig/pkg/collector/online/kubernetes.go:391.2,392.33 2 0
github.com/kudig/kudig/pkg/collector/online/kubernetes.go:392.33,398.51 5 0
github.com/kudig/kudig/pkg/collector/online/kubernetes.go:398.51,399.16 1 0
github.com/kudig/kudig/pkg/collector/online/kubernetes.go:399.16,401.5 1 0
github.com/kudig/kudig/pkg/collector/online/kubernetes.go:403.3,405.71 2 0
github.com/kudig/kudig/pkg/collector/online/kubernetes.go:408.2,408.25 1 0
github.com/kudig/kudig/pkg/collector/online/kubernetes.go:412.77,414.16 2 0
github.com/kudig/kudig/pkg/collector/online/kubernetes.go:414.16,416.3 1 0
github.com/kudig/kudig/pkg/collector/online/kubernetes.go:418.2,419.38 2 0
github.com/kudig/kudig/pkg/collector/online/kubernetes.go:419.38,426.3 1 0
github.com/kudig/kudig/pkg/collector/online/kubernetes.go:428.2,428.25 1 0
github.com/kudig/kudig/pkg/collector/online/kubernetes.go:432.23,433.37 1 1
github.com/kudig/kudig/pkg/collector/online/kubernetes.go:433.37,435.3 1 1
github.com/kudig/kudig/pkg/collector/online/kubernetes.go:436.2,436.33 1 0
github.com/kudig/kudig/pkg/collector/online/kubernetes.go:440.13,442.2 1 1
github.com/kudig/kudig/pkg/legacy/bash_executor.go:24.55,28.2 1 1
github.com/kudig/kudig/pkg/legacy/bash_executor.go:31.35,41.50 2 1
github.com/kudig/kudig/pkg/legacy/bash_executor.go:41.50,48.3 2 1
github.com/kudig/kudig/pkg/legacy/bash_executor.go:50.2,50.32 1 1
github.com/kudig/kudig/pkg/legacy/bash_executor.go:50.32,51.41 1 1
github.com/kudig/kudig/pkg/legacy/bash_executor.go:51.41,53.4 1 0
github.com/kudig/kudig/pkg/legacy/bash_executor.go:56.2,56.65 1 1
github.com/kudig/kudig/pkg/legacy/bash_executor.go:64.39,67.13 2 0
github.com/kudig/kudig/pkg/legacy/bash_executor.go:67.13,69.3 1 0
github.com/kudig/kudig/pkg/legacy/bash_executor.go:70.2,84.23 7 0
github.com/kudig/kudig/pkg/legacy/bash_executor.go:84.23,85.17 1 0
github.com/kudig/kudig/pkg/legacy/bash_executor.go:85.17,87.4 1 0
github.com/kudig/kudig/pkg/legacy/bash_executor.go:88.3,88.64 1 0
github.com/kudig/kudig/pkg/legacy/bash_executor.go:92.2,93.64 2 0
github.com/kudig/kudig/pkg/legacy/bash_executor.go:93.64,95.3 1 0
github.com/kudig/kudig/pkg/legacy/bash_executor.go:98.2,100.29 2 0
github.com/kudig/kudig/pkg/legacy/bash_executor.go:131.66,134.43 2 1
github.com/kudig/kudig/pkg/legacy/bash_executor.go:134.43,148.3 2 1
github.com/kudig/kudig/pkg/legacy/bash_executor.go:150.2,150.15 1 1
github.com/kudig/kudig/pkg/legacy/bash_executor.go:159.70,160.22 1 0
github.com/kudig/kudig/pkg/legacy/bash_executor.go:160.22,163.17 3 0
github.com/kudig/kudig/pkg/legacy/bash_executor.go:163.17,165.4 1 0
github.com/kudig/kudig/pkg/legacy/bash_executor.go:168.2,170.8 1 0
github.com/kudig/kudig/pkg/legacy/bash_executor.go:174.114,177.2 2 0
github.com/kudig/kudig/pkg/legacy/bash_executor.go:180.114,183.2 2 0
github.com/kudig/kudig/pkg/rules/analyzer.go:17.52,27.2 1 0
github.com/kudig/kudig/pkg/rules/analyzer.go:30.104,32.2 1 0
github.com/kudig/kudig/pkg/rules/analyzer.go:35.42,39.2 3 0
github.com/kudig/kudig/pkg/rules/analyzer.go:42.61,44.44 2 0
github.com/kudig/kudig/pkg/rules/analyzer.go:44.44,46.3 1 0
github.com/kudig/kudig/pkg/rules/analyzer.go:47.2,47.37 1 0
github.com/kudig/kudig/pkg/rules/analyzer.go:51.63,53.46 2 0
github.com/kudig/kudig/pkg/rules/analyzer.go:53.46,55.3 1 0
github.com/kudig/kudig/pkg/rules/analyzer.go:56.2,56.37 1 0
github.com/kudig/kudig/pkg/rules/engine.go:18.40,22.2 1 1
github.com/kudig/kudig/pkg/rules/engine.go:25.99,29.29 3 1
github.com/kudig/kudig/pkg/rules/engine.go:29.29,30.10 1 1
github.com/kudig/kudig/pkg/rules/engine.go:31.21,32.28 1 1
github.com/kudig/kudig/pkg/rules/engine.go:33.11,33.11 0 1
github.com/kudig/kudig/pkg/rules/engine.go:36.3,37.17 2 1
github.com/kudig/kudig/pkg/rules/engine.go:37.17,39.12 1 1
github.com/kudig/kudig/pkg/rules/engine.go:42.3,42.14 1 1
github.com/kudig/kudig/pkg/rules/engine.go:42.14,45.4 2 1
github.com/kudig/kudig/pkg/rules/engine.go:48.2,48.20 1 1
github.com/kudig/kudig/pkg/rules/engine.go:56.26,60.29 3 1
github.com/kudig/kudig/pkg/rules/engine.go:60.29,61.10 1 1
github.com/kudig/kudig/pkg/rules/engine.go:62.21,63.28 1 1
github.com/kudig/kudig/pkg/rules/engine.go:64.11,64.11 0 1
github.com/kudig/kudig/pkg/rules/engine.go:67.3,68.17 2 1
github.com/kudig/kudig/pkg/rules/engine.go:68.17,69.12 1 0
github.com/kudig/kudig/pkg/rules/engine.go:72.3,72.14 1 1
github.com/kudig/kudig/pkg/rules/engine.go:72.14,75.4 2 1
github.com/kudig/kudig/pkg/rules/engine.go:78.2,78.20 1 1
github.com/kudig/kudig/pkg/rules/engine.go:85.62,87.2 1 1
github.com/kudig/kudig/pkg/rules/engine.go:93.62,94.19 1 1
github.com/kudig/kudig/pkg/rules/engine.go:95.23,96.40 1 1
github.com/kudig/kudig/pkg/rules/engine.go:97.21,98.38 1 1
github.com/kudig/kudig/pkg/rules/engine.go:99.26,100.43 1 1
github.com/kudig/kudig/pkg/rules/engine.go:101.13,102.31 1 1
github.com/kudig/kudig/pkg/rules/engine.go:103.12,104.30 1 1
github.com/kudig/kudig/pkg/rules/engine.go:105.10,106.76 1 1
github.com/kudig/kudig/pkg/rules/engine.go:111.109,113.9 2 1
github.com/kudig/kudig/pkg/rules/engine.go:113.9,115.3 1 1
github.com/kudig/kudig/pkg/rules/engine.go:118.2,119.16 2 1
github.com/kudig/kudig/pkg/rules/engine.go:119.16,121.54 1 1
github.com/kudig/kudig/pkg/rules/engine.go:121.54,123.44 2 1
github.com/kudig/kudig/pkg/rules/engine.go:123.44,125.5 1 0
github.com/kudig/kudig/pkg/rules/engine.go:126.4,128.42 3 1
github.com/kudig/kudig/pkg/rules/engine.go:130.3,130.41 1 0
github.com/kudig/kudig/pkg/rules/engine.go:133.2,136.15 3 1
github.com/kudig/kudig/pkg/rules/engine.go:136.15,137.43 1 1
github.com/kudig/kudig/pkg/rules/engine.go:137.43,139.4 1 1
github.com/kudig/kudig/pkg/rules/engine.go:140.3,142.41 3 1
github.com/kudig/kudig/pkg/rules/engine.go:145.2,145.40 1 1
github.com/kudig/kudig/pkg/rules/engine.go:149.107,151.9 2 1
github.com/kudig/kudig/pkg/rules/engine.go:151.9,153.3 1 1
github.com/kudig/kudig/pkg/rules/engine.go:155.2,156.16 2 1
github.com/kudig/kudig/pkg/rules/engine.go:156.16,158.3 1 1
github.com/kudig/kudig/pkg/rules/engine.go:160.2,161.17 2 1
github.com/kudig/kudig/pkg/rules/engine.go:161.17,165.3 3 1
github.com/kudig/kudig/pkg/rules/engine.go:167.2,167.40 1 1
github.com/kudig/kudig/pkg/rules/engine.go:171.112,172.31 1 1
github.com/kudig/kudig/pkg/rules/engine.go:172.31,174.3 1 1
github.com/kudig/kudig/pkg/rules/engine.go:176.2,179.21 3 1
github.com/kudig/kudig/pkg/rules/engine.go:180.23,183.38 2 1
github.com/kudig/kudig/pkg/rules/engine.go:183.38,185.4 1 1
github.com/kudig/kudig/pkg/rules/engine.go:186.3,186.15 1 1
github.com/kudig/kudig/pkg/rules/engine.go:187.23,189.38 2 1
github.com/kudig/kudig/pkg/rules/engine.go:189.38,191.4 1 1
github.com/kudig/kudig/pkg/rules/engine.go:192.3,192.15 1 1
github.com/kudig/kudig/pkg/rules/engine.go:193.24,195.38 2 1
github.com/kudig/kudig/pkg/rules/engine.go:195.38,197.4 1 1
github.com/kudig/kudig/pkg/rules/engine.go:198.3,198.15 1 1
github.com/kudig/kudig/pkg/rules/engine.go:199.26,200.38 1 1
github.com/kudig/kudig/pkg/rules/engine.go:200.38,204.4 3 1
github.com/kudig/kudig/pkg/rules/engine.go:205.31,206.38 1 1
github.com/kudig/kudig/pkg/rules/engine.go:206.38,209.4 2 1
github.com/kudig/kudig/pkg/rules/engine.go:210.27,211.39 1 1
github.com/kudig/kudig/pkg/rules/engine.go:211.39,215.4 3 1
github.com/kudig/kudig/pkg/rules/engine.go:216.27,218.53 1 1
github.com/kudig/kudig/pkg/rules/engine.go:218.53,219.32 1 1
github.com/kudig/kudig/pkg/rules/engine.go:219.32,221.5 1 1
github.com/kudig/kudig/pkg/rules/engine.go:222.4,222.16 1 1
github.com/kudig/kudig/pkg/rules/engine.go:224.27,225.42 1 1
github.com/kudig/kudig/pkg/rules/engine.go:225.42,228.4 2 1
github.com/kudig/kudig/pkg/rules/engine.go:231.2,231.12 1 1
github.com/kudig/kudig/pkg/rules/engine.go:231.12,233.3 1 1
github.com/kudig/kudig/pkg/rules/engine.go:235.2,236.23 2 1
github.com/kudig/kudig/pkg/rules/engine.go:237.17,238.35 1 1
github.com/kudig/kudig/pkg/rules/engine.go:239.19,240.36 1 1
github.com/kudig/kudig/pkg/rules/engine.go:241.17,242.35 1 1
github.com/kudig/kudig/pkg/rules/engine.go:243.19,244.36 1 1
github.com/kudig/kudig/pkg/rules/engine.go:245.18,246.36 1 1
github.com/kudig/kudig/pkg/rules/engine.go:247.18,248.36 1 1
github.com/kudig/kudig/pkg/rules/engine.go:249.10,250.88 1 1
github.com/kudig/kudig/pkg/rules/engine.go:253.2,253.17 1 1
github.com/kudig/kudig/pkg/rules/engine.go:253.17,255.3 1 0
github.com/kudig/kudig/pkg/rules/engine.go:257.2,258.48 2 1
github.com/kudig/kudig/pkg/rules/engine.go:262.100,266.29 3 1
github.com/kudig/kudig/pkg/rules/engine.go:266.29,268.17 2 1
github.com/kudig/kudig/pkg/rules/engine.go:268.17,270.4 1 0
github.com/kudig/kudig/pkg/rules/engine.go:271.3,271.15 1 1
github.com/kudig/kudig/pkg/rules/engine.go:271.15,273.4 1 1
github.com/kudig/kudig/pkg/rules/engine.go:274.3,274.14 1 1
github.com/kudig/kudig/pkg/rules/engine.go:274.14,276.4 1 1
github.com/kudig/kudig/pkg/rules/engine.go:277.3,277.16 1 1
github.com/kudig/kudig/pkg/rules/engine.go:277.16,279.4 1 1
github.com/kudig/kudig/pkg/rules/engine.go:282.2,282.57 1 1
github.com/kudig/kudig/pkg/rules/engine.go:286.99,287.28 1 1
github.com/kudig/kudig/pkg/rules/engine.go:287.28,289.17 2 1
github.com/kudig/kudig/pkg/rules/engine.go:289.17,290.12 1 0
github.com/kudig/kudig/pkg/rules/engine.go:292.3,292.14 1 1
github.com/kudig/kudig/pkg/rules/engine.go:292.14,294.4 1 1
github.com/kudig/kudig/pkg/rules/engine.go:297.2,297.27 1 1
github.com/kudig/kudig/pkg/rules/engine.go:301.50,302.22 1 1
github.com/kudig/kudig/pkg/rules/engine.go:302.22,304.3 1 1
github.com/kudig/kudig/pkg/rules/engine.go:305.2,305.27 1 1
github.com/kudig/kudig/pkg/rules/loader.go:17.26,21.2 1 1
github.com/kudig/kudig/pkg/rules/loader.go:24.46,26.16 2 1
github.com/kudig/kudig/pkg/rules/loader.go:26.16,28.3 1 1
github.com/kudig/kudig/pkg/rules/loader.go:30.2,31.55 2 1
github.com/kudig/kudig/pkg/rules/loader.go:31.55,33.3 1 1
github.com/kudig/kudig/pkg/rules/loader.go:36.2,36.37 1 1
github.com/kudig/kudig/pkg/rules/loader.go:36.37,37.20 1 1
github.com/kudig/kudig/pkg/rules/loader.go:37.20,39.4 1 1
github.com/kudig/kudig/pkg/rules/loader.go:40.3,40.22 1 1
github.com/kudig/kudig/pkg/rules/loader.go:40.22,42.4 1 1
github.com/kudig/kudig/pkg/rules/loader.go:43.3,43.26 1 1
github.com/kudig/kudig/pkg/rules/loader.go:43.26,45.4 1 1
github.com/kudig/kudig/pkg/rules/loader.go:47.3,47.20 1 1
github.com/kudig/kudig/pkg/rules/loader.go:47.20,49.4 1 1
github.com/kudig/kudig/pkg/rules/loader.go:52.2,53.12 2 1
github.com/kudig/kudig/pkg/rules/loader.go:57.44,59.16 2 1
github.com/kudig/kudig/pkg/rules/loader.go:59.16,61.3 1 0
github.com/kudig/kudig/pkg/rules/loader.go:63.2,63.32 1 1
github.com/kudig/kudig/pkg/rules/loader.go:63.32,64.20 1 1
github.com/kudig/kudig/pkg/rules/loader.go:64.20,65.12 1 0
github.com/kudig/kudig/pkg/rules/loader.go:68.3,69.38 2 1
github.com/kudig/kudig/pkg/rules/loader.go:69.38,70.12 1 1
github.com/kudig/kudig/pkg/rules/loader.go:73.3,74.42 2 1
github.com/kudig/kudig/pkg/rules/loader.go:74.42,76.4 1 0
github.com/kudig/kudig/pkg/rules/loader.go:79.2,79.12 1 1
github.com/kudig/kudig/pkg/rules/loader.go:83.38,247.2 3 1
github.com/kudig/kudig/pkg/rules/loader.go:250.39,252.32 2 1
github.com/kudig/kudig/pkg/rules/loader.go:252.32,253.30 1 1
github.com/kudig/kudig/pkg/rules/loader.go:253.30,254.17 1 1
github.com/kudig/kudig/pkg/rules/loader.go:254.17,256.5 1 1
github.com/kudig/kudig/pkg/rules/loader.go:259.2,259.14 1 1
github.com/kudig/kudig/pkg/rules/loader.go:263.61,265.32 2 1
github.com/kudig/kudig/pkg/rules/loader.go:265.32,266.30 1 1
github.com/kudig/kudig/pkg/rules/loader.go:266.30,267.43 1 1
github.com/kudig/kudig/pkg/rules/loader.go:267.43,269.5 1 1
github.com/kudig/kudig/pkg/rules/loader.go:272.2,272.14 1 1
github.com/kudig/kudig/pkg/rules/loader.go:276.47,277.32 1 1
github.com/kudig/kudig/pkg/rules/loader.go:277.32,278.30 1 1
github.com/kudig/kudig/pkg/rules/loader.go:278.30,279.18 1 1
github.com/kudig/kudig/pkg/rules/loader.go:279.18,281.5 1 1
github.com/kudig/kudig/pkg/rules/loader.go:284.2,284.12 1 1
github.com/kudig/kudig/pkg/rules/types.go:87.45,88.20 1 1
github.com/kudig/kudig/pkg/rules/types.go:89.28,90.32 1 1
github.com/kudig/kudig/pkg/rules/types.go:91.27,92.31 1 1
github.com/kudig/kudig/pkg/rules/types.go:93.24,94.28 1 1
github.com/kudig/kudig/pkg/rules/types.go:95.10,96.28 1 1
github.com/kudig/kudig/pkg/rules/types.go:101.63,111.2 3 1
