mode: set
github.com/kudig/kudig/pkg/rules/analyzer.go:17.52,27.2 1 0
github.com/kudig/kudig/pkg/rules/analyzer.go:30.104,32.2 1 0
github.com/kudig/kudig/pkg/rules/analyzer.go:35.42,39.2 3 0
github.com/kudig/kudig/pkg/rules/analyzer.go:42.61,44.44 2 0
github.com/kudig/kudig/pkg/rules/analyzer.go:44.44,46.3 1 0
github.com/kudig/kudig/pkg/rules/analyzer.go:47.2,47.37 1 0
github.com/kudig/kudig/pkg/rules/analyzer.go:51.63,53.46 2 0
github.com/kudig/kudig/pkg/rules/analyzer.go:53.46,55.3 1 0
github.com/kudig/kudig/pkg/rules/analyzer.go:56.2,56.37 1 0
github.com/kudig/kudig/pkg/rules/engine.go:18.40,22.2 1 1
github.com/kudig/kudig/pkg/rules/engine.go:25.99,29.29 3 1
github.com/kudig/kudig/pkg/rules/engine.go:29.29,30.10 1 1
github.com/kudig/kudig/pkg/rules/engine.go:31.21,32.28 1 1
github.com/kudig/kudig/pkg/rules/engine.go:33.11,33.11 0 1
github.com/kudig/kudig/pkg/rules/engine.go:36.3,37.17 2 1
github.com/kudig/kudig/pkg/rules/engine.go:37.17,39.12 1 1
github.com/kudig/kudig/pkg/rules/engine.go:42.3,42.14 1 1
github.com/kudig/kudig/pkg/rules/engine.go:42.14,45.4 2 1
github.com/kudig/kudig/pkg/rules/engine.go:48.2,48.20 1 1
github.com/kudig/kudig/pkg/rules/engine.go:52.126,56.29 3 1
github.com/kudig/kudig/pkg/rules/engine.go:56.29,57.10 1 1
github.com/kudig/kudig/pkg/rules/engine.go:58.21,59.28 1 1
github.com/kudig/kudig/pkg/rules/engine.go:60.11,60.11 0 1
github.com/kudig/kudig/pkg/rules/engine.go:63.3,64.17 2 1
github.com/kudig/kudig/pkg/rules/engine.go:64.17,65.12 1 0
github.com/kudig/kudig/pkg/rules/engine.go:68.3,68.14 1 1
github.com/kudig/kudig/pkg/rules/engine.go:68.14,71.4 2 1
github.com/kudig/kudig/pkg/rules/engine.go:74.2,74.20 1 1
github.com/kudig/kudig/pkg/rules/engine.go:78.129,80.2 1 1
github.com/kudig/kudig/pkg/rules/engine.go:83.139,84.19 1 1
github.com/kudig/kudig/pkg/rules/engine.go:85.23,86.40 1 1
github.com/kudig/kudig/pkg/rules/engine.go:87.21,88.38 1 1
github.com/kudig/kudig/pkg/rules/engine.go:89.26,90.43 1 1
github.com/kudig/kudig/pkg/rules/engine.go:91.13,92.31 1 1
github.com/kudig/kudig/pkg/rules/engine.go:93.12,94.30 1 1
github.com/kudig/kudig/pkg/rules/engine.go:95.10,96.76 1 1
github.com/kudig/kudig/pkg/rules/engine.go:101.109,103.9 2 1
github.com/kudig/kudig/pkg/rules/engine.go:103.9,105.3 1 1
github.com/kudig/kudig/pkg/rules/engine.go:108.2,109.16 2 1
github.com/kudig/kudig/pkg/rules/engine.go:109.16,111.54 1 1
github.com/kudig/kudig/pkg/rules/engine.go:111.54,113.44 2 1
github.com/kudig/kudig/pkg/rules/engine.go:113.44,115.5 1 0
github.com/kudig/kudig/pkg/rules/engine.go:116.4,118.42 3 1
github.com/kudig/kudig/pkg/rules/engine.go:120.3,120.41 1 0
github.com/kudig/kudig/pkg/rules/engine.go:123.2,126.15 3 1
github.com/kudig/kudig/pkg/rules/engine.go:126.15,127.43 1 1
github.com/kudig/kudig/pkg/rules/engine.go:127.43,129.4 1 1
github.com/kudig/kudig/pkg/rules/engine.go:130.3,132.41 3 1
github.com/kudig/kudig/pkg/rules/engine.go:135.2,135.40 1 1
github.com/kudig/kudig/pkg/rules/engine.go:139.107,141.9 2 1
github.com/kudig/kudig/pkg/rules/engine.go:141.9,143.3 1 1
github.com/kudig/kudig/pkg/rules/engine.go:145.2,146.16 2 1
github.com/kudig/kudig/pkg/rules/engine.go:146.16,148.3 1 1
github.com/kudig/kudig/pkg/rules/engine.go:150.2,151.17 2 1
github.com/kudig/kudig/pkg/rules/engine.go:151.17,155.3 3 1
github.com/kudig/kudig/pkg/rules/engine.go:157.2,157.40 1 1
github.com/kudig/kudig/pkg/rules/engine.go:161.112,162.31 1 1
github.com/kudig/kudig/pkg/rules/engine.go:162.31,164.3 1 1
github.com/kudig/kudig/pkg/rules/engine.go:166.2,169.21 3 1
github.com/kudig/kudig/pkg/rules/engine.go:170.23,173.38 2 1
github.com/kudig/kudig/pkg/rules/engine.go:173.38,175.4 1 1
github.com/kudig/kudig/pkg/rules/engine.go:176.3,176.15 1 1
github.com/kudig/kudig/pkg/rules/engine.go:177.23,179.38 2 1
github.com/kudig/kudig/pkg/rules/engine.go:179.38,181.4 1 1
github.com/kudig/kudig/pkg/rules/engine.go:182.3,182.15 1 1
github.com/kudig/kudig/pkg/rules/engine.go:183.24,185.38 2 1
github.com/kudig/kudig/pkg/rules/engine.go:185.38,187.4 1 1
github.com/kudig/kudig/pkg/rules/engine.go:188.3,188.15 1 1
github.com/kudig/kudig/pkg/rules/engine.go:189.26,190.38 1 1
github.com/kudig/kudig/pkg/rules/engine.go:190.38,194.4 3 1
github.com/kudig/kudig/pkg/rules/engine.go:195.31,196.38 1 1
github.com/kudig/kudig/pkg/rules/engine.go:196.38,199.4 2 1
github.com/kudig/kudig/pkg/rules/engine.go:200.27,201.39 1 1
github.com/kudig/kudig/pkg/rules/engine.go:201.39,205.4 3 1
github.com/kudig/kudig/pkg/rules/engine.go:206.27,208.53 1 1
github.com/kudig/kudig/pkg/rules/engine.go:208.53,209.32 1 1
github.com/kudig/kudig/pkg/rules/engine.go:209.32,211.5 1 1
github.com/kudig/kudig/pkg/rules/engine.go:212.4,212.16 1 1
github.com/kudig/kudig/pkg/rules/engine.go:214.27,215.42 1 1
github.com/kudig/kudig/pkg/rules/engine.go:215.42,218.4 2 1
github.com/kudig/kudig/pkg/rules/engine.go:221.2,221.12 1 1
github.com/kudig/kudig/pkg/rules/engine.go:221.12,223.3 1 1
github.com/kudig/kudig/pkg/rules/engine.go:225.2,226.23 2 1
github.com/kudig/kudig/pkg/rules/engine.go:227.17,228.35 1 1
github.com/kudig/kudig/pkg/rules/engine.go:229.19,230.36 1 1
github.com/kudig/kudig/pkg/rules/engine.go:231.17,232.35 1 1
github.com/kudig/kudig/pkg/rules/engine.go:233.19,234.36 1 1
github.com/kudig/kudig/pkg/rules/engine.go:235.18,236.36 1 1
github.com/kudig/kudig/pkg/rules/engine.go:237.18,238.36 1 1
github.com/kudig/kudig/pkg/rules/engine.go:239.10,240.88 1 1
github.com/kudig/kudig/pkg/rules/engine.go:243.2,243.17 1 1
github.com/kudig/kudig/pkg/rules/engine.go:243.17,245.3 1 0
github.com/kudig/kudig/pkg/rules/engine.go:247.2,248.48 2 1
github.com/kudig/kudig/pkg/rules/engine.go:252.100,256.29 3 1
github.com/kudig/kudig/pkg/rules/engine.go:256.29,258.17 2 1
github.com/kudig/kudig/pkg/rules/engine.go:258.17,260.4 1 0
github.com/kudig/kudig/pkg/rules/engine.go:261.3,261.15 1 1
github.com/kudig/kudig/pkg/rules/engine.go:261.15,263.4 1 1
github.com/kudig/kudig/pkg/rules/engine.go:264.3,264.14 1 1
github.com/kudig/kudig/pkg/rules/engine.go:264.14,266.4 1 1
github.com/kudig/kudig/pkg/rules/engine.go:267.3,267.16 1 1
github.com/kudig/kudig/pkg/rules/engine.go:267.16,269.4 1 1
github.com/kudig/kudig/pkg/rules/engine.go:272.2,272.57 1 1
github.com/kudig/kudig/pkg/rules/engine.go:276.99,277.28 1 1
github.com/kudig/kudig/pkg/rules/engine.go:277.28,279.17 2 1
github.com/kudig/kudig/pkg/rules/engine.go:279.17,280.12 1 0
github.com/kudig/kudig/pkg/rules/engine.go:282.3,282.14 1 1
github.com/kudig/kudig/pkg/rules/engine.go:282.14,284.4 1 1
github.com/kudig/kudig/pkg/rules/engine.go:287.2,287.27 1 1
github.com/kudig/kudig/pkg/rules/engine.go:291.50,292.22 1 1
github.com/kudig/kudig/pkg/rules/engine.go:292.22,294.3 1 1
github.com/kudig/kudig/pkg/rules/engine.go:295.2,295.27 1 1
github.com/kudig/kudig/pkg/rules/loader.go:17.26,21.2 1 1
github.com/kudig/kudig/pkg/rules/loader.go:24.46,26.16 2 1
github.com/kudig/kudig/pkg/rules/loader.go:26.16,28.3 1 1
github.com/kudig/kudig/pkg/rules/loader.go:30.2,31.55 2 1
github.com/kudig/kudig/pkg/rules/loader.go:31.55,33.3 1 1
github.com/kudig/kudig/pkg/rules/loader.go:36.2,36.37 1 1
github.com/kudig/kudig/pkg/rules/loader.go:36.37,37.20 1 1
github.com/kudig/kudig/pkg/rules/loader.go:37.20,39.4 1 1
github.com/kudig/kudig/pkg/rules/loader.go:40.3,40.22 1 1
github.com/kudig/kudig/pkg/rules/loader.go:40.22,42.4 1 1
github.com/kudig/kudig/pkg/rules/loader.go:43.3,43.26 1 1
github.com/kudig/kudig/pkg/rules/loader.go:43.26,45.4 1 1
github.com/kudig/kudig/pkg/rules/loader.go:47.3,47.20 1 1
github.com/kudig/kudig/pkg/rules/loader.go:47.20,49.4 1 1
github.com/kudig/kudig/pkg/rules/loader.go:52.2,53.12 2 1
github.com/kudig/kudig/pkg/rules/loader.go:57.44,59.16 2 1
github.com/kudig/kudig/pkg/rules/loader.go:59.16,61.3 1 0
github.com/kudig/kudig/pkg/rules/loader.go:63.2,63.32 1 1
github.com/kudig/kudig/pkg/rules/loader.go:63.32,64.20 1 1
github.com/kudig/kudig/pkg/rules/loader.go:64.20,65.12 1 0
github.com/kudig/kudig/pkg/rules/loader.go:68.3,69.38 2 1
github.com/kudig/kudig/pkg/rules/loader.go:69.38,70.12 1 1
github.com/kudig/kudig/pkg/rules/loader.go:73.3,74.42 2 1
github.com/kudig/kudig/pkg/rules/loader.go:74.42,76.4 1 0
github.com/kudig/kudig/pkg/rules/loader.go:79.2,79.12 1 1
github.com/kudig/kudig/pkg/rules/loader.go:83.38,247.2 3 1
github.com/kudig/kudig/pkg/rules/loader.go:250.39,252.32 2 1
github.com/kudig/kudig/pkg/rules/loader.go:252.32,253.30 1 1
github.com/kudig/kudig/pkg/rules/loader.go:253.30,254.17 1 1
github.com/kudig/kudig/pkg/rules/loader.go:254.17,256.5 1 1
github.com/kudig/kudig/pkg/rules/loader.go:259.2,259.14 1 1
github.com/kudig/kudig/pkg/rules/loader.go:263.61,265.32 2 1
github.com/kudig/kudig/pkg/rules/loader.go:265.32,266.30 1 1
github.com/kudig/kudig/pkg/rules/loader.go:266.30,267.43 1 1
github.com/kudig/kudig/pkg/rules/loader.go:267.43,269.5 1 1
github.com/kudig/kudig/pkg/rules/loader.go:272.2,272.14 1 1
github.com/kudig/kudig/pkg/rules/loader.go:276.47,277.32 1 1
github.com/kudig/kudig/pkg/rules/loader.go:277.32,278.30 1 1
github.com/kudig/kudig/pkg/rules/loader.go:278.30,279.18 1 1
github.com/kudig/kudig/pkg/rules/loader.go:279.18,281.5 1 1
github.com/kudig/kudig/pkg/rules/loader.go:284.2,284.12 1 1
github.com/kudig/kudig/pkg/rules/types.go:87.45,88.20 1 1
github.com/kudig/kudig/pkg/rules/types.go:89.28,90.32 1 1
github.com/kudig/kudig/pkg/rules/types.go:91.27,92.31 1 1
github.com/kudig/kudig/pkg/rules/types.go:93.24,94.28 1 1
github.com/kudig/kudig/pkg/rules/types.go:95.10,96.28 1 1
github.com/kudig/kudig/pkg/rules/types.go:101.63,111.2 3 1
