mode: set
github.com/kudig/kudig/cmd/kudig/main.go:92.36,94.2 1 0
github.com/kudig/kudig/cmd/kudig/main.go:96.13,97.42 1 0
github.com/kudig/kudig/cmd/kudig/main.go:97.42,99.42 1 0
github.com/kudig/kudig/cmd/kudig/main.go:99.42,101.4 1 0
github.com/kudig/kudig/cmd/kudig/main.go:102.3,103.13 2 0
github.com/kudig/kudig/cmd/kudig/main.go:444.13,518.2 40 0
github.com/kudig/kudig/cmd/kudig/main.go:520.58,526.15 4 0
github.com/kudig/kudig/cmd/kudig/main.go:526.15,529.3 2 0
github.com/kudig/kudig/cmd/kudig/main.go:532.2,537.12 5 0
github.com/kudig/kudig/cmd/kudig/main.go:537.12,540.3 2 0
github.com/kudig/kudig/cmd/kudig/main.go:543.2,543.13 1 0
github.com/kudig/kudig/cmd/kudig/main.go:543.13,549.3 5 0
github.com/kudig/kudig/cmd/kudig/main.go:552.2,553.9 2 0
github.com/kudig/kudig/cmd/kudig/main.go:553.9,556.3 2 0
github.com/kudig/kudig/cmd/kudig/main.go:559.2,561.16 3 0
github.com/kudig/kudig/cmd/kudig/main.go:561.16,564.3 2 0
github.com/kudig/kudig/cmd/kudig/main.go:566.2,566.13 1 0
github.com/kudig/kudig/cmd/kudig/main.go:566.13,569.3 2 0
github.com/kudig/kudig/cmd/kudig/main.go:572.2,573.16 2 0
github.com/kudig/kudig/cmd/kudig/main.go:573.16,576.3 2 0
github.com/kudig/kudig/cmd/kudig/main.go:579.2,599.74 11 0
github.com/kudig/kudig/cmd/kudig/main.go:599.74,601.3 1 0
github.com/kudig/kudig/cmd/kudig/main.go:603.2,604.9 2 0
github.com/kudig/kudig/cmd/kudig/main.go:604.9,606.3 1 0
github.com/kudig/kudig/cmd/kudig/main.go:608.2,609.16 2 0
github.com/kudig/kudig/cmd/kudig/main.go:609.16,611.3 1 0
github.com/kudig/kudig/cmd/kudig/main.go:614.2,614.22 1 0
github.com/kudig/kudig/cmd/kudig/main.go:614.22,615.64 1 0
github.com/kudig/kudig/cmd/kudig/main.go:615.64,617.4 1 0
github.com/kudig/kudig/cmd/kudig/main.go:618.3,618.14 1 0
github.com/kudig/kudig/cmd/kudig/main.go:618.14,620.4 1 0
github.com/kudig/kudig/cmd/kudig/main.go:621.8,623.3 1 0
github.com/kudig/kudig/cmd/kudig/main.go:626.2,626.54 1 0
github.com/kudig/kudig/cmd/kudig/main.go:626.54,627.95 1 0
github.com/kudig/kudig/cmd/kudig/main.go:627.95,629.4 1 0
github.com/kudig/kudig/cmd/kudig/main.go:633.2,637.38 3 0
github.com/kudig/kudig/cmd/kudig/main.go:637.38,640.3 2 0
github.com/kudig/kudig/cmd/kudig/main.go:640.8,640.28 1 0
github.com/kudig/kudig/cmd/kudig/main.go:640.28,643.3 2 0
github.com/kudig/kudig/cmd/kudig/main.go:645.2,645.12 1 0
github.com/kudig/kudig/cmd/kudig/main.go:648.55,657.16 5 0
github.com/kudig/kudig/cmd/kudig/main.go:657.16,659.3 1 0
github.com/kudig/kudig/cmd/kudig/main.go:662.2,663.16 2 0
github.com/kudig/kudig/cmd/kudig/main.go:663.16,665.3 1 0
github.com/kudig/kudig/cmd/kudig/main.go:668.2,668.22 1 0
github.com/kudig/kudig/cmd/kudig/main.go:668.22,679.17 9 0
github.com/kudig/kudig/cmd/kudig/main.go:679.17,681.4 1 0
github.com/kudig/kudig/cmd/kudig/main.go:682.3,682.30 1 0
github.com/kudig/kudig/cmd/kudig/main.go:683.8,694.17 9 0
github.com/kudig/kudig/cmd/kudig/main.go:694.17,696.4 1 0
github.com/kudig/kudig/cmd/kudig/main.go:697.3,697.30 1 0
github.com/kudig/kudig/cmd/kudig/main.go:701.2,701.33 1 0
github.com/kudig/kudig/cmd/kudig/main.go:701.33,703.3 1 0
github.com/kudig/kudig/cmd/kudig/main.go:703.8,703.37 1 0
github.com/kudig/kudig/cmd/kudig/main.go:703.37,705.3 1 0
github.com/kudig/kudig/cmd/kudig/main.go:707.2,707.12 1 0
github.com/kudig/kudig/cmd/kudig/main.go:710.59,713.25 2 0
github.com/kudig/kudig/cmd/kudig/main.go:713.25,716.3 2 0
github.com/kudig/kudig/cmd/kudig/main.go:718.2,721.30 3 0
github.com/kudig/kudig/cmd/kudig/main.go:721.30,723.40 2 0
github.com/kudig/kudig/cmd/kudig/main.go:723.40,725.4 1 0
github.com/kudig/kudig/cmd/kudig/main.go:727.3,731.16 5 0
github.com/kudig/kudig/cmd/kudig/main.go:734.2,734.12 1 0
github.com/kudig/kudig/cmd/kudig/main.go:737.52,739.18 1 0
github.com/kudig/kudig/cmd/kudig/main.go:739.18,742.13 3 0
github.com/kudig/kudig/cmd/kudig/main.go:742.13,743.15 1 0
github.com/kudig/kudig/cmd/kudig/main.go:743.15,745.5 1 0
github.com/kudig/kudig/cmd/kudig/main.go:746.4,746.48 1 0
github.com/kudig/kudig/cmd/kudig/main.go:746.48,748.5 1 0
github.com/kudig/kudig/cmd/kudig/main.go:753.2,755.15 3 0
github.com/kudig/kudig/cmd/kudig/main.go:755.15,758.3 2 0
github.com/kudig/kudig/cmd/kudig/main.go:761.2,766.12 5 0
github.com/kudig/kudig/cmd/kudig/main.go:766.12,769.3 2 0
github.com/kudig/kudig/cmd/kudig/main.go:772.2,772.13 1 0
github.com/kudig/kudig/cmd/kudig/main.go:772.13,777.21 5 0
github.com/kudig/kudig/cmd/kudig/main.go:777.21,779.4 1 0
github.com/kudig/kudig/cmd/kudig/main.go:780.3,780.22 1 0
github.com/kudig/kudig/cmd/kudig/main.go:780.22,782.4 1 0
github.com/kudig/kudig/cmd/kudig/main.go:783.3,783.31 1 0
github.com/kudig/kudig/cmd/kudig/main.go:787.2,788.9 2 0
github.com/kudig/kudig/cmd/kudig/main.go:788.9,791.3 2 0
github.com/kudig/kudig/cmd/kudig/main.go:794.2,794.14 1 0
github.com/kudig/kudig/cmd/kudig/main.go:794.14,796.3 1 0
github.com/kudig/kudig/cmd/kudig/main.go:799.2,799.46 1 0
github.com/kudig/kudig/cmd/kudig/main.go:802.93,814.13 2 0
github.com/kudig/kudig/cmd/kudig/main.go:814.13,816.3 1 0
github.com/kudig/kudig/cmd/kudig/main.go:818.2,819.16 2 0
github.com/kudig/kudig/cmd/kudig/main.go:819.16,822.3 2 0
github.com/kudig/kudig/cmd/kudig/main.go:824.2,824.13 1 0
github.com/kudig/kudig/cmd/kudig/main.go:824.13,826.35 2 0
github.com/kudig/kudig/cmd/kudig/main.go:826.35,830.4 3 0
github.com/kudig/kudig/cmd/kudig/main.go:831.3,831.56 1 0
github.com/kudig/kudig/cmd/kudig/main.go:835.2,836.16 2 0
github.com/kudig/kudig/cmd/kudig/main.go:836.16,839.3 2 0
github.com/kudig/kudig/cmd/kudig/main.go:842.2,858.22 9 0
github.com/kudig/kudig/cmd/kudig/main.go:858.22,860.3 1 0
github.com/kudig/kudig/cmd/kudig/main.go:862.2,863.9 2 0
github.com/kudig/kudig/cmd/kudig/main.go:863.9,865.3 1 0
github.com/kudig/kudig/cmd/kudig/main.go:867.2,868.16 2 0
github.com/kudig/kudig/cmd/kudig/main.go:868.16,870.3 1 0
github.com/kudig/kudig/cmd/kudig/main.go:873.2,873.22 1 0
github.com/kudig/kudig/cmd/kudig/main.go:873.22,874.64 1 0
github.com/kudig/kudig/cmd/kudig/main.go:874.64,876.4 1 0
github.com/kudig/kudig/cmd/kudig/main.go:877.3,877.14 1 0
github.com/kudig/kudig/cmd/kudig/main.go:877.14,879.4 1 0
github.com/kudig/kudig/cmd/kudig/main.go:880.8,882.3 1 0
github.com/kudig/kudig/cmd/kudig/main.go:885.2,885.54 1 0
github.com/kudig/kudig/cmd/kudig/main.go:885.54,886.94 1 0
github.com/kudig/kudig/cmd/kudig/main.go:886.94,888.4 1 0
github.com/kudig/kudig/cmd/kudig/main.go:892.2,896.38 3 0
github.com/kudig/kudig/cmd/kudig/main.go:896.38,899.3 2 0
github.com/kudig/kudig/cmd/kudig/main.go:899.8,899.28 1 0
github.com/kudig/kudig/cmd/kudig/main.go:899.28,902.3 2 0
github.com/kudig/kudig/cmd/kudig/main.go:904.2,904.12 1 0
github.com/kudig/kudig/cmd/kudig/main.go:907.91,920.9 3 0
github.com/kudig/kudig/cmd/kudig/main.go:920.9,923.3 2 0
github.com/kudig/kudig/cmd/kudig/main.go:926.2,927.13 2 0
github.com/kudig/kudig/cmd/kudig/main.go:927.13,929.3 1 0
github.com/kudig/kudig/cmd/kudig/main.go:929.8,939.3 1 0
github.com/kudig/kudig/cmd/kudig/main.go:942.2,942.58 1 0
github.com/kudig/kudig/cmd/kudig/main.go:942.58,943.17 1 0
github.com/kudig/kudig/cmd/kudig/main.go:943.17,946.4 2 0
github.com/kudig/kudig/cmd/kudig/main.go:946.9,946.21 1 0
github.com/kudig/kudig/cmd/kudig/main.go:946.21,948.4 1 0
github.com/kudig/kudig/cmd/kudig/main.go:951.2,952.16 2 0
github.com/kudig/kudig/cmd/kudig/main.go:952.16,955.3 2 0
github.com/kudig/kudig/cmd/kudig/main.go:957.2,957.16 1 0
github.com/kudig/kudig/cmd/kudig/main.go:957.16,960.3 2 0
github.com/kudig/kudig/cmd/kudig/main.go:963.2,967.37 4 0
github.com/kudig/kudig/cmd/kudig/main.go:967.37,968.26 1 0
github.com/kudig/kudig/cmd/kudig/main.go:968.26,971.12 3 0
github.com/kudig/kudig/cmd/kudig/main.go:974.3,978.17 3 0
github.com/kudig/kudig/cmd/kudig/main.go:978.17,980.12 2 0
github.com/kudig/kudig/cmd/kudig/main.go:984.3,985.25 2 0
github.com/kudig/kudig/cmd/kudig/main.go:985.25,986.33 1 0
github.com/kudig/kudig/cmd/kudig/main.go:986.33,988.5 1 0
github.com/kudig/kudig/cmd/kudig/main.go:989.4,991.82 2 0
github.com/kudig/kudig/cmd/kudig/main.go:994.3,995.58 2 0
github.com/kudig/kudig/cmd/kudig/main.go:998.2,998.26 1 0
github.com/kudig/kudig/cmd/kudig/main.go:998.26,1001.3 2 0
github.com/kudig/kudig/cmd/kudig/main.go:1004.2,1014.22 7 0
github.com/kudig/kudig/cmd/kudig/main.go:1014.22,1016.3 1 0
github.com/kudig/kudig/cmd/kudig/main.go:1018.2,1019.9 2 0
github.com/kudig/kudig/cmd/kudig/main.go:1019.9,1021.3 1 0
github.com/kudig/kudig/cmd/kudig/main.go:1023.2,1024.16 2 0
github.com/kudig/kudig/cmd/kudig/main.go:1024.16,1026.3 1 0
github.com/kudig/kudig/cmd/kudig/main.go:1029.2,1029.22 1 0
github.com/kudig/kudig/cmd/kudig/main.go:1029.22,1030.64 1 0
github.com/kudig/kudig/cmd/kudig/main.go:1030.64,1032.4 1 0
github.com/kudig/kudig/cmd/kudig/main.go:1033.3,1033.14 1 0
github.com/kudig/kudig/cmd/kudig/main.go:1033.14,1035.4 1 0
github.com/kudig/kudig/cmd/kudig/main.go:1036.8,1038.3 1 0
github.com/kudig/kudig/cmd/kudig/main.go:1040.2,1040.13 1 0
github.com/kudig/kudig/cmd/kudig/main.go:1040.13,1042.3 1 0
github.com/kudig/kudig/cmd/kudig/main.go:1045.2,1045.54 1 0
github.com/kudig/kudig/cmd/kudig/main.go:1045.54,1046.126 1 0
github.com/kudig/kudig/cmd/kudig/main.go:1046.126,1048.4 1 0
github.com/kudig/kudig/cmd/kudig/main.go:1052.2,1056.38 3 0
github.com/kudig/kudig/cmd/kudig/main.go:1056.38,1059.3 2 0
github.com/kudig/kudig/cmd/kudig/main.go:1059.8,1059.31 1 0
github.com/kudig/kudig/cmd/kudig/main.go:1059.31,1062.3 2 0
github.com/kudig/kudig/cmd/kudig/main.go:1064.2,1064.12 1 0
github.com/kudig/kudig/cmd/kudig/main.go:1067.54,1072.45 2 0
github.com/kudig/kudig/cmd/kudig/main.go:1072.45,1074.3 1 0
github.com/kudig/kudig/cmd/kudig/main.go:1077.2,1077.21 1 0
github.com/kudig/kudig/cmd/kudig/main.go:1077.21,1078.52 1 0
github.com/kudig/kudig/cmd/kudig/main.go:1078.52,1080.4 1 0
github.com/kudig/kudig/cmd/kudig/main.go:1082.2,1082.20 1 0
github.com/kudig/kudig/cmd/kudig/main.go:1082.20,1083.50 1 0
github.com/kudig/kudig/cmd/kudig/main.go:1083.50,1085.4 1 0
github.com/kudig/kudig/cmd/kudig/main.go:1089.2,1089.15 1 0
github.com/kudig/kudig/cmd/kudig/main.go:1089.15,1093.30 4 0
github.com/kudig/kudig/cmd/kudig/main.go:1093.30,1100.4 6 0
github.com/kudig/kudig/cmd/kudig/main.go:1101.3,1101.13 1 0
github.com/kudig/kudig/cmd/kudig/main.go:1105.2,1105.19 1 0
github.com/kudig/kudig/cmd/kudig/main.go:1105.19,1107.3 1 0
github.com/kudig/kudig/cmd/kudig/main.go:1108.2,1113.15 4 0
github.com/kudig/kudig/cmd/kudig/main.go:1113.15,1116.3 2 0
github.com/kudig/kudig/cmd/kudig/main.go:1119.2,1124.12 5 0
github.com/kudig/kudig/cmd/kudig/main.go:1124.12,1127.3 2 0
github.com/kudig/kudig/cmd/kudig/main.go:1129.2,1129.13 1 0
github.com/kudig/kudig/cmd/kudig/main.go:1129.13,1136.3 6 0
github.com/kudig/kudig/cmd/kudig/main.go:1139.2,1140.9 2 0
github.com/kudig/kudig/cmd/kudig/main.go:1140.9,1143.3 2 0
github.com/kudig/kudig/cmd/kudig/main.go:1145.2,1147.16 3 0
github.com/kudig/kudig/cmd/kudig/main.go:1147.16,1150.3 2 0
github.com/kudig/kudig/cmd/kudig/main.go:1153.2,1155.16 3 0
github.com/kudig/kudig/cmd/kudig/main.go:1155.16,1158.3 2 0
github.com/kudig/kudig/cmd/kudig/main.go:1161.2,1175.9 10 0
github.com/kudig/kudig/cmd/kudig/main.go:1175.9,1177.3 1 0
github.com/kudig/kudig/cmd/kudig/main.go:1179.2,1180.16 2 0
github.com/kudig/kudig/cmd/kudig/main.go:1180.16,1182.3 1 0
github.com/kudig/kudig/cmd/kudig/main.go:1185.2,1185.22 1 0
github.com/kudig/kudig/cmd/kudig/main.go:1185.22,1186.64 1 0
github.com/kudig/kudig/cmd/kudig/main.go:1186.64,1188.4 1 0
github.com/kudig/kudig/cmd/kudig/main.go:1189.3,1189.14 1 0
github.com/kudig/kudig/cmd/kudig/main.go:1189.14,1191.4 1 0
github.com/kudig/kudig/cmd/kudig/main.go:1192.8,1194.3 1 0
github.com/kudig/kudig/cmd/kudig/main.go:1197.2,1198.38 2 0
github.com/kudig/kudig/cmd/kudig/main.go:1198.38,1201.3 2 0
github.com/kudig/kudig/cmd/kudig/main.go:1201.8,1201.28 1 0
github.com/kudig/kudig/cmd/kudig/main.go:1201.28,1204.3 2 0
github.com/kudig/kudig/cmd/kudig/main.go:1206.2,1206.12 1 0
github.com/kudig/kudig/cmd/kudig/main.go:1209.57,1211.16 2 0
github.com/kudig/kudig/cmd/kudig/main.go:1211.16,1213.3 1 0
github.com/kudig/kudig/cmd/kudig/main.go:1215.2,1216.16 2 0
github.com/kudig/kudig/cmd/kudig/main.go:1216.16,1218.3 1 0
github.com/kudig/kudig/cmd/kudig/main.go:1220.2,1220.23 1 0
github.com/kudig/kudig/cmd/kudig/main.go:1220.23,1224.3 3 0
github.com/kudig/kudig/cmd/kudig/main.go:1226.2,1231.32 5 0
github.com/kudig/kudig/cmd/kudig/main.go:1231.32,1233.24 2 0
github.com/kudig/kudig/cmd/kudig/main.go:1233.24,1235.4 1 0
github.com/kudig/kudig/cmd/kudig/main.go:1236.3,1243.4 1 0
github.com/kudig/kudig/cmd/kudig/main.go:1246.2,1249.12 3 0
github.com/kudig/kudig/cmd/kudig/main.go:1252.60,1256.16 3 0
github.com/kudig/kudig/cmd/kudig/main.go:1256.16,1258.3 1 0
github.com/kudig/kudig/cmd/kudig/main.go:1260.2,1261.16 2 0
github.com/kudig/kudig/cmd/kudig/main.go:1261.16,1263.3 1 0
github.com/kudig/kudig/cmd/kudig/main.go:1265.2,1281.31 13 0
github.com/kudig/kudig/cmd/kudig/main.go:1281.31,1284.42 3 0
github.com/kudig/kudig/cmd/kudig/main.go:1284.42,1288.4 3 0
github.com/kudig/kudig/cmd/kudig/main.go:1292.2,1292.33 1 0
github.com/kudig/kudig/cmd/kudig/main.go:1292.33,1295.44 3 0
github.com/kudig/kudig/cmd/kudig/main.go:1295.44,1299.4 3 0
github.com/kudig/kudig/cmd/kudig/main.go:1302.2,1302.64 1 0
github.com/kudig/kudig/cmd/kudig/main.go:1302.64,1304.3 1 0
github.com/kudig/kudig/cmd/kudig/main.go:1306.2,1306.12 1 0
github.com/kudig/kudig/cmd/kudig/main.go:1309.44,1310.22 1 0
github.com/kudig/kudig/cmd/kudig/main.go:1310.22,1312.3 1 0
github.com/kudig/kudig/cmd/kudig/main.go:1313.2,1313.29 1 0
github.com/kudig/kudig/cmd/kudig/main.go:1316.46,1317.11 1 0
github.com/kudig/kudig/cmd/kudig/main.go:1318.30,1319.20 1 0
github.com/kudig/kudig/cmd/kudig/main.go:1320.29,1321.19 1 0
github.com/kudig/kudig/cmd/kudig/main.go:1322.26,1323.16 1 0
github.com/kudig/kudig/cmd/kudig/main.go:1324.10,1325.19 1 0
github.com/kudig/kudig/cmd/kudig/main.go:1330.68,1332.40 2 0
github.com/kudig/kudig/cmd/kudig/main.go:1332.40,1334.3 1 0
github.com/kudig/kudig/cmd/kudig/main.go:1336.2,1337.63 2 0
github.com/kudig/kudig/cmd/kudig/main.go:1337.63,1339.3 1 0
github.com/kudig/kudig/cmd/kudig/main.go:1341.2,1351.21 4 0
github.com/kudig/kudig/cmd/kudig/main.go:1351.21,1352.30 1 0
github.com/kudig/kudig/cmd/kudig/main.go:1352.30,1354.4 1 0
github.com/kudig/kudig/cmd/kudig/main.go:1358.68,1360.31 2 0
github.com/kudig/kudig/cmd/kudig/main.go:1360.31,1361.28 1 0
github.com/kudig/kudig/cmd/kudig/main.go:1361.28,1363.4 1 0
github.com/kudig/kudig/cmd/kudig/main.go:1365.2,1365.14 1 0
github.com/kudig/kudig/cmd/kudig/main.go:1368.61,1369.17 1 0
github.com/kudig/kudig/cmd/kudig/main.go:1370.14,1371.49 1 0
github.com/kudig/kudig/cmd/kudig/main.go:1372.13,1373.48 1 0
github.com/kudig/kudig/cmd/kudig/main.go:1374.14,1375.55 1 0
github.com/kudig/kudig/cmd/kudig/main.go:1376.20,1377.63 1 0
github.com/kudig/kudig/cmd/kudig/main.go:1378.10,1379.95 1 0
github.com/kudig/kudig/cmd/kudig/main.go:1383.49,1385.2 1 0
github.com/kudig/kudig/cmd/kudig/main.go:1387.52,1395.19 4 0
github.com/kudig/kudig/cmd/kudig/main.go:1395.19,1399.10 3 0
github.com/kudig/kudig/cmd/kudig/main.go:1399.10,1401.4 1 0
github.com/kudig/kudig/cmd/kudig/main.go:1402.3,1404.17 3 0
github.com/kudig/kudig/cmd/kudig/main.go:1404.17,1406.4 1 0
github.com/kudig/kudig/cmd/kudig/main.go:1409.3,1410.17 2 0
github.com/kudig/kudig/cmd/kudig/main.go:1410.17,1412.4 1 0
github.com/kudig/kudig/cmd/kudig/main.go:1413.3,1413.43 1 0
github.com/kudig/kudig/cmd/kudig/main.go:1414.8,1417.10 2 0
github.com/kudig/kudig/cmd/kudig/main.go:1417.10,1419.4 1 0
github.com/kudig/kudig/cmd/kudig/main.go:1420.3,1428.17 3 0
github.com/kudig/kudig/cmd/kudig/main.go:1428.17,1430.4 1 0
github.com/kudig/kudig/cmd/kudig/main.go:1433.3,1434.17 2 0
github.com/kudig/kudig/cmd/kudig/main.go:1434.17,1436.4 1 0
github.com/kudig/kudig/cmd/kudig/main.go:1437.3,1437.43 1 0
github.com/kudig/kudig/cmd/kudig/main.go:1441.2,1448.12 5 0
github.com/kudig/kudig/cmd/kudig/main.go:1451.53,1454.16 3 0
github.com/kudig/kudig/cmd/kudig/main.go:1454.16,1456.3 1 0
github.com/kudig/kudig/cmd/kudig/main.go:1457.2,1458.12 2 0
github.com/kudig/kudig/cmd/kudig/main.go:1461.52,1467.19 4 0
github.com/kudig/kudig/cmd/kudig/main.go:1467.19,1470.10 3 0
github.com/kudig/kudig/cmd/kudig/main.go:1470.10,1472.4 1 0
github.com/kudig/kudig/cmd/kudig/main.go:1473.3,1475.17 3 0
github.com/kudig/kudig/cmd/kudig/main.go:1475.17,1477.4 1 0
github.com/kudig/kudig/cmd/kudig/main.go:1478.3,1479.17 2 0
github.com/kudig/kudig/cmd/kudig/main.go:1479.17,1481.4 1 0
github.com/kudig/kudig/cmd/kudig/main.go:1482.3,1482.43 1 0
github.com/kudig/kudig/cmd/kudig/main.go:1483.8,1485.10 2 0
github.com/kudig/kudig/cmd/kudig/main.go:1485.10,1487.4 1 0
github.com/kudig/kudig/cmd/kudig/main.go:1488.3,1496.17 3 0
github.com/kudig/kudig/cmd/kudig/main.go:1496.17,1498.4 1 0
github.com/kudig/kudig/cmd/kudig/main.go:1499.3,1500.17 2 0
github.com/kudig/kudig/cmd/kudig/main.go:1500.17,1502.4 1 0
github.com/kudig/kudig/cmd/kudig/main.go:1503.3,1503.43 1 0
github.com/kudig/kudig/cmd/kudig/main.go:1506.2,1509.23 3 0
github.com/kudig/kudig/cmd/kudig/main.go:1509.23,1512.3 2 0
github.com/kudig/kudig/cmd/kudig/main.go:1514.2,1515.32 2 0
github.com/kudig/kudig/cmd/kudig/main.go:1515.32,1520.3 4 0
github.com/kudig/kudig/cmd/kudig/main.go:1522.2,1524.12 3 0
github.com/kudig/kudig/cmd/kudig/main.go:1527.50,1532.9 4 0
github.com/kudig/kudig/cmd/kudig/main.go:1532.9,1534.3 1 0
github.com/kudig/kudig/cmd/kudig/main.go:1536.2,1545.16 3 0
github.com/kudig/kudig/cmd/kudig/main.go:1545.16,1547.3 1 0
github.com/kudig/kudig/cmd/kudig/main.go:1549.2,1551.16 3 0
github.com/kudig/kudig/cmd/kudig/main.go:1551.16,1553.3 1 0
github.com/kudig/kudig/cmd/kudig/main.go:1555.2,1556.12 2 0
github.com/kudig/kudig/cmd/kudig/main.go:1559.53,1561.19 2 0
github.com/kudig/kudig/cmd/kudig/main.go:1561.19,1563.3 1 0
github.com/kudig/kudig/cmd/kudig/main.go:1565.2,1567.22 2 0
github.com/kudig/kudig/cmd/kudig/main.go:1567.22,1569.3 1 0
github.com/kudig/kudig/cmd/kudig/main.go:1571.2,1575.16 4 0
github.com/kudig/kudig/cmd/kudig/main.go:1575.16,1577.3 1 0
github.com/kudig/kudig/cmd/kudig/main.go:1579.2,1580.12 2 0
github.com/kudig/kudig/cmd/kudig/main.go:1583.51,1601.2 16 0
github.com/kudig/kudig/cmd/kudig/main.go:1603.51,1605.2 1 0
github.com/kudig/kudig/cmd/kudig/main.go:1607.58,1609.2 1 0
github.com/kudig/kudig/cmd/kudig/main.go:1611.51,1617.12 5 0
github.com/kudig/kudig/cmd/kudig/main.go:1617.12,1620.3 2 0
github.com/kudig/kudig/cmd/kudig/main.go:1622.2,1623.25 2 0
github.com/kudig/kudig/cmd/kudig/main.go:1623.25,1625.3 1 0
github.com/kudig/kudig/cmd/kudig/main.go:1627.2,1628.16 2 0
github.com/kudig/kudig/cmd/kudig/main.go:1628.16,1630.3 1 0
github.com/kudig/kudig/cmd/kudig/main.go:1632.2,1632.30 1 0
github.com/kudig/kudig/cmd/kudig/main.go:1632.30,1634.3 1 0
github.com/kudig/kudig/cmd/kudig/main.go:1636.2,1638.14 2 0
github.com/kudig/kudig/cmd/kudig/main.go:1638.14,1640.10 2 0
github.com/kudig/kudig/cmd/kudig/main.go:1640.10,1642.4 1 0
github.com/kudig/kudig/cmd/kudig/main.go:1643.3,1651.17 3 0
github.com/kudig/kudig/cmd/kudig/main.go:1651.17,1653.4 1 0
github.com/kudig/kudig/cmd/kudig/main.go:1654.3,1655.17 2 0
github.com/kudig/kudig/cmd/kudig/main.go:1655.17,1657.4 1 0
github.com/kudig/kudig/cmd/kudig/main.go:1658.3,1658.43 1 0
github.com/kudig/kudig/cmd/kudig/main.go:1659.8,1659.26 1 0
github.com/kudig/kudig/cmd/kudig/main.go:1659.26,1661.10 2 0
github.com/kudig/kudig/cmd/kudig/main.go:1661.10,1663.4 1 0
github.com/kudig/kudig/cmd/kudig/main.go:1664.3,1666.17 3 0
github.com/kudig/kudig/cmd/kudig/main.go:1666.17,1668.4 1 0
github.com/kudig/kudig/cmd/kudig/main.go:1669.3,1670.17 2 0
github.com/kudig/kudig/cmd/kudig/main.go:1670.17,1672.4 1 0
github.com/kudig/kudig/cmd/kudig/main.go:1673.3,1673.43 1 0
github.com/kudig/kudig/cmd/kudig/main.go:1674.8,1676.3 1 0
github.com/kudig/kudig/cmd/kudig/main.go:1678.2,1681.16 3 0
github.com/kudig/kudig/cmd/kudig/main.go:1681.16,1683.3 1 0
github.com/kudig/kudig/cmd/kudig/main.go:1685.2,1687.28 3 0
github.com/kudig/kudig/cmd/kudig/main.go:1687.28,1689.3 1 0
github.com/kudig/kudig/cmd/kudig/main.go:1690.2,1690.33 1 0
github.com/kudig/kudig/cmd/kudig/main.go:1690.33,1692.40 2 0
github.com/kudig/kudig/cmd/kudig/main.go:1692.40,1694.23 2 0
github.com/kudig/kudig/cmd/kudig/main.go:1694.23,1696.5 1 0
github.com/kudig/kudig/cmd/kudig/main.go:1699.2,1701.12 2 0
github.com/kudig/kudig/cmd/kubectl-kudig/main.go:52.13,53.42 1 0
github.com/kudig/kudig/cmd/kubectl-kudig/main.go:53.42,56.3 2 0
github.com/kudig/kudig/cmd/kubectl-kudig/main.go:86.13,100.2 8 0
github.com/kudig/kudig/cmd/kubectl-kudig/main.go:102.54,104.18 1 0
github.com/kudig/kudig/cmd/kubectl-kudig/main.go:104.18,107.13 3 0
github.com/kudig/kudig/cmd/kubectl-kudig/main.go:107.13,108.15 1 0
github.com/kudig/kudig/cmd/kubectl-kudig/main.go:108.15,110.5 1 0
github.com/kudig/kudig/cmd/kubectl-kudig/main.go:111.4,111.48 1 0
github.com/kudig/kudig/cmd/kubectl-kudig/main.go:111.48,113.5 1 0
github.com/kudig/kudig/cmd/kubectl-kudig/main.go:118.2,120.15 3 0
github.com/kudig/kudig/cmd/kubectl-kudig/main.go:120.15,123.3 2 0
github.com/kudig/kudig/cmd/kubectl-kudig/main.go:126.2,131.12 5 0
github.com/kudig/kudig/cmd/kubectl-kudig/main.go:131.12,134.3 2 0
github.com/kudig/kudig/cmd/kubectl-kudig/main.go:137.2,137.13 1 0
github.com/kudig/kudig/cmd/kubectl-kudig/main.go:137.13,142.21 5 0
github.com/kudig/kudig/cmd/kubectl-kudig/main.go:142.21,144.4 1 0
github.com/kudig/kudig/cmd/kubectl-kudig/main.go:145.3,145.22 1 0
github.com/kudig/kudig/cmd/kubectl-kudig/main.go:145.22,147.4 1 0
github.com/kudig/kudig/cmd/kubectl-kudig/main.go:148.3,148.31 1 0
github.com/kudig/kudig/cmd/kubectl-kudig/main.go:152.2,153.9 2 0
github.com/kudig/kudig/cmd/kubectl-kudig/main.go:153.9,156.3 2 0
github.com/kudig/kudig/cmd/kubectl-kudig/main.go:159.2,159.14 1 0
github.com/kudig/kudig/cmd/kubectl-kudig/main.go:159.14,161.3 1 0
github.com/kudig/kudig/cmd/kubectl-kudig/main.go:164.2,164.40 1 0
github.com/kudig/kudig/cmd/kubectl-kudig/main.go:167.87,179.13 2 0
github.com/kudig/kudig/cmd/kubectl-kudig/main.go:179.13,181.3 1 0
github.com/kudig/kudig/cmd/kubectl-kudig/main.go:183.2,184.16 2 0
github.com/kudig/kudig/cmd/kubectl-kudig/main.go:184.16,187.3 2 0
github.com/kudig/kudig/cmd/kubectl-kudig/main.go:189.2,189.13 1 0
github.com/kudig/kudig/cmd/kubectl-kudig/main.go:189.13,191.35 2 0
github.com/kudig/kudig/cmd/kubectl-kudig/main.go:191.35,195.4 3 0
github.com/kudig/kudig/cmd/kubectl-kudig/main.go:196.3,196.56 1 0
github.com/kudig/kudig/cmd/kubectl-kudig/main.go:200.2,201.16 2 0
github.com/kudig/kudig/cmd/kubectl-kudig/main.go:201.16,204.3 2 0
github.com/kudig/kudig/cmd/kubectl-kudig/main.go:207.2,225.9 10 0
github.com/kudig/kudig/cmd/kubectl-kudig/main.go:225.9,227.3 1 0
github.com/kudig/kudig/cmd/kubectl-kudig/main.go:229.2,230.16 2 0
github.com/kudig/kudig/cmd/kubectl-kudig/main.go:230.16,232.3 1 0
github.com/kudig/kudig/cmd/kubectl-kudig/main.go:235.2,235.22 1 0
github.com/kudig/kudig/cmd/kubectl-kudig/main.go:235.22,236.64 1 0
github.com/kudig/kudig/cmd/kubectl-kudig/main.go:236.64,238.4 1 0
github.com/kudig/kudig/cmd/kubectl-kudig/main.go:239.3,239.14 1 0
github.com/kudig/kudig/cmd/kubectl-kudig/main.go:239.14,241.4 1 0
github.com/kudig/kudig/cmd/kubectl-kudig/main.go:242.8,244.3 1 0
github.com/kudig/kudig/cmd/kubectl-kudig/main.go:247.2,248.38 2 0
github.com/kudig/kudig/cmd/kubectl-kudig/main.go:248.38,251.3 2 0
github.com/kudig/kudig/cmd/kubectl-kudig/main.go:251.8,251.28 1 0
github.com/kudig/kudig/cmd/kubectl-kudig/main.go:251.28,254.3 2 0
github.com/kudig/kudig/cmd/kubectl-kudig/main.go:256.2,256.12 1 0
github.com/kudig/kudig/cmd/kubectl-kudig/main.go:259.85,272.9 3 0
github.com/kudig/kudig/cmd/kubectl-kudig/main.go:272.9,275.3 2 0
github.com/kudig/kudig/cmd/kubectl-kudig/main.go:278.2,279.13 2 0
github.com/kudig/kudig/cmd/kubectl-kudig/main.go:279.13,281.3 1 0
github.com/kudig/kudig/cmd/kubectl-kudig/main.go:281.8,291.3 1 0
github.com/kudig/kudig/cmd/kubectl-kudig/main.go:294.2,294.58 1 0
github.com/kudig/kudig/cmd/kubectl-kudig/main.go:294.58,295.17 1 0
github.com/kudig/kudig/cmd/kubectl-kudig/main.go:295.17,298.4 2 0
github.com/kudig/kudig/cmd/kubectl-kudig/main.go:298.9,298.21 1 0
github.com/kudig/kudig/cmd/kubectl-kudig/main.go:298.21,300.4 1 0
github.com/kudig/kudig/cmd/kubectl-kudig/main.go:303.2,304.16 2 0
github.com/kudig/kudig/cmd/kubectl-kudig/main.go:304.16,307.3 2 0
github.com/kudig/kudig/cmd/kubectl-kudig/main.go:309.2,309.16 1 0
github.com/kudig/kudig/cmd/kubectl-kudig/main.go:309.16,312.3 2 0
github.com/kudig/kudig/cmd/kubectl-kudig/main.go:315.2,319.37 4 0
github.com/kudig/kudig/cmd/kubectl-kudig/main.go:319.37,320.26 1 0
github.com/kudig/kudig/cmd/kubectl-kudig/main.go:320.26,323.12 3 0
github.com/kudig/kudig/cmd/kubectl-kudig/main.go:326.3,330.17 3 0
github.com/kudig/kudig/cmd/kubectl-kudig/main.go:330.17,332.12 2 0
github.com/kudig/kudig/cmd/kubectl-kudig/main.go:336.3,337.25 2 0
github.com/kudig/kudig/cmd/kubectl-kudig/main.go:337.25,338.33 1 0
github.com/kudig/kudig/cmd/kubectl-kudig/main.go:338.33,340.5 1 0
github.com/kudig/kudig/cmd/kubectl-kudig/main.go:341.4,342.82 2 0
github.com/kudig/kudig/cmd/kubectl-kudig/main.go:345.3,346.58 2 0
github.com/kudig/kudig/cmd/kubectl-kudig/main.go:349.2,349.26 1 0
github.com/kudig/kudig/cmd/kubectl-kudig/main.go:349.26,352.3 2 0
github.com/kudig/kudig/cmd/kubectl-kudig/main.go:355.2,367.9 8 0
github.com/kudig/kudig/cmd/kubectl-kudig/main.go:367.9,369.3 1 0
github.com/kudig/kudig/cmd/kubectl-kudig/main.go:371.2,372.16 2 0
github.com/kudig/kudig/cmd/kubectl-kudig/main.go:372.16,374.3 1 0
github.com/kudig/kudig/cmd/kubectl-kudig/main.go:377.2,377.22 1 0
github.com/kudig/kudig/cmd/kubectl-kudig/main.go:377.22,378.64 1 0
github.com/kudig/kudig/cmd/kubectl-kudig/main.go:378.64,380.4 1 0
github.com/kudig/kudig/cmd/kubectl-kudig/main.go:381.3,381.14 1 0
github.com/kudig/kudig/cmd/kubectl-kudig/main.go:381.14,383.4 1 0
github.com/kudig/kudig/cmd/kubectl-kudig/main.go:384.8,386.3 1 0
github.com/kudig/kudig/cmd/kubectl-kudig/main.go:388.2,388.13 1 0
github.com/kudig/kudig/cmd/kubectl-kudig/main.go:388.13,390.3 1 0
github.com/kudig/kudig/cmd/kubectl-kudig/main.go:393.2,394.38 2 0
github.com/kudig/kudig/cmd/kubectl-kudig/main.go:394.38,397.3 2 0
github.com/kudig/kudig/cmd/kubectl-kudig/main.go:397.8,397.31 1 0
github.com/kudig/kudig/cmd/kubectl-kudig/main.go:397.31,400.3 2 0
github.com/kudig/kudig/cmd/kubectl-kudig/main.go:402.2,402.12 1 0
github.com/kudig/kudig/pkg/ai/assistant.go:18.55,19.19 1 0
github.com/kudig/kudig/pkg/ai/assistant.go:19.19,21.3 1 0
github.com/kudig/kudig/pkg/ai/assistant.go:23.2,25.16 3 0
github.com/kudig/kudig/pkg/ai/assistant.go:25.16,27.3 1 0
github.com/kudig/kudig/pkg/ai/assistant.go:29.2,32.8 1 0
github.com/kudig/kudig/pkg/ai/assistant.go:36.120,37.22 1 0
github.com/kudig/kudig/pkg/ai/assistant.go:37.22,46.3 1 0
github.com/kudig/kudig/pkg/ai/assistant.go:48.2,51.50 3 0
github.com/kudig/kudig/pkg/ai/assistant.go:55.90,62.16 5 0
github.com/kudig/kudig/pkg/ai/assistant.go:62.16,64.3 1 0
github.com/kudig/kudig/pkg/ai/assistant.go:66.2,66.28 1 0
github.com/kudig/kudig/pkg/ai/assistant.go:66.28,69.3 1 0
github.com/kudig/kudig/pkg/ai/assistant.go:71.2,71.28 1 0
github.com/kudig/kudig/pkg/ai/assistant.go:75.101,80.2 3 0
github.com/kudig/kudig/pkg/ai/assistant.go:83.40,85.2 1 0
github.com/kudig/kudig/pkg/ai/assistant.go:87.60,95.53 2 0
github.com/kudig/kudig/pkg/ai/assistant.go:95.53,97.3 1 0
github.com/kudig/kudig/pkg/ai/assistant.go:98.2,98.28 1 0
github.com/kudig/kudig/pkg/ai/provider.go:63.27,74.2 1 1
github.com/kudig/kudig/pkg/ai/provider.go:76.46,77.42 1 1
github.com/kudig/kudig/pkg/ai/provider.go:77.42,79.3 1 1
github.com/kudig/kudig/pkg/ai/provider.go:80.2,80.21 1 1
github.com/kudig/kudig/pkg/ai/provider.go:83.50,84.42 1 1
github.com/kudig/kudig/pkg/ai/provider.go:84.42,88.3 3 0
github.com/kudig/kudig/pkg/ai/provider.go:89.2,89.21 1 1
github.com/kudig/kudig/pkg/ai/provider.go:92.60,93.42 1 1
github.com/kudig/kudig/pkg/ai/provider.go:93.42,97.3 3 0
github.com/kudig/kudig/pkg/ai/provider.go:98.2,98.21 1 1
github.com/kudig/kudig/pkg/ai/provider.go:108.65,109.25 1 1
github.com/kudig/kudig/pkg/ai/provider.go:109.25,111.3 1 1
github.com/kudig/kudig/pkg/ai/provider.go:113.2,114.26 2 1
github.com/kudig/kudig/pkg/ai/provider.go:114.26,116.3 1 0
github.com/kudig/kudig/pkg/ai/provider.go:118.2,121.8 1 1
github.com/kudig/kudig/pkg/ai/provider.go:125.40,127.2 1 1
github.com/kudig/kudig/pkg/ai/provider.go:130.119,131.22 1 0
github.com/kudig/kudig/pkg/ai/provider.go:131.22,140.3 1 0
github.com/kudig/kudig/pkg/ai/provider.go:142.2,164.16 5 0
github.com/kudig/kudig/pkg/ai/provider.go:164.16,166.3 1 0
github.com/kudig/kudig/pkg/ai/provider.go:168.2,168.28 1 0
github.com/kudig/kudig/pkg/ai/provider.go:168.28,170.3 1 0
github.com/kudig/kudig/pkg/ai/provider.go:173.2,173.65 1 0
github.com/kudig/kudig/pkg/ai/provider.go:177.101,178.22 1 0
github.com/kudig/kudig/pkg/ai/provider.go:178.22,180.3 1 0
github.com/kudig/kudig/pkg/ai/provider.go:182.2,199.16 3 0
github.com/kudig/kudig/pkg/ai/provider.go:199.16,201.3 1 0
github.com/kudig/kudig/pkg/ai/provider.go:203.2,203.27 1 0
github.com/kudig/kudig/pkg/ai/provider.go:203.27,205.3 1 0
github.com/kudig/kudig/pkg/ai/provider.go:207.2,207.38 1 0
github.com/kudig/kudig/pkg/ai/provider.go:211.104,229.16 3 0
github.com/kudig/kudig/pkg/ai/provider.go:229.16,231.3 1 0
github.com/kudig/kudig/pkg/ai/provider.go:233.2,233.27 1 0
github.com/kudig/kudig/pkg/ai/provider.go:233.27,235.3 1 0
github.com/kudig/kudig/pkg/ai/provider.go:237.2,237.39 1 0
github.com/kudig/kudig/pkg/ai/provider.go:240.51,241.31 1 0
github.com/kudig/kudig/pkg/ai/provider.go:241.31,249.3 1 0
github.com/kudig/kudig/pkg/ai/provider.go:250.2,256.39 1 0
github.com/kudig/kudig/pkg/ai/provider.go:259.92,262.31 2 0
github.com/kudig/kudig/pkg/ai/provider.go:262.31,265.3 2 0
github.com/kudig/kudig/pkg/ai/provider.go:265.8,268.3 2 0
github.com/kudig/kudig/pkg/ai/provider.go:270.2,270.31 1 0
github.com/kudig/kudig/pkg/ai/provider.go:270.31,273.27 3 0
github.com/kudig/kudig/pkg/ai/provider.go:273.27,275.4 1 0
github.com/kudig/kudig/pkg/ai/provider.go:276.3,276.23 1 0
github.com/kudig/kudig/pkg/ai/provider.go:279.2,279.20 1 0
github.com/kudig/kudig/pkg/ai/provider.go:282.74,284.31 2 0
github.com/kudig/kudig/pkg/ai/provider.go:284.31,286.3 1 0
github.com/kudig/kudig/pkg/ai/provider.go:288.2,289.31 2 0
github.com/kudig/kudig/pkg/ai/provider.go:289.31,295.3 2 0
github.com/kudig/kudig/pkg/ai/provider.go:295.8,301.3 2 0
github.com/kudig/kudig/pkg/ai/provider.go:303.2,303.20 1 0
github.com/kudig/kudig/pkg/ai/provider.go:306.67,308.31 2 0
github.com/kudig/kudig/pkg/ai/provider.go:308.31,313.3 4 0
github.com/kudig/kudig/pkg/ai/provider.go:313.8,318.3 4 0
github.com/kudig/kudig/pkg/ai/provider.go:319.2,319.20 1 0
github.com/kudig/kudig/pkg/ai/provider.go:322.89,325.65 2 0
github.com/kudig/kudig/pkg/ai/provider.go:325.65,327.3 1 0
github.com/kudig/kudig/pkg/ai/provider.go:330.2,337.8 1 0
github.com/kudig/kudig/pkg/ai/provider.go:340.84,343.70 2 0
github.com/kudig/kudig/pkg/ai/provider.go:343.70,345.3 1 0
github.com/kudig/kudig/pkg/ai/provider.go:348.2,353.9 1 0
github.com/kudig/kudig/pkg/ai/provider.go:356.65,376.53 2 1
github.com/kudig/kudig/pkg/ai/provider.go:376.53,378.3 1 1
github.com/kudig/kudig/pkg/ai/provider.go:379.2,379.28 1 0
github.com/kudig/kudig/pkg/ai/provider.go:388.42,390.2 1 1
github.com/kudig/kudig/pkg/ai/provider.go:393.54,394.27 1 1
github.com/kudig/kudig/pkg/ai/provider.go:394.27,396.3 1 1
github.com/kudig/kudig/pkg/ai/provider.go:398.2,398.27 1 1
github.com/kudig/kudig/pkg/ai/provider.go:399.34,400.37 1 1
github.com/kudig/kudig/pkg/ai/provider.go:401.10,402.37 1 0
github.com/kudig/kudig/pkg/analyzer/interface.go:41.96,49.2 1 1
github.com/kudig/kudig/pkg/analyzer/interface.go:52.38,54.2 1 1
github.com/kudig/kudig/pkg/analyzer/interface.go:57.45,59.2 1 1
github.com/kudig/kudig/pkg/analyzer/interface.go:62.42,64.2 1 1
github.com/kudig/kudig/pkg/analyzer/interface.go:67.58,69.2 1 1
github.com/kudig/kudig/pkg/analyzer/interface.go:72.48,74.2 1 1
github.com/kudig/kudig/pkg/analyzer/interface.go:77.63,78.28 1 0
github.com/kudig/kudig/pkg/analyzer/interface.go:78.28,79.16 1 0
github.com/kudig/kudig/pkg/analyzer/interface.go:79.16,81.4 1 0
github.com/kudig/kudig/pkg/analyzer/interface.go:83.2,83.14 1 0
github.com/kudig/kudig/pkg/analyzer/registry.go:23.30,27.2 1 1
github.com/kudig/kudig/pkg/analyzer/registry.go:30.54,35.44 4 1
github.com/kudig/kudig/pkg/analyzer/registry.go:35.44,37.3 1 1
github.com/kudig/kudig/pkg/analyzer/registry.go:39.2,40.12 2 1
github.com/kudig/kudig/pkg/analyzer/registry.go:44.54,50.2 4 1
github.com/kudig/kudig/pkg/analyzer/registry.go:53.38,58.32 4 1
github.com/kudig/kudig/pkg/analyzer/registry.go:58.32,60.3 1 1
github.com/kudig/kudig/pkg/analyzer/registry.go:61.2,61.15 1 1
github.com/kudig/kudig/pkg/analyzer/registry.go:65.63,70.32 4 1
github.com/kudig/kudig/pkg/analyzer/registry.go:70.32,71.31 1 1
github.com/kudig/kudig/pkg/analyzer/registry.go:71.31,73.4 1 1
github.com/kudig/kudig/pkg/analyzer/registry.go:75.2,75.15 1 1
github.com/kudig/kudig/pkg/analyzer/registry.go:79.63,84.32 4 1
github.com/kudig/kudig/pkg/analyzer/registry.go:84.32,85.40 1 1
github.com/kudig/kudig/pkg/analyzer/registry.go:85.40,86.17 1 1
github.com/kudig/kudig/pkg/analyzer/registry.go:86.17,88.10 2 1
github.com/kudig/kudig/pkg/analyzer/registry.go:92.2,92.15 1 1
github.com/kudig/kudig/pkg/analyzer/registry.go:96.98,99.2 2 1
github.com/kudig/kudig/pkg/analyzer/registry.go:106.21,109.2 2 1
github.com/kudig/kudig/pkg/analyzer/registry.go:116.21,119.2 2 1
github.com/kudig/kudig/pkg/analyzer/registry.go:126.21,129.29 3 1
github.com/kudig/kudig/pkg/analyzer/registry.go:129.29,130.37 1 1
github.com/kudig/kudig/pkg/analyzer/registry.go:130.37,132.4 1 1
github.com/kudig/kudig/pkg/analyzer/registry.go:134.2,136.49 2 1
github.com/kudig/kudig/pkg/analyzer/registry.go:144.21,147.16 2 1
github.com/kudig/kudig/pkg/analyzer/registry.go:147.16,149.3 1 1
github.com/kudig/kudig/pkg/analyzer/registry.go:151.2,153.34 2 1
github.com/kudig/kudig/pkg/analyzer/registry.go:153.34,154.10 1 1
github.com/kudig/kudig/pkg/analyzer/registry.go:155.21,156.29 1 1
github.com/kudig/kudig/pkg/analyzer/registry.go:157.11,157.11 0 1
github.com/kudig/kudig/pkg/analyzer/registry.go:160.3,161.36 2 1
github.com/kudig/kudig/pkg/analyzer/registry.go:164.2,164.21 1 1
github.com/kudig/kudig/pkg/analyzer/registry.go:168.106,179.2 3 1
github.com/kudig/kudig/pkg/analyzer/registry.go:182.81,185.30 2 1
github.com/kudig/kudig/pkg/analyzer/registry.go:185.30,187.3 1 1
github.com/kudig/kudig/pkg/analyzer/registry.go:190.2,195.34 5 1
github.com/kudig/kudig/pkg/analyzer/registry.go:195.34,196.20 1 1
github.com/kudig/kudig/pkg/analyzer/registry.go:196.20,198.4 1 1
github.com/kudig/kudig/pkg/analyzer/registry.go:199.3,199.21 1 1
github.com/kudig/kudig/pkg/analyzer/registry.go:199.21,201.4 1 1
github.com/kudig/kudig/pkg/analyzer/registry.go:203.3,204.10 2 1
github.com/kudig/kudig/pkg/analyzer/registry.go:204.10,207.4 1 0
github.com/kudig/kudig/pkg/analyzer/registry.go:209.3,210.47 2 1
github.com/kudig/kudig/pkg/analyzer/registry.go:210.47,211.37 1 1
github.com/kudig/kudig/pkg/analyzer/registry.go:211.37,213.5 1 1
github.com/kudig/kudig/pkg/analyzer/registry.go:215.3,218.13 4 1
github.com/kudig/kudig/pkg/analyzer/registry.go:221.2,221.30 1 1
github.com/kudig/kudig/pkg/analyzer/registry.go:221.30,222.41 1 1
github.com/kudig/kudig/pkg/analyzer/registry.go:222.41,224.4 1 1
github.com/kudig/kudig/pkg/analyzer/registry.go:227.2,227.20 1 1
github.com/kudig/kudig/pkg/analyzer/registry.go:231.40,233.2 1 0
github.com/kudig/kudig/pkg/analyzer/registry.go:236.52,238.28 2 1
github.com/kudig/kudig/pkg/analyzer/registry.go:238.28,239.42 1 1
github.com/kudig/kudig/pkg/analyzer/registry.go:239.42,241.4 1 1
github.com/kudig/kudig/pkg/analyzer/registry.go:243.2,243.15 1 1
github.com/kudig/kudig/pkg/analyzer/kernel/kernel.go:19.40,28.2 1 1
github.com/kudig/kudig/pkg/analyzer/kernel/kernel.go:31.103,36.9 3 1
github.com/kudig/kudig/pkg/analyzer/kernel/kernel.go:36.9,39.10 2 1
github.com/kudig/kudig/pkg/analyzer/kernel/kernel.go:39.10,41.4 1 1
github.com/kudig/kudig/pkg/analyzer/kernel/kernel.go:44.2,46.47 2 1
github.com/kudig/kudig/pkg/analyzer/kernel/kernel.go:46.47,56.3 3 1
github.com/kudig/kudig/pkg/analyzer/kernel/kernel.go:58.2,58.20 1 1
github.com/kudig/kudig/pkg/analyzer/kernel/kernel.go:67.36,76.2 1 1
github.com/kudig/kudig/pkg/analyzer/kernel/kernel.go:79.101,85.35 3 1
github.com/kudig/kudig/pkg/analyzer/kernel/kernel.go:85.35,87.10 2 1
github.com/kudig/kudig/pkg/analyzer/kernel/kernel.go:87.10,88.12 1 1
github.com/kudig/kudig/pkg/analyzer/kernel/kernel.go:91.3,95.19 4 1
github.com/kudig/kudig/pkg/analyzer/kernel/kernel.go:95.19,106.9 4 1
github.com/kudig/kudig/pkg/analyzer/kernel/kernel.go:110.2,110.20 1 1
github.com/kudig/kudig/pkg/analyzer/kernel/kernel.go:119.50,128.2 1 1
github.com/kudig/kudig/pkg/analyzer/kernel/kernel.go:131.108,136.35 3 1
github.com/kudig/kudig/pkg/analyzer/kernel/kernel.go:136.35,138.10 2 1
github.com/kudig/kudig/pkg/analyzer/kernel/kernel.go:138.10,139.12 1 1
github.com/kudig/kudig/pkg/analyzer/kernel/kernel.go:142.3,146.65 2 1
github.com/kudig/kudig/pkg/analyzer/kernel/kernel.go:146.65,156.4 3 1
github.com/kudig/kudig/pkg/analyzer/kernel/kernel.go:159.3,160.24 2 1
github.com/kudig/kudig/pkg/analyzer/kernel/kernel.go:160.24,170.4 3 1
github.com/kudig/kudig/pkg/analyzer/kernel/kernel.go:172.3,172.22 1 1
github.com/kudig/kudig/pkg/analyzer/kernel/kernel.go:172.22,173.9 1 1
github.com/kudig/kudig/pkg/analyzer/kernel/kernel.go:177.2,177.20 1 1
github.com/kudig/kudig/pkg/analyzer/kernel/kernel.go:186.42,195.2 1 1
github.com/kudig/kudig/pkg/analyzer/kernel/kernel.go:198.106,202.9 3 0
github.com/kudig/kudig/pkg/analyzer/kernel/kernel.go:202.9,204.10 2 0
github.com/kudig/kudig/pkg/analyzer/kernel/kernel.go:204.10,206.4 1 0
github.com/kudig/kudig/pkg/analyzer/kernel/kernel.go:209.2,211.80 2 0
github.com/kudig/kudig/pkg/analyzer/kernel/kernel.go:211.80,221.3 3 0
github.com/kudig/kudig/pkg/analyzer/kernel/kernel.go:223.2,223.20 1 0
github.com/kudig/kudig/pkg/analyzer/kernel/kernel.go:232.52,241.2 1 1
github.com/kudig/kudig/pkg/analyzer/kernel/kernel.go:244.111,248.9 3 0
github.com/kudig/kudig/pkg/analyzer/kernel/kernel.go:248.9,250.3 1 0
github.com/kudig/kudig/pkg/analyzer/kernel/kernel.go:252.2,254.91 2 0
github.com/kudig/kudig/pkg/analyzer/kernel/kernel.go:254.91,264.3 3 0
github.com/kudig/kudig/pkg/analyzer/kernel/kernel.go:266.2,266.20 1 0
github.com/kudig/kudig/pkg/analyzer/kernel/kernel.go:270.13,276.2 5 1
github.com/kudig/kudig/pkg/analyzer/kubernetes/controlplane.go:23.38,32.2 1 1
github.com/kudig/kudig/pkg/analyzer/kubernetes/controlplane.go:35.104,38.26 2 1
github.com/kudig/kudig/pkg/analyzer/kubernetes/controlplane.go:38.26,40.3 1 0
github.com/kudig/kudig/pkg/analyzer/kubernetes/controlplane.go:43.2,46.16 2 1
github.com/kudig/kudig/pkg/analyzer/kubernetes/controlplane.go:46.16,48.3 1 0
github.com/kudig/kudig/pkg/analyzer/kubernetes/controlplane.go:51.2,51.26 1 1
github.com/kudig/kudig/pkg/analyzer/kubernetes/controlplane.go:51.26,55.3 1 0
github.com/kudig/kudig/pkg/analyzer/kubernetes/controlplane.go:57.2,57.33 1 1
github.com/kudig/kudig/pkg/analyzer/kubernetes/controlplane.go:57.33,59.44 1 1
github.com/kudig/kudig/pkg/analyzer/kubernetes/controlplane.go:59.44,69.12 4 1
github.com/kudig/kudig/pkg/analyzer/kubernetes/controlplane.go:73.3,73.64 1 1
github.com/kudig/kudig/pkg/analyzer/kubernetes/controlplane.go:73.64,74.30 1 1
github.com/kudig/kudig/pkg/analyzer/kubernetes/controlplane.go:74.30,84.5 3 0
github.com/kudig/kudig/pkg/analyzer/kubernetes/controlplane.go:88.3,88.64 1 1
github.com/kudig/kudig/pkg/analyzer/kubernetes/controlplane.go:88.64,89.40 1 1
github.com/kudig/kudig/pkg/analyzer/kubernetes/controlplane.go:89.40,99.5 3 1
github.com/kudig/kudig/pkg/analyzer/kubernetes/controlplane.go:103.2,103.20 1 1
github.com/kudig/kudig/pkg/analyzer/kubernetes/controlplane.go:112.48,121.2 1 1
github.com/kudig/kudig/pkg/analyzer/kubernetes/controlplane.go:124.109,127.26 2 1
github.com/kudig/kudig/pkg/analyzer/kubernetes/controlplane.go:127.26,129.3 1 0
github.com/kudig/kudig/pkg/analyzer/kubernetes/controlplane.go:132.2,135.40 2 1
github.com/kudig/kudig/pkg/analyzer/kubernetes/controlplane.go:135.40,140.41 2 1
github.com/kudig/kudig/pkg/analyzer/kubernetes/controlplane.go:140.41,143.38 2 1
github.com/kudig/kudig/pkg/analyzer/kubernetes/controlplane.go:143.38,144.48 1 0
github.com/kudig/kudig/pkg/analyzer/kubernetes/controlplane.go:144.48,146.6 1 0
github.com/kudig/kudig/pkg/analyzer/kubernetes/controlplane.go:151.2,151.26 1 1
github.com/kudig/kudig/pkg/analyzer/kubernetes/controlplane.go:151.26,162.3 4 1
github.com/kudig/kudig/pkg/analyzer/kubernetes/controlplane.go:164.2,164.33 1 1
github.com/kudig/kudig/pkg/analyzer/kubernetes/controlplane.go:164.33,165.44 1 1
github.com/kudig/kudig/pkg/analyzer/kubernetes/controlplane.go:165.44,175.4 3 0
github.com/kudig/kudig/pkg/analyzer/kubernetes/controlplane.go:178.3,178.51 1 1
github.com/kudig/kudig/pkg/analyzer/kubernetes/controlplane.go:178.51,179.27 1 1
github.com/kudig/kudig/pkg/analyzer/kubernetes/controlplane.go:179.27,189.5 3 0
github.com/kudig/kudig/pkg/analyzer/kubernetes/controlplane.go:193.2,193.20 1 1
github.com/kudig/kudig/pkg/analyzer/kubernetes/controlplane.go:202.64,211.2 1 1
github.com/kudig/kudig/pkg/analyzer/kubernetes/controlplane.go:214.117,217.26 2 1
github.com/kudig/kudig/pkg/analyzer/kubernetes/controlplane.go:217.26,219.3 1 0
github.com/kudig/kudig/pkg/analyzer/kubernetes/controlplane.go:222.2,225.40 2 1
github.com/kudig/kudig/pkg/analyzer/kubernetes/controlplane.go:225.40,230.41 2 0
github.com/kudig/kudig/pkg/analyzer/kubernetes/controlplane.go:230.41,233.38 2 0
github.com/kudig/kudig/pkg/analyzer/kubernetes/controlplane.go:233.38,234.57 1 0
github.com/kudig/kudig/pkg/analyzer/kubernetes/controlplane.go:234.57,236.6 1 0
github.com/kudig/kudig/pkg/analyzer/kubernetes/controlplane.go:241.2,241.26 1 1
github.com/kudig/kudig/pkg/analyzer/kubernetes/controlplane.go:241.26,252.3 4 0
github.com/kudig/kudig/pkg/analyzer/kubernetes/controlplane.go:254.2,254.33 1 1
github.com/kudig/kudig/pkg/analyzer/kubernetes/controlplane.go:254.33,255.44 1 1
github.com/kudig/kudig/pkg/analyzer/kubernetes/controlplane.go:255.44,265.4 3 0
github.com/kudig/kudig/pkg/analyzer/kubernetes/controlplane.go:268.3,268.51 1 1
github.com/kudig/kudig/pkg/analyzer/kubernetes/controlplane.go:268.51,269.27 1 1
github.com/kudig/kudig/pkg/analyzer/kubernetes/controlplane.go:269.27,279.5 3 0
github.com/kudig/kudig/pkg/analyzer/kubernetes/controlplane.go:283.2,283.20 1 1
github.com/kudig/kudig/pkg/analyzer/kubernetes/controlplane.go:292.62,301.2 1 1
github.com/kudig/kudig/pkg/analyzer/kubernetes/controlplane.go:304.116,307.26 2 1
github.com/kudig/kudig/pkg/analyzer/kubernetes/controlplane.go:307.26,309.3 1 0
github.com/kudig/kudig/pkg/analyzer/kubernetes/controlplane.go:312.2,316.16 4 1
github.com/kudig/kudig/pkg/analyzer/kubernetes/controlplane.go:316.16,327.3 4 0
github.com/kudig/kudig/pkg/analyzer/kubernetes/controlplane.go:330.2,330.30 1 1
github.com/kudig/kudig/pkg/analyzer/kubernetes/controlplane.go:330.30,340.3 3 0
github.com/kudig/kudig/pkg/analyzer/kubernetes/controlplane.go:340.8,340.37 1 1
github.com/kudig/kudig/pkg/analyzer/kubernetes/controlplane.go:340.37,350.3 3 0
github.com/kudig/kudig/pkg/analyzer/kubernetes/controlplane.go:352.2,352.20 1 1
github.com/kudig/kudig/pkg/analyzer/kubernetes/controlplane.go:355.13,361.2 4 1
github.com/kudig/kudig/pkg/analyzer/kubernetes/dns.go:27.44,36.2 1 1
github.com/kudig/kudig/pkg/analyzer/kubernetes/dns.go:39.107,42.26 2 1
github.com/kudig/kudig/pkg/analyzer/kubernetes/dns.go:42.26,44.3 1 1
github.com/kudig/kudig/pkg/analyzer/kubernetes/dns.go:46.2,52.16 3 1
github.com/kudig/kudig/pkg/analyzer/kubernetes/dns.go:52.16,54.3 1 0
github.com/kudig/kudig/pkg/analyzer/kubernetes/dns.go:56.2,56.26 1 1
github.com/kudig/kudig/pkg/analyzer/kubernetes/dns.go:56.26,67.3 4 1
github.com/kudig/kudig/pkg/analyzer/kubernetes/dns.go:70.2,70.33 1 1
github.com/kudig/kudig/pkg/analyzer/kubernetes/dns.go:70.33,72.28 2 1
github.com/kudig/kudig/pkg/analyzer/kubernetes/dns.go:72.28,75.4 2 1
github.com/kudig/kudig/pkg/analyzer/kubernetes/dns.go:79.2,80.27 2 1
github.com/kudig/kudig/pkg/analyzer/kubernetes/dns.go:80.27,83.3 2 1
github.com/kudig/kudig/pkg/analyzer/kubernetes/dns.go:86.2,87.30 2 1
github.com/kudig/kudig/pkg/analyzer/kubernetes/dns.go:87.30,90.3 2 0
github.com/kudig/kudig/pkg/analyzer/kubernetes/dns.go:92.2,92.20 1 1
github.com/kudig/kudig/pkg/analyzer/kubernetes/dns.go:95.73,100.57 3 1
github.com/kudig/kudig/pkg/analyzer/kubernetes/dns.go:100.57,102.37 1 1
github.com/kudig/kudig/pkg/analyzer/kubernetes/dns.go:102.37,104.44 2 1
github.com/kudig/kudig/pkg/analyzer/kubernetes/dns.go:104.44,114.5 3 1
github.com/kudig/kudig/pkg/analyzer/kubernetes/dns.go:114.10,114.51 1 0
github.com/kudig/kudig/pkg/analyzer/kubernetes/dns.go:114.51,124.5 3 0
github.com/kudig/kudig/pkg/analyzer/kubernetes/dns.go:129.2,129.43 1 1
github.com/kudig/kudig/pkg/analyzer/kubernetes/dns.go:129.43,139.3 3 0
github.com/kudig/kudig/pkg/analyzer/kubernetes/dns.go:142.2,142.57 1 1
github.com/kudig/kudig/pkg/analyzer/kubernetes/dns.go:142.57,144.33 1 1
github.com/kudig/kudig/pkg/analyzer/kubernetes/dns.go:144.33,153.4 2 1
github.com/kudig/kudig/pkg/analyzer/kubernetes/dns.go:156.2,156.15 1 1
github.com/kudig/kudig/pkg/analyzer/kubernetes/dns.go:159.104,163.16 3 1
github.com/kudig/kudig/pkg/analyzer/kubernetes/dns.go:163.16,166.3 1 1
github.com/kudig/kudig/pkg/analyzer/kubernetes/dns.go:169.2,170.16 2 1
github.com/kudig/kudig/pkg/analyzer/kubernetes/dns.go:170.16,180.3 3 0
github.com/kudig/kudig/pkg/analyzer/kubernetes/dns.go:182.2,183.37 2 1
github.com/kudig/kudig/pkg/analyzer/kubernetes/dns.go:183.37,184.32 1 1
github.com/kudig/kudig/pkg/analyzer/kubernetes/dns.go:184.32,186.9 2 1
github.com/kudig/kudig/pkg/analyzer/kubernetes/dns.go:190.2,190.24 1 1
github.com/kudig/kudig/pkg/analyzer/kubernetes/dns.go:190.24,199.3 2 1
github.com/kudig/kudig/pkg/analyzer/kubernetes/dns.go:202.2,202.34 1 1
github.com/kudig/kudig/pkg/analyzer/kubernetes/dns.go:202.34,205.3 1 0
github.com/kudig/kudig/pkg/analyzer/kubernetes/dns.go:207.2,207.15 1 1
github.com/kudig/kudig/pkg/analyzer/kubernetes/dns.go:210.106,214.16 3 1
github.com/kudig/kudig/pkg/analyzer/kubernetes/dns.go:214.16,216.3 1 1
github.com/kudig/kudig/pkg/analyzer/kubernetes/dns.go:218.2,219.9 2 0
github.com/kudig/kudig/pkg/analyzer/kubernetes/dns.go:219.9,221.3 1 0
github.com/kudig/kudig/pkg/analyzer/kubernetes/dns.go:224.2,224.84 1 0
github.com/kudig/kudig/pkg/analyzer/kubernetes/dns.go:224.84,233.3 2 0
github.com/kudig/kudig/pkg/analyzer/kubernetes/dns.go:235.2,235.15 1 0
github.com/kudig/kudig/pkg/analyzer/kubernetes/dns.go:244.54,253.2 1 1
github.com/kudig/kudig/pkg/analyzer/kubernetes/dns.go:256.112,259.26 2 1
github.com/kudig/kudig/pkg/analyzer/kubernetes/dns.go:259.26,261.3 1 0
github.com/kudig/kudig/pkg/analyzer/kubernetes/dns.go:263.2,267.16 3 1
github.com/kudig/kudig/pkg/analyzer/kubernetes/dns.go:267.16,269.3 1 0
github.com/kudig/kudig/pkg/analyzer/kubernetes/dns.go:272.2,273.33 2 1
github.com/kudig/kudig/pkg/analyzer/kubernetes/dns.go:273.33,277.32 2 1
github.com/kudig/kudig/pkg/analyzer/kubernetes/dns.go:277.32,279.41 1 0
github.com/kudig/kudig/pkg/analyzer/kubernetes/dns.go:279.41,280.52 1 0
github.com/kudig/kudig/pkg/analyzer/kubernetes/dns.go:280.52,281.49 1 0
github.com/kudig/kudig/pkg/analyzer/kubernetes/dns.go:281.49,282.28 1 0
github.com/kudig/kudig/pkg/analyzer/kubernetes/dns.go:282.28,293.8 3 0
github.com/kudig/kudig/pkg/analyzer/kubernetes/dns.go:302.2,302.46 1 1
github.com/kudig/kudig/pkg/analyzer/kubernetes/dns.go:302.46,304.25 2 1
github.com/kudig/kudig/pkg/analyzer/kubernetes/dns.go:304.25,314.4 3 1
github.com/kudig/kudig/pkg/analyzer/kubernetes/dns.go:317.2,317.20 1 1
github.com/kudig/kudig/pkg/analyzer/kubernetes/dns.go:320.13,324.2 2 1
github.com/kudig/kudig/pkg/analyzer/kubernetes/gpu.go:29.44,38.2 1 1
github.com/kudig/kudig/pkg/analyzer/kubernetes/gpu.go:41.107,44.26 2 1
github.com/kudig/kudig/pkg/analyzer/kubernetes/gpu.go:44.26,46.3 1 1
github.com/kudig/kudig/pkg/analyzer/kubernetes/gpu.go:48.2,51.16 3 1
github.com/kudig/kudig/pkg/analyzer/kubernetes/gpu.go:51.16,53.3 1 0
github.com/kudig/kudig/pkg/analyzer/kubernetes/gpu.go:55.2,55.35 1 1
github.com/kudig/kudig/pkg/analyzer/kubernetes/gpu.go:55.35,56.26 1 1
github.com/kudig/kudig/pkg/analyzer/kubernetes/gpu.go:56.26,57.12 1 0
github.com/kudig/kudig/pkg/analyzer/kubernetes/gpu.go:60.3,61.29 2 1
github.com/kudig/kudig/pkg/analyzer/kubernetes/gpu.go:61.29,64.4 2 1
github.com/kudig/kudig/pkg/analyzer/kubernetes/gpu.go:67.2,67.20 1 1
github.com/kudig/kudig/pkg/analyzer/kubernetes/gpu.go:70.61,79.34 2 1
github.com/kudig/kudig/pkg/analyzer/kubernetes/gpu.go:79.34,80.38 1 1
github.com/kudig/kudig/pkg/analyzer/kubernetes/gpu.go:80.38,82.4 1 1
github.com/kudig/kudig/pkg/analyzer/kubernetes/gpu.go:86.2,86.58 1 1
github.com/kudig/kudig/pkg/analyzer/kubernetes/gpu.go:86.58,88.3 1 1
github.com/kudig/kudig/pkg/analyzer/kubernetes/gpu.go:89.2,89.55 1 1
github.com/kudig/kudig/pkg/analyzer/kubernetes/gpu.go:89.55,91.3 1 1
github.com/kudig/kudig/pkg/analyzer/kubernetes/gpu.go:93.2,93.14 1 1
github.com/kudig/kudig/pkg/analyzer/kubernetes/gpu.go:96.123,105.16 5 1
github.com/kudig/kudig/pkg/analyzer/kubernetes/gpu.go:105.16,106.34 1 1
github.com/kudig/kudig/pkg/analyzer/kubernetes/gpu.go:106.34,109.56 1 1
github.com/kudig/kudig/pkg/analyzer/kubernetes/gpu.go:109.56,110.46 1 1
github.com/kudig/kudig/pkg/analyzer/kubernetes/gpu.go:110.46,112.11 2 1
github.com/kudig/kudig/pkg/analyzer/kubernetes/gpu.go:118.2,118.23 1 1
github.com/kudig/kudig/pkg/analyzer/kubernetes/gpu.go:118.23,127.3 2 1
github.com/kudig/kudig/pkg/analyzer/kubernetes/gpu.go:130.2,133.29 3 1
github.com/kudig/kudig/pkg/analyzer/kubernetes/gpu.go:133.29,134.34 1 1
github.com/kudig/kudig/pkg/analyzer/kubernetes/gpu.go:134.34,143.4 2 1
github.com/kudig/kudig/pkg/analyzer/kubernetes/gpu.go:143.9,143.58 1 1
github.com/kudig/kudig/pkg/analyzer/kubernetes/gpu.go:143.58,152.4 2 0
github.com/kudig/kudig/pkg/analyzer/kubernetes/gpu.go:156.2,156.46 1 1
github.com/kudig/kudig/pkg/analyzer/kubernetes/gpu.go:156.46,157.66 1 1
github.com/kudig/kudig/pkg/analyzer/kubernetes/gpu.go:157.66,166.4 2 0
github.com/kudig/kudig/pkg/analyzer/kubernetes/gpu.go:169.2,169.15 1 1
github.com/kudig/kudig/pkg/analyzer/kubernetes/gpu.go:178.42,187.2 1 1
github.com/kudig/kudig/pkg/analyzer/kubernetes/gpu.go:190.106,193.26 2 1
github.com/kudig/kudig/pkg/analyzer/kubernetes/gpu.go:193.26,195.3 1 0
github.com/kudig/kudig/pkg/analyzer/kubernetes/gpu.go:197.2,200.16 3 1
github.com/kudig/kudig/pkg/analyzer/kubernetes/gpu.go:200.16,202.3 1 0
github.com/kudig/kudig/pkg/analyzer/kubernetes/gpu.go:204.2,204.33 1 1
github.com/kudig/kudig/pkg/analyzer/kubernetes/gpu.go:204.33,205.29 1 1
github.com/kudig/kudig/pkg/analyzer/kubernetes/gpu.go:205.29,206.12 1 0
github.com/kudig/kudig/pkg/analyzer/kubernetes/gpu.go:209.3,210.28 2 1
github.com/kudig/kudig/pkg/analyzer/kubernetes/gpu.go:210.28,213.4 2 1
github.com/kudig/kudig/pkg/analyzer/kubernetes/gpu.go:216.2,216.20 1 1
github.com/kudig/kudig/pkg/analyzer/kubernetes/gpu.go:219.62,220.48 1 1
github.com/kudig/kudig/pkg/analyzer/kubernetes/gpu.go:220.48,221.67 1 1
github.com/kudig/kudig/pkg/analyzer/kubernetes/gpu.go:221.67,223.4 1 1
github.com/kudig/kudig/pkg/analyzer/kubernetes/gpu.go:224.3,224.64 1 1
github.com/kudig/kudig/pkg/analyzer/kubernetes/gpu.go:224.64,226.4 1 1
github.com/kudig/kudig/pkg/analyzer/kubernetes/gpu.go:227.3,227.67 1 1
github.com/kudig/kudig/pkg/analyzer/kubernetes/gpu.go:227.67,229.4 1 0
github.com/kudig/kudig/pkg/analyzer/kubernetes/gpu.go:231.2,231.14 1 1
github.com/kudig/kudig/pkg/analyzer/kubernetes/gpu.go:234.119,240.43 4 1
github.com/kudig/kudig/pkg/analyzer/kubernetes/gpu.go:240.43,241.46 1 1
github.com/kudig/kudig/pkg/analyzer/kubernetes/gpu.go:241.46,242.80 1 1
github.com/kudig/kudig/pkg/analyzer/kubernetes/gpu.go:242.80,244.53 1 1
github.com/kudig/kudig/pkg/analyzer/kubernetes/gpu.go:244.53,253.6 2 1
github.com/kudig/kudig/pkg/analyzer/kubernetes/gpu.go:259.2,259.48 1 1
github.com/kudig/kudig/pkg/analyzer/kubernetes/gpu.go:259.48,261.14 2 1
github.com/kudig/kudig/pkg/analyzer/kubernetes/gpu.go:261.14,262.12 1 0
github.com/kudig/kudig/pkg/analyzer/kubernetes/gpu.go:266.3,267.54 2 1
github.com/kudig/kudig/pkg/analyzer/kubernetes/gpu.go:267.54,276.4 2 1
github.com/kudig/kudig/pkg/analyzer/kubernetes/gpu.go:279.3,279.33 1 1
github.com/kudig/kudig/pkg/analyzer/kubernetes/gpu.go:279.33,288.4 2 1
github.com/kudig/kudig/pkg/analyzer/kubernetes/gpu.go:292.2,292.38 1 1
github.com/kudig/kudig/pkg/analyzer/kubernetes/gpu.go:292.38,295.17 2 1
github.com/kudig/kudig/pkg/analyzer/kubernetes/gpu.go:295.17,296.68 1 0
github.com/kudig/kudig/pkg/analyzer/kubernetes/gpu.go:296.68,300.5 1 0
github.com/kudig/kudig/pkg/analyzer/kubernetes/gpu.go:304.2,304.15 1 1
github.com/kudig/kudig/pkg/analyzer/kubernetes/gpu.go:313.46,322.2 1 1
github.com/kudig/kudig/pkg/analyzer/kubernetes/gpu.go:325.108,328.26 2 0
github.com/kudig/kudig/pkg/analyzer/kubernetes/gpu.go:328.26,330.3 1 0
github.com/kudig/kudig/pkg/analyzer/kubernetes/gpu.go:332.2,338.16 3 0
github.com/kudig/kudig/pkg/analyzer/kubernetes/gpu.go:338.16,339.39 1 0
github.com/kudig/kudig/pkg/analyzer/kubernetes/gpu.go:339.39,340.43 1 0
github.com/kudig/kudig/pkg/analyzer/kubernetes/gpu.go:340.43,341.48 1 0
github.com/kudig/kudig/pkg/analyzer/kubernetes/gpu.go:341.48,343.59 1 0
github.com/kudig/kudig/pkg/analyzer/kubernetes/gpu.go:343.59,354.7 3 0
github.com/kudig/kudig/pkg/analyzer/kubernetes/gpu.go:361.2,362.50 2 0
github.com/kudig/kudig/pkg/analyzer/kubernetes/gpu.go:362.50,363.45 1 0
github.com/kudig/kudig/pkg/analyzer/kubernetes/gpu.go:363.45,364.45 1 0
github.com/kudig/kudig/pkg/analyzer/kubernetes/gpu.go:364.45,374.5 3 0
github.com/kudig/kudig/pkg/analyzer/kubernetes/gpu.go:378.2,378.20 1 0
github.com/kudig/kudig/pkg/analyzer/kubernetes/gpu.go:387.36,396.2 1 1
github.com/kudig/kudig/pkg/analyzer/kubernetes/gpu.go:399.103,402.26 2 1
github.com/kudig/kudig/pkg/analyzer/kubernetes/gpu.go:402.26,404.3 1 0
github.com/kudig/kudig/pkg/analyzer/kubernetes/gpu.go:406.2,412.16 3 1
github.com/kudig/kudig/pkg/analyzer/kubernetes/gpu.go:412.16,415.39 2 0
github.com/kudig/kudig/pkg/analyzer/kubernetes/gpu.go:415.39,416.60 1 0
github.com/kudig/kudig/pkg/analyzer/kubernetes/gpu.go:416.60,418.5 1 0
github.com/kudig/kudig/pkg/analyzer/kubernetes/gpu.go:422.2,422.35 1 1
github.com/kudig/kudig/pkg/analyzer/kubernetes/gpu.go:422.35,424.28 2 1
github.com/kudig/kudig/pkg/analyzer/kubernetes/gpu.go:424.28,425.12 1 0
github.com/kudig/kudig/pkg/analyzer/kubernetes/gpu.go:429.3,433.34 3 1
github.com/kudig/kudig/pkg/analyzer/kubernetes/gpu.go:433.34,434.85 1 1
github.com/kudig/kudig/pkg/analyzer/kubernetes/gpu.go:434.85,436.10 2 1
github.com/kudig/kudig/pkg/analyzer/kubernetes/gpu.go:440.3,440.21 1 1
github.com/kudig/kudig/pkg/analyzer/kubernetes/gpu.go:440.21,450.4 3 1
github.com/kudig/kudig/pkg/analyzer/kubernetes/gpu.go:453.2,453.20 1 1
github.com/kudig/kudig/pkg/analyzer/kubernetes/gpu.go:456.13,462.2 4 1
github.com/kudig/kudig/pkg/analyzer/kubernetes/kubernetes.go:22.38,31.2 1 1
github.com/kudig/kudig/pkg/analyzer/kubernetes/kubernetes.go:34.104,38.9 3 1
github.com/kudig/kudig/pkg/analyzer/kubernetes/kubernetes.go:38.9,41.10 2 1
github.com/kudig/kudig/pkg/analyzer/kubernetes/kubernetes.go:41.10,43.4 1 1
github.com/kudig/kudig/pkg/analyzer/kubernetes/kubernetes.go:46.2,49.19 3 1
github.com/kudig/kudig/pkg/analyzer/kubernetes/kubernetes.go:49.19,59.3 3 1
github.com/kudig/kudig/pkg/analyzer/kubernetes/kubernetes.go:61.2,61.20 1 1
github.com/kudig/kudig/pkg/analyzer/kubernetes/kubernetes.go:70.36,79.2 1 1
github.com/kudig/kudig/pkg/analyzer/kubernetes/kubernetes.go:82.103,86.9 3 1
github.com/kudig/kudig/pkg/analyzer/kubernetes/kubernetes.go:86.9,88.10 2 1
github.com/kudig/kudig/pkg/analyzer/kubernetes/kubernetes.go:88.10,90.4 1 0
github.com/kudig/kudig/pkg/analyzer/kubernetes/kubernetes.go:93.2,96.99 2 1
github.com/kudig/kudig/pkg/analyzer/kubernetes/kubernetes.go:96.99,107.3 4 1
github.com/kudig/kudig/pkg/analyzer/kubernetes/kubernetes.go:109.2,109.20 1 1
github.com/kudig/kudig/pkg/analyzer/kubernetes/kubernetes.go:118.52,127.2 1 1
github.com/kudig/kudig/pkg/analyzer/kubernetes/kubernetes.go:130.111,134.9 3 1
github.com/kudig/kudig/pkg/analyzer/kubernetes/kubernetes.go:134.9,136.10 2 0
github.com/kudig/kudig/pkg/analyzer/kubernetes/kubernetes.go:136.10,138.4 1 0
github.com/kudig/kudig/pkg/analyzer/kubernetes/kubernetes.go:141.2,143.58 2 1
github.com/kudig/kudig/pkg/analyzer/kubernetes/kubernetes.go:143.58,153.3 3 1
github.com/kudig/kudig/pkg/analyzer/kubernetes/kubernetes.go:153.8,153.65 1 1
github.com/kudig/kudig/pkg/analyzer/kubernetes/kubernetes.go:153.65,163.3 3 1
github.com/kudig/kudig/pkg/analyzer/kubernetes/kubernetes.go:165.2,165.20 1 1
github.com/kudig/kudig/pkg/analyzer/kubernetes/kubernetes.go:174.48,183.2 1 1
github.com/kudig/kudig/pkg/analyzer/kubernetes/kubernetes.go:186.109,190.9 3 1
github.com/kudig/kudig/pkg/analyzer/kubernetes/kubernetes.go:190.9,192.10 2 0
github.com/kudig/kudig/pkg/analyzer/kubernetes/kubernetes.go:192.10,194.4 1 0
github.com/kudig/kudig/pkg/analyzer/kubernetes/kubernetes.go:197.2,203.24 4 1
github.com/kudig/kudig/pkg/analyzer/kubernetes/kubernetes.go:203.24,213.3 3 1
github.com/kudig/kudig/pkg/analyzer/kubernetes/kubernetes.go:216.2,216.47 1 1
github.com/kudig/kudig/pkg/analyzer/kubernetes/kubernetes.go:216.47,227.3 4 1
github.com/kudig/kudig/pkg/analyzer/kubernetes/kubernetes.go:229.2,229.20 1 1
github.com/kudig/kudig/pkg/analyzer/kubernetes/kubernetes.go:238.50,247.2 1 1
github.com/kudig/kudig/pkg/analyzer/kubernetes/kubernetes.go:250.110,254.25 2 1
github.com/kudig/kudig/pkg/analyzer/kubernetes/kubernetes.go:254.25,256.17 2 1
github.com/kudig/kudig/pkg/analyzer/kubernetes/kubernetes.go:256.17,258.4 1 1
github.com/kudig/kudig/pkg/analyzer/kubernetes/kubernetes.go:262.2,263.9 2 1
github.com/kudig/kudig/pkg/analyzer/kubernetes/kubernetes.go:263.9,265.10 2 1
github.com/kudig/kudig/pkg/analyzer/kubernetes/kubernetes.go:265.10,268.4 1 1
github.com/kudig/kudig/pkg/analyzer/kubernetes/kubernetes.go:271.2,271.8 1 1
github.com/kudig/kudig/pkg/analyzer/kubernetes/kubernetes.go:271.8,274.3 2 1
github.com/kudig/kudig/pkg/analyzer/kubernetes/kubernetes.go:276.2,276.20 1 1
github.com/kudig/kudig/pkg/analyzer/kubernetes/kubernetes.go:283.26,285.16 2 1
github.com/kudig/kudig/pkg/analyzer/kubernetes/kubernetes.go:285.16,287.3 1 1
github.com/kudig/kudig/pkg/analyzer/kubernetes/kubernetes.go:289.2,290.29 2 1
github.com/kudig/kudig/pkg/analyzer/kubernetes/kubernetes.go:290.29,293.3 2 1
github.com/kudig/kudig/pkg/analyzer/kubernetes/kubernetes.go:295.2,295.20 1 1
github.com/kudig/kudig/pkg/analyzer/kubernetes/kubernetes.go:302.26,303.25 1 1
github.com/kudig/kudig/pkg/analyzer/kubernetes/kubernetes.go:303.25,305.17 2 1
github.com/kudig/kudig/pkg/analyzer/kubernetes/kubernetes.go:305.17,307.4 1 1
github.com/kudig/kudig/pkg/analyzer/kubernetes/kubernetes.go:308.3,308.35 1 1
github.com/kudig/kudig/pkg/analyzer/kubernetes/kubernetes.go:311.2,312.16 2 1
github.com/kudig/kudig/pkg/analyzer/kubernetes/kubernetes.go:312.16,314.3 1 0
github.com/kudig/kudig/pkg/analyzer/kubernetes/kubernetes.go:315.2,315.28 1 1
github.com/kudig/kudig/pkg/analyzer/kubernetes/kubernetes.go:319.82,322.46 2 1
github.com/kudig/kudig/pkg/analyzer/kubernetes/kubernetes.go:322.46,323.66 1 1
github.com/kudig/kudig/pkg/analyzer/kubernetes/kubernetes.go:323.66,326.4 2 1
github.com/kudig/kudig/pkg/analyzer/kubernetes/kubernetes.go:329.2,329.15 1 1
github.com/kudig/kudig/pkg/analyzer/kubernetes/kubernetes.go:336.16,337.19 1 1
github.com/kudig/kudig/pkg/analyzer/kubernetes/kubernetes.go:338.24,339.41 1 1
github.com/kudig/kudig/pkg/analyzer/kubernetes/kubernetes.go:340.31,341.44 1 1
github.com/kudig/kudig/pkg/analyzer/kubernetes/kubernetes.go:342.33,343.46 1 1
github.com/kudig/kudig/pkg/analyzer/kubernetes/kubernetes.go:344.30,345.43 1 1
github.com/kudig/kudig/pkg/analyzer/kubernetes/kubernetes.go:346.37,347.50 1 1
github.com/kudig/kudig/pkg/analyzer/kubernetes/kubernetes.go:349.2,349.12 1 0
github.com/kudig/kudig/pkg/analyzer/kubernetes/kubernetes.go:352.101,353.41 1 1
github.com/kudig/kudig/pkg/analyzer/kubernetes/kubernetes.go:353.41,355.3 1 1
github.com/kudig/kudig/pkg/analyzer/kubernetes/kubernetes.go:356.2,362.95 1 1
github.com/kudig/kudig/pkg/analyzer/kubernetes/kubernetes.go:365.104,366.41 1 1
github.com/kudig/kudig/pkg/analyzer/kubernetes/kubernetes.go:366.41,368.3 1 0
github.com/kudig/kudig/pkg/analyzer/kubernetes/kubernetes.go:369.2,375.88 1 1
github.com/kudig/kudig/pkg/analyzer/kubernetes/kubernetes.go:378.106,379.41 1 1
github.com/kudig/kudig/pkg/analyzer/kubernetes/kubernetes.go:379.41,381.3 1 0
github.com/kudig/kudig/pkg/analyzer/kubernetes/kubernetes.go:382.2,388.73 1 1
github.com/kudig/kudig/pkg/analyzer/kubernetes/kubernetes.go:391.103,392.41 1 1
github.com/kudig/kudig/pkg/analyzer/kubernetes/kubernetes.go:392.41,394.3 1 0
github.com/kudig/kudig/pkg/analyzer/kubernetes/kubernetes.go:395.2,401.77 1 1
github.com/kudig/kudig/pkg/analyzer/kubernetes/kubernetes.go:407.16,408.41 1 1
github.com/kudig/kudig/pkg/analyzer/kubernetes/kubernetes.go:408.41,410.3 1 0
github.com/kudig/kudig/pkg/analyzer/kubernetes/kubernetes.go:411.2,417.64 1 1
github.com/kudig/kudig/pkg/analyzer/kubernetes/kubernetes.go:421.78,424.41 2 1
github.com/kudig/kudig/pkg/analyzer/kubernetes/kubernetes.go:424.41,425.72 1 1
github.com/kudig/kudig/pkg/analyzer/kubernetes/kubernetes.go:425.72,428.4 2 1
github.com/kudig/kudig/pkg/analyzer/kubernetes/kubernetes.go:431.2,431.15 1 1
github.com/kudig/kudig/pkg/analyzer/kubernetes/kubernetes.go:437.16,438.50 1 1
github.com/kudig/kudig/pkg/analyzer/kubernetes/kubernetes.go:438.50,440.3 1 0
github.com/kudig/kudig/pkg/analyzer/kubernetes/kubernetes.go:441.2,441.53 1 1
github.com/kudig/kudig/pkg/analyzer/kubernetes/kubernetes.go:441.53,443.3 1 0
github.com/kudig/kudig/pkg/analyzer/kubernetes/kubernetes.go:444.2,450.71 1 1
github.com/kudig/kudig/pkg/analyzer/kubernetes/kubernetes.go:454.76,458.80 2 1
github.com/kudig/kudig/pkg/analyzer/kubernetes/kubernetes.go:458.80,468.3 3 1
github.com/kudig/kudig/pkg/analyzer/kubernetes/kubernetes.go:471.2,471.47 1 1
github.com/kudig/kudig/pkg/analyzer/kubernetes/kubernetes.go:471.47,481.3 3 1
github.com/kudig/kudig/pkg/analyzer/kubernetes/kubernetes.go:484.2,484.49 1 1
github.com/kudig/kudig/pkg/analyzer/kubernetes/kubernetes.go:484.49,494.3 3 1
github.com/kudig/kudig/pkg/analyzer/kubernetes/kubernetes.go:497.2,497.86 1 1
github.com/kudig/kudig/pkg/analyzer/kubernetes/kubernetes.go:497.86,508.3 4 1
github.com/kudig/kudig/pkg/analyzer/kubernetes/kubernetes.go:510.2,510.15 1 1
github.com/kudig/kudig/pkg/analyzer/kubernetes/kubernetes.go:519.48,528.2 1 1
github.com/kudig/kudig/pkg/analyzer/kubernetes/kubernetes.go:531.109,535.25 2 1
github.com/kudig/kudig/pkg/analyzer/kubernetes/kubernetes.go:535.25,537.17 2 1
github.com/kudig/kudig/pkg/analyzer/kubernetes/kubernetes.go:537.17,539.4 1 1
github.com/kudig/kudig/pkg/analyzer/kubernetes/kubernetes.go:543.2,544.9 2 1
github.com/kudig/kudig/pkg/analyzer/kubernetes/kubernetes.go:544.9,546.3 1 1
github.com/kudig/kudig/pkg/analyzer/kubernetes/kubernetes.go:548.2,553.23 4 1
github.com/kudig/kudig/pkg/analyzer/kubernetes/kubernetes.go:553.23,563.3 3 1
github.com/kudig/kudig/pkg/analyzer/kubernetes/kubernetes.go:565.2,565.20 1 1
github.com/kudig/kudig/pkg/analyzer/kubernetes/kubernetes.go:569.115,574.16 3 1
github.com/kudig/kudig/pkg/analyzer/kubernetes/kubernetes.go:574.16,576.3 1 0
github.com/kudig/kudig/pkg/analyzer/kubernetes/kubernetes.go:578.2,579.33 2 1
github.com/kudig/kudig/pkg/analyzer/kubernetes/kubernetes.go:579.33,580.51 1 1
github.com/kudig/kudig/pkg/analyzer/kubernetes/kubernetes.go:580.51,581.31 1 1
github.com/kudig/kudig/pkg/analyzer/kubernetes/kubernetes.go:581.31,583.65 2 1
github.com/kudig/kudig/pkg/analyzer/kubernetes/kubernetes.go:583.65,585.6 1 1
github.com/kudig/kudig/pkg/analyzer/kubernetes/kubernetes.go:590.2,590.44 1 1
github.com/kudig/kudig/pkg/analyzer/kubernetes/kubernetes.go:590.44,600.3 3 1
github.com/kudig/kudig/pkg/analyzer/kubernetes/kubernetes.go:602.2,602.20 1 1
github.com/kudig/kudig/pkg/analyzer/kubernetes/kubernetes.go:611.48,620.2 1 1
github.com/kudig/kudig/pkg/analyzer/kubernetes/kubernetes.go:623.109,626.26 2 1
github.com/kudig/kudig/pkg/analyzer/kubernetes/kubernetes.go:626.26,628.3 1 1
github.com/kudig/kudig/pkg/analyzer/kubernetes/kubernetes.go:630.2,631.25 2 1
github.com/kudig/kudig/pkg/analyzer/kubernetes/kubernetes.go:631.25,633.3 1 1
github.com/kudig/kudig/pkg/analyzer/kubernetes/kubernetes.go:635.2,636.16 2 1
github.com/kudig/kudig/pkg/analyzer/kubernetes/kubernetes.go:636.16,638.3 1 0
github.com/kudig/kudig/pkg/analyzer/kubernetes/kubernetes.go:640.2,645.33 5 1
github.com/kudig/kudig/pkg/analyzer/kubernetes/kubernetes.go:645.33,647.27 1 1
github.com/kudig/kudig/pkg/analyzer/kubernetes/kubernetes.go:648.26,649.17 1 1
github.com/kudig/kudig/pkg/analyzer/kubernetes/kubernetes.go:650.25,651.16 1 1
github.com/kudig/kudig/pkg/analyzer/kubernetes/kubernetes.go:655.3,655.51 1 1
github.com/kudig/kudig/pkg/analyzer/kubernetes/kubernetes.go:655.51,656.80 1 1
github.com/kudig/kudig/pkg/analyzer/kubernetes/kubernetes.go:656.80,658.5 1 1
github.com/kudig/kudig/pkg/analyzer/kubernetes/kubernetes.go:659.4,659.28 1 1
github.com/kudig/kudig/pkg/analyzer/kubernetes/kubernetes.go:659.28,661.5 1 1
github.com/kudig/kudig/pkg/analyzer/kubernetes/kubernetes.go:665.2,665.23 1 1
github.com/kudig/kudig/pkg/analyzer/kubernetes/kubernetes.go:665.23,675.3 3 1
github.com/kudig/kudig/pkg/analyzer/kubernetes/kubernetes.go:677.2,677.21 1 1
github.com/kudig/kudig/pkg/analyzer/kubernetes/kubernetes.go:677.21,687.3 3 1
github.com/kudig/kudig/pkg/analyzer/kubernetes/kubernetes.go:689.2,689.20 1 1
github.com/kudig/kudig/pkg/analyzer/kubernetes/kubernetes.go:689.20,699.3 3 1
github.com/kudig/kudig/pkg/analyzer/kubernetes/kubernetes.go:701.2,701.25 1 1
github.com/kudig/kudig/pkg/analyzer/kubernetes/kubernetes.go:701.25,711.3 3 1
github.com/kudig/kudig/pkg/analyzer/kubernetes/kubernetes.go:713.2,713.20 1 1
github.com/kudig/kudig/pkg/analyzer/kubernetes/kubernetes.go:722.40,731.2 1 1
github.com/kudig/kudig/pkg/analyzer/kubernetes/kubernetes.go:734.105,737.26 2 1
github.com/kudig/kudig/pkg/analyzer/kubernetes/kubernetes.go:737.26,739.3 1 1
github.com/kudig/kudig/pkg/analyzer/kubernetes/kubernetes.go:741.2,742.16 2 1
github.com/kudig/kudig/pkg/analyzer/kubernetes/kubernetes.go:742.16,744.3 1 0
github.com/kudig/kudig/pkg/analyzer/kubernetes/kubernetes.go:746.2,748.37 2 1
github.com/kudig/kudig/pkg/analyzer/kubernetes/kubernetes.go:748.37,749.30 1 1
github.com/kudig/kudig/pkg/analyzer/kubernetes/kubernetes.go:749.30,751.4 1 1
github.com/kudig/kudig/pkg/analyzer/kubernetes/kubernetes.go:755.2,765.44 2 1
github.com/kudig/kudig/pkg/analyzer/kubernetes/kubernetes.go:765.44,766.58 1 1
github.com/kudig/kudig/pkg/analyzer/kubernetes/kubernetes.go:766.58,768.63 2 1
github.com/kudig/kudig/pkg/analyzer/kubernetes/kubernetes.go:768.63,770.5 1 1
github.com/kudig/kudig/pkg/analyzer/kubernetes/kubernetes.go:772.4,780.35 3 1
github.com/kudig/kudig/pkg/analyzer/kubernetes/kubernetes.go:784.2,784.20 1 1
github.com/kudig/kudig/pkg/analyzer/kubernetes/kubernetes.go:788.13,797.2 8 1
github.com/kudig/kudig/pkg/analyzer/kubernetes/storage.go:23.36,32.2 1 1
github.com/kudig/kudig/pkg/analyzer/kubernetes/storage.go:35.103,38.26 2 1
github.com/kudig/kudig/pkg/analyzer/kubernetes/storage.go:38.26,40.3 1 0
github.com/kudig/kudig/pkg/analyzer/kubernetes/storage.go:42.2,45.16 3 1
github.com/kudig/kudig/pkg/analyzer/kubernetes/storage.go:45.16,47.3 1 0
github.com/kudig/kudig/pkg/analyzer/kubernetes/storage.go:49.2,49.33 1 1
github.com/kudig/kudig/pkg/analyzer/kubernetes/storage.go:49.33,51.28 2 1
github.com/kudig/kudig/pkg/analyzer/kubernetes/storage.go:51.28,54.4 2 1
github.com/kudig/kudig/pkg/analyzer/kubernetes/storage.go:57.2,57.20 1 1
github.com/kudig/kudig/pkg/analyzer/kubernetes/storage.go:60.81,65.26 4 1
github.com/kudig/kudig/pkg/analyzer/kubernetes/storage.go:66.27,69.26 2 1
github.com/kudig/kudig/pkg/analyzer/kubernetes/storage.go:69.26,78.4 2 1
github.com/kudig/kudig/pkg/analyzer/kubernetes/storage.go:79.24,87.34 2 1
github.com/kudig/kudig/pkg/analyzer/kubernetes/storage.go:91.2,91.89 1 1
github.com/kudig/kudig/pkg/analyzer/kubernetes/storage.go:91.89,100.3 2 0
github.com/kudig/kudig/pkg/analyzer/kubernetes/storage.go:102.2,102.15 1 1
github.com/kudig/kudig/pkg/analyzer/kubernetes/storage.go:111.34,120.2 1 1
github.com/kudig/kudig/pkg/analyzer/kubernetes/storage.go:123.102,126.26 2 1
github.com/kudig/kudig/pkg/analyzer/kubernetes/storage.go:126.26,128.3 1 0
github.com/kudig/kudig/pkg/analyzer/kubernetes/storage.go:130.2,133.16 3 1
github.com/kudig/kudig/pkg/analyzer/kubernetes/storage.go:133.16,135.3 1 0
github.com/kudig/kudig/pkg/analyzer/kubernetes/storage.go:137.2,137.31 1 1
github.com/kudig/kudig/pkg/analyzer/kubernetes/storage.go:137.31,139.27 2 1
github.com/kudig/kudig/pkg/analyzer/kubernetes/storage.go:139.27,142.4 2 1
github.com/kudig/kudig/pkg/analyzer/kubernetes/storage.go:145.2,145.20 1 1
github.com/kudig/kudig/pkg/analyzer/kubernetes/storage.go:148.73,152.25 3 1
github.com/kudig/kudig/pkg/analyzer/kubernetes/storage.go:153.27,161.34 2 1
github.com/kudig/kudig/pkg/analyzer/kubernetes/storage.go:162.29,165.106 2 1
github.com/kudig/kudig/pkg/analyzer/kubernetes/storage.go:165.106,175.4 2 1
github.com/kudig/kudig/pkg/analyzer/kubernetes/storage.go:179.2,180.46 2 1
github.com/kudig/kudig/pkg/analyzer/kubernetes/storage.go:180.46,189.3 2 1
github.com/kudig/kudig/pkg/analyzer/kubernetes/storage.go:191.2,191.15 1 1
github.com/kudig/kudig/pkg/analyzer/kubernetes/storage.go:200.54,209.2 1 1
github.com/kudig/kudig/pkg/analyzer/kubernetes/storage.go:212.112,215.26 2 1
github.com/kudig/kudig/pkg/analyzer/kubernetes/storage.go:215.26,217.3 1 0
github.com/kudig/kudig/pkg/analyzer/kubernetes/storage.go:219.2,222.16 3 1
github.com/kudig/kudig/pkg/analyzer/kubernetes/storage.go:222.16,224.3 1 0
github.com/kudig/kudig/pkg/analyzer/kubernetes/storage.go:227.2,228.27 2 1
github.com/kudig/kudig/pkg/analyzer/kubernetes/storage.go:228.27,230.78 2 1
github.com/kudig/kudig/pkg/analyzer/kubernetes/storage.go:230.78,232.9 2 1
github.com/kudig/kudig/pkg/analyzer/kubernetes/storage.go:236.2,236.22 1 1
github.com/kudig/kudig/pkg/analyzer/kubernetes/storage.go:236.22,246.3 3 1
github.com/kudig/kudig/pkg/analyzer/kubernetes/storage.go:249.2,249.31 1 1
github.com/kudig/kudig/pkg/analyzer/kubernetes/storage.go:249.31,251.27 2 1
github.com/kudig/kudig/pkg/analyzer/kubernetes/storage.go:251.27,254.4 2 1
github.com/kudig/kudig/pkg/analyzer/kubernetes/storage.go:257.2,257.20 1 1
github.com/kudig/kudig/pkg/analyzer/kubernetes/storage.go:260.92,264.29 2 1
github.com/kudig/kudig/pkg/analyzer/kubernetes/storage.go:264.29,273.3 2 1
github.com/kudig/kudig/pkg/analyzer/kubernetes/storage.go:276.2,276.94 1 1
github.com/kudig/kudig/pkg/analyzer/kubernetes/storage.go:276.94,279.89 1 0
github.com/kudig/kudig/pkg/analyzer/kubernetes/storage.go:279.89,289.4 2 0
github.com/kudig/kudig/pkg/analyzer/kubernetes/storage.go:292.2,292.15 1 1
github.com/kudig/kudig/pkg/analyzer/kubernetes/storage.go:301.62,310.2 1 1
github.com/kudig/kudig/pkg/analyzer/kubernetes/storage.go:313.116,316.26 2 1
github.com/kudig/kudig/pkg/analyzer/kubernetes/storage.go:316.26,318.3 1 0
github.com/kudig/kudig/pkg/analyzer/kubernetes/storage.go:320.2,323.16 3 1
github.com/kudig/kudig/pkg/analyzer/kubernetes/storage.go:323.16,325.3 1 0
github.com/kudig/kudig/pkg/analyzer/kubernetes/storage.go:327.2,327.31 1 1
github.com/kudig/kudig/pkg/analyzer/kubernetes/storage.go:327.31,328.26 1 1
github.com/kudig/kudig/pkg/analyzer/kubernetes/storage.go:328.26,330.50 2 1
github.com/kudig/kudig/pkg/analyzer/kubernetes/storage.go:330.50,332.5 1 1
github.com/kudig/kudig/pkg/analyzer/kubernetes/storage.go:333.4,341.35 3 1
github.com/kudig/kudig/pkg/analyzer/kubernetes/storage.go:345.2,345.20 1 1
github.com/kudig/kudig/pkg/analyzer/kubernetes/storage.go:354.48,363.2 1 1
github.com/kudig/kudig/pkg/analyzer/kubernetes/storage.go:366.109,369.26 2 1
github.com/kudig/kudig/pkg/analyzer/kubernetes/storage.go:369.26,371.3 1 0
github.com/kudig/kudig/pkg/analyzer/kubernetes/storage.go:373.2,376.16 3 1
github.com/kudig/kudig/pkg/analyzer/kubernetes/storage.go:376.16,378.3 1 0
github.com/kudig/kudig/pkg/analyzer/kubernetes/storage.go:380.2,380.39 1 1
github.com/kudig/kudig/pkg/analyzer/kubernetes/storage.go:380.39,386.17 3 1
github.com/kudig/kudig/pkg/analyzer/kubernetes/storage.go:386.17,387.12 1 0
github.com/kudig/kudig/pkg/analyzer/kubernetes/storage.go:390.3,390.27 1 1
github.com/kudig/kudig/pkg/analyzer/kubernetes/storage.go:390.27,396.4 2 1
github.com/kudig/kudig/pkg/analyzer/kubernetes/storage.go:398.3,398.27 1 1
github.com/kudig/kudig/pkg/analyzer/kubernetes/storage.go:398.27,408.4 3 1
github.com/kudig/kudig/pkg/analyzer/kubernetes/storage.go:411.2,411.20 1 1
github.com/kudig/kudig/pkg/analyzer/kubernetes/storage.go:420.50,429.2 1 1
github.com/kudig/kudig/pkg/analyzer/kubernetes/storage.go:432.110,435.26 2 1
github.com/kudig/kudig/pkg/analyzer/kubernetes/storage.go:435.26,437.3 1 0
github.com/kudig/kudig/pkg/analyzer/kubernetes/storage.go:439.2,442.16 3 1
github.com/kudig/kudig/pkg/analyzer/kubernetes/storage.go:442.16,444.3 1 0
github.com/kudig/kudig/pkg/analyzer/kubernetes/storage.go:446.2,446.33 1 1
github.com/kudig/kudig/pkg/analyzer/kubernetes/storage.go:446.33,448.44 1 1
github.com/kudig/kudig/pkg/analyzer/kubernetes/storage.go:448.44,449.47 1 1
github.com/kudig/kudig/pkg/analyzer/kubernetes/storage.go:449.47,450.81 1 1
github.com/kudig/kudig/pkg/analyzer/kubernetes/storage.go:450.81,451.93 1 1
github.com/kudig/kudig/pkg/analyzer/kubernetes/storage.go:451.93,461.7 3 1
github.com/kudig/kudig/pkg/analyzer/kubernetes/storage.go:467.2,467.20 1 1
github.com/kudig/kudig/pkg/analyzer/kubernetes/storage.go:470.13,478.2 6 1
github.com/kudig/kudig/pkg/analyzer/kubernetes/workload.go:21.50,30.2 1 1
github.com/kudig/kudig/pkg/analyzer/kubernetes/workload.go:33.110,36.26 2 1
github.com/kudig/kudig/pkg/analyzer/kubernetes/workload.go:36.26,38.3 1 0
github.com/kudig/kudig/pkg/analyzer/kubernetes/workload.go:41.2,43.26 3 1
github.com/kudig/kudig/pkg/analyzer/kubernetes/workload.go:43.26,45.3 1 0
github.com/kudig/kudig/pkg/analyzer/kubernetes/workload.go:47.2,48.16 2 1
github.com/kudig/kudig/pkg/analyzer/kubernetes/workload.go:48.16,50.3 1 0
github.com/kudig/kudig/pkg/analyzer/kubernetes/workload.go:52.2,52.43 1 1
github.com/kudig/kudig/pkg/analyzer/kubernetes/workload.go:52.43,54.3 1 1
github.com/kudig/kudig/pkg/analyzer/kubernetes/workload.go:56.2,56.20 1 1
github.com/kudig/kudig/pkg/analyzer/kubernetes/workload.go:59.87,67.21 5 1
github.com/kudig/kudig/pkg/analyzer/kubernetes/workload.go:67.21,69.32 2 1
github.com/kudig/kudig/pkg/analyzer/kubernetes/workload.go:69.32,71.4 1 1
github.com/kudig/kudig/pkg/analyzer/kubernetes/workload.go:73.3,81.34 3 1
github.com/kudig/kudig/pkg/analyzer/kubernetes/workload.go:85.2,85.90 1 1
github.com/kudig/kudig/pkg/analyzer/kubernetes/workload.go:85.90,88.49 1 0
github.com/kudig/kudig/pkg/analyzer/kubernetes/workload.go:88.49,89.74 1 0
github.com/kudig/kudig/pkg/analyzer/kubernetes/workload.go:89.74,99.5 3 0
github.com/kudig/kudig/pkg/analyzer/kubernetes/workload.go:104.2,104.25 1 1
github.com/kudig/kudig/pkg/analyzer/kubernetes/workload.go:104.25,114.3 3 1
github.com/kudig/kudig/pkg/analyzer/kubernetes/workload.go:116.2,116.15 1 1
github.com/kudig/kudig/pkg/analyzer/kubernetes/workload.go:125.52,134.2 1 1
github.com/kudig/kudig/pkg/analyzer/kubernetes/workload.go:137.111,140.26 2 1
github.com/kudig/kudig/pkg/analyzer/kubernetes/workload.go:140.26,142.3 1 0
github.com/kudig/kudig/pkg/analyzer/kubernetes/workload.go:144.2,145.26 2 1
github.com/kudig/kudig/pkg/analyzer/kubernetes/workload.go:145.26,147.3 1 0
github.com/kudig/kudig/pkg/analyzer/kubernetes/workload.go:149.2,150.16 2 1
github.com/kudig/kudig/pkg/analyzer/kubernetes/workload.go:150.16,152.3 1 0
github.com/kudig/kudig/pkg/analyzer/kubernetes/workload.go:154.2,154.41 1 1
github.com/kudig/kudig/pkg/analyzer/kubernetes/workload.go:154.41,156.3 1 1
github.com/kudig/kudig/pkg/analyzer/kubernetes/workload.go:158.2,158.20 1 1
github.com/kudig/kudig/pkg/analyzer/kubernetes/workload.go:161.87,169.21 5 1
github.com/kudig/kudig/pkg/analyzer/kubernetes/workload.go:169.21,171.32 2 1
github.com/kudig/kudig/pkg/analyzer/kubernetes/workload.go:171.32,173.4 1 0
github.com/kudig/kudig/pkg/analyzer/kubernetes/workload.go:175.3,183.34 3 1
github.com/kudig/kudig/pkg/analyzer/kubernetes/workload.go:187.2,187.42 1 1
github.com/kudig/kudig/pkg/analyzer/kubernetes/workload.go:187.42,197.3 3 1
github.com/kudig/kudig/pkg/analyzer/kubernetes/workload.go:200.2,200.23 1 1
github.com/kudig/kudig/pkg/analyzer/kubernetes/workload.go:200.23,210.3 3 1
github.com/kudig/kudig/pkg/analyzer/kubernetes/workload.go:212.2,212.15 1 1
github.com/kudig/kudig/pkg/analyzer/kubernetes/workload.go:221.48,230.2 1 1
github.com/kudig/kudig/pkg/analyzer/kubernetes/workload.go:233.109,236.26 2 1
github.com/kudig/kudig/pkg/analyzer/kubernetes/workload.go:236.26,238.3 1 0
github.com/kudig/kudig/pkg/analyzer/kubernetes/workload.go:240.2,241.26 2 1
github.com/kudig/kudig/pkg/analyzer/kubernetes/workload.go:241.26,243.3 1 0
github.com/kudig/kudig/pkg/analyzer/kubernetes/workload.go:245.2,246.16 2 1
github.com/kudig/kudig/pkg/analyzer/kubernetes/workload.go:246.16,248.3 1 0
github.com/kudig/kudig/pkg/analyzer/kubernetes/workload.go:250.2,250.38 1 1
github.com/kudig/kudig/pkg/analyzer/kubernetes/workload.go:250.38,252.3 1 1
github.com/kudig/kudig/pkg/analyzer/kubernetes/workload.go:254.2,254.20 1 1
github.com/kudig/kudig/pkg/analyzer/kubernetes/workload.go:257.80,265.48 5 1
github.com/kudig/kudig/pkg/analyzer/kubernetes/workload.go:265.48,275.3 3 0
github.com/kudig/kudig/pkg/analyzer/kubernetes/workload.go:278.2,278.21 1 1
github.com/kudig/kudig/pkg/analyzer/kubernetes/workload.go:278.21,280.32 2 1
github.com/kudig/kudig/pkg/analyzer/kubernetes/workload.go:280.32,282.4 1 0
github.com/kudig/kudig/pkg/analyzer/kubernetes/workload.go:284.3,292.34 3 1
github.com/kudig/kudig/pkg/analyzer/kubernetes/workload.go:296.2,296.25 1 1
github.com/kudig/kudig/pkg/analyzer/kubernetes/workload.go:296.25,306.3 3 1
github.com/kudig/kudig/pkg/analyzer/kubernetes/workload.go:309.2,309.38 1 1
github.com/kudig/kudig/pkg/analyzer/kubernetes/workload.go:309.38,319.3 3 1
github.com/kudig/kudig/pkg/analyzer/kubernetes/workload.go:321.2,321.15 1 1
github.com/kudig/kudig/pkg/analyzer/kubernetes/workload.go:330.68,339.2 1 1
github.com/kudig/kudig/pkg/analyzer/kubernetes/workload.go:342.119,345.26 2 1
github.com/kudig/kudig/pkg/analyzer/kubernetes/workload.go:345.26,347.3 1 0
github.com/kudig/kudig/pkg/analyzer/kubernetes/workload.go:349.2,350.26 2 1
github.com/kudig/kudig/pkg/analyzer/kubernetes/workload.go:350.26,352.3 1 0
github.com/kudig/kudig/pkg/analyzer/kubernetes/workload.go:354.2,355.16 2 1
github.com/kudig/kudig/pkg/analyzer/kubernetes/workload.go:355.16,357.3 1 0
github.com/kudig/kudig/pkg/analyzer/kubernetes/workload.go:359.2,359.33 1 1
github.com/kudig/kudig/pkg/analyzer/kubernetes/workload.go:359.33,361.41 1 1
github.com/kudig/kudig/pkg/analyzer/kubernetes/workload.go:361.41,363.93 1 1
github.com/kudig/kudig/pkg/analyzer/kubernetes/workload.go:363.93,373.5 3 1
github.com/kudig/kudig/pkg/analyzer/kubernetes/workload.go:377.2,377.20 1 1
github.com/kudig/kudig/pkg/analyzer/kubernetes/workload.go:380.13,386.2 4 1
github.com/kudig/kudig/pkg/analyzer/log/log.go:20.42,29.2 1 1
github.com/kudig/kudig/pkg/analyzer/log/log.go:32.104,43.35 3 1
github.com/kudig/kudig/pkg/analyzer/log/log.go:43.35,45.10 2 1
[...]
github.com/kudig/kudig/pkg/rules/engine.go:167.2,167.40 1 1
github.com/kudig/kudig/pkg/rules/engine.go:171.112,172.31 1 1
github.com/kudig/kudig/pkg/rules/engine.go:172.31,174.3 1 1
github.com/kudig/kudig/pkg/rules/engine.go:176.2,179.21 3 1
github.com/kudig/kudig/pkg/rules/engine.go:180.23,183.38 2 1
github.com/kudig/kudig/pkg/rules/engine.go:183.38,185.4 1 1
github.com/kudig/kudig/pkg/rules/engine.go:186.3,186.15 1 1
github.com/kudig/kudig/pkg/rules/engine.go:187.23,189.38 2 1
github.com/kudig/kudig/pkg/rules/engine.go:189.38,191.4 1 1
github.com/kudig/kudig/pkg/rules/engine.go:192.3,192.15 1 1
github.com/kudig/kudig/pkg/rules/engine.go:193.24,195.38 2 1
github.com/kudig/kudig/pkg/rules/engine.go:195.38,197.4 1 1
github.com/kudig/kudig/pkg/rules/engine.go:198.3,198.15 1 1
github.com/kudig/kudig/pkg/rules/engine.go:199.26,200.38 1 1
github.com/kudig/kudig/pkg/rules/engine.go:200.38,204.4 3 1
github.com/kudig/kudig/pkg/rules/engine.go:205.31,206.38 1 1
github.com/kudig/kudig/pkg/rules/engine.go:206.38,209.4 2 1
github.com/kudig/kudig/pkg/rules/engine.go:210.27,211.39 1 1
github.com/kudig/kudig/pkg/rules/engine.go:211.39,215.4 3 1
github.com/kudig/kudig/pkg/rules/engine.go:216.27,218.53 1 1
github.com/kudig/kudig/pkg/rules/engine.go:218.53,219.32 1 1
github.com/kudig/kudig/pkg/rules/engine.go:219.32,221.5 1 1
github.com/kudig/kudig/pkg/rules/engine.go:222.4,222.16 1 1
github.com/kudig/kudig/pkg/rules/engine.go:224.27,225.42 1 1
github.com/kudig/kudig/pkg/rules/engine.go:225.42,228.4 2 1
github.com/kudig/kudig/pkg/rules/engine.go:231.2,231.12 1 1
github.com/kudig/kudig/pkg/rules/engine.go:231.12,233.3 1 1
github.com/kudig/kudig/pkg/rules/engine.go:235.2,236.23 2 1
github.com/kudig/kudig/pkg/rules/engine.go:237.17,238.35 1 1
github.com/kudig/kudig/pkg/rules/engine.go:239.19,240.36 1 1
github.com/kudig/kudig/pkg/rules/engine.go:241.17,242.35 1 1
github.com/kudig/kudig/pkg/rules/engine.go:243.19,244.36 1 1
github.com/kudig/kudig/pkg/rules/engine.go:245.18,246.36 1 1
github.com/kudig/kudig/pkg/rules/engine.go:247.18,248.36 1 1
github.com/kudig/kudig/pkg/rules/engine.go:249.10,250.88 1 1
github.com/kudig/kudig/pkg/rules/engine.go:253.2,253.17 1 1
github.com/kudig/kudig/pkg/rules/engine.go:253.17,255.3 1 0
github.com/kudig/kudig/pkg/rules/engine.go:257.2,258.48 2 1
github.com/kudig/kudig/pkg/rules/engine.go:262.100,266.29 3 1
github.com/kudig/kudig/pkg/rules/engine.go:266.29,268.17 2 1
github.com/kudig/kudig/pkg/rules/engine.go:268.17,270.4 1 0
github.com/kudig/kudig/pkg/rules/engine.go:271.3,271.15 1 1
github.com/kudig/kudig/pkg/rules/engine.go:271.15,273.4 1 1
github.com/kudig/kudig/pkg/rules/engine.go:274.3,274.14 1 1
github.com/kudig/kudig/pkg/rules/engine.go:274.14,276.4 1 1
github.com/kudig/kudig/pkg/rules/engine.go:277.3,277.16 1 1
github.com/kudig/kudig/pkg/rules/engine.go:277.16,279.4 1 1
github.com/kudig/kudig/pkg/rules/engine.go:282.2,282.57 1 1
github.com/kudig/kudig/pkg/rules/engine.go:286.99,287.28 1 1
github.com/kudig/kudig/pkg/rules/engine.go:287.28,289.17 2 1
github.com/kudig/kudig/pkg/rules/engine.go:289.17,290.12 1 0
github.com/kudig/kudig/pkg/rules/engine.go:292.3,292.14 1 1
github.com/kudig/kudig/pkg/rules/engine.go:292.14,294.4 1 1
github.com/kudig/kudig/pkg/rules/engine.go:297.2,297.27 1 1
github.com/kudig/kudig/pkg/rules/engine.go:301.50,302.22 1 1
github.com/kudig/kudig/pkg/rules/engine.go:302.22,304.3 1 1
github.com/kudig/kudig/pkg/rules/engine.go:305.2,305.27 1 1
github.com/kudig/kudig/pkg/rules/loader.go:17.26,21.2 1 1
github.com/kudig/kudig/pkg/rules/loader.go:24.46,26.16 2 1
github.com/kudig/kudig/pkg/rules/loader.go:26.16,28.3 1 1
github.com/kudig/kudig/pkg/rules/loader.go:30.2,31.55 2 1
github.com/kudig/kudig/pkg/rules/loader.go:31.55,33.3 1 1
github.com/kudig/kudig/pkg/rules/loader.go:36.2,36.37 1 1
github.com/kudig/kudig/pkg/rules/loader.go:36.37,37.20 1 1
github.com/kudig/kudig/pkg/rules/loader.go:37.20,39.4 1 1
github.com/kudig/kudig/pkg/rules/loader.go:40.3,40.22 1 1
github.com/kudig/kudig/pkg/rules/loader.go:40.22,42.4 1 1
github.com/kudig/kudig/pkg/rules/loader.go:43.3,43.26 1 1
github.com/kudig/kudig/pkg/rules/loader.go:43.26,45.4 1 1
github.com/kudig/kudig/pkg/rules/loader.go:47.3,47.20 1 1
github.com/kudig/kudig/pkg/rules/loader.go:47.20,49.4 1 1
github.com/kudig/kudig/pkg/rules/loader.go:52.2,53.12 2 1
github.com/kudig/kudig/pkg/rules/loader.go:57.44,59.16 2 1
github.com/kudig/kudig/pkg/rules/loader.go:59.16,61.3 1 0
github.com/kudig/kudig/pkg/rules/loader.go:63.2,63.32 1 1
github.com/kudig/kudig/pkg/rules/loader.go:63.32,64.20 1 1
github.com/kudig/kudig/pkg/rules/loader.go:64.20,65.12 1 0
github.com/kudig/kudig/pkg/rules/loader.go:68.3,69.38 2 1
github.com/kudig/kudig/pkg/rules/loader.go:69.38,70.12 1 1
github.com/kudig/kudig/pkg/rules/loader.go:73.3,74.42 2 1
github.com/kudig/kudig/pkg/rules/loader.go:74.42,76.4 1 0
github.com/kudig/kudig/pkg/rules/loader.go:79.2,79.12 1 1
github.com/kudig/kudig/pkg/rules/loader.go:83.38,247.2 3 1
github.com/kudig/kudig/pkg/rules/loader.go:250.39,252.32 2 1
github.com/kudig/kudig/pkg/rules/loader.go:252.32,253.30 1 1
github.com/kudig/kudig/pkg/rules/loader.go:253.30,254.17 1 1
github.com/kudig/kudig/pkg/rules/loader.go:254.17,256.5 1 1
github.com/kudig/kudig/pkg/rules/loader.go:259.2,259.14 1 1
github.com/kudig/kudig/pkg/rules/loader.go:263.61,265.32 2 1
github.com/kudig/kudig/pkg/rules/loader.go:265.32,266.30 1 1
github.com/kudig/kudig/pkg/rules/loader.go:266.30,267.43 1 1
github.com/kudig/kudig/pkg/rules/loader.go:267.43,269.5 1 1
github.com/kudig/kudig/pkg/rules/loader.go:272.2,272.14 1 1
github.com/kudig/kudig/pkg/rules/loader.go:276.47,277.32 1 1
github.com/kudig/kudig/pkg/rules/loader.go:277.32,278.30 1 1
github.com/kudig/kudig/pkg/rules/loader.go:278.30,279.18 1 1
github.com/kudig/kudig/pkg/rules/loader.go:279.18,281.5 1 1
github.com/kudig/kudig/pkg/rules/loader.go:284.2,284.12 1 1
github.com/kudig/kudig/pkg/rules/types.go:87.45,88.20 1 1
github.com/kudig/kudig/pkg/rules/types.go:89.28,90.32 1 1
github.com/kudig/kudig/pkg/rules/types.go:91.27,92.31 1 1
github.com/kudig/kudig/pkg/rules/types.go:93.24,94.28 1 1
github.com/kudig/kudig/pkg/rules/types.go:95.10,96.28 1 1
github.com/kudig/kudig/pkg/rules/types.go:101.63,111.2 3 1
github.com/kudig/kudig/pkg/scanner/image.go:22.38,27.2 1 1
github.com/kudig/kudig/pkg/scanner/image.go:60.90,62.22 1 0
github.com/kudig/kudig/pkg/scanner/image.go:62.22,64.3 1 0
github.com/kudig/kudig/pkg/scanner/image.go:67.2,73.16 3 0
github.com/kudig/kudig/pkg/scanner/image.go:73.16,75.3 1 0
github.com/kudig/kudig/pkg/scanner/image.go:78.2,78.42 1 0
github.com/kudig/kudig/pkg/scanner/image.go:82.43,85.2 2 1
github.com/kudig/kudig/pkg/scanner/image.go:88.91,113.61 3 1
github.com/kudig/kudig/pkg/scanner/image.go:113.61,116.3 1 1
github.com/kudig/kudig/pkg/scanner/image.go:119.2,119.40 1 1
github.com/kudig/kudig/pkg/scanner/image.go:119.40,120.39 1 1
github.com/kudig/kudig/pkg/scanner/image.go:120.39,134.22 3 1
github.com/kudig/kudig/pkg/scanner/image.go:135.20,136.30 1 1
github.com/kudig/kudig/pkg/scanner/image.go:137.16,138.26 1 1
github.com/kudig/kudig/pkg/scanner/image.go:139.18,140.28 1 0
github.com/kudig/kudig/pkg/scanner/image.go:141.15,142.25 1 0
github.com/kudig/kudig/pkg/scanner/image.go:144.4,144.26 1 1
github.com/kudig/kudig/pkg/scanner/image.go:148.2,148.20 1 1
github.com/kudig/kudig/pkg/scanner/image.go:152.46,167.37 10 1
github.com/kudig/kudig/pkg/scanner/image.go:167.37,169.44 2 1
github.com/kudig/kudig/pkg/scanner/image.go:169.44,170.15 1 1
github.com/kudig/kudig/pkg/scanner/image.go:170.15,172.10 2 0
github.com/kudig/kudig/pkg/scanner/image.go:174.4,177.23 4 1
github.com/kudig/kudig/pkg/scanner/image.go:177.23,179.5 1 0
github.com/kudig/kudig/pkg/scanner/image.go:180.4,180.24 1 1
github.com/kudig/kudig/pkg/scanner/image.go:184.2,184.20 1 1
github.com/kudig/kudig/pkg/scanner/image.go:188.47,208.2 1 1
github.com/kudig/kudig/pkg/analyzer/network/network.go:21.48,30.2 1 1
github.com/kudig/kudig/pkg/analyzer/network/network.go:33.107,37.9 3 1
github.com/kudig/kudig/pkg/analyzer/network/network.go:37.9,39.3 1 1
github.com/kudig/kudig/pkg/analyzer/network/network.go:41.2,48.32 5 1
github.com/kudig/kudig/pkg/analyzer/network/network.go:48.32,49.21 1 1
github.com/kudig/kudig/pkg/analyzer/network/network.go:49.21,52.58 2 1
github.com/kudig/kudig/pkg/analyzer/network/network.go:52.58,54.5 1 1
github.com/kudig/kudig/pkg/analyzer/network/network.go:58.2,58.29 1 1
github.com/kudig/kudig/pkg/analyzer/network/network.go:58.29,68.3 3 1
github.com/kudig/kudig/pkg/analyzer/network/network.go:70.2,70.20 1 1
github.com/kudig/kudig/pkg/analyzer/network/network.go:79.40,88.2 1 1
github.com/kudig/kudig/pkg/analyzer/network/network.go:91.103,95.9 3 1
github.com/kudig/kudig/pkg/analyzer/network/network.go:95.9,97.3 1 1
github.com/kudig/kudig/pkg/analyzer/network/network.go:99.2,101.47 2 1
github.com/kudig/kudig/pkg/analyzer/network/network.go:101.47,111.3 3 1
github.com/kudig/kudig/pkg/analyzer/network/network.go:113.2,113.20 1 1
github.com/kudig/kudig/pkg/analyzer/network/network.go:122.38,131.2 1 1
github.com/kudig/kudig/pkg/analyzer/network/network.go:134.102,138.9 3 1
github.com/kudig/kudig/pkg/analyzer/network/network.go:138.9,140.3 1 1
github.com/kudig/kudig/pkg/analyzer/network/network.go:142.2,145.82 2 1
github.com/kudig/kudig/pkg/analyzer/network/network.go:145.82,148.24 2 1
github.com/kudig/kudig/pkg/analyzer/network/network.go:148.24,158.4 3 1
github.com/kudig/kudig/pkg/analyzer/network/network.go:161.2,161.20 1 1
github.com/kudig/kudig/pkg/analyzer/network/network.go:170.46,179.2 1 1
github.com/kudig/kudig/pkg/analyzer/network/network.go:182.106,186.9 3 1
github.com/kudig/kudig/pkg/analyzer/network/network.go:186.9,188.3 1 1
github.com/kudig/kudig/pkg/analyzer/network/network.go:190.2,195.23 3 1
github.com/kudig/kudig/pkg/analyzer/network/network.go:195.23,205.3 3 1
github.com/kudig/kudig/pkg/analyzer/network/network.go:207.2,207.20 1 1
github.com/kudig/kudig/pkg/analyzer/network/network.go:216.40,225.2 1 1
github.com/kudig/kudig/pkg/analyzer/network/network.go:228.103,232.9 3 1
github.com/kudig/kudig/pkg/analyzer/network/network.go:232.9,234.3 1 1
github.com/kudig/kudig/pkg/analyzer/network/network.go:236.2,242.32 4 1
github.com/kudig/kudig/pkg/analyzer/network/network.go:242.32,243.21 1 1
github.com/kudig/kudig/pkg/analyzer/network/network.go:243.21,246.24 3 1
github.com/kudig/kudig/pkg/analyzer/network/network.go:246.24,248.5 1 0
github.com/kudig/kudig/pkg/analyzer/network/network.go:250.4,251.18 2 1
github.com/kudig/kudig/pkg/analyzer/network/network.go:251.18,252.13 1 0
github.com/kudig/kudig/pkg/analyzer/network/network.go:255.4,255.19 1 1
github.com/kudig/kudig/pkg/analyzer/network/network.go:255.19,265.5 3 1
github.com/kudig/kudig/pkg/analyzer/network/network.go:269.2,269.20 1 1
github.com/kudig/kudig/pkg/analyzer/network/network.go:273.13,279.2 5 1
github.com/kudig/kudig/pkg/tui/diagnosis.go:21.41,22.24 1 0
github.com/kudig/kudig/pkg/tui/diagnosis.go:22.24,26.19 3 0
github.com/kudig/kudig/pkg/tui/diagnosis.go:26.19,30.4 3 0
github.com/kudig/kudig/pkg/tui/diagnosis.go:30.9,33.4 2 0
github.com/kudig/kudig/pkg/tui/diagnosis.go:35.3,36.10 2 0
github.com/kudig/kudig/pkg/tui/diagnosis.go:36.10,40.4 1 0
github.com/kudig/kudig/pkg/tui/diagnosis.go:42.3,42.44 1 0
github.com/kudig/kudig/pkg/tui/diagnosis.go:42.44,46.4 1 0
github.com/kudig/kudig/pkg/tui/diagnosis.go:48.3,49.17 2 0
github.com/kudig/kudig/pkg/tui/diagnosis.go:49.17,53.4 1 0
github.com/kudig/kudig/pkg/tui/diagnosis.go:55.3,56.17 2 0
github.com/kudig/kudig/pkg/tui/diagnosis.go:56.17,60.4 1 0
github.com/kudig/kudig/pkg/tui/diagnosis.go:62.3,63.20 2 0
github.com/kudig/kudig/pkg/tui/diagnosis.go:63.20,65.4 1 0
github.com/kudig/kudig/pkg/tui/diagnosis.go:67.3,71.4 1 0
github.com/kudig/kudig/pkg/tui/diagnosis.go:76.21,81.2 4 0
github.com/kudig/kudig/pkg/tui/model.go:63.40,63.58 1 1
github.com/kudig/kudig/pkg/tui/model.go:71.41,73.2 1 1
github.com/kudig/kudig/pkg/tui/model.go:76.35,78.48 2 1
github.com/kudig/kudig/pkg/tui/model.go:78.48,80.3 1 1
github.com/kudig/kudig/pkg/tui/model.go:80.8,80.54 1 1
github.com/kudig/kudig/pkg/tui/model.go:80.54,82.3 1 1
github.com/kudig/kudig/pkg/tui/model.go:82.8,82.51 1 1
github.com/kudig/kudig/pkg/tui/model.go:82.51,84.3 1 1
github.com/kudig/kudig/pkg/tui/model.go:85.2,85.59 1 1
github.com/kudig/kudig/pkg/tui/model.go:89.41,91.2 1 1
github.com/kudig/kudig/pkg/tui/model.go:140.23,202.2 21 1
github.com/kudig/kudig/pkg/tui/model.go:205.31,207.2 1 1
github.com/kudig/kudig/pkg/tui/model.go:210.57,211.27 1 1
github.com/kudig/kudig/pkg/tui/model.go:212.18,213.29 1 1
github.com/kudig/kudig/pkg/tui/model.go:215.25,220.16 5 1
github.com/kudig/kudig/pkg/tui/model.go:222.28,226.23 4 1
github.com/kudig/kudig/pkg/tui/model.go:226.23,229.4 2 1
github.com/kudig/kudig/pkg/tui/model.go:229.9,233.37 3 1
github.com/kudig/kudig/pkg/tui/model.go:233.37,235.5 1 1
github.com/kudig/kudig/pkg/tui/model.go:236.4,237.26 2 1
github.com/kudig/kudig/pkg/tui/model.go:239.3,239.16 1 1
github.com/kudig/kudig/pkg/tui/model.go:241.23,244.16 3 1
github.com/kudig/kudig/pkg/tui/model.go:248.2,248.17 1 0
github.com/kudig/kudig/pkg/tui/model.go:249.17,252.16 3 0
github.com/kudig/kudig/pkg/tui/model.go:253.20,256.16 3 0
github.com/kudig/kudig/pkg/tui/model.go:259.2,259.15 1 0
github.com/kudig/kudig/pkg/tui/model.go:263.30,264.17 1 1
github.com/kudig/kudig/pkg/tui/model.go:265.17,266.22 1 1
github.com/kudig/kudig/pkg/tui/model.go:267.23,268.28 1 1
github.com/kudig/kudig/pkg/tui/model.go:269.20,270.25 1 1
github.com/kudig/kudig/pkg/tui/model.go:271.24,272.29 1 1
github.com/kudig/kudig/pkg/tui/model.go:273.10,274.22 1 1
github.com/kudig/kudig/pkg/tui/model.go:278.34,292.21 7 1
github.com/kudig/kudig/pkg/tui/model.go:292.21,295.3 2 0
github.com/kudig/kudig/pkg/tui/model.go:297.2,297.19 1 1
github.com/kudig/kudig/pkg/tui/model.go:300.40,310.18 7 1
github.com/kudig/kudig/pkg/tui/model.go:310.18,312.3 1 1
github.com/kudig/kudig/pkg/tui/model.go:312.8,314.3 1 1
github.com/kudig/kudig/pkg/tui/model.go:316.2,319.19 3 1
github.com/kudig/kudig/pkg/tui/model.go:322.37,346.2 10 1
github.com/kudig/kudig/pkg/tui/model.go:348.41,349.28 1 1
github.com/kudig/kudig/pkg/tui/model.go:349.28,351.3 1 1
github.com/kudig/kudig/pkg/tui/model.go:353.2,364.46 7 1
github.com/kudig/kudig/pkg/tui/model.go:364.46,366.3 1 1
github.com/kudig/kudig/pkg/tui/model.go:366.8,366.52 1 1
github.com/kudig/kudig/pkg/tui/model.go:366.52,368.3 1 1
github.com/kudig/kudig/pkg/tui/model.go:369.2,382.26 8 1
github.com/kudig/kudig/pkg/tui/model.go:382.26,387.3 4 1
github.com/kudig/kudig/pkg/tui/model.go:390.2,390.68 1 1
github.com/kudig/kudig/pkg/tui/model.go:390.68,394.38 4 1
github.com/kudig/kudig/pkg/tui/model.go:394.38,397.4 2 1
github.com/kudig/kudig/pkg/tui/model.go:398.3,398.24 1 1
github.com/kudig/kudig/pkg/tui/model.go:402.2,402.29 1 1
github.com/kudig/kudig/pkg/tui/model.go:402.29,405.36 3 1
github.com/kudig/kudig/pkg/tui/model.go:405.36,408.4 2 1
github.com/kudig/kudig/pkg/tui/model.go:409.3,409.22 1 1
github.com/kudig/kudig/pkg/tui/model.go:413.2,415.19 2 1
github.com/kudig/kudig/pkg/tui/model.go:418.66,419.17 1 1
github.com/kudig/kudig/pkg/tui/model.go:420.17,421.23 1 1
github.com/kudig/kudig/pkg/tui/model.go:422.22,424.22 2 1
github.com/kudig/kudig/pkg/tui/model.go:425.16,426.53 1 0
github.com/kudig/kudig/pkg/tui/model.go:426.53,427.20 1 0
github.com/kudig/kudig/pkg/tui/model.go:428.30,435.7 4 0
github.com/kudig/kudig/pkg/tui/model.go:436.30,443.7 4 0
github.com/kudig/kudig/pkg/tui/model.go:444.23,445.24 1 0
github.com/kudig/kudig/pkg/tui/model.go:450.20,451.23 1 1
github.com/kudig/kudig/pkg/tui/model.go:452.22,453.22 1 1
github.com/kudig/kudig/pkg/tui/model.go:454.12,456.17 2 1
github.com/kudig/kudig/pkg/tui/model.go:457.16,458.60 1 1
github.com/kudig/kudig/pkg/tui/model.go:458.60,461.5 2 1
github.com/kudig/kudig/pkg/tui/model.go:462.4,462.17 1 1
github.com/kudig/kudig/pkg/tui/model.go:465.24,466.23 1 1
github.com/kudig/kudig/pkg/tui/model.go:467.12,469.17 2 1
github.com/kudig/kudig/pkg/tui/model.go:470.12,471.22 1 1
github.com/kudig/kudig/pkg/tui/model.go:475.2,475.15 1 0
github.com/kudig/kudig/pkg/tui/model.go:480.44,481.22 1 1
github.com/kudig/kudig/pkg/tui/model.go:481.22,483.3 1 1
github.com/kudig/kudig/pkg/tui/model.go:484.2,484.29 1 1
github.com/kudig/kudig/pkg/tui/model.go:487.80,488.31 1 1
github.com/kudig/kudig/pkg/tui/model.go:488.31,489.25 1 1
github.com/kudig/kudig/pkg/tui/model.go:490.31,491.14 1 1
github.com/kudig/kudig/pkg/tui/model.go:492.30,493.13 1 1
github.com/kudig/kudig/pkg/tui/model.go:494.27,495.10 1 1
github.com/kudig/kudig/pkg/tui/model.go:498.2,498.8 1 1
github.com/kudig/kudig/pkg/types/diagnostic_data.go:24.35,25.11 1 0
github.com/kudig/kudig/pkg/types/diagnostic_data.go:26.19,27.19 1 0
github.com/kudig/kudig/pkg/types/diagnostic_data.go:28.18,29.18 1 0
github.com/kudig/kudig/pkg/types/diagnostic_data.go:30.18,31.18 1 0
github.com/kudig/kudig/pkg/types/diagnostic_data.go:32.10,33.19 1 0
github.com/kudig/kudig/pkg/types/diagnostic_data.go:139.55,146.2 1 0
github.com/kudig/kudig/pkg/types/diagnostic_data.go:149.65,150.23 1 0
github.com/kudig/kudig/pkg/types/diagnostic_data.go:150.23,152.3 1 0
github.com/kudig/kudig/pkg/types/diagnostic_data.go:153.2,154.20 2 0
github.com/kudig/kudig/pkg/types/diagnostic_data.go:158.66,159.23 1 0
github.com/kudig/kudig/pkg/types/diagnostic_data.go:159.23,161.3 1 0
github.com/kudig/kudig/pkg/types/diagnostic_data.go:162.2,162.28 1 0
github.com/kudig/kudig/pkg/types/diagnostic_data.go:166.46,168.2 1 0
github.com/kudig/kudig/pkg/types/issue.go:54.83,64.2 1 1
github.com/kudig/kudig/pkg/types/issue.go:67.59,72.2 2 1
github.com/kudig/kudig/pkg/types/issue.go:75.56,76.23 1 1
github.com/kudig/kudig/pkg/types/issue.go:76.23,78.3 1 0
github.com/kudig/kudig/pkg/types/issue.go:79.2,80.10 2 1
github.com/kudig/kudig/pkg/types/issue.go:92.52,94.31 2 1
github.com/kudig/kudig/pkg/types/issue.go:94.31,95.25 1 1
github.com/kudig/kudig/pkg/types/issue.go:96.25,97.22 1 1
github.com/kudig/kudig/pkg/types/issue.go:98.24,99.21 1 1
github.com/kudig/kudig/pkg/types/issue.go:100.21,101.18 1 1
github.com/kudig/kudig/pkg/types/issue.go:103.3,103.18 1 1
github.com/kudig/kudig/pkg/types/issue.go:105.2,105.16 1 1
github.com/kudig/kudig/pkg/types/issue.go:109.43,111.31 2 1
github.com/kudig/kudig/pkg/types/issue.go:111.31,112.30 1 1
github.com/kudig/kudig/pkg/types/issue.go:112.30,114.4 1 1
github.com/kudig/kudig/pkg/types/issue.go:116.2,116.22 1 1
github.com/kudig/kudig/pkg/types/issue.go:116.22,118.3 1 1
github.com/kudig/kudig/pkg/types/issue.go:119.2,119.15 1 1
github.com/kudig/kudig/pkg/types/severity.go:22.35,23.11 1 1
github.com/kudig/kudig/pkg/types/severity.go:24.24,25.18 1 1
github.com/kudig/kudig/pkg/types/severity.go:26.23,27.18 1 1
github.com/kudig/kudig/pkg/types/severity.go:28.20,29.18 1 1
github.com/kudig/kudig/pkg/types/severity.go:30.10,31.18 1 1
github.com/kudig/kudig/pkg/types/severity.go:36.42,37.11 1 1
github.com/kudig/kudig/pkg/types/severity.go:38.24,39.20 1 1
github.com/kudig/kudig/pkg/types/severity.go:40.23,41.19 1 1
github.com/kudig/kudig/pkg/types/severity.go:42.20,43.16 1 1
github.com/kudig/kudig/pkg/types/severity.go:44.10,45.19 1 1
github.com/kudig/kudig/pkg/types/severity.go:50.49,52.2 1 1
github.com/kudig/kudig/pkg/types/severity.go:55.53,57.51 2 1
github.com/kudig/kudig/pkg/types/severity.go:57.51,59.3 1 0
github.com/kudig/kudig/pkg/types/severity.go:60.2,61.12 2 1
github.com/kudig/kudig/pkg/types/severity.go:65.39,66.28 1 1
github.com/kudig/kudig/pkg/types/severity.go:67.28,68.26 1 1
github.com/kudig/kudig/pkg/types/severity.go:69.27,70.25 1 1
github.com/kudig/kudig/pkg/types/severity.go:71.24,72.22 1 1
github.com/kudig/kudig/pkg/types/severity.go:73.10,74.22 1 1
github.com/kudig/kudig/pkg/types/severity.go:80.34,81.11 1 1
github.com/kudig/kudig/pkg/types/severity.go:82.24,83.11 1 1
github.com/kudig/kudig/pkg/types/severity.go:84.37,85.11 1 1
github.com/kudig/kudig/pkg/types/severity.go:86.10,87.11 1 1
