mode: set
github.com/kudig/kudig/pkg/analyzer/system/resource.go:21.36,30.2 1 1
github.com/kudig/kudig/pkg/analyzer/system/resource.go:33.101,36.31 2 1
github.com/kudig/kudig/pkg/analyzer/system/resource.go:36.31,38.3 1 1
github.com/kudig/kudig/pkg/analyzer/system/resource.go:40.2,41.19 2 1
github.com/kudig/kudig/pkg/analyzer/system/resource.go:41.19,43.3 1 1
github.com/kudig/kudig/pkg/analyzer/system/resource.go:45.2,51.35 4 1
github.com/kudig/kudig/pkg/analyzer/system/resource.go:51.35,61.3 3 1
github.com/kudig/kudig/pkg/analyzer/system/resource.go:61.8,61.41 1 1
github.com/kudig/kudig/pkg/analyzer/system/resource.go:61.41,71.3 3 1
github.com/kudig/kudig/pkg/analyzer/system/resource.go:73.2,73.20 1 1
github.com/kudig/kudig/pkg/analyzer/system/resource.go:82.42,91.2 1 1
github.com/kudig/kudig/pkg/analyzer/system/resource.go:94.104,97.31 2 1
github.com/kudig/kudig/pkg/analyzer/system/resource.go:97.31,99.3 1 1
github.com/kudig/kudig/pkg/analyzer/system/resource.go:101.2,104.40 3 1
github.com/kudig/kudig/pkg/analyzer/system/resource.go:104.40,106.3 1 1
github.com/kudig/kudig/pkg/analyzer/system/resource.go:108.2,110.24 2 1
github.com/kudig/kudig/pkg/analyzer/system/resource.go:110.24,120.3 3 1
github.com/kudig/kudig/pkg/analyzer/system/resource.go:120.8,120.31 1 1
github.com/kudig/kudig/pkg/analyzer/system/resource.go:120.31,130.3 3 1
github.com/kudig/kudig/pkg/analyzer/system/resource.go:132.2,132.20 1 1
github.com/kudig/kudig/pkg/analyzer/system/resource.go:141.38,150.2 1 1
github.com/kudig/kudig/pkg/analyzer/system/resource.go:153.102,156.31 2 1
github.com/kudig/kudig/pkg/analyzer/system/resource.go:156.31,158.3 1 1
github.com/kudig/kudig/pkg/analyzer/system/resource.go:160.2,160.52 1 1
github.com/kudig/kudig/pkg/analyzer/system/resource.go:160.52,161.29 1 1
github.com/kudig/kudig/pkg/analyzer/system/resource.go:161.29,171.4 3 1
github.com/kudig/kudig/pkg/analyzer/system/resource.go:171.9,171.36 1 1
github.com/kudig/kudig/pkg/analyzer/system/resource.go:171.36,181.4 3 1
github.com/kudig/kudig/pkg/analyzer/system/resource.go:184.2,184.20 1 1
github.com/kudig/kudig/pkg/analyzer/system/resource.go:193.38,202.2 1 1
github.com/kudig/kudig/pkg/analyzer/system/resource.go:205.104,208.31 2 1
github.com/kudig/kudig/pkg/analyzer/system/resource.go:208.31,210.3 1 1
github.com/kudig/kudig/pkg/analyzer/system/resource.go:212.2,212.38 1 1
github.com/kudig/kudig/pkg/analyzer/system/resource.go:212.38,222.3 3 1
github.com/kudig/kudig/pkg/analyzer/system/resource.go:224.2,224.20 1 1
github.com/kudig/kudig/pkg/analyzer/system/resource.go:233.48,242.2 1 1
github.com/kudig/kudig/pkg/analyzer/system/resource.go:245.109,248.31 2 1
github.com/kudig/kudig/pkg/analyzer/system/resource.go:248.31,250.3 1 1
github.com/kudig/kudig/pkg/analyzer/system/resource.go:252.2,255.14 3 1
github.com/kudig/kudig/pkg/analyzer/system/resource.go:255.14,257.3 1 1
github.com/kudig/kudig/pkg/analyzer/system/resource.go:259.2,261.24 2 1
github.com/kudig/kudig/pkg/analyzer/system/resource.go:261.24,271.3 3 1
github.com/kudig/kudig/pkg/analyzer/system/resource.go:271.8,271.31 1 1
github.com/kudig/kudig/pkg/analyzer/system/resource.go:271.31,281.3 3 1
github.com/kudig/kudig/pkg/analyzer/system/resource.go:283.2,283.20 1 1
github.com/kudig/kudig/pkg/analyzer/system/resource.go:292.50,301.2 1 1
github.com/kudig/kudig/pkg/analyzer/system/resource.go:304.110,308.9 3 1
github.com/kudig/kudig/pkg/analyzer/system/resource.go:308.9,310.3 1 1
github.com/kudig/kudig/pkg/analyzer/system/resource.go:312.2,318.22 4 1
github.com/kudig/kudig/pkg/analyzer/system/resource.go:318.22,320.21 2 1
github.com/kudig/kudig/pkg/analyzer/system/resource.go:320.21,330.4 3 1
github.com/kudig/kudig/pkg/analyzer/system/resource.go:333.2,333.20 1 1
github.com/kudig/kudig/pkg/analyzer/system/resource.go:342.54,351.2 1 1
github.com/kudig/kudig/pkg/analyzer/system/resource.go:354.112,358.9 3 1
github.com/kudig/kudig/pkg/analyzer/system/resource.go:358.9,360.3 1 1
github.com/kudig/kudig/pkg/analyzer/system/resource.go:362.2,365.57 2 1
github.com/kudig/kudig/pkg/analyzer/system/resource.go:365.57,375.3 3 1
github.com/kudig/kudig/pkg/analyzer/system/resource.go:378.2,378.48 1 1
github.com/kudig/kudig/pkg/analyzer/system/resource.go:378.48,389.3 4 1
github.com/kudig/kudig/pkg/analyzer/system/resource.go:391.2,391.20 1 1
github.com/kudig/kudig/pkg/analyzer/system/resource.go:395.13,403.2 7 1
