mode: set
github.com/kudig/kudig/pkg/analyzer/kubernetes/kubernetes.go:22.38,31.2 1 1
github.com/kudig/kudig/pkg/analyzer/kubernetes/kubernetes.go:34.104,38.9 3 1
github.com/kudig/kudig/pkg/analyzer/kubernetes/kubernetes.go:38.9,41.10 2 1
github.com/kudig/kudig/pkg/analyzer/kubernetes/kubernetes.go:41.10,43.4 1 1
github.com/kudig/kudig/pkg/analyzer/kubernetes/kubernetes.go:46.2,49.19 3 1
github.com/kudig/kudig/pkg/analyzer/kubernetes/kubernetes.go:49.19,59.3 3 1
github.com/kudig/kudig/pkg/analyzer/kubernetes/kubernetes.go:61.2,61.20 1 1
github.com/kudig/kudig/pkg/analyzer/kubernetes/kubernetes.go:70.36,79.2 1 1
github.com/kudig/kudig/pkg/analyzer/kubernetes/kubernetes.go:82.103,86.9 3 1
github.com/kudig/kudig/pkg/analyzer/kubernetes/kubernetes.go:86.9,88.10 2 1
github.com/kudig/kudig/pkg/analyzer/kubernetes/kubernetes.go:88.10,90.4 1 0
github.com/kudig/kudig/pkg/analyzer/kubernetes/kubernetes.go:93.2,96.99 2 1
github.com/kudig/kudig/pkg/analyzer/kubernetes/kubernetes.go:96.99,107.3 4 1
github.com/kudig/kudig/pkg/analyzer/kubernetes/kubernetes.go:109.2,109.20 1 1
github.com/kudig/kudig/pkg/analyzer/kubernetes/kubernetes.go:118.52,127.2 1 1
github.com/kudig/kudig/pkg/analyzer/kubernetes/kubernetes.go:130.111,134.9 3 1
github.com/kudig/kudig/pkg/analyzer/kubernetes/kubernetes.go:134.9,136.10 2 0
github.com/kudig/kudig/pkg/analyzer/kubernetes/kubernetes.go:136.10,138.4 1 0
github.com/kudig/kudig/pkg/analyzer/kubernetes/kubernetes.go:141.2,143.58 2 1
github.com/kudig/kudig/pkg/analyzer/kubernetes/kubernetes.go:143.58,153.3 3 1
github.com/kudig/kudig/pkg/analyzer/kubernetes/kubernetes.go:153.8,153.65 1 1
github.com/kudig/kudig/pkg/analyzer/kubernetes/kubernetes.go:153.65,163.3 3 1
github.com/kudig/kudig/pkg/analyzer/kubernetes/kubernetes.go:165.2,165.20 1 1
github.com/kudig/kudig/pkg/analyzer/kubernetes/kubernetes.go:174.48,183.2 1 1
github.com/kudig/kudig/pkg/analyzer/kubernetes/kubernetes.go:186.109,190.9 3 1
github.com/kudig/kudig/pkg/analyzer/kubernetes/kubernetes.go:190.9,192.10 2 0
github.com/kudig/kudig/pkg/analyzer/kubernetes/kubernetes.go:192.10,194.4 1 0
github.com/kudig/kudig/pkg/analyzer/kubernetes/kubernetes.go:197.2,203.24 4 1
github.com/kudig/kudig/pkg/analyzer/kubernetes/kubernetes.go:203.24,213.3 3 1
github.com/kudig/kudig/pkg/analyzer/kubernetes/kubernetes.go:216.2,216.47 1 1
github.com/kudig/kudig/pkg/analyzer/kubernetes/kubernetes.go:216.47,227.3 4 1
github.com/kudig/kudig/pkg/analyzer/kubernetes/kubernetes.go:229.2,229.20 1 1
github.com/kudig/kudig/pkg/analyzer/kubernetes/kubernetes.go:238.50,247.2 1 1
github.com/kudig/kudig/pkg/analyzer/kubernetes/kubernetes.go:250.110,254.25 2 1
github.com/kudig/kudig/pkg/analyzer/kubernetes/kubernetes.go:254.25,256.17 2 1
github.com/kudig/kudig/pkg/analyzer/kubernetes/kubernetes.go:256.17,258.4 1 1
github.com/kudig/kudig/pkg/analyzer/kubernetes/kubernetes.go:262.2,263.9 2 1
github.com/kudig/kudig/pkg/analyzer/kubernetes/kubernetes.go:263.9,265.10 2 1
github.com/kudig/kudig/pkg/analyzer/kubernetes/kubernetes.go:265.10,268.4 1 1
github.com/kudig/kudig/pkg/analyzer/kubernetes/kubernetes.go:271.2,271.8 1 1
github.com/kudig/kudig/pkg/analyzer/kubernetes/kubernetes.go:271.8,274.3 2 1
github.com/kudig/kudig/pkg/analyzer/kubernetes/kubernetes.go:276.2,276.20 1 1
github.com/kudig/kudig/pkg/analyzer/kubernetes/kubernetes.go:280.116,284.25 3 1
github.com/kudig/kudig/pkg/analyzer/kubernetes/kubernetes.go:284.25,286.17 2 1
github.com/kudig/kudig/pkg/analyzer/kubernetes/kubernetes.go:286.17,288.4 1 1
github.com/kudig/kudig/pkg/analyzer/kubernetes/kubernetes.go:289.3,289.31 1 1
github.com/kudig/kudig/pkg/analyzer/kubernetes/kubernetes.go:290.8,292.17 2 1
github.com/kudig/kudig/pkg/analyzer/kubernetes/kubernetes.go:292.17,294.4 1 0
github.com/kudig/kudig/pkg/analyzer/kubernetes/kubernetes.go:295.3,295.25 1 1
github.com/kudig/kudig/pkg/analyzer/kubernetes/kubernetes.go:298.2,298.29 1 1
github.com/kudig/kudig/pkg/analyzer/kubernetes/kubernetes.go:298.29,299.47 1 1
github.com/kudig/kudig/pkg/analyzer/kubernetes/kubernetes.go:299.47,300.21 1 1
github.com/kudig/kudig/pkg/analyzer/kubernetes/kubernetes.go:301.26,302.44 1 1
github.com/kudig/kudig/pkg/analyzer/kubernetes/kubernetes.go:302.44,312.6 3 1
github.com/kudig/kudig/pkg/analyzer/kubernetes/kubernetes.go:313.33,314.44 1 1
github.com/kudig/kudig/pkg/analyzer/kubernetes/kubernetes.go:314.44,324.6 3 1
github.com/kudig/kudig/pkg/analyzer/kubernetes/kubernetes.go:325.35,326.44 1 1
github.com/kudig/kudig/pkg/analyzer/kubernetes/kubernetes.go:326.44,336.6 3 1
github.com/kudig/kudig/pkg/analyzer/kubernetes/kubernetes.go:337.32,338.44 1 1
github.com/kudig/kudig/pkg/analyzer/kubernetes/kubernetes.go:338.44,348.6 3 1
github.com/kudig/kudig/pkg/analyzer/kubernetes/kubernetes.go:349.39,350.44 1 1
github.com/kudig/kudig/pkg/analyzer/kubernetes/kubernetes.go:350.44,360.6 3 1
github.com/kudig/kudig/pkg/analyzer/kubernetes/kubernetes.go:365.3,365.42 1 1
github.com/kudig/kudig/pkg/analyzer/kubernetes/kubernetes.go:365.42,366.103 1 1
github.com/kudig/kudig/pkg/analyzer/kubernetes/kubernetes.go:366.103,376.5 3 1
github.com/kudig/kudig/pkg/analyzer/kubernetes/kubernetes.go:380.2,380.20 1 1
github.com/kudig/kudig/pkg/analyzer/kubernetes/kubernetes.go:384.76,388.80 2 1
github.com/kudig/kudig/pkg/analyzer/kubernetes/kubernetes.go:388.80,398.3 3 1
github.com/kudig/kudig/pkg/analyzer/kubernetes/kubernetes.go:401.2,401.47 1 1
github.com/kudig/kudig/pkg/analyzer/kubernetes/kubernetes.go:401.47,411.3 3 1
github.com/kudig/kudig/pkg/analyzer/kubernetes/kubernetes.go:414.2,414.49 1 1
github.com/kudig/kudig/pkg/analyzer/kubernetes/kubernetes.go:414.49,424.3 3 1
github.com/kudig/kudig/pkg/analyzer/kubernetes/kubernetes.go:427.2,427.86 1 1
github.com/kudig/kudig/pkg/analyzer/kubernetes/kubernetes.go:427.86,438.3 4 1
github.com/kudig/kudig/pkg/analyzer/kubernetes/kubernetes.go:440.2,440.15 1 1
github.com/kudig/kudig/pkg/analyzer/kubernetes/kubernetes.go:449.48,458.2 1 1
github.com/kudig/kudig/pkg/analyzer/kubernetes/kubernetes.go:461.109,465.25 2 1
github.com/kudig/kudig/pkg/analyzer/kubernetes/kubernetes.go:465.25,467.17 2 1
github.com/kudig/kudig/pkg/analyzer/kubernetes/kubernetes.go:467.17,469.4 1 1
github.com/kudig/kudig/pkg/analyzer/kubernetes/kubernetes.go:473.2,474.9 2 1
github.com/kudig/kudig/pkg/analyzer/kubernetes/kubernetes.go:474.9,476.3 1 1
github.com/kudig/kudig/pkg/analyzer/kubernetes/kubernetes.go:478.2,483.23 4 1
github.com/kudig/kudig/pkg/analyzer/kubernetes/kubernetes.go:483.23,493.3 3 1
github.com/kudig/kudig/pkg/analyzer/kubernetes/kubernetes.go:495.2,495.20 1 1
github.com/kudig/kudig/pkg/analyzer/kubernetes/kubernetes.go:499.115,504.16 3 1
github.com/kudig/kudig/pkg/analyzer/kubernetes/kubernetes.go:504.16,506.3 1 0
github.com/kudig/kudig/pkg/analyzer/kubernetes/kubernetes.go:508.2,509.33 2 1
github.com/kudig/kudig/pkg/analyzer/kubernetes/kubernetes.go:509.33,510.51 1 1
github.com/kudig/kudig/pkg/analyzer/kubernetes/kubernetes.go:510.51,511.31 1 1
github.com/kudig/kudig/pkg/analyzer/kubernetes/kubernetes.go:511.31,513.65 2 1
github.com/kudig/kudig/pkg/analyzer/kubernetes/kubernetes.go:513.65,515.6 1 1
github.com/kudig/kudig/pkg/analyzer/kubernetes/kubernetes.go:520.2,520.44 1 1
github.com/kudig/kudig/pkg/analyzer/kubernetes/kubernetes.go:520.44,530.3 3 1
github.com/kudig/kudig/pkg/analyzer/kubernetes/kubernetes.go:532.2,532.20 1 1
github.com/kudig/kudig/pkg/analyzer/kubernetes/kubernetes.go:541.48,550.2 1 1
github.com/kudig/kudig/pkg/analyzer/kubernetes/kubernetes.go:553.109,556.26 2 1
github.com/kudig/kudig/pkg/analyzer/kubernetes/kubernetes.go:556.26,558.3 1 1
github.com/kudig/kudig/pkg/analyzer/kubernetes/kubernetes.go:560.2,561.25 2 1
github.com/kudig/kudig/pkg/analyzer/kubernetes/kubernetes.go:561.25,563.3 1 1
github.com/kudig/kudig/pkg/analyzer/kubernetes/kubernetes.go:565.2,566.16 2 1
github.com/kudig/kudig/pkg/analyzer/kubernetes/kubernetes.go:566.16,568.3 1 0
github.com/kudig/kudig/pkg/analyzer/kubernetes/kubernetes.go:570.2,575.33 5 1
github.com/kudig/kudig/pkg/analyzer/kubernetes/kubernetes.go:575.33,577.27 1 1
github.com/kudig/kudig/pkg/analyzer/kubernetes/kubernetes.go:578.26,579.17 1 1
github.com/kudig/kudig/pkg/analyzer/kubernetes/kubernetes.go:580.25,581.16 1 1
github.com/kudig/kudig/pkg/analyzer/kubernetes/kubernetes.go:585.3,585.51 1 1
github.com/kudig/kudig/pkg/analyzer/kubernetes/kubernetes.go:585.51,586.80 1 1
github.com/kudig/kudig/pkg/analyzer/kubernetes/kubernetes.go:586.80,588.5 1 1
github.com/kudig/kudig/pkg/analyzer/kubernetes/kubernetes.go:589.4,589.28 1 1
github.com/kudig/kudig/pkg/analyzer/kubernetes/kubernetes.go:589.28,591.5 1 1
github.com/kudig/kudig/pkg/analyzer/kubernetes/kubernetes.go:595.2,595.23 1 1
github.com/kudig/kudig/pkg/analyzer/kubernetes/kubernetes.go:595.23,605.3 3 1
github.com/kudig/kudig/pkg/analyzer/kubernetes/kubernetes.go:607.2,607.21 1 1
github.com/kudig/kudig/pkg/analyzer/kubernetes/kubernetes.go:607.21,617.3 3 1
github.com/kudig/kudig/pkg/analyzer/kubernetes/kubernetes.go:619.2,619.20 1 1
github.com/kudig/kudig/pkg/analyzer/kubernetes/kubernetes.go:619.20,629.3 3 1
github.com/kudig/kudig/pkg/analyzer/kubernetes/kubernetes.go:631.2,631.25 1 1
github.com/kudig/kudig/pkg/analyzer/kubernetes/kubernetes.go:631.25,641.3 3 1
github.com/kudig/kudig/pkg/analyzer/kubernetes/kubernetes.go:643.2,643.20 1 1
github.com/kudig/kudig/pkg/analyzer/kubernetes/kubernetes.go:652.40,661.2 1 1
github.com/kudig/kudig/pkg/analyzer/kubernetes/kubernetes.go:664.105,667.26 2 1
github.com/kudig/kudig/pkg/analyzer/kubernetes/kubernetes.go:667.26,669.3 1 1
github.com/kudig/kudig/pkg/analyzer/kubernetes/kubernetes.go:671.2,672.16 2 1
github.com/kudig/kudig/pkg/analyzer/kubernetes/kubernetes.go:672.16,674.3 1 0
github.com/kudig/kudig/pkg/analyzer/kubernetes/kubernetes.go:676.2,678.37 2 1
github.com/kudig/kudig/pkg/analyzer/kubernetes/kubernetes.go:678.37,679.30 1 1
github.com/kudig/kudig/pkg/analyzer/kubernetes/kubernetes.go:679.30,681.4 1 1
github.com/kudig/kudig/pkg/analyzer/kubernetes/kubernetes.go:685.2,695.44 2 1
github.com/kudig/kudig/pkg/analyzer/kubernetes/kubernetes.go:695.44,696.58 1 1
github.com/kudig/kudig/pkg/analyzer/kubernetes/kubernetes.go:696.58,698.63 2 1
github.com/kudig/kudig/pkg/analyzer/kubernetes/kubernetes.go:698.63,700.5 1 1
github.com/kudig/kudig/pkg/analyzer/kubernetes/kubernetes.go:702.4,710.35 3 1
github.com/kudig/kudig/pkg/analyzer/kubernetes/kubernetes.go:714.2,714.20 1 1
github.com/kudig/kudig/pkg/analyzer/kubernetes/kubernetes.go:718.13,727.2 8 1
