mode: set
github.com/kudig/kudig/cmd/kubectl-kudig/main.go:52.13,53.42 1 0
github.com/kudig/kudig/cmd/kubectl-kudig/main.go:53.42,56.3 2 0
github.com/kudig/kudig/cmd/kubectl-kudig/main.go:86.13,100.2 8 0
github.com/kudig/kudig/cmd/kubectl-kudig/main.go:102.54,104.18 1 0
github.com/kudig/kudig/cmd/kubectl-kudig/main.go:104.18,107.13 3 0
github.com/kudig/kudig/cmd/kubectl-kudig/main.go:107.13,108.15 1 0
github.com/kudig/kudig/cmd/kubectl-kudig/main.go:108.15,110.5 1 0
github.com/kudig/kudig/cmd/kubectl-kudig/main.go:111.4,111.48 1 0
github.com/kudig/kudig/cmd/kubectl-kudig/main.go:111.48,113.5 1 0
github.com/kudig/kudig/cmd/kubectl-kudig/main.go:118.2,120.15 3 0
github.com/kudig/kudig/cmd/kubectl-kudig/main.go:120.15,123.3 2 0
github.com/kudig/kudig/cmd/kubectl-kudig/main.go:126.2,131.12 5 0
github.com/kudig/kudig/cmd/kubectl-kudig/main.go:131.12,134.3 2 0
github.com/kudig/kudig/cmd/kubectl-kudig/main.go:137.2,137.13 1 0
github.com/kudig/kudig/cmd/kubectl-kudig/main.go:137.13,142.21 5 0
github.com/kudig/kudig/cmd/kubectl-kudig/main.go:142.21,144.4 1 0
github.com/kudig/kudig/cmd/kubectl-kudig/main.go:145.3,145.22 1 0
github.com/kudig/kudig/cmd/kubectl-kudig/main.go:145.22,147.4 1 0
github.com/kudig/kudig/cmd/kubectl-kudig/main.go:148.3,148.31 1 0
github.com/kudig/kudig/cmd/kubectl-kudig/main.go:152.2,153.9 2 0
github.com/kudig/kudig/cmd/kubectl-kudig/main.go:153.9,156.3 2 0
github.com/kudig/kudig/cmd/kubectl-kudig/main.go:159.2,159.14 1 0
github.com/kudig/kudig/cmd/kubectl-kudig/main.go:159.14,161.3 1 0
github.com/kudig/kudig/cmd/kubectl-kudig/main.go:164.2,164.40 1 0
github.com/kudig/kudig/cmd/kubectl-kudig/main.go:167.87,179.13 2 0
github.com/kudig/kudig/cmd/kubectl-kudig/main.go:179.13,181.3 1 0
github.com/kudig/kudig/cmd/kubectl-kudig/main.go:183.2,184.16 2 0
github.com/kudig/kudig/cmd/kubectl-kudig/main.go:184.16,187.3 2 0
github.com/kudig/kudig/cmd/kubectl-kudig/main.go:189.2,189.13 1 0
github.com/kudig/kudig/cmd/kubectl-kudig/main.go:189.13,191.35 2 0
github.com/kudig/kudig/cmd/kubectl-kudig/main.go:191.35,195.4 3 0
github.com/kudig/kudig/cmd/kubectl-kudig/main.go:196.3,196.56 1 0
github.com/kudig/kudig/cmd/kubectl-kudig/main.go:200.2,201.16 2 0
github.com/kudig/kudig/cmd/kubectl-kudig/main.go:201.16,204.3 2 0
github.com/kudig/kudig/cmd/kubectl-kudig/main.go:207.2,225.9 10 0
github.com/kudig/kudig/cmd/kubectl-kudig/main.go:225.9,227.3 1 0
github.com/kudig/kudig/cmd/kubectl-kudig/main.go:229.2,230.16 2 0
github.com/kudig/kudig/cmd/kubectl-kudig/main.go:230.16,232.3 1 0
github.com/kudig/kudig/cmd/kubectl-kudig/main.go:235.2,235.22 1 0
github.com/kudig/kudig/cmd/kubectl-kudig/main.go:235.22,236.64 1 0
github.com/kudig/kudig/cmd/kubectl-kudig/main.go:236.64,238.4 1 0
github.com/kudig/kudig/cmd/kubectl-kudig/main.go:239.3,239.14 1 0
github.com/kudig/kudig/cmd/kubectl-kudig/main.go:239.14,241.4 1 0
github.com/kudig/kudig/cmd/kubectl-kudig/main.go:242.8,244.3 1 0
github.com/kudig/kudig/cmd/kubectl-kudig/main.go:247.2,248.38 2 0
github.com/kudig/kudig/cmd/kubectl-kudig/main.go:248.38,251.3 2 0
github.com/kudig/kudig/cmd/kubectl-kudig/main.go:251.8,251.28 1 0
github.com/kudig/kudig/cmd/kubectl-kudig/main.go:251.28,254.3 2 0
github.com/kudig/kudig/cmd/kubectl-kudig/main.go:256.2,256.12 1 0
github.com/kudig/kudig/cmd/kubectl-kudig/main.go:259.85,272.9 3 0
github.com/kudig/kudig/cmd/kubectl-kudig/main.go:272.9,275.3 2 0
github.com/kudig/kudig/cmd/kubectl-kudig/main.go:278.2,279.13 2 0
github.com/kudig/kudig/cmd/kubectl-kudig/main.go:279.13,281.3 1 0
github.com/kudig/kudig/cmd/kubectl-kudig/main.go:281.8,291.3 1 0
github.com/kudig/kudig/cmd/kubectl-kudig/main.go:294.2,294.58 1 0
github.com/kudig/kudig/cmd/kubectl-kudig/main.go:294.58,295.17 1 0
github.com/kudig/kudig/cmd/kubectl-kudig/main.go:295.17,298.4 2 0
github.com/kudig/kudig/cmd/kubectl-kudig/main.go:298.9,298.21 1 0
github.com/kudig/kudig/cmd/kubectl-kudig/main.go:298.21,300.4 1 0
github.com/kudig/kudig/cmd/kubectl-kudig/main.go:303.2,304.16 2 0
github.com/kudig/kudig/cmd/kubectl-kudig/main.go:304.16,307.3 2 0
github.com/kudig/kudig/cmd/kubectl-kudig/main.go:309.2,309.16 1 0
github.com/kudig/kudig/cmd/kubectl-kudig/main.go:309.16,312.3 2 0
github.com/kudig/kudig/cmd/kubectl-kudig/main.go:315.2,319.37 4 0
github.com/kudig/kudig/cmd/kubectl-kudig/main.go:319.37,320.26 1 0
github.com/kudig/kudig/cmd/kubectl-kudig/main.go:320.26,323.12 3 0
github.com/kudig/kudig/cmd/kubectl-kudig/main.go:326.3,330.17 3 0
github.com/kudig/kudig/cmd/kubectl-kudig/main.go:330.17,332.12 2 0
github.com/kudig/kudig/cmd/kubectl-kudig/main.go:336.3,337.25 2 0
github.com/kudig/kudig/cmd/kubectl-kudig/main.go:337.25,338.33 1 0
github.com/kudig/kudig/cmd/kubectl-kudig/main.go:338.33,340.5 1 0
github.com/kudig/kudig/cmd/kubectl-kudig/main.go:341.4,342.82 2 0
github.com/kudig/kudig/cmd/kubectl-kudig/main.go:345.3,346.58 2 0
github.com/kudig/kudig/cmd/kubectl-kudig/main.go:349.2,349.26 1 0
github.com/kudig/kudig/cmd/kubectl-kudig/main.go:349.26,352.3 2 0
github.com/kudig/kudig/cmd/kubectl-kudig/main.go:355.2,367.9 8 0
github.com/kudig/kudig/cmd/kubectl-kudig/main.go:367.9,369.3 1 0
github.com/kudig/kudig/cmd/kubectl-kudig/main.go:371.2,372.16 2 0
github.com/kudig/kudig/cmd/kubectl-kudig/main.go:372.16,374.3 1 0
github.com/kudig/kudig/cmd/kubectl-kudig/main.go:377.2,377.22 1 0
github.com/kudig/kudig/cmd/kubectl-kudig/main.go:377.22,378.64 1 0
github.com/kudig/kudig/cmd/kubectl-kudig/main.go:378.64,380.4 1 0
github.com/kudig/kudig/cmd/kubectl-kudig/main.go:381.3,381.14 1 0
github.com/kudig/kudig/cmd/kubectl-kudig/main.go:381.14,383.4 1 0
github.com/kudig/kudig/cmd/kubectl-kudig/main.go:384.8,386.3 1 0
github.com/kudig/kudig/cmd/kubectl-kudig/main.go:388.2,388.13 1 0
github.com/kudig/kudig/cmd/kubectl-kudig/main.go:388.13,390.3 1 0
github.com/kudig/kudig/cmd/kubectl-kudig/main.go:393.2,394.38 2 0
github.com/kudig/kudig/cmd/kubectl-kudig/main.go:394.38,397.3 2 0
github.com/kudig/kudig/cmd/kubectl-kudig/main.go:397.8,397.31 1 0
github.com/kudig/kudig/cmd/kubectl-kudig/main.go:397.31,400.3 2 0
github.com/kudig/kudig/cmd/kubectl-kudig/main.go:402.2,402.12 1 0
github.com/kudig/kudig/cmd/kudig/main.go:88.36,90.2 1 0
github.com/kudig/kudig/cmd/kudig/main.go:92.13,93.42 1 0
github.com/kudig/kudig/cmd/kudig/main.go:93.42,95.42 1 0
github.com/kudig/kudig/cmd/kudig/main.go:95.42,97.4 1 0
github.com/kudig/kudig/cmd/kudig/main.go:98.3,99.13 2 0
github.com/kudig/kudig/cmd/kudig/main.go:423.13,493.2 38 0
github.com/kudig/kudig/cmd/kudig/main.go:495.58,501.15 4 0
github.com/kudig/kudig/cmd/kudig/main.go:501.15,504.3 2 0
github.com/kudig/kudig/cmd/kudig/main.go:507.2,512.12 5 0
github.com/kudig/kudig/cmd/kudig/main.go:512.12,515.3 2 0
github.com/kudig/kudig/cmd/kudig/main.go:518.2,518.13 1 0
github.com/kudig/kudig/cmd/kudig/main.go:518.13,524.3 5 0
github.com/kudig/kudig/cmd/kudig/main.go:527.2,528.9 2 0
github.com/kudig/kudig/cmd/kudig/main.go:528.9,531.3 2 0
github.com/kudig/kudig/cmd/kudig/main.go:534.2,536.16 3 0
github.com/kudig/kudig/cmd/kudig/main.go:536.16,539.3 2 0
github.com/kudig/kudig/cmd/kudig/main.go:541.2,541.13 1 0
github.com/kudig/kudig/cmd/kudig/main.go:541.13,544.3 2 0
github.com/kudig/kudig/cmd/kudig/main.go:547.2,548.16 2 0
github.com/kudig/kudig/cmd/kudig/main.go:548.16,551.3 2 0
github.com/kudig/kudig/cmd/kudig/main.go:554.2,574.74 11 0
github.com/kudig/kudig/cmd/kudig/main.go:574.74,576.3 1 0
github.com/kudig/kudig/cmd/kudig/main.go:578.2,579.9 2 0
github.com/kudig/kudig/cmd/kudig/main.go:579.9,581.3 1 0
github.com/kudig/kudig/cmd/kudig/main.go:583.2,584.16 2 0
github.com/kudig/kudig/cmd/kudig/main.go:584.16,586.3 1 0
github.com/kudig/kudig/cmd/kudig/main.go:589.2,589.22 1 0
github.com/kudig/kudig/cmd/kudig/main.go:589.22,590.64 1 0
github.com/kudig/kudig/cmd/kudig/main.go:590.64,592.4 1 0
github.com/kudig/kudig/cmd/kudig/main.go:593.3,593.14 1 0
github.com/kudig/kudig/cmd/kudig/main.go:593.14,595.4 1 0
github.com/kudig/kudig/cmd/kudig/main.go:596.8,598.3 1 0
github.com/kudig/kudig/cmd/kudig/main.go:601.2,601.54 1 0
github.com/kudig/kudig/cmd/kudig/main.go:601.54,602.95 1 0
github.com/kudig/kudig/cmd/kudig/main.go:602.95,604.4 1 0
github.com/kudig/kudig/cmd/kudig/main.go:608.2,612.38 3 0
github.com/kudig/kudig/cmd/kudig/main.go:612.38,615.3 2 0
github.com/kudig/kudig/cmd/kudig/main.go:615.8,615.28 1 0
github.com/kudig/kudig/cmd/kudig/main.go:615.28,618.3 2 0
github.com/kudig/kudig/cmd/kudig/main.go:620.2,620.12 1 0
github.com/kudig/kudig/cmd/kudig/main.go:623.55,632.16 5 0
github.com/kudig/kudig/cmd/kudig/main.go:632.16,634.3 1 0
github.com/kudig/kudig/cmd/kudig/main.go:637.2,638.16 2 0
github.com/kudig/kudig/cmd/kudig/main.go:638.16,640.3 1 0
github.com/kudig/kudig/cmd/kudig/main.go:643.2,643.22 1 0
github.com/kudig/kudig/cmd/kudig/main.go:643.22,654.17 9 0
github.com/kudig/kudig/cmd/kudig/main.go:654.17,656.4 1 0
github.com/kudig/kudig/cmd/kudig/main.go:657.3,657.30 1 0
github.com/kudig/kudig/cmd/kudig/main.go:658.8,669.17 9 0
github.com/kudig/kudig/cmd/kudig/main.go:669.17,671.4 1 0
github.com/kudig/kudig/cmd/kudig/main.go:672.3,672.30 1 0
github.com/kudig/kudig/cmd/kudig/main.go:676.2,676.33 1 0
github.com/kudig/kudig/cmd/kudig/main.go:676.33,678.3 1 0
github.com/kudig/kudig/cmd/kudig/main.go:678.8,678.37 1 0
github.com/kudig/kudig/cmd/kudig/main.go:678.37,680.3 1 0
github.com/kudig/kudig/cmd/kudig/main.go:682.2,682.12 1 0
github.com/kudig/kudig/cmd/kudig/main.go:685.59,688.25 2 0
github.com/kudig/kudig/cmd/kudig/main.go:688.25,691.3 2 0
github.com/kudig/kudig/cmd/kudig/main.go:693.2,696.30 3 0
github.com/kudig/kudig/cmd/kudig/main.go:696.30,698.40 2 0
github.com/kudig/kudig/cmd/kudig/main.go:698.40,700.4 1 0
github.com/kudig/kudig/cmd/kudig/main.go:702.3,706.16 5 0
github.com/kudig/kudig/cmd/kudig/main.go:709.2,709.12 1 0
github.com/kudig/kudig/cmd/kudig/main.go:712.52,714.18 1 0
github.com/kudig/kudig/cmd/kudig/main.go:714.18,717.13 3 0
github.com/kudig/kudig/cmd/kudig/main.go:717.13,718.15 1 0
github.com/kudig/kudig/cmd/kudig/main.go:718.15,720.5 1 0
github.com/kudig/kudig/cmd/kudig/main.go:721.4,721.48 1 0
github.com/kudig/kudig/cmd/kudig/main.go:721.48,723.5 1 0
github.com/kudig/kudig/cmd/kudig/main.go:728.2,730.15 3 0
github.com/kudig/kudig/cmd/kudig/main.go:730.15,733.3 2 0
github.com/kudig/kudig/cmd/kudig/main.go:736.2,741.12 5 0
github.com/kudig/kudig/cmd/kudig/main.go:741.12,744.3 2 0
github.com/kudig/kudig/cmd/kudig/main.go:747.2,747.13 1 0
github.com/kudig/kudig/cmd/kudig/main.go:747.13,752.21 5 0
github.com/kudig/kudig/cmd/kudig/main.go:752.21,754.4 1 0
github.com/kudig/kudig/cmd/kudig/main.go:755.3,755.22 1 0
github.com/kudig/kudig/cmd/kudig/main.go:755.22,757.4 1 0
github.com/kudig/kudig/cmd/kudig/main.go:758.3,758.31 1 0
github.com/kudig/kudig/cmd/kudig/main.go:762.2,763.9 2 0
github.com/kudig/kudig/cmd/kudig/main.go:763.9,766.3 2 0
github.com/kudig/kudig/cmd/kudig/main.go:769.2,769.14 1 0
github.com/kudig/kudig/cmd/kudig/main.go:769.14,771.3 1 0
github.com/kudig/kudig/cmd/kudig/main.go:774.2,774.46 1 0
github.com/kudig/kudig/cmd/kudig/main.go:777.93,789.13 2 0
github.com/kudig/kudig/cmd/kudig/main.go:789.13,791.3 1 0
github.com/kudig/kudig/cmd/kudig/main.go:793.2,794.16 2 0
github.com/kudig/kudig/cmd/kudig/main.go:794.16,797.3 2 0
github.com/kudig/kudig/cmd/kudig/main.go:799.2,799.13 1 0
github.com/kudig/kudig/cmd/kudig/main.go:799.13,801.35 2 0
github.com/kudig/kudig/cmd/kudig/main.go:801.35,805.4 3 0
github.com/kudig/kudig/cmd/kudig/main.go:806.3,806.56 1 0
github.com/kudig/kudig/cmd/kudig/main.go:810.2,811.16 2 0
github.com/kudig/kudig/cmd/kudig/main.go:811.16,814.3 2 0
github.com/kudig/kudig/cmd/kudig/main.go:817.2,833.22 9 0
github.com/kudig/kudig/cmd/kudig/main.go:833.22,835.3 1 0
github.com/kudig/kudig/cmd/kudig/main.go:837.2,838.9 2 0
github.com/kudig/kudig/cmd/kudig/main.go:838.9,840.3 1 0
github.com/kudig/kudig/cmd/kudig/main.go:842.2,843.16 2 0
github.com/kudig/kudig/cmd/kudig/main.go:843.16,845.3 1 0
github.com/kudig/kudig/cmd/kudig/main.go:848.2,848.22 1 0
github.com/kudig/kudig/cmd/kudig/main.go:848.22,849.64 1 0
github.com/kudig/kudig/cmd/kudig/main.go:849.64,851.4 1 0
github.com/kudig/kudig/cmd/kudig/main.go:852.3,852.14 1 0
github.com/kudig/kudig/cmd/kudig/main.go:852.14,854.4 1 0
github.com/kudig/kudig/cmd/kudig/main.go:855.8,857.3 1 0
github.com/kudig/kudig/cmd/kudig/main.go:860.2,860.54 1 0
github.com/kudig/kudig/cmd/kudig/main.go:860.54,861.94 1 0
github.com/kudig/kudig/cmd/kudig/main.go:861.94,863.4 1 0
github.com/kudig/kudig/cmd/kudig/main.go:867.2,871.38 3 0
github.com/kudig/kudig/cmd/kudig/main.go:871.38,874.3 2 0
github.com/kudig/kudig/cmd/kudig/main.go:874.8,874.28 1 0
github.com/kudig/kudig/cmd/kudig/main.go:874.28,877.3 2 0
github.com/kudig/kudig/cmd/kudig/main.go:879.2,879.12 1 0
github.com/kudig/kudig/cmd/kudig/main.go:882.91,895.9 3 0
github.com/kudig/kudig/cmd/kudig/main.go:895.9,898.3 2 0
github.com/kudig/kudig/cmd/kudig/main.go:901.2,902.13 2 0
github.com/kudig/kudig/cmd/kudig/main.go:902.13,904.3 1 0
github.com/kudig/kudig/cmd/kudig/main.go:904.8,914.3 1 0
github.com/kudig/kudig/cmd/kudig/main.go:917.2,917.58 1 0
github.com/kudig/kudig/cmd/kudig/main.go:917.58,918.17 1 0
github.com/kudig/kudig/cmd/kudig/main.go:918.17,921.4 2 0
github.com/kudig/kudig/cmd/kudig/main.go:921.9,921.21 1 0
github.com/kudig/kudig/cmd/kudig/main.go:921.21,923.4 1 0
github.com/kudig/kudig/cmd/kudig/main.go:926.2,927.16 2 0
github.com/kudig/kudig/cmd/kudig/main.go:927.16,930.3 2 0
github.com/kudig/kudig/cmd/kudig/main.go:932.2,932.16 1 0
github.com/kudig/kudig/cmd/kudig/main.go:932.16,935.3 2 0
github.com/kudig/kudig/cmd/kudig/main.go:938.2,942.37 4 0
github.com/kudig/kudig/cmd/kudig/main.go:942.37,943.26 1 0
github.com/kudig/kudig/cmd/kudig/main.go:943.26,946.12 3 0
github.com/kudig/kudig/cmd/kudig/main.go:949.3,953.17 3 0
github.com/kudig/kudig/cmd/kudig/main.go:953.17,955.12 2 0
github.com/kudig/kudig/cmd/kudig/main.go:959.3,960.25 2 0
github.com/kudig/kudig/cmd/kudig/main.go:960.25,961.33 1 0
github.com/kudig/kudig/cmd/kudig/main.go:961.33,963.5 1 0
github.com/kudig/kudig/cmd/kudig/main.go:964.4,966.82 2 0
github.com/kudig/kudig/cmd/kudig/main.go:969.3,970.58 2 0
github.com/kudig/kudig/cmd/kudig/main.go:973.2,973.26 1 0
github.com/kudig/kudig/cmd/kudig/main.go:973.26,976.3 2 0
github.com/kudig/kudig/cmd/kudig/main.go:979.2,989.22 7 0
github.com/kudig/kudig/cmd/kudig/main.go:989.22,991.3 1 0
github.com/kudig/kudig/cmd/kudig/main.go:993.2,994.9 2 0
github.com/kudig/kudig/cmd/kudig/main.go:994.9,996.3 1 0
github.com/kudig/kudig/cmd/kudig/main.go:998.2,999.16 2 0
github.com/kudig/kudig/cmd/kudig/main.go:999.16,1001.3 1 0
github.com/kudig/kudig/cmd/kudig/main.go:1004.2,1004.22 1 0
github.com/kudig/kudig/cmd/kudig/main.go:1004.22,1005.64 1 0
github.com/kudig/kudig/cmd/kudig/main.go:1005.64,1007.4 1 0
github.com/kudig/kudig/cmd/kudig/main.go:1008.3,1008.14 1 0
github.com/kudig/kudig/cmd/kudig/main.go:1008.14,1010.4 1 0
github.com/kudig/kudig/cmd/kudig/main.go:1011.8,1013.3 1 0
github.com/kudig/kudig/cmd/kudig/main.go:1015.2,1015.13 1 0
github.com/kudig/kudig/cmd/kudig/main.go:1015.13,1017.3 1 0
github.com/kudig/kudig/cmd/kudig/main.go:1020.2,1020.54 1 0
github.com/kudig/kudig/cmd/kudig/main.go:1020.54,1021.126 1 0
github.com/kudig/kudig/cmd/kudig/main.go:1021.126,1023.4 1 0
github.com/kudig/kudig/cmd/kudig/main.go:1027.2,1031.38 3 0
github.com/kudig/kudig/cmd/kudig/main.go:1031.38,1034.3 2 0
github.com/kudig/kudig/cmd/kudig/main.go:1034.8,1034.31 1 0
github.com/kudig/kudig/cmd/kudig/main.go:1034.31,1037.3 2 0
github.com/kudig/kudig/cmd/kudig/main.go:1039.2,1039.12 1 0
github.com/kudig/kudig/cmd/kudig/main.go:1042.54,1047.45 2 0
github.com/kudig/kudig/cmd/kudig/main.go:1047.45,1049.3 1 0
github.com/kudig/kudig/cmd/kudig/main.go:1052.2,1052.21 1 0
github.com/kudig/kudig/cmd/kudig/main.go:1052.21,1053.52 1 0
github.com/kudig/kudig/cmd/kudig/main.go:1053.52,1055.4 1 0
github.com/kudig/kudig/cmd/kudig/main.go:1057.2,1057.20 1 0
github.com/kudig/kudig/cmd/kudig/main.go:1057.20,1058.50 1 0
github.com/kudig/kudig/cmd/kudig/main.go:1058.50,1060.4 1 0
github.com/kudig/kudig/cmd/kudig/main.go:1064.2,1064.15 1 0
github.com/kudig/kudig/cmd/kudig/main.go:1064.15,1068.30 4 0
github.com/kudig/kudig/cmd/kudig/main.go:1068.30,1075.4 6 0
github.com/kudig/kudig/cmd/kudig/main.go:1076.3,1076.13 1 0
github.com/kudig/kudig/cmd/kudig/main.go:1080.2,1080.19 1 0
github.com/kudig/kudig/cmd/kudig/main.go:1080.19,1082.3 1 0
github.com/kudig/kudig/cmd/kudig/main.go:1083.2,1088.15 4 0
github.com/kudig/kudig/cmd/kudig/main.go:1088.15,1091.3 2 0
github.com/kudig/kudig/cmd/kudig/main.go:1094.2,1099.12 5 0
github.com/kudig/kudig/cmd/kudig/main.go:1099.12,1102.3 2 0
github.com/kudig/kudig/cmd/kudig/main.go:1104.2,1104.13 1 0
github.com/kudig/kudig/cmd/kudig/main.go:1104.13,1111.3 6 0
github.com/kudig/kudig/cmd/kudig/main.go:1114.2,1115.9 2 0
github.com/kudig/kudig/cmd/kudig/main.go:1115.9,1118.3 2 0
github.com/kudig/kudig/cmd/kudig/main.go:1120.2,1122.16 3 0
github.com/kudig/kudig/cmd/kudig/main.go:1122.16,1125.3 2 0
github.com/kudig/kudig/cmd/kudig/main.go:1128.2,1130.16 3 0
github.com/kudig/kudig/cmd/kudig/main.go:1130.16,1133.3 2 0
github.com/kudig/kudig/cmd/kudig/main.go:1136.2,1150.9 10 0
github.com/kudig/kudig/cmd/kudig/main.go:1150.9,1152.3 1 0
github.com/kudig/kudig/cmd/kudig/main.go:1154.2,1155.16 2 0
github.com/kudig/kudig/cmd/kudig/main.go:1155.16,1157.3 1 0
github.com/kudig/kudig/cmd/kudig/main.go:1160.2,1160.22 1 0
github.com/kudig/kudig/cmd/kudig/main.go:1160.22,1161.64 1 0
github.com/kudig/kudig/cmd/kudig/main.go:1161.64,1163.4 1 0
github.com/kudig/kudig/cmd/kudig/main.go:1164.3,1164.14 1 0
github.com/kudig/kudig/cmd/kudig/main.go:1164.14,1166.4 1 0
github.com/kudig/kudig/cmd/kudig/main.go:1167.8,1169.3 1 0
github.com/kudig/kudig/cmd/kudig/main.go:1172.2,1173.38 2 0
github.com/kudig/kudig/cmd/kudig/main.go:1173.38,1176.3 2 0
github.com/kudig/kudig/cmd/kudig/main.go:1176.8,1176.28 1 0
github.com/kudig/kudig/cmd/kudig/main.go:1176.28,1179.3 2 0
github.com/kudig/kudig/cmd/kudig/main.go:1181.2,1181.12 1 0
github.com/kudig/kudig/cmd/kudig/main.go:1184.57,1186.16 2 0
github.com/kudig/kudig/cmd/kudig/main.go:1186.16,1188.3 1 0
github.com/kudig/kudig/cmd/kudig/main.go:1190.2,1191.16 2 0
github.com/kudig/kudig/cmd/kudig/main.go:1191.16,1193.3 1 0
github.com/kudig/kudig/cmd/kudig/main.go:1195.2,1195.23 1 0
github.com/kudig/kudig/cmd/kudig/main.go:1195.23,1199.3 3 0
github.com/kudig/kudig/cmd/kudig/main.go:1201.2,1206.32 5 0
github.com/kudig/kudig/cmd/kudig/main.go:1206.32,1208.24 2 0
github.com/kudig/kudig/cmd/kudig/main.go:1208.24,1210.4 1 0
github.com/kudig/kudig/cmd/kudig/main.go:1211.3,1218.4 1 0
github.com/kudig/kudig/cmd/kudig/main.go:1221.2,1224.12 3 0
github.com/kudig/kudig/cmd/kudig/main.go:1227.60,1231.16 3 0
github.com/kudig/kudig/cmd/kudig/main.go:1231.16,1233.3 1 0
github.com/kudig/kudig/cmd/kudig/main.go:1235.2,1236.16 2 0
github.com/kudig/kudig/cmd/kudig/main.go:1236.16,1238.3 1 0
github.com/kudig/kudig/cmd/kudig/main.go:1240.2,1256.31 13 0
github.com/kudig/kudig/cmd/kudig/main.go:1256.31,1259.42 3 0
github.com/kudig/kudig/cmd/kudig/main.go:1259.42,1263.4 3 0
github.com/kudig/kudig/cmd/kudig/main.go:1267.2,1267.33 1 0
github.com/kudig/kudig/cmd/kudig/main.go:1267.33,1270.44 3 0
github.com/kudig/kudig/cmd/kudig/main.go:1270.44,1274.4 3 0
github.com/kudig/kudig/cmd/kudig/main.go:1277.2,1277.64 1 0
github.com/kudig/kudig/cmd/kudig/main.go:1277.64,1279.3 1 0
github.com/kudig/kudig/cmd/kudig/main.go:1281.2,1281.12 1 0
github.com/kudig/kudig/cmd/kudig/main.go:1284.44,1285.22 1 0
github.com/kudig/kudig/cmd/kudig/main.go:1285.22,1287.3 1 0
github.com/kudig/kudig/cmd/kudig/main.go:1288.2,1288.29 1 0
github.com/kudig/kudig/cmd/kudig/main.go:1291.46,1292.11 1 0
github.com/kudig/kudig/cmd/kudig/main.go:1293.30,1294.20 1 0
github.com/kudig/kudig/cmd/kudig/main.go:1295.29,1296.19 1 0
github.com/kudig/kudig/cmd/kudig/main.go:1297.26,1298.16 1 0
github.com/kudig/kudig/cmd/kudig/main.go:1299.10,1300.19 1 0
github.com/kudig/kudig/cmd/kudig/main.go:1305.68,1307.40 2 0
github.com/kudig/kudig/cmd/kudig/main.go:1307.40,1309.3 1 0
github.com/kudig/kudig/cmd/kudig/main.go:1311.2,1312.63 2 0
github.com/kudig/kudig/cmd/kudig/main.go:1312.63,1314.3 1 0
github.com/kudig/kudig/cmd/kudig/main.go:1316.2,1326.21 4 0
github.com/kudig/kudig/cmd/kudig/main.go:1326.21,1327.30 1 0
github.com/kudig/kudig/cmd/kudig/main.go:1327.30,1329.4 1 0
github.com/kudig/kudig/cmd/kudig/main.go:1333.68,1335.31 2 0
github.com/kudig/kudig/cmd/kudig/main.go:1335.31,1336.28 1 0
github.com/kudig/kudig/cmd/kudig/main.go:1336.28,1338.4 1 0
github.com/kudig/kudig/cmd/kudig/main.go:1340.2,1340.14 1 0
github.com/kudig/kudig/cmd/kudig/main.go:1343.61,1344.17 1 0
github.com/kudig/kudig/cmd/kudig/main.go:1345.14,1346.49 1 0
github.com/kudig/kudig/cmd/kudig/main.go:1347.13,1348.48 1 0
github.com/kudig/kudig/cmd/kudig/main.go:1349.14,1350.55 1 0
github.com/kudig/kudig/cmd/kudig/main.go:1351.20,1352.63 1 0
github.com/kudig/kudig/cmd/kudig/main.go:1353.10,1354.95 1 0
github.com/kudig/kudig/cmd/kudig/main.go:1358.49,1360.2 1 0
github.com/kudig/kudig/cmd/kudig/main.go:1362.52,1370.19 4 0
github.com/kudig/kudig/cmd/kudig/main.go:1370.19,1374.10 3 0
github.com/kudig/kudig/cmd/kudig/main.go:1374.10,1376.4 1 0
github.com/kudig/kudig/cmd/kudig/main.go:1377.3,1379.17 3 0
github.com/kudig/kudig/cmd/kudig/main.go:1379.17,1381.4 1 0
github.com/kudig/kudig/cmd/kudig/main.go:1384.3,1385.17 2 0
github.com/kudig/kudig/cmd/kudig/main.go:1385.17,1387.4 1 0
github.com/kudig/kudig/cmd/kudig/main.go:1388.3,1388.43 1 0
github.com/kudig/kudig/cmd/kudig/main.go:1389.8,1392.10 2 0
github.com/kudig/kudig/cmd/kudig/main.go:1392.10,1394.4 1 0
github.com/kudig/kudig/cmd/kudig/main.go:1395.3,1403.17 3 0
github.com/kudig/kudig/cmd/kudig/main.go:1403.17,1405.4 1 0
github.com/kudig/kudig/cmd/kudig/main.go:1408.3,1409.17 2 0
github.com/kudig/kudig/cmd/kudig/main.go:1409.17,1411.4 1 0
github.com/kudig/kudig/cmd/kudig/main.go:1412.3,1412.43 1 0
github.com/kudig/kudig/cmd/kudig/main.go:1416.2,1423.12 5 0
github.com/kudig/kudig/cmd/kudig/main.go:1426.53,1429.16 3 0
github.com/kudig/kudig/cmd/kudig/main.go:1429.16,1431.3 1 0
github.com/kudig/kudig/cmd/kudig/main.go:1432.2,1433.12 2 0
github.com/kudig/kudig/cmd/kudig/main.go:1436.49,1448.2 8 0
github.com/kudig/kudig/cmd/kudig/main.go:1450.50,1475.2 10 0
github.com/kudig/kudig/cmd/kudig/main.go:1477.53,1484.19 5 0
github.com/kudig/kudig/cmd/kudig/main.go:1484.19,1486.3 1 0
github.com/kudig/kudig/cmd/kudig/main.go:1488.2,1494.12 4 0
github.com/kudig/kudig/cmd/kudig/main.go:1497.51,1509.2 10 0
github.com/kudig/kudig/cmd/kudig/main.go:1511.51,1518.26 6 0
github.com/kudig/kudig/cmd/kudig/main.go:1518.26,1520.3 1 0
github.com/kudig/kudig/cmd/kudig/main.go:1522.2,1523.12 2 0
github.com/kudig/kudig/cmd/kudig/main.go:1526.58,1531.17 4 0
github.com/kudig/kudig/cmd/kudig/main.go:1531.17,1533.3 1 0
github.com/kudig/kudig/cmd/kudig/main.go:1533.8,1533.30 1 0
github.com/kudig/kudig/cmd/kudig/main.go:1533.30,1535.3 1 0
github.com/kudig/kudig/cmd/kudig/main.go:1535.8,1538.3 2 0
github.com/kudig/kudig/cmd/kudig/main.go:1540.2,1546.12 6 0
github.com/kudig/kudig/pkg/ai/assistant.go:18.55,19.19 1 0
github.com/kudig/kudig/pkg/ai/assistant.go:19.19,21.3 1 0
github.com/kudig/kudig/pkg/ai/assistant.go:23.2,25.16 3 0
github.com/kudig/kudig/pkg/ai/assistant.go:25.16,27.3 1 0
github.com/kudig/kudig/pkg/ai/assistant.go:29.2,32.8 1 0
github.com/kudig/kudig/pkg/ai/assistant.go:36.120,37.22 1 0
github.com/kudig/kudig/pkg/ai/assistant.go:37.22,46.3 1 0
github.com/kudig/kudig/pkg/ai/assistant.go:48.2,51.50 3 0
github.com/kudig/kudig/pkg/ai/assistant.go:55.90,62.16 5 0
github.com/kudig/kudig/pkg/ai/assistant.go:62.16,64.3 1 0
github.com/kudig/kudig/pkg/ai/assistant.go:66.2,66.28 1 0
github.com/kudig/kudig/pkg/ai/assistant.go:66.28,69.3 1 0
github.com/kudig/kudig/pkg/ai/assistant.go:71.2,71.28 1 0
github.com/kudig/kudig/pkg/ai/assistant.go:75.101,80.2 3 0
github.com/kudig/kudig/pkg/ai/assistant.go:83.40,85.2 1 0
github.com/kudig/kudig/pkg/ai/assistant.go:87.60,95.53 2 0
github.com/kudig/kudig/pkg/ai/assistant.go:95.53,97.3 1 0
github.com/kudig/kudig/pkg/ai/assistant.go:98.2,98.28 1 0
github.com/kudig/kudig/pkg/ai/provider.go:62.27,73.2 1 1
github.com/kudig/kudig/pkg/ai/provider.go:75.46,76.42 1 1
github.com/kudig/kudig/pkg/ai/provider.go:76.42,78.3 1 1
github.com/kudig/kudig/pkg/ai/provider.go:79.2,79.21 1 1
github.com/kudig/kudig/pkg/ai/provider.go:82.50,83.42 1 1
github.com/kudig/kudig/pkg/ai/provider.go:83.42,87.3 3 0
github.com/kudig/kudig/pkg/ai/provider.go:88.2,88.21 1 1
github.com/kudig/kudig/pkg/ai/provider.go:91.60,92.42 1 1
github.com/kudig/kudig/pkg/ai/provider.go:92.42,96.3 3 0
github.com/kudig/kudig/pkg/ai/provider.go:97.2,97.21 1 1
github.com/kudig/kudig/pkg/ai/provider.go:107.65,108.25 1 1
github.com/kudig/kudig/pkg/ai/provider.go:108.25,110.3 1 1
github.com/kudig/kudig/pkg/ai/provider.go:112.2,113.26 2 1
github.com/kudig/kudig/pkg/ai/provider.go:113.26,115.3 1 0
github.com/kudig/kudig/pkg/ai/provider.go:117.2,120.8 1 1
github.com/kudig/kudig/pkg/ai/provider.go:124.40,126.2 1 1
github.com/kudig/kudig/pkg/ai/provider.go:129.119,130.22 1 0
github.com/kudig/kudig/pkg/ai/provider.go:130.22,139.3 1 0
github.com/kudig/kudig/pkg/ai/provider.go:142.2,160.16 3 0
github.com/kudig/kudig/pkg/ai/provider.go:160.16,162.3 1 0
github.com/kudig/kudig/pkg/ai/provider.go:164.2,164.28 1 0
github.com/kudig/kudig/pkg/ai/provider.go:164.28,166.3 1 0
github.com/kudig/kudig/pkg/ai/provider.go:169.2,169.65 1 0
github.com/kudig/kudig/pkg/ai/provider.go:173.101,174.22 1 0
github.com/kudig/kudig/pkg/ai/provider.go:174.22,176.3 1 0
github.com/kudig/kudig/pkg/ai/provider.go:178.2,195.16 3 0
github.com/kudig/kudig/pkg/ai/provider.go:195.16,197.3 1 0
github.com/kudig/kudig/pkg/ai/provider.go:199.2,199.27 1 0
github.com/kudig/kudig/pkg/ai/provider.go:199.27,201.3 1 0
github.com/kudig/kudig/pkg/ai/provider.go:203.2,203.38 1 0
github.com/kudig/kudig/pkg/ai/provider.go:207.104,225.16 3 0
github.com/kudig/kudig/pkg/ai/provider.go:225.16,227.3 1 0
github.com/kudig/kudig/pkg/ai/provider.go:229.2,229.27 1 0
github.com/kudig/kudig/pkg/ai/provider.go:229.27,231.3 1 0
github.com/kudig/kudig/pkg/ai/provider.go:233.2,233.39 1 0
github.com/kudig/kudig/pkg/ai/provider.go:236.51,237.31 1 0
github.com/kudig/kudig/pkg/ai/provider.go:237.31,245.3 1 0
github.com/kudig/kudig/pkg/ai/provider.go:246.2,252.39 1 0
github.com/kudig/kudig/pkg/ai/provider.go:255.92,258.31 2 0
github.com/kudig/kudig/pkg/ai/provider.go:258.31,261.3 2 0
github.com/kudig/kudig/pkg/ai/provider.go:261.8,264.3 2 0
github.com/kudig/kudig/pkg/ai/provider.go:266.2,266.31 1 0
github.com/kudig/kudig/pkg/ai/provider.go:266.31,269.27 3 0
github.com/kudig/kudig/pkg/ai/provider.go:269.27,271.4 1 0
github.com/kudig/kudig/pkg/ai/provider.go:272.3,272.23 1 0
github.com/kudig/kudig/pkg/ai/provider.go:275.2,275.20 1 0
github.com/kudig/kudig/pkg/ai/provider.go:278.74,280.31 2 0
github.com/kudig/kudig/pkg/ai/provider.go:280.31,282.3 1 0
github.com/kudig/kudig/pkg/ai/provider.go:284.2,285.31 2 0
github.com/kudig/kudig/pkg/ai/provider.go:285.31,291.3 2 0
github.com/kudig/kudig/pkg/ai/provider.go:291.8,297.3 2 0
github.com/kudig/kudig/pkg/ai/provider.go:299.2,299.20 1 0
github.com/kudig/kudig/pkg/ai/provider.go:302.67,304.31 2 0
github.com/kudig/kudig/pkg/ai/provider.go:304.31,309.3 4 0
github.com/kudig/kudig/pkg/ai/provider.go:309.8,314.3 4 0
github.com/kudig/kudig/pkg/ai/provider.go:315.2,315.20 1 0
github.com/kudig/kudig/pkg/ai/provider.go:318.89,321.65 2 0
github.com/kudig/kudig/pkg/ai/provider.go:321.65,323.3 1 0
github.com/kudig/kudig/pkg/ai/provider.go:326.2,333.8 1 0
github.com/kudig/kudig/pkg/ai/provider.go:336.84,339.70 2 0
github.com/kudig/kudig/pkg/ai/provider.go:339.70,341.3 1 0
github.com/kudig/kudig/pkg/ai/provider.go:344.2,349.9 1 0
github.com/kudig/kudig/pkg/ai/provider.go:352.65,372.53 2 1
github.com/kudig/kudig/pkg/ai/provider.go:372.53,374.3 1 1
github.com/kudig/kudig/pkg/ai/provider.go:375.2,375.28 1 0
github.com/kudig/kudig/pkg/ai/provider.go:384.42,386.2 1 1
github.com/kudig/kudig/pkg/ai/provider.go:389.54,390.27 1 1
github.com/kudig/kudig/pkg/ai/provider.go:390.27,392.3 1 1
github.com/kudig/kudig/pkg/ai/provider.go:394.2,394.27 1 1
github.com/kudig/kudig/pkg/ai/provider.go:395.34,396.37 1 1
github.com/kudig/kudig/pkg/ai/provider.go:397.10,398.37 1 0
github.com/kudig/kudig/pkg/analyzer/interface.go:41.96,49.2 1 1
github.com/kudig/kudig/pkg/analyzer/interface.go:52.38,54.2 1 1
github.com/kudig/kudig/pkg/analyzer/interface.go:57.45,59.2 1 1
github.com/kudig/kudig/pkg/analyzer/interface.go:62.42,64.2 1 1
github.com/kudig/kudig/pkg/analyzer/interface.go:67.58,69.2 1 1
github.com/kudig/kudig/pkg/analyzer/interface.go:72.48,74.2 1 1
github.com/kudig/kudig/pkg/analyzer/interface.go:77.63,78.28 1 0
github.com/kudig/kudig/pkg/analyzer/interface.go:78.28,79.16 1 0
github.com/kudig/kudig/pkg/analyzer/interface.go:79.16,81.4 1 0
github.com/kudig/kudig/pkg/analyzer/interface.go:83.2,83.14 1 0
github.com/kudig/kudig/pkg/analyzer/registry.go:23.30,27.2 1 1
github.com/kudig/kudig/pkg/analyzer/registry.go:30.54,35.44 4 1
github.com/kudig/kudig/pkg/analyzer/registry.go:35.44,37.3 1 1
github.com/kudig/kudig/pkg/analyzer/registry.go:39.2,40.12 2 1
github.com/kudig/kudig/pkg/analyzer/registry.go:44.54,50.2 4 1
github.com/kudig/kudig/pkg/analyzer/registry.go:53.38,58.32 4 1
github.com/kudig/kudig/pkg/analyzer/registry.go:58.32,60.3 1 1
github.com/kudig/kudig/pkg/analyzer/registry.go:61.2,61.15 1 1
github.com/kudig/kudig/pkg/analyzer/registry.go:65.63,70.32 4 1
github.com/kudig/kudig/pkg/analyzer/registry.go:70.32,71.31 1 1
github.com/kudig/kudig/pkg/analyzer/registry.go:71.31,73.4 1 1
github.com/kudig/kudig/pkg/analyzer/registry.go:75.2,75.15 1 1
github.com/kudig/kudig/pkg/analyzer/registry.go:79.63,84.32 4 1
github.com/kudig/kudig/pkg/analyzer/registry.go:84.32,85.40 1 1
github.com/kudig/kudig/pkg/analyzer/registry.go:85.40,86.17 1 1
github.com/kudig/kudig/pkg/analyzer/registry.go:86.17,88.10 2 1
github.com/kudig/kudig/pkg/analyzer/registry.go:92.2,92.15 1 1
github.com/kudig/kudig/pkg/analyzer/registry.go:96.98,99.2 2 0
github.com/kudig/kudig/pkg/analyzer/registry.go:106.21,109.2 2 0
github.com/kudig/kudig/pkg/analyzer/registry.go:116.21,119.2 2 0
github.com/kudig/kudig/pkg/analyzer/registry.go:126.21,129.29 3 0
github.com/kudig/kudig/pkg/analyzer/registry.go:129.29,130.37 1 0
github.com/kudig/kudig/pkg/analyzer/registry.go:130.37,132.4 1 0
github.com/kudig/kudig/pkg/analyzer/registry.go:134.2,136.49 2 0
github.com/kudig/kudig/pkg/analyzer/registry.go:144.21,147.16 2 0
github.com/kudig/kudig/pkg/analyzer/registry.go:147.16,149.3 1 0
github.com/kudig/kudig/pkg/analyzer/registry.go:151.2,153.34 2 0
github.com/kudig/kudig/pkg/analyzer/registry.go:153.34,154.10 1 0
github.com/kudig/kudig/pkg/analyzer/registry.go:155.21,156.29 1 0
github.com/kudig/kudig/pkg/analyzer/registry.go:157.11,157.11 0 0
github.com/kudig/kudig/pkg/analyzer/registry.go:160.3,161.36 2 0
github.com/kudig/kudig/pkg/analyzer/registry.go:164.2,164.21 1 0
github.com/kudig/kudig/pkg/analyzer/registry.go:168.106,179.2 3 0
github.com/kudig/kudig/pkg/analyzer/registry.go:182.81,185.30 2 0
github.com/kudig/kudig/pkg/analyzer/registry.go:185.30,187.3 1 0
github.com/kudig/kudig/pkg/analyzer/registry.go:190.2,195.34 5 0
github.com/kudig/kudig/pkg/analyzer/registry.go:195.34,196.20 1 0
github.com/kudig/kudig/pkg/analyzer/registry.go:196.20,198.4 1 0
github.com/kudig/kudig/pkg/analyzer/registry.go:199.3,199.21 1 0
github.com/kudig/kudig/pkg/analyzer/registry.go:199.21,201.4 1 0
github.com/kudig/kudig/pkg/analyzer/registry.go:203.3,204.10 2 0
github.com/kudig/kudig/pkg/analyzer/registry.go:204.10,207.4 1 0
github.com/kudig/kudig/pkg/analyzer/registry.go:209.3,210.47 2 0
github.com/kudig/kudig/pkg/analyzer/registry.go:210.47,211.37 1 0
github.com/kudig/kudig/pkg/analyzer/registry.go:211.37,213.5 1 0
github.com/kudig/kudig/pkg/analyzer/registry.go:215.3,218.13 4 0
github.com/kudig/kudig/pkg/analyzer/registry.go:221.2,221.30 1 0
github.com/kudig/kudig/pkg/analyzer/registry.go:221.30,222.41 1 0
github.com/kudig/kudig/pkg/analyzer/registry.go:222.41,224.4 1 0
github.com/kudig/kudig/pkg/analyzer/registry.go:227.2,227.20 1 0
github.com/kudig/kudig/pkg/analyzer/registry.go:231.40,233.2 1 0
github.com/kudig/kudig/pkg/analyzer/registry.go:236.52,238.28 2 1
github.com/kudig/kudig/pkg/analyzer/registry.go:238.28,239.42 1 1
github.com/kudig/kudig/pkg/analyzer/registry.go:239.42,241.4 1 1
github.com/kudig/kudig/pkg/analyzer/registry.go:243.2,243.15 1 1
github.com/kudig/kudig/pkg/analyzer/kernel/kernel.go:19.40,28.2 1 1
github.com/kudig/kudig/pkg/analyzer/kernel/kernel.go:31.103,36.9 3 1
github.com/kudig/kudig/pkg/analyzer/kernel/kernel.go:36.9,39.10 2 1
github.com/kudig/kudig/pkg/analyzer/kernel/kernel.go:39.10,41.4 1 1
github.com/kudig/kudig/pkg/analyzer/kernel/kernel.go:44.2,46.47 2 1
github.com/kudig/kudig/pkg/analyzer/kernel/kernel.go:46.47,56.3 3 1
github.com/kudig/kudig/pkg/analyzer/kernel/kernel.go:58.2,58.20 1 1
github.com/kudig/kudig/pkg/analyzer/kernel/kernel.go:67.36,76.2 1 1
github.com/kudig/kudig/pkg/analyzer/kernel/kernel.go:79.101,85.35 3 1
github.com/kudig/kudig/pkg/analyzer/kernel/kernel.go:85.35,87.10 2 1
github.com/kudig/kudig/pkg/analyzer/kernel/kernel.go:87.10,88.12 1 1
github.com/kudig/kudig/pkg/analyzer/kernel/kernel.go:91.3,95.19 4 1
github.com/kudig/kudig/pkg/analyzer/kernel/kernel.go:95.19,106.9 4 1
github.com/kudig/kudig/pkg/analyzer/kernel/kernel.go:110.2,110.20 1 1
github.com/kudig/kudig/pkg/analyzer/kernel/kernel.go:119.50,128.2 1 1
github.com/kudig/kudig/pkg/analyzer/kernel/kernel.go:131.108,136.35 3 1
github.com/kudig/kudig/pkg/analyzer/kernel/kernel.go:136.35,138.10 2 1
github.com/kudig/kudig/pkg/analyzer/kernel/kernel.go:138.10,139.12 1 1
github.com/kudig/kudig/pkg/analyzer/kernel/kernel.go:142.3,146.65 2 1
github.com/kudig/kudig/pkg/analyzer/kernel/kernel.go:146.65,156.4 3 1
github.com/kudig/kudig/pkg/analyzer/kernel/kernel.go:159.3,160.24 2 1
github.com/kudig/kudig/pkg/analyzer/kernel/kernel.go:160.24,170.4 3 1
github.com/kudig/kudig/pkg/analyzer/kernel/kernel.go:172.3,172.22 1 1
github.com/kudig/kudig/pkg/analyzer/kernel/kernel.go:172.22,173.9 1 1
github.com/kudig/kudig/pkg/analyzer/kernel/kernel.go:177.2,177.20 1 1
github.com/kudig/kudig/pkg/analyzer/kernel/kernel.go:186.42,195.2 1 1
github.com/kudig/kudig/pkg/analyzer/kernel/kernel.go:198.106,202.9 3 0
github.com/kudig/kudig/pkg/analyzer/kernel/kernel.go:202.9,204.10 2 0
github.com/kudig/kudig/pkg/analyzer/kernel/kernel.go:204.10,206.4 1 0
github.com/kudig/kudig/pkg/analyzer/kernel/kernel.go:209.2,211.80 2 0
github.com/kudig/kudig/pkg/analyzer/kernel/kernel.go:211.80,221.3 3 0
github.com/kudig/kudig/pkg/analyzer/kernel/kernel.go:223.2,223.20 1 0
github.com/kudig/kudig/pkg/analyzer/kernel/kernel.go:232.52,241.2 1 1
github.com/kudig/kudig/pkg/analyzer/kernel/kernel.go:244.111,248.9 3 0
github.com/kudig/kudig/pkg/analyzer/kernel/kernel.go:248.9,250.3 1 0
github.com/kudig/kudig/pkg/analyzer/kernel/kernel.go:252.2,254.91 2 0
github.com/kudig/kudig/pkg/analyzer/kernel/kernel.go:254.91,264.3 3 0
github.com/kudig/kudig/pkg/analyzer/kernel/kernel.go:266.2,266.20 1 0
github.com/kudig/kudig/pkg/analyzer/kernel/kernel.go:270.13,276.2 5 1
github.com/kudig/kudig/pkg/analyzer/kubernetes/controlplane.go:23.38,32.2 1 1
github.com/kudig/kudig/pkg/analyzer/kubernetes/controlplane.go:35.104,38.26 2 1
github.com/kudig/kudig/pkg/analyzer/kubernetes/controlplane.go:38.26,40.3 1 0
github.com/kudig/kudig/pkg/analyzer/kubernetes/controlplane.go:43.2,46.16 2 1
github.com/kudig/kudig/pkg/analyzer/kubernetes/controlplane.go:46.16,48.3 1 0
github.com/kudig/kudig/pkg/analyzer/kubernetes/controlplane.go:51.2,51.26 1 1
github.com/kudig/kudig/pkg/analyzer/kubernetes/controlplane.go:51.26,55.3 1 0
github.com/kudig/kudig/pkg/analyzer/kubernetes/controlplane.go:57.2,57.33 1 1
github.com/kudig/kudig/pkg/analyzer/kubernetes/controlplane.go:57.33,59.44 1 1
github.com/kudig/kudig/pkg/analyzer/kubernetes/controlplane.go:59.44,69.12 4 1
github.com/kudig/kudig/pkg/analyzer/kubernetes/controlplane.go:73.3,73.64 1 1
github.com/kudig/kudig/pkg/analyzer/kubernetes/controlplane.go:73.64,74.30 1 1
github.com/kudig/kudig/pkg/analyzer/kubernetes/controlplane.go:74.30,84.5 3 0
github.com/kudig/kudig/pkg/analyzer/kubernetes/controlplane.go:88.3,88.64 1 1
github.com/kudig/kudig/pkg/analyzer/kubernetes/controlplane.go:88.64,89.40 1 1
github.com/kudig/kudig/pkg/analyzer/kubernetes/controlplane.go:89.40,99.5 3 1
github.com/kudig/kudig/pkg/analyzer/kubernetes/controlplane.go:103.2,103.20 1 1
github.com/kudig/kudig/pkg/analyzer/kubernetes/controlplane.go:112.48,121.2 1 1
github.com/kudig/kudig/pkg/analyzer/kubernetes/controlplane.go:124.109,127.26 2 1
github.com/kudig/kudig/pkg/analyzer/kubernetes/controlplane.go:127.26,129.3 1 0
github.com/kudig/kudig/pkg/analyzer/kubernetes/controlplane.go:132.2,135.40 2 1
github.com/kudig/kudig/pkg/analyzer/kubernetes/controlplane.go:135.40,140.41 2 1
github.com/kudig/kudig/pkg/analyzer/kubernetes/controlplane.go:140.41,143.38 2 1
github.com/kudig/kudig/pkg/analyzer/kubernetes/controlplane.go:143.38,144.48 1 0
github.com/kudig/kudig/pkg/analyzer/kubernetes/controlplane.go:144.48,146.6 1 0
github.com/kudig/kudig/pkg/analyzer/kubernetes/controlplane.go:151.2,151.26 1 1
github.com/kudig/kudig/pkg/analyzer/kubernetes/controlplane.go:151.26,162.3 4 1
github.com/kudig/kudig/pkg/analyzer/kubernetes/controlplane.go:164.2,164.33 1 1
github.com/kudig/kudig/pkg/analyzer/kubernetes/controlplane.go:164.33,165.44 1 1
github.com/kudig/kudig/pkg/analyzer/kubernetes/controlplane.go:165.44,175.4 3 0
github.com/kudig/kudig/pkg/analyzer/kubernetes/controlplane.go:178.3,178.51 1 1
github.com/kudig/kudig/pkg/analyzer/kubernetes/controlplane.go:178.51,179.27 1 1
github.com/kudig/kudig/pkg/analyzer/kubernetes/controlplane.go:179.27,189.5 3 0
github.com/kudig/kudig/pkg/analyzer/kubernetes/controlplane.go:193.2,193.20 1 1
github.com/kudig/kudig/pkg/analyzer/kubernetes/controlplane.go:202.64,211.2 1 1
github.com/kudig/kudig/pkg/analyzer/kubernetes/controlplane.go:214.117,217.26 2 1
github.com/kudig/kudig/pkg/analyzer/kubernetes/controlplane.go:217.26,219.3 1 0
github.com/kudig/kudig/pkg/analyzer/kubernetes/controlplane.go:222.2,225.40 2 1
github.com/kudig/kudig/pkg/analyzer/kubernetes/controlplane.go:225.40,230.41 2 0
github.com/kudig/kudig/pkg/analyzer/kubernetes/controlplane.go:230.41,233.38 2 0
github.com/kudig/kudig/pkg/analyzer/kubernetes/controlplane.go:233.38,234.57 1 0
github.com/kudig/kudig/pkg/analyzer/kubernetes/controlplane.go:234.57,236.6 1 0
github.com/kudig/kudig/pkg/analyzer/kubernetes/controlplane.go:241.2,241.26 1 1
github.com/kudig/kudig/pkg/analyzer/kubernetes/controlplane.go:241.26,252.3 4 0
github.com/kudig/kudig/pkg/analyzer/kubernetes/controlplane.go:254.2,254.33 1 1
github.com/kudig/kudig/pkg/analyzer/kubernetes/controlplane.go:254.33,255.44 1 1
github.com/kudig/kudig/pkg/analyzer/kubernetes/controlplane.go:255.44,265.4 3 0
github.com/kudig/kudig/pkg/analyzer/kubernetes/controlplane.go:268.3,268.51 1 1
github.com/kudig/kudig/pkg/analyzer/kubernetes/controlplane.go:268.51,269.27 1 1
github.com/kudig/kudig/pkg/analyzer/kubernetes/controlplane.go:269.27,279.5 3 0
github.com/kudig/kudig/pkg/analyzer/kubernetes/controlplane.go:283.2,283.20 1 1
github.com/kudig/kudig/pkg/analyzer/kubernetes/controlplane.go:292.62,301.2 1 1
github.com/kudig/kudig/pkg/analyzer/kubernetes/controlplane.go:304.116,307.26 2 1
github.com/kudig/kudig/pkg/analyzer/kubernetes/controlplane.go:307.26,309.3 1 0
github.com/kudig/kudig/pkg/analyzer/kubernetes/controlplane.go:312.2,316.16 4 1
github.com/kudig/kudig/pkg/analyzer/kubernetes/controlplane.go:316.16,327.3 4 0
github.com/kudig/kudig/pkg/analyzer/kubernetes/controlplane.go:330.2,330.30 1 1
github.com/kudig/kudig/pkg/analyzer/kubernetes/controlplane.go:330.30,340.3 3 0
github.com/kudig/kudig/pkg/analyzer/kubernetes/controlplane.go:340.8,340.37 1 1
github.com/kudig/kudig/pkg/analyzer/kubernetes/controlplane.go:340.37,350.3 3 0
github.com/kudig/kudig/pkg/analyzer/kubernetes/controlplane.go:352.2,352.20 1 1
github.com/kudig/kudig/pkg/analyzer/kubernetes/controlplane.go:355.13,361.2 4 1
github.com/kudig/kudig/pkg/analyzer/kubernetes/dns.go:27.44,36.2 1 1
github.com/kudig/kudig/pkg/analyzer/kubernetes/dns.go:39.107,42.26 2 1
github.com/kudig/kudig/pkg/analyzer/kubernetes/dns.go:42.26,44.3 1 1
github.com/kudig/kudig/pkg/analyzer/kubernetes/dns.go:46.2,52.16 3 1
github.com/kudig/kudig/pkg/analyzer/kubernetes/dns.go:52.16,54.3 1 0
github.com/kudig/kudig/pkg/analyzer/kubernetes/dns.go:56.2,56.26 1 1
github.com/kudig/kudig/pkg/analyzer/kubernetes/dns.go:56.26,67.3 4 1
github.com/kudig/kudig/pkg/analyzer/kubernetes/dns.go:70.2,70.33 1 1
github.com/kudig/kudig/pkg/analyzer/kubernetes/dns.go:70.33,72.28 2 1
github.com/kudig/kudig/pkg/analyzer/kubernetes/dns.go:72.28,75.4 2 1
github.com/kudig/kudig/pkg/analyzer/kubernetes/dns.go:79.2,80.27 2 1
github.com/kudig/kudig/pkg/analyzer/kubernetes/dns.go:80.27,83.3 2 1
github.com/kudig/kudig/pkg/analyzer/kubernetes/dns.go:86.2,87.30 2 1
github.com/kudig/kudig/pkg/analyzer/kubernetes/dns.go:87.30,90.3 2 0
github.com/kudig/kudig/pkg/analyzer/kubernetes/dns.go:92.2,92.20 1 1
github.com/kudig/kudig/pkg/analyzer/kubernetes/dns.go:95.73,100.57 3 1
github.com/kudig/kudig/pkg/analyzer/kubernetes/dns.go:100.57,102.37 1 1
github.com/kudig/kudig/pkg/analyzer/kubernetes/dns.go:102.37,104.44 2 1
github.com/kudig/kudig/pkg/analyzer/kubernetes/dns.go:104.44,114.5 3 1
github.com/kudig/kudig/pkg/analyzer/kubernetes/dns.go:114.10,114.51 1 0
github.com/kudig/kudig/pkg/analyzer/kubernetes/dns.go:114.51,124.5 3 0
github.com/kudig/kudig/pkg/analyzer/kubernetes/dns.go:129.2,129.43 1 1
github.com/kudig/kudig/pkg/analyzer/kubernetes/dns.go:129.43,139.3 3 0
github.com/kudig/kudig/pkg/analyzer/kubernetes/dns.go:142.2,142.57 1 1
github.com/kudig/kudig/pkg/analyzer/kubernetes/dns.go:142.57,144.33 1 1
github.com/kudig/kudig/pkg/analyzer/kubernetes/dns.go:144.33,153.4 2 1
github.com/kudig/kudig/pkg/analyzer/kubernetes/dns.go:156.2,156.15 1 1
github.com/kudig/kudig/pkg/analyzer/kubernetes/dns.go:159.104,163.16 3 1
github.com/kudig/kudig/pkg/analyzer/kubernetes/dns.go:163.16,166.3 1 1
github.com/kudig/kudig/pkg/analyzer/kubernetes/dns.go:169.2,170.16 2 1
github.com/kudig/kudig/pkg/analyzer/kubernetes/dns.go:170.16,180.3 3 0
github.com/kudig/kudig/pkg/analyzer/kubernetes/dns.go:182.2,183.37 2 1
github.com/kudig/kudig/pkg/analyzer/kubernetes/dns.go:183.37,184.32 1 1
github.com/kudig/kudig/pkg/analyzer/kubernetes/dns.go:184.32,186.9 2 1
github.com/kudig/kudig/pkg/analyzer/kubernetes/dns.go:190.2,190.24 1 1
github.com/kudig/kudig/pkg/analyzer/kubernetes/dns.go:190.24,199.3 2 1
github.com/kudig/kudig/pkg/analyzer/kubernetes/dns.go:202.2,202.34 1 1
github.com/kudig/kudig/pkg/analyzer/kubernetes/dns.go:202.34,205.3 1 0
github.com/kudig/kudig/pkg/analyzer/kubernetes/dns.go:207.2,207.15 1 1
github.com/kudig/kudig/pkg/analyzer/kubernetes/dns.go:210.106,214.16 3 1
github.com/kudig/kudig/pkg/analyzer/kubernetes/dns.go:214.16,216.3 1 1
github.com/kudig/kudig/pkg/analyzer/kubernetes/dns.go:218.2,219.9 2 0
github.com/kudig/kudig/pkg/analyzer/kubernetes/dns.go:219.9,221.3 1 0
github.com/kudig/kudig/pkg/analyzer/kubernetes/dns.go:224.2,224.84 1 0
github.com/kudig/kudig/pkg/analyzer/kubernetes/dns.go:224.84,233.3 2 0
github.com/kudig/kudig/pkg/analyzer/kubernetes/dns.go:235.2,235.15 1 0
github.com/kudig/kudig/pkg/analyzer/kubernetes/dns.go:244.54,253.2 1 1
github.com/kudig/kudig/pkg/analyzer/kubernetes/dns.go:256.112,259.26 2 1
github.com/kudig/kudig/pkg/analyzer/kubernetes/dns.go:259.26,261.3 1 0
github.com/kudig/kudig/pkg/analyzer/kubernetes/dns.go:263.2,267.16 3 1
github.com/kudig/kudig/pkg/analyzer/kubernetes/dns.go:267.16,269.3 1 0
github.com/kudig/kudig/pkg/analyzer/kubernetes/dns.go:272.2,273.33 2 1
github.com/kudig/kudig/pkg/analyzer/kubernetes/dns.go:273.33,277.32 2 1
github.com/kudig/kudig/pkg/analyzer/kubernetes/dns.go:277.32,279.41 1 0
github.com/kudig/kudig/pkg/analyzer/kubernetes/dns.go:279.41,280.52 1 0
github.com/kudig/kudig/pkg/analyzer/kubernetes/dns.go:280.52,281.49 1 0
github.com/kudig/kudig/pkg/analyzer/kubernetes/dns.go:281.49,282.28 1 0
github.com/kudig/kudig/pkg/analyzer/kubernetes/dns.go:282.28,293.8 3 0
github.com/kudig/kudig/pkg/analyzer/kubernetes/dns.go:302.2,302.46 1 1
github.com/kudig/kudig/pkg/analyzer/kubernetes/dns.go:302.46,304.25 2 1
github.com/kudig/kudig/pkg/analyzer/kubernetes/dns.go:304.25,314.4 3 1
github.com/kudig/kudig/pkg/analyzer/kubernetes/dns.go:317.2,317.20 1 1
github.com/kudig/kudig/pkg/analyzer/kubernetes/dns.go:320.13,324.2 2 1
github.com/kudig/kudig/pkg/analyzer/kubernetes/gpu.go:29.44,38.2 1 1
github.com/kudig/kudig/pkg/analyzer/kubernetes/gpu.go:41.107,44.26 2 1
github.com/kudig/kudig/pkg/analyzer/kubernetes/gpu.go:44.26,46.3 1 1
github.com/kudig/kudig/pkg/analyzer/kubernetes/gpu.go:48.2,51.16 3 1
github.com/kudig/kudig/pkg/analyzer/kubernetes/gpu.go:51.16,53.3 1 0
github.com/kudig/kudig/pkg/analyzer/kubernetes/gpu.go:55.2,55.35 1 1
github.com/kudig/kudig/pkg/analyzer/kubernetes/gpu.go:55.35,56.26 1 1
github.com/kudig/kudig/pkg/analyzer/kubernetes/gpu.go:56.26,57.12 1 0
github.com/kudig/kudig/pkg/analyzer/kubernetes/gpu.go:60.3,61.29 2 1
github.com/kudig/kudig/pkg/analyzer/kubernetes/gpu.go:61.29,64.4 2 1
github.com/kudig/kudig/pkg/analyzer/kubernetes/gpu.go:67.2,67.20 1 1
github.com/kudig/kudig/pkg/analyzer/kubernetes/gpu.go:70.61,79.34 2 1
github.com/kudig/kudig/pkg/analyzer/kubernetes/gpu.go:79.34,80.38 1 1
github.com/kudig/kudig/pkg/analyzer/kubernetes/gpu.go:80.38,82.4 1 1
github.com/kudig/kudig/pkg/analyzer/kubernetes/gpu.go:86.2,86.58 1 1
github.com/kudig/kudig/pkg/analyzer/kubernetes/gpu.go:86.58,88.3 1 1
github.com/kudig/kudig/pkg/analyzer/kubernetes/gpu.go:89.2,89.55 1 1
github.com/kudig/kudig/pkg/analyzer/kubernetes/gpu.go:89.55,91.3 1 1
github.com/kudig/kudig/pkg/analyzer/kubernetes/gpu.go:93.2,93.14 1 1
github.com/kudig/kudig/pkg/analyzer/kubernetes/gpu.go:96.123,105.16 5 1
github.com/kudig/kudig/pkg/analyzer/kubernetes/gpu.go:105.16,106.34 1 1
github.com/kudig/kudig/pkg/analyzer/kubernetes/gpu.go:106.34,109.56 1 1
github.com/kudig/kudig/pkg/analyzer/kubernetes/gpu.go:109.56,110.46 1 1
github.com/kudig/kudig/pkg/analyzer/kubernetes/gpu.go:110.46,112.11 2 1
github.com/kudig/kudig/pkg/analyzer/kubernetes/gpu.go:118.2,118.23 1 1
github.com/kudig/kudig/pkg/analyzer/kubernetes/gpu.go:118.23,127.3 2 1
github.com/kudig/kudig/pkg/analyzer/kubernetes/gpu.go:130.2,133.29 3 1
github.com/kudig/kudig/pkg/analyzer/kubernetes/gpu.go:133.29,134.34 1 1
github.com/kudig/kudig/pkg/analyzer/kubernetes/gpu.go:134.34,143.4 2 1
github.com/kudig/kudig/pkg/analyzer/kubernetes/gpu.go:143.9,143.58 1 1
github.com/kudig/kudig/pkg/analyzer/kubernetes/gpu.go:143.58,152.4 2 0
github.com/kudig/kudig/pkg/analyzer/kubernetes/gpu.go:156.2,156.46 1 1
github.com/kudig/kudig/pkg/analyzer/kubernetes/gpu.go:156.46,157.66 1 1
github.com/kudig/kudig/pkg/analyzer/kubernetes/gpu.go:157.66,166.4 2 0
github.com/kudig/kudig/pkg/analyzer/kubernetes/gpu.go:169.2,169.15 1 1
github.com/kudig/kudig/pkg/analyzer/kubernetes/gpu.go:178.42,187.2 1 1
github.com/kudig/kudig/pkg/analyzer/kubernetes/gpu.go:190.106,193.26 2 1
github.com/kudig/kudig/pkg/analyzer/kubernetes/gpu.go:193.26,195.3 1 0
github.com/kudig/kudig/pkg/analyzer/kubernetes/gpu.go:197.2,200.16 3 1
github.com/kudig/kudig/pkg/analyzer/kubernetes/gpu.go:200.16,202.3 1 0
github.com/kudig/kudig/pkg/analyzer/kubernetes/gpu.go:204.2,204.33 1 1
github.com/kudig/kudig/pkg/analyzer/kubernetes/gpu.go:204.33,205.29 1 1
github.com/kudig/kudig/pkg/analyzer/kubernetes/gpu.go:205.29,206.12 1 0
github.com/kudig/kudig/pkg/analyzer/kubernetes/gpu.go:209.3,210.28 2 1
github.com/kudig/kudig/pkg/analyzer/kubernetes/gpu.go:210.28,213.4 2 1
github.com/kudig/kudig/pkg/analyzer/kubernetes/gpu.go:216.2,216.20 1 1
github.com/kudig/kudig/pkg/analyzer/kubernetes/gpu.go:219.62,220.48 1 1
github.com/kudig/kudig/pkg/analyzer/kubernetes/gpu.go:220.48,221.67 1 1
github.com/kudig/kudig/pkg/analyzer/kubernetes/gpu.go:221.67,223.4 1 1
github.com/kudig/kudig/pkg/analyzer/kubernetes/gpu.go:224.3,224.64 1 1
github.com/kudig/kudig/pkg/analyzer/kubernetes/gpu.go:224.64,226.4 1 1
github.com/kudig/kudig/pkg/analyzer/kubernetes/gpu.go:227.3,227.67 1 1
github.com/kudig/kudig/pkg/analyzer/kubernetes/gpu.go:227.67,229.4 1 0
github.com/kudig/kudig/pkg/analyzer/kubernetes/gpu.go:231.2,231.14 1 1
github.com/kudig/kudig/pkg/analyzer/kubernetes/gpu.go:234.119,240.43 4 1
github.com/kudig/kudig/pkg/analyzer/kubernetes/gpu.go:240.43,241.46 1 1
github.com/kudig/kudig/pkg/analyzer/kubernetes/gpu.go:241.46,242.80 1 1
github.com/kudig/kudig/pkg/analyzer/kubernetes/gpu.go:242.80,244.53 1 1
github.com/kudig/kudig/pkg/analyzer/kubernetes/gpu.go:244.53,253.6 2 1
github.com/kudig/kudig/pkg/analyzer/kubernetes/gpu.go:259.2,259.48 1 1
github.com/kudig/kudig/pkg/analyzer/kubernetes/gpu.go:259.48,261.14 2 1
github.com/kudig/kudig/pkg/analyzer/kubernetes/gpu.go:261.14,262.12 1 0
github.com/kudig/kudig/pkg/analyzer/kubernetes/gpu.go:266.3,267.54 2 1
github.com/kudig/kudig/pkg/analyzer/kubernetes/gpu.go:267.54,276.4 2 1
github.com/kudig/kudig/pkg/analyzer/kubernetes/gpu.go:279.3,279.33 1 1
github.com/kudig/kudig/pkg/analyzer/kubernetes/gpu.go:279.33,288.4 2 1
github.com/kudig/kudig/pkg/analyzer/kubernetes/gpu.go:292.2,292.38 1 1
github.com/kudig/kudig/pkg/analyzer/kubernetes/gpu.go:292.38,295.17 2 1
github.com/kudig/kudig/pkg/analyzer/kubernetes/gpu.go:295.17,296.68 1 0
github.com/kudig/kudig/pkg/analyzer/kubernetes/gpu.go:296.68,300.5 1 0
github.com/kudig/kudig/pkg/analyzer/kubernetes/gpu.go:304.2,304.15 1 1
github.com/kudig/kudig/pkg/analyzer/kubernetes/gpu.go:313.46,322.2 1 1
github.com/kudig/kudig/pkg/analyzer/kubernetes/gpu.go:325.108,328.26 2 0
github.com/kudig/kudig/pkg/analyzer/kubernetes/gpu.go:328.26,330.3 1 0
github.com/kudig/kudig/pkg/analyzer/kubernetes/gpu.go:332.2,338.16 3 0
github.com/kudig/kudig/pkg/analyzer/kubernetes/gpu.go:338.16,339.39 1 0
github.com/kudig/kudig/pkg/analyzer/kubernetes/gpu.go:339.39,340.43 1 0
github.com/kudig/kudig/pkg/analyzer/kubernetes/gpu.go:340.43,341.48 1 0
github.com/kudig/kudig/pkg/analyzer/kubernetes/gpu.go:341.48,343.59 1 0
github.com/kudig/kudig/pkg/analyzer/kubernetes/gpu.go:343.59,354.7 3 0
github.com/kudig/kudig/pkg/analyzer/kubernetes/gpu.go:361.2,362.50 2 0
github.com/kudig/kudig/pkg/analyzer/kubernetes/gpu.go:362.50,363.45 1 0
github.com/kudig/kudig/pkg/analyzer/kubernetes/gpu.go:363.45,364.45 1 0
github.com/kudig/kudig/pkg/analyzer/kubernetes/gpu.go:364.45,374.5 3 0
github.com/kudig/kudig/pkg/analyzer/kubernetes/gpu.go:378.2,378.20 1 0
github.com/kudig/kudig/pkg/analyzer/kubernetes/gpu.go:387.36,396.2 1 1
github.com/kudig/kudig/pkg/analyzer/kubernetes/gpu.go:399.103,402.26 2 1
github.com/kudig/kudig/pkg/analyzer/kubernetes/gpu.go:402.26,404.3 1 0
github.com/kudig/kudig/pkg/analyzer/kubernetes/gpu.go:406.2,412.16 3 1
github.com/kudig/kudig/pkg/analyzer/kubernetes/gpu.go:412.16,415.39 2 0
github.com/kudig/kudig/pkg/analyzer/kubernetes/gpu.go:415.39,416.60 1 0
github.com/kudig/kudig/pkg/analyzer/kubernetes/gpu.go:416.60,418.5 1 0
github.com/kudig/kudig/pkg/analyzer/kubernetes/gpu.go:422.2,422.35 1 1
github.com/kudig/kudig/pkg/analyzer/kubernetes/gpu.go:422.35,424.28 2 1
github.com/kudig/kudig/pkg/analyzer/kubernetes/gpu.go:424.28,425.12 1 0
github.com/kudig/kudig/pkg/analyzer/kubernetes/gpu.go:429.3,433.34 3 1
github.com/kudig/kudig/pkg/analyzer/kubernetes/gpu.go:433.34,434.85 1 1
github.com/kudig/kudig/pkg/analyzer/kubernetes/gpu.go:434.85,436.10 2 1
github.com/kudig/kudig/pkg/analyzer/kubernetes/gpu.go:440.3,440.21 1 1
github.com/kudig/kudig/pkg/analyzer/kubernetes/gpu.go:440.21,450.4 3 1
github.com/kudig/kudig/pkg/analyzer/kubernetes/gpu.go:453.2,453.20 1 1
github.com/kudig/kudig/pkg/analyzer/kubernetes/gpu.go:456.13,462.2 4 1
github.com/kudig/kudig/pkg/analyzer/kubernetes/kubernetes.go:22.38,31.2 1 1
github.com/kudig/kudig/pkg/analyzer/kubernetes/kubernetes.go:34.104,38.9 3 1
github.com/kudig/kudig/pkg/analyzer/kubernetes/kubernetes.go:38.9,41.10 2 1
github.com/kudig/kudig/pkg/analyzer/kubernetes/kubernetes.go:41.10,43.4 1 1
github.com/kudig/kudig/pkg/analyzer/kubernetes/kubernetes.go:46.2,49.19 3 1
github.com/kudig/kudig/pkg/analyzer/kubernetes/kubernetes.go:49.19,59.3 3 1
github.com/kudig/kudig/pkg/analyzer/kubernetes/kubernetes.go:61.2,61.20 1 1
github.com/kudig/kudig/pkg/analyzer/kubernetes/kubernetes.go:70.36,79.2 1 1
github.com/kudig/kudig/pkg/analyzer/kubernetes/kubernetes.go:82.103,86.9 3 1
github.com/kudig/kudig/pkg/analyzer/kubernetes/kubernetes.go:86.9,88.10 2 1
github.com/kudig/kudig/pkg/analyzer/kubernetes/kubernetes.go:88.10,90.4 1 0
github.com/kudig/kudig/pkg/analyzer/kubernetes/kubernetes.go:93.2,96.99 2 1
github.com/kudig/kudig/pkg/analyzer/kubernetes/kubernetes.go:96.99,107.3 4 1
github.com/kudig/kudig/pkg/analyzer/kubernetes/kubernetes.go:109.2,109.20 1 1
github.com/kudig/kudig/pkg/analyzer/kubernetes/kubernetes.go:118.52,127.2 1 1
github.com/kudig/kudig/pkg/analyzer/kubernetes/kubernetes.go:130.111,134.9 3 1
github.com/kudig/kudig/pkg/analyzer/kubernetes/kubernetes.go:134.9,136.10 2 0
github.com/kudig/kudig/pkg/analyzer/kubernetes/kubernetes.go:136.10,138.4 1 0
github.com/kudig/kudig/pkg/analyzer/kubernetes/kubernetes.go:141.2,143.58 2 1
github.com/kudig/kudig/pkg/analyzer/kubernetes/kubernetes.go:143.58,153.3 3 1
github.com/kudig/kudig/pkg/analyzer/kubernetes/kubernetes.go:153.8,153.65 1 1
github.com/kudig/kudig/pkg/analyzer/kubernetes/kubernetes.go:153.65,163.3 3 1
github.com/kudig/kudig/pkg/analyzer/kubernetes/kubernetes.go:165.2,165.20 1 1
github.com/kudig/kudig/pkg/analyzer/kubernetes/kubernetes.go:174.48,183.2 1 1
github.com/kudig/kudig/pkg/analyzer/kubernetes/kubernetes.go:186.109,190.9 3 1
github.com/kudig/kudig/pkg/analyzer/kubernetes/kubernetes.go:190.9,192.10 2 0
github.com/kudig/kudig/pkg/analyzer/kubernetes/kubernetes.go:192.10,194.4 1 0
github.com/kudig/kudig/pkg/analyzer/kubernetes/kubernetes.go:197.2,203.24 4 1
github.com/kudig/kudig/pkg/analyzer/kubernetes/kubernetes.go:203.24,213.3 3 1
github.com/kudig/kudig/pkg/analyzer/kubernetes/kubernetes.go:216.2,216.47 1 1
github.com/kudig/kudig/pkg/analyzer/kubernetes/kubernetes.go:216.47,227.3 4 1
github.com/kudig/kudig/pkg/analyzer/kubernetes/kubernetes.go:229.2,229.20 1 1
github.com/kudig/kudig/pkg/analyzer/kubernetes/kubernetes.go:238.50,247.2 1 1
github.com/kudig/kudig/pkg/analyzer/kubernetes/kubernetes.go:250.110,254.25 2 1
github.com/kudig/kudig/pkg/analyzer/kubernetes/kubernetes.go:254.25,256.17 2 1
github.com/kudig/kudig/pkg/analyzer/kubernetes/kubernetes.go:256.17,258.4 1 1
github.com/kudig/kudig/pkg/analyzer/kubernetes/kubernetes.go:262.2,263.9 2 1
github.com/kudig/kudig/pkg/analyzer/kubernetes/kubernetes.go:263.9,265.10 2 1
github.com/kudig/kudig/pkg/analyzer/kubernetes/kubernetes.go:265.10,268.4 1 1
github.com/kudig/kudig/pkg/analyzer/kubernetes/kubernetes.go:271.2,271.8 1 1
github.com/kudig/kudig/pkg/analyzer/kubernetes/kubernetes.go:271.8,274.3 2 1
github.com/kudig/kudig/pkg/analyzer/kubernetes/kubernetes.go:276.2,276.20 1 1
github.com/kudig/kudig/pkg/analyzer/kubernetes/kubernetes.go:283.26,285.16 2 1
github.com/kudig/kudig/pkg/analyzer/kubernetes/kubernetes.go:285.16,287.3 1 1
github.com/kudig/kudig/pkg/analyzer/kubernetes/kubernetes.go:289.2,290.29 2 1
github.com/kudig/kudig/pkg/analyzer/kubernetes/kubernetes.go:290.29,293.3 2 1
github.com/kudig/kudig/pkg/analyzer/kubernetes/kubernetes.go:295.2,295.20 1 1
github.com/kudig/kudig/pkg/analyzer/kubernetes/kubernetes.go:302.26,303.25 1 1
github.com/kudig/kudig/pkg/analyzer/kubernetes/kubernetes.go:303.25,305.17 2 1
github.com/kudig/kudig/pkg/analyzer/kubernetes/kubernetes.go:305.17,307.4 1 1
github.com/kudig/kudig/pkg/analyzer/kubernetes/kubernetes.go:308.3,308.35 1 1
github.com/kudig/kudig/pkg/analyzer/kubernetes/kubernetes.go:311.2,312.16 2 1
github.com/kudig/kudig/pkg/analyzer/kubernetes/kubernetes.go:312.16,314.3 1 0
github.com/kudig/kudig/pkg/analyzer/kubernetes/kubernetes.go:315.2,315.28 1 1
github.com/kudig/kudig/pkg/analyzer/kubernetes/kubernetes.go:319.82,322.46 2 1
github.com/kudig/kudig/pkg/analyzer/kubernetes/kubernetes.go:322.46,323.66 1 1
github.com/kudig/kudig/pkg/analyzer/kubernetes/kubernetes.go:323.66,326.4 2 1
github.com/kudig/kudig/pkg/analyzer/kubernetes/kubernetes.go:329.2,329.15 1 1
github.com/kudig/kudig/pkg/analyzer/kubernetes/kubernetes.go:336.16,337.19 1 1
github.com/kudig/kudig/pkg/analyzer/kubernetes/kubernetes.go:338.24,339.41 1 1
github.com/kudig/kudig/pkg/analyzer/kubernetes/kubernetes.go:340.31,341.44 1 1
github.com/kudig/kudig/pkg/analyzer/kubernetes/kubernetes.go:342.33,343.46 1 1
github.com/kudig/kudig/pkg/analyzer/kubernetes/kubernetes.go:344.30,345.43 1 1
github.com/kudig/kudig/pkg/analyzer/kubernetes/kubernetes.go:346.37,347.50 1 1
github.com/kudig/kudig/pkg/analyzer/kubernetes/kubernetes.go:349.2,349.12 1 0
github.com/kudig/kudig/pkg/analyzer/kubernetes/kubernetes.go:352.101,353.41 1 1
github.com/kudig/kudig/pkg/analyzer/kubernetes/kubernetes.go:353.41,355.3 1 1
github.com/kudig/kudig/pkg/analyzer/kubernetes/kubernetes.go:356.2,362.95 1 1
github.com/kudig/kudig/pkg/analyzer/kubernetes/kubernetes.go:365.104,366.41 1 1
github.com/kudig/kudig/pkg/analyzer/kubernetes/kubernetes.go:366.41,368.3 1 0
github.com/kudig/kudig/pkg/analyzer/kubernetes/kubernetes.go:369.2,375.88 1 1
github.com/kudig/kudig/pkg/analyzer/kubernetes/kubernetes.go:378.106,379.41 1 1
github.com/kudig/kudig/pkg/analyzer/kubernetes/kubernetes.go:379.41,381.3 1 0
github.com/kudig/kudig/pkg/analyzer/kubernetes/kubernetes.go:382.2,388.73 1 1
github.com/kudig/kudig/pkg/analyzer/kubernetes/kubernetes.go:391.103,392.41 1 1
github.com/kudig/kudig/pkg/analyzer/kubernetes/kubernetes.go:392.41,394.3 1 0
github.com/kudig/kudig/pkg/analyzer/kubernetes/kubernetes.go:395.2,401.77 1 1
github.com/kudig/kudig/pkg/analyzer/kubernetes/kubernetes.go:407.16,408.41 1 1
github.com/kudig/kudig/pkg/analyzer/kubernetes/kubernetes.go:408.41,410.3 1 0
github.com/kudig/kudig/pkg/analyzer/kubernetes/kubernetes.go:411.2,417.64 1 1
github.com/kudig/kudig/pkg/analyzer/kubernetes/kubernetes.go:421.78,424.41 2 1
github.com/kudig/kudig/pkg/analyzer/kubernetes/kubernetes.go:424.41,425.72 1 1
github.com/kudig/kudig/pkg/analyzer/kubernetes/kubernetes.go:425.72,428.4 2 1
github.com/kudig/kudig/pkg/analyzer/kubernetes/kubernetes.go:431.2,431.15 1 1
github.com/kudig/kudig/pkg/analyzer/kubernetes/kubernetes.go:437.16,438.50 1 1
github.com/kudig/kudig/pkg/analyzer/kubernetes/kubernetes.go:438.50,440.3 1 0
github.com/kudig/kudig/pkg/analyzer/kubernetes/kubernetes.go:441.2,441.53 1 1
github.com/kudig/kudig/pkg/analyzer/kubernetes/kubernetes.go:441.53,443.3 1 0
github.com/kudig/kudig/pkg/analyzer/kubernetes/kubernetes.go:444.2,450.71 1 1
github.com/kudig/kudig/pkg/analyzer/kubernetes/kubernetes.go:454.76,458.80 2 1
github.com/kudig/kudig/pkg/analyzer/kubernetes/kubernetes.go:458.80,468.3 3 1
github.com/kudig/kudig/pkg/analyzer/kubernetes/kubernetes.go:471.2,471.47 1 1
github.com/kudig/kudig/pkg/analyzer/kubernetes/kubernetes.go:471.47,481.3 3 1
github.com/kudig/kudig/pkg/analyzer/kubernetes/kubernetes.go:484.2,484.49 1 1
github.com/kudig/kudig/pkg/analyzer/kubernetes/kubernetes.go:484.49,494.3 3 1
github.com/kudig/kudig/pkg/analyzer/kubernetes/kubernetes.go:497.2,497.86 1 1
github.com/kudig/kudig/pkg/analyzer/kubernetes/kubernetes.go:497.86,508.3 4 1
github.com/kudig/kudig/pkg/analyzer/kubernetes/kubernetes.go:510.2,510.15 1 1
github.com/kudig/kudig/pkg/analyzer/kubernetes/kubernetes.go:519.48,528.2 1 1
github.com/kudig/kudig/pkg/analyzer/kubernetes/kubernetes.go:531.109,535.25 2 1
github.com/kudig/kudig/pkg/analyzer/kubernetes/kubernetes.go:535.25,537.17 2 1
github.com/kudig/kudig/pkg/analyzer/kubernetes/kubernetes.go:537.17,539.4 1 1
github.com/kudig/kudig/pkg/analyzer/kubernetes/kubernetes.go:543.2,544.9 2 1
github.com/kudig/kudig/pkg/analyzer/kubernetes/kubernetes.go:544.9,546.3 1 1
github.com/kudig/kudig/pkg/analyzer/kubernetes/kubernetes.go:548.2,553.23 4 1
github.com/kudig/kudig/pkg/analyzer/kubernetes/kubernetes.go:553.23,563.3 3 1
github.com/kudig/kudig/pkg/analyzer/kubernetes/kubernetes.go:565.2,565.20 1 1
github.com/kudig/kudig/pkg/analyzer/kubernetes/kubernetes.go:569.115,574.16 3 1
github.com/kudig/kudig/pkg/analyzer/kubernetes/kubernetes.go:574.16,576.3 1 0
github.com/kudig/kudig/pkg/analyzer/kubernetes/kubernetes.go:578.2,579.33 2 1
github.com/kudig/kudig/pkg/analyzer/kubernetes/kubernetes.go:579.33,580.51 1 1
github.com/kudig/kudig/pkg/analyzer/kubernetes/kubernetes.go:580.51,581.31 1 1
github.com/kudig/kudig/pkg/analyzer/kubernetes/kubernetes.go:581.31,583.65 2 1
github.com/kudig/kudig/pkg/analyzer/kubernetes/kubernetes.go:583.65,585.6 1 1
github.com/kudig/kudig/pkg/analyzer/kubernetes/kubernetes.go:590.2,590.44 1 1
github.com/kudig/kudig/pkg/analyzer/kubernetes/kubernetes.go:590.44,600.3 3 1
github.com/kudig/kudig/pkg/analyzer/kubernetes/kubernetes.go:602.2,602.20 1 1
github.com/kudig/kudig/pkg/analyzer/kubernetes/kubernetes.go:611.48,620.2 1 1
github.com/kudig/kudig/pkg/analyzer/kubernetes/kubernetes.go:623.109,626.26 2 1
github.com/kudig/kudig/pkg/analyzer/kubernetes/kubernetes.go:626.26,628.3 1 1
github.com/kudig/kudig/pkg/analyzer/kubernetes/kubernetes.go:630.2,631.25 2 1
github.com/kudig/kudig/pkg/analyzer/kubernetes/kubernetes.go:631.25,633.3 1 1
github.com/kudig/kudig/pkg/analyzer/kubernetes/kubernetes.go:635.2,636.16 2 1
github.com/kudig/kudig/pkg/analyzer/kubernetes/kubernetes.go:636.16,638.3 1 0
github.com/kudig/kudig/pkg/analyzer/kubernetes/kubernetes.go:640.2,645.33 5 1
github.com/kudig/kudig/pkg/analyzer/kubernetes/kubernetes.go:645.33,647.27 1 1
github.com/kudig/kudig/pkg/analyzer/kubernetes/kubernetes.go:648.26,649.17 1 1
github.com/kudig/kudig/pkg/analyzer/kubernetes/kubernetes.go:650.25,651.16 1 1
github.com/kudig/kudig/pkg/analyzer/kubernetes/kubernetes.go:655.3,655.51 1 1
github.com/kudig/kudig/pkg/analyzer/kubernetes/kubernetes.go:655.51,656.80 1 1
github.com/kudig/kudig/pkg/analyzer/kubernetes/kubernetes.go:656.80,658.5 1 1
github.com/kudig/kudig/pkg/analyzer/kubernetes/kubernetes.go:659.4,659.28 1 1
github.com/kudig/kudig/pkg/analyzer/kubernetes/kubernetes.go:659.28,661.5 1 1
github.com/kudig/kudig/pkg/analyzer/kubernetes/kubernetes.go:665.2,665.23 1 1
github.com/kudig/kudig/pkg/analyzer/kubernetes/kubernetes.go:665.23,675.3 3 1
github.com/kudig/kudig/pkg/analyzer/kubernetes/kubernetes.go:677.2,677.21 1 1
github.com/kudig/kudig/pkg/analyzer/kubernetes/kubernetes.go:677.21,687.3 3 1
github.com/kudig/kudig/pkg/analyzer/kubernetes/kubernetes.go:689.2,689.20 1 1
github.com/kudig/kudig/pkg/analyzer/kubernetes/kubernetes.go:689.20,699.3 3 1
github.com/kudig/kudig/pkg/analyzer/kubernetes/kubernetes.go:701.2,701.25 1 1
github.com/kudig/kudig/pkg/analyzer/kubernetes/kubernetes.go:701.25,711.3 3 1
github.com/kudig/kudig/pkg/analyzer/kubernetes/kubernetes.go:713.2,713.20 1 1
github.com/kudig/kudig/pkg/analyzer/kubernetes/kubernetes.go:722.40,731.2 1 1
github.com/kudig/kudig/pkg/analyzer/kubernetes/kubernetes.go:734.105,737.26 2 1
github.com/kudig/kudig/pkg/analyzer/kubernetes/kubernetes.go:737.26,739.3 1 1
github.com/kudig/kudig/pkg/analyzer/kubernetes/kubernetes.go:741.2,742.16 2 1
github.com/kudig/kudig/pkg/analyzer/kubernetes/kubernetes.go:742.16,744.3 1 0
github.com/kudig/kudig/pkg/analyzer/kubernetes/kubernetes.go:746.2,748.37 2 1
github.com/kudig/kudig/pkg/analyzer/kubernetes/kubernetes.go:748.37,749.30 1 1
github.com/kudig/kudig/pkg/analyzer/kubernetes/kubernetes.go:749.30,751.4 1 1
github.com/kudig/kudig/pkg/analyzer/kubernetes/kubernetes.go:755.2,765.44 2 1
github.com/kudig/kudig/pkg/analyzer/kubernetes/kubernetes.go:765.44,766.58 1 1
github.com/kudig/kudig/pkg/analyzer/kubernetes/kubernetes.go:766.58,768.63 2 1
github.com/kudig/kudig/pkg/analyzer/kubernetes/kubernetes.go:768.63,770.5 1 1
github.com/kudig/kudig/pkg/analyzer/kubernetes/kubernetes.go:772.4,780.35 3 1
github.com/kudig/kudig/pkg/analyzer/kubernetes/kubernetes.go:784.2,784.20 1 1
github.com/kudig/kudig/pkg/analyzer/kubernetes/kubernetes.go:788.13,797.2 8 1
github.com/kudig/kudig/pkg/analyzer/kubernetes/storage.go:23.36,32.2 1 1
github.com/kudig/kudig/pkg/analyzer/kubernetes/storage.go:35.103,38.26 2 1
github.com/kudig/kudig/pkg/analyzer/kubernetes/storage.go:38.26,40.3 1 0
github.com/kudig/kudig/pkg/analyzer/kubernetes/storage.go:42.2,45.16 3 1
github.com/kudig/kudig/pkg/analyzer/kubernetes/storage.go:45.16,47.3 1 0
github.com/kudig/kudig/pkg/analyzer/kubernetes/storage.go:49.2,49.33 1 1
github.com/kudig/kudig/pkg/analyzer/kubernetes/storage.go:49.33,51.28 2 1
github.com/kudig/kudig/pkg/analyzer/kubernetes/storage.go:51.28,54.4 2 1
github.com/kudig/kudig/pkg/analyzer/kubernetes/storage.go:57.2,57.20 1 1
github.com/kudig/kudig/pkg/analyzer/kubernetes/storage.go:60.81,65.26 4 1
github.com/kudig/kudig/pkg/analyzer/kubernetes/storage.go:66.27,69.26 2 1
github.com/kudig/kudig/pkg/analyzer/kubernetes/storage.go:69.26,78.4 2 1
github.com/kudig/kudig/pkg/analyzer/kubernetes/storage.go:79.24,87.34 2 1
github.com/kudig/kudig/pkg/analyzer/kubernetes/storage.go:91.2,91.89 1 1
github.com/kudig/kudig/pkg/analyzer/kubernetes/storage.go:91.89,100.3 2 0
github.com/kudig/kudig/pkg/analyzer/kubernetes/storage.go:102.2,102.15 1 1
github.com/kudig/kudig/pkg/analyzer/kubernetes/storage.go:111.34,120.2 1 1
github.com/kudig/kudig/pkg/analyzer/kubernetes/storage.go:123.102,126.26 2 1
github.com/kudig/kudig/pkg/analyzer/kubernetes/storage.go:126.26,128.3 1 0
github.com/kudig/kudig/pkg/analyzer/kubernetes/storage.go:130.2,133.16 3 1
github.com/kudig/kudig/pkg/analyzer/kubernetes/storage.go:133.16,135.3 1 0
github.com/kudig/kudig/pkg/analyzer/kubernetes/storage.go:137.2,137.31 1 1
github.com/kudig/kudig/pkg/analyzer/kubernetes/storage.go:137.31,139.27 2 1
github.com/kudig/kudig/pkg/analyzer/kubernetes/storage.go:139.27,142.4 2 1
github.com/kudig/kudig/pkg/analyzer/kubernetes/storage.go:145.2,145.20 1 1
github.com/kudig/kudig/pkg/analyzer/kubernetes/storage.go:148.73,152.25 3 1
github.com/kudig/kudig/pkg/analyzer/kubernetes/storage.go:153.27,161.34 2 1
github.com/kudig/kudig/pkg/analyzer/kubernetes/storage.go:162.29,165.106 2 1
github.com/kudig/kudig/pkg/analyzer/kubernetes/storage.go:165.106,175.4 2 1
github.com/kudig/kudig/pkg/analyzer/kubernetes/storage.go:179.2,180.46 2 1
github.com/kudig/kudig/pkg/analyzer/kubernetes/storage.go:180.46,189.3 2 1
github.com/kudig/kudig/pkg/analyzer/kubernetes/storage.go:191.2,191.15 1 1
github.com/kudig/kudig/pkg/analyzer/kubernetes/storage.go:200.54,209.2 1 1
github.com/kudig/kudig/pkg/analyzer/kubernetes/storage.go:212.112,215.26 2 1
github.com/kudig/kudig/pkg/analyzer/kubernetes/storage.go:215.26,217.3 1 0
github.com/kudig/kudig/pkg/analyzer/kubernetes/storage.go:219.2,222.16 3 1
github.com/kudig/kudig/pkg/analyzer/kubernetes/storage.go:222.16,224.3 1 0
github.com/kudig/kudig/pkg/analyzer/kubernetes/storage.go:227.2,228.27 2 1
github.com/kudig/kudig/pkg/analyzer/kubernetes/storage.go:228.27,230.78 2 1
github.com/kudig/kudig/pkg/analyzer/kubernetes/storage.go:230.78,232.9 2 1
github.com/kudig/kudig/pkg/analyzer/kubernetes/storage.go:236.2,236.22 1 1
github.com/kudig/kudig/pkg/analyzer/kubernetes/storage.go:236.22,246.3 3 1
github.com/kudig/kudig/pkg/analyzer/kubernetes/storage.go:249.2,249.31 1 1
github.com/kudig/kudig/pkg/analyzer/kubernetes/storage.go:249.31,251.27 2 1
github.com/kudig/kudig/pkg/analyzer/kubernetes/storage.go:251.27,254.4 2 1
github.com/kudig/kudig/pkg/analyzer/kubernetes/storage.go:257.2,257.20 1 1
github.com/kudig/kudig/pkg/analyzer/kubernetes/storage.go:260.92,264.29 2 1
github.com/kudig/kudig/pkg/analyzer/kubernetes/storage.go:264.29,273.3 2 1
github.com/kudig/kudig/pkg/analyzer/kubernetes/storage.go:276.2,276.94 1 1
github.com/kudig/kudig/pkg/analyzer/kubernetes/storage.go:276.94,279.89 1 0
github.com/kudig/kudig/pkg/analyzer/kubernetes/storage.go:279.89,289.4 2 0
github.com/kudig/kudig/pkg/analyzer/kubernetes/storage.go:292.2,292.15 1 1
github.com/kudig/kudig/pkg/analyzer/kubernetes/storage.go:301.62,310.2 1 1
github.com/kudig/kudig/pkg/analyzer/kubernetes/storage.go:313.116,316.26 2 1
github.com/kudig/kudig/pkg/analyzer/kubernetes/storage.go:316.26,318.3 1 0
github.com/kudig/kudig/pkg/analyzer/kubernetes/storage.go:320.2,323.16 3 1
github.com/kudig/kudig/pkg/analyzer/kubernetes/storage.go:323.16,325.3 1 0
github.com/kudig/kudig/pkg/analyzer/kubernetes/storage.go:327.2,327.31 1 1
github.com/kudig/kudig/pkg/analyzer/kubernetes/storage.go:327.31,328.26 1 1
github.com/kudig/kudig/pkg/analyzer/kubernetes/storage.go:328.26,330.50 2 1
github.com/kudig/kudig/pkg/analyzer/kubernetes/storage.go:330.50,332.5 1 1
github.com/kudig/kudig/pkg/analyzer/kubernetes/storage.go:333.4,341.35 3 1
github.com/kudig/kudig/pkg/analyzer/kubernetes/storage.go:345.2,345.20 1 1
github.com/kudig/kudig/pkg/analyzer/kubernetes/storage.go:354.48,363.2 1 1
github.com/kudig/kudig/pkg/analyzer/kubernetes/storage.go:366.109,369.26 2 1
github.com/kudig/kudig/pkg/analyzer/kubernetes/storage.go:369.26,371.3 1 0
github.com/kudig/kudig/pkg/analyzer/kubernetes/storage.go:373.2,376.16 3 1
github.com/kudig/kudig/pkg/analyzer/kubernetes/storage.go:376.16,378.3 1 0
github.com/kudig/kudig/pkg/analyzer/kubernetes/storage.go:380.2,380.39 1 1
github.com/kudig/kudig/pkg/analyzer/kubernetes/storage.go:380.39,386.17 3 1
github.com/kudig/kudig/pkg/analyzer/kubernetes/storage.go:386.17,387.12 1 0
github.com/kudig/kudig/pkg/analyzer/kubernetes/storage.go:390.3,390.27 1 1
github.com/kudig/kudig/pkg/analyzer/kubernetes/storage.go:390.27,396.4 2 1
github.com/kudig/kudig/pkg/analyzer/kubernetes/storage.go:398.3,398.27 1 1
github.com/kudig/kudig/pkg/analyzer/kubernetes/storage.go:398.27,408.4 3 1
github.com/kudig/kudig/pkg/analyzer/kubernetes/storage.go:411.2,411.20 1 1
github.com/kudig/kudig/pkg/analyzer/kubernetes/storage.go:420.50,429.2 1 1
github.com/kudig/kudig/pkg/analyzer/kubernetes/storage.go:432.110,435.26 2 1
github.com/kudig/kudig/pkg/analyzer/kubernetes/storage.go:435.26,437.3 1 0
github.com/kudig/kudig/pkg/analyzer/kubernetes/storage.go:439.2,442.16 3 1
github.com/kudig/kudig/pkg/analyzer/kubernetes/storage.go:442.16,444.3 1 0
github.com/kudig/kudig/pkg/analyzer/kubernetes/storage.go:446.2,446.33 1 1
github.com/kudig/kudig/pkg/analyzer/kubernetes/storage.go:446.33,448.44 1 1
github.com/kudig/kudig/pkg/analyzer/kubernetes/storage.go:448.44,449.47 1 1
github.com/kudig/kudig/pkg/analyzer/kubernetes/storage.go:449.47,450.81 1 1
github.com/kudig/kudig/pkg/analyzer/kubernetes/storage.go:450.81,451.93 1 1
github.com/kudig/kudig/pkg/analyzer/kubernetes/storage.go:451.93,461.7 3 1
github.com/kudig/kudig/pkg/analyzer/kubernetes/storage.go:467.2,467.20 1 1
github.com/kudig/kudig/pkg/analyzer/kubernetes/storage.go:470.13,478.2 6 1
github.com/kudig/kudig/pkg/analyzer/kubernetes/workload.go:21.50,30.2 1 1
github.com/kudig/kudig/pkg/analyzer/kubernetes/workload.go:33.110,36.26 2 1
github.com/kudig/kudig/pkg/analyzer/kubernetes/workload.go:36.26,38.3 1 0
github.com/kudig/kudig/pkg/analyzer/kubernetes/workload.go:41.2,43.26 3 1
github.com/kudig/kudig/pkg/analyzer/kubernetes/workload.go:43.26,45.3 1 0
github.com/kudig/kudig/pkg/analyzer/kubernetes/workload.go:47.2,48.16 2 1
github.com/kudig/kudig/pkg/analyzer/kubernetes/workload.go:48.16,50.3 1 0
github.com/kudig/kudig/pkg/analyzer/kubernetes/workload.go:52.2,52.43 1 1
github.com/kudig/kudig/pkg/analyzer/kubernetes/workload.go:52.43,54.3 1 1
github.com/kudig/kudig/pkg/analyzer/kubernetes/workload.go:56.2,56.20 1 1
github.com/kudig/kudig/pkg/analyzer/kubernetes/workload.go:59.87,67.21 5 1
github.com/kudig/kudig/pkg/analyzer/kubernetes/workload.go:67.21,69.32 2 1
github.com/kudig/kudig/pkg/analyzer/kubernetes/workload.go:69.32,71.4 1 1
github.com/kudig/kudig/pkg/analyzer/kubernetes/workload.go:73.3,81.34 3 1
github.com/kudig/kudig/pkg/analyzer/kubernetes/workload.go:85.2,85.90 1 1
github.com/kudig/kudig/pkg/analyzer/kubernetes/workload.go:85.90,88.49 1 0
github.com/kudig/kudig/pkg/analyzer/kubernetes/workload.go:88.49,89.74 1 0
github.com/kudig/kudig/pkg/analyzer/kubernetes/workload.go:89.74,99.5 3 0
github.com/kudig/kudig/pkg/analyzer/kubernetes/workload.go:104.2,104.25 1 1
github.com/kudig/kudig/pkg/analyzer/kubernetes/workload.go:104.25,114.3 3 1
github.com/kudig/kudig/pkg/analyzer/kubernetes/workload.go:116.2,116.15 1 1
github.com/kudig/kudig/pkg/analyzer/kubernetes/workload.go:125.52,134.2 1 1
github.com/kudig/kudig/pkg/analyzer/kubernetes/workload.go:137.111,140.26 2 1
github.com/kudig/kudig/pkg/analyzer/kubernetes/workload.go:140.26,142.3 1 0
github.com/kudig/kudig/pkg/analyzer/kubernetes/workload.go:144.2,145.26 2 1
github.com/kudig/kudig/pkg/analyzer/kubernetes/workload.go:145.26,147.3 1 0
github.com/kudig/kudig/pkg/analyzer/kubernetes/workload.go:149.2,150.16 2 1
github.com/kudig/kudig/pkg/analyzer/kubernetes/workload.go:150.16,152.3 1 0
github.com/kudig/kudig/pkg/analyzer/kubernetes/workload.go:154.2,154.41 1 1
github.com/kudig/kudig/pkg/analyzer/kubernetes/workload.go:154.41,156.3 1 1
github.com/kudig/kudig/pkg/analyzer/kubernetes/workload.go:158.2,158.20 1 1
github.com/kudig/kudig/pkg/analyzer/kubernetes/workload.go:161.87,169.21 5 1
github.com/kudig/kudig/pkg/analyzer/kubernetes/workload.go:169.21,171.32 2 1
github.com/kudig/kudig/pkg/analyzer/kubernetes/workload.go:171.32,173.4 1 0
github.com/kudig/kudig/pkg/analyzer/kubernetes/workload.go:175.3,183.34 3 1
github.com/kudig/kudig/pkg/analyzer/kubernetes/workload.go:187.2,187.42 1 1
github.com/kudig/kudig/pkg/analyzer/kubernetes/workload.go:187.42,197.3 3 1
github.com/kudig/kudig/pkg/analyzer/kubernetes/workload.go:200.2,200.23 1 1
github.com/kudig/kudig/pkg/analyzer/kubernetes/workload.go:200.23,210.3 3 1
github.com/kudig/kudig/pkg/analyzer/kubernetes/workload.go:212.2,212.15 1 1
github.com/kudig/kudig/pkg/analyzer/kubernetes/workload.go:221.48,230.2 1 1
github.com/kudig/kudig/pkg/analyzer/kubernetes/workload.go:233.109,236.26 2 1
github.com/kudig/kudig/pkg/analyzer/kubernetes/workload.go:236.26,238.3 1 0
github.com/kudig/kudig/pkg/analyzer/kubernetes/workload.go:240.2,241.26 2 1
github.com/kudig/kudig/pkg/analyzer/kubernetes/workload.go:241.26,243.3 1 0
github.com/kudig/kudig/pkg/analyzer/kubernetes/workload.go:245.2,246.16 2 1
github.com/kudig/kudig/pkg/analyzer/kubernetes/workload.go:246.16,248.3 1 0
github.com/kudig/kudig/pkg/analyzer/kubernetes/workload.go:250.2,250.38 1 1
github.com/kudig/kudig/pkg/analyzer/kubernetes/workload.go:250.38,252.3 1 1
github.com/kudig/kudig/pkg/analyzer/kubernetes/workload.go:254.2,254.20 1 1
github.com/kudig/kudig/pkg/analyzer/kubernetes/workload.go:257.80,265.48 5 1
github.com/kudig/kudig/pkg/analyzer/kubernetes/workload.go:265.48,275.3 3 0
github.com/kudig/kudig/pkg/analyzer/kubernetes/workload.go:278.2,278.21 1 1
github.com/kudig/kudig/pkg/analyzer/kubernetes/workload.go:278.21,280.32 2 1
github.com/kudig/kudig/pkg/analyzer/kubernetes/workload.go:280.32,282.4 1 0
github.com/kudig/kudig/pkg/analyzer/kubernetes/workload.go:284.3,292.34 3 1
github.com/kudig/kudig/pkg/analyzer/kubernetes/workload.go:296.2,296.25 1 1
github.com/kudig/kudig/pkg/analyzer/kubernetes/workload.go:296.25,306.3 3 1
github.com/kudig/kudig/pkg/analyzer/kubernetes/workload.go:309.2,309.38 1 1
github.com/kudig/kudig/pkg/analyzer/kubernetes/workload.go:309.38,319.3 3 1
github.com/kudig/kudig/pkg/analyzer/kubernetes/workload.go:321.2,321.15 1 1
github.com/kudig/kudig/pkg/analyzer/kubernetes/workload.go:330.68,339.2 1 1
github.com/kudig/kudig/pkg/analyzer/kubernetes/workload.go:342.119,345.26 2 1
github.com/kudig/kudig/pkg/analyzer/kubernetes/workload.go:345.26,347.3 1 0
github.com/kudig/kudig/pkg/analyzer/kubernetes/workload.go:349.2,350.26 2 1
github.com/kudig/kudig/pkg/analyzer/kubernetes/workload.go:350.26,352.3 1 0
github.com/kudig/kudig/pkg/analyzer/kubernetes/workload.go:354.2,355.16 2 1
github.com/kudig/kudig/pkg/analyzer/kubernetes/workload.go:355.16,357.3 1 0
github.com/kudig/kudig/pkg/analyzer/kubernetes/workload.go:359.2,359.33 1 1
github.com/kudig/kudig/pkg/analyzer/kubernetes/workload.go:359.33,361.41 1 1
github.com/kudig/kudig/pkg/analyzer/kubernetes/workload.go:361.41,363.93 1 1
github.com/kudig/kudig/pkg/analyzer/kubernetes/workload.go:363.93,373.5 3 1
github.com/kudig/kudig/pkg/analyzer/kubernetes/workload.go:377.2,377.20 1 1
github.com/kudig/kudig/pkg/analyzer/kubernetes/workload.go:380.13,386.2 4 1
github.com/kudig/kudig/pkg/analyzer/log/log.go:20.42,29.2 1 1
github.com/kudig/kudig/pkg/analyzer/log/log.go:32.104,43.35 3 1
github.com/kudig/kudig/pkg/analyzer/log/log.go:43.35,45.10 2 1
github.com/kudig/kudig/pkg/analyzer/log/log.go:45.10,46.12 1 1
github.com/kudig/kudig/pkg/analyzer/log/log.go:49.3,49.76 1 1
github.com/kudig/kudig/pkg/analyzer/log/log.go:52.2,52.20 1 1
github.com/kudig/kudig/pkg/analyzer/log/log.go:55.82,135.29 4 1
github.com/kudig/kudig/pkg/analyzer/log/log.go:135.29,137.30 2 1
github.com/kudig/kudig/pkg/analyzer/log/log.go:137.30,138.35 1 1
github.com/kudig/kudig/pkg/analyzer/log/log.go:138.35,140.5 1 1
github.com/kudig/kudig/pkg/analyzer/log/log.go:143.3,143.27 1 1
github.com/kudig/kudig/pkg/analyzer/log/log.go:143.27,153.4 3 1
github.com/kudig/kudig/pkg/analyzer/log/log.go:156.2,156.15 1 1
github.com/kudig/kudig/pkg/analyzer/log/log.go:165.50,174.2 1 1
github.com/kudig/kudig/pkg/analyzer/log/log.go:177.108,187.43 3 1
github.com/kudig/kudig/pkg/analyzer/log/log.go:187.43,189.10 2 1
github.com/kudig/kudig/pkg/analyzer/log/log.go:189.10,190.12 1 1
github.com/kudig/kudig/pkg/analyzer/log/log.go:193.3,193.84 1 1
github.com/kudig/kudig/pkg/analyzer/log/log.go:196.2,196.20 1 1
github.com/kudig/kudig/pkg/analyzer/log/log.go:199.90,262.29 4 1
github.com/kudig/kudig/pkg/analyzer/log/log.go:262.29,264.30 2 1
github.com/kudig/kudig/pkg/analyzer/log/log.go:264.30,265.35 1 1
github.com/kudig/kudig/pkg/analyzer/log/log.go:265.35,267.5 1 1
github.com/kudig/kudig/pkg/analyzer/log/log.go:270.3,270.27 1 1
github.com/kudig/kudig/pkg/analyzer/log/log.go:270.27,280.4 3 1
github.com/kudig/kudig/pkg/analyzer/log/log.go:283.2,283.15 1 1
github.com/kudig/kudig/pkg/analyzer/log/log.go:292.50,301.2 1 1
github.com/kudig/kudig/pkg/analyzer/log/log.go:304.108,312.35 3 1
github.com/kudig/kudig/pkg/analyzer/log/log.go:312.35,314.10 2 1
github.com/kudig/kudig/pkg/analyzer/log/log.go:314.10,315.12 1 1
github.com/kudig/kudig/pkg/analyzer/log/log.go:318.3,318.80 1 1
github.com/kudig/kudig/pkg/analyzer/log/log.go:321.2,321.20 1 1
github.com/kudig/kudig/pkg/analyzer/log/log.go:324.90,386.29 4 1
github.com/kudig/kudig/pkg/analyzer/log/log.go:386.29,388.30 2 1
github.com/kudig/kudig/pkg/analyzer/log/log.go:388.30,389.35 1 1
github.com/kudig/kudig/pkg/analyzer/log/log.go:389.35,391.5 1 1
github.com/kudig/kudig/pkg/analyzer/log/log.go:394.3,394.27 1 1
github.com/kudig/kudig/pkg/analyzer/log/log.go:394.27,404.4 3 1
github.com/kudig/kudig/pkg/analyzer/log/log.go:407.2,407.15 1 1
github.com/kudig/kudig/pkg/analyzer/log/log.go:411.13,415.2 3 1
github.com/kudig/kudig/pkg/analyzer/network/network.go:21.48,30.2 1 1
github.com/kudig/kudig/pkg/analyzer/network/network.go:33.107,37.9 3 1
github.com/kudig/kudig/pkg/analyzer/network/network.go:37.9,39.3 1 1
github.com/kudig/kudig/pkg/analyzer/network/network.go:41.2,48.32 5 1
github.com/kudig/kudig/pkg/analyzer/network/network.go:48.32,49.21 1 1
github.com/kudig/kudig/pkg/analyzer/network/network.go:49.21,52.58 2 1
github.com/kudig/kudig/pkg/analyzer/network/network.go:52.58,54.5 1 1
github.com/kudig/kudig/pkg/analyzer/network/network.go:58.2,58.29 1 1
github.com/kudig/kudig/pkg/analyzer/network/network.go:58.29,68.3 3 1
github.com/kudig/kudig/pkg/analyzer/network/network.go:70.2,70.20 1 1
github.com/kudig/kudig/pkg/analyzer/network/network.go:79.40,88.2 1 1
github.com/kudig/kudig/pkg/analyzer/network/network.go:91.103,95.9 3 0
github.com/kudig/kudig/pkg/analyzer/network/network.go:95.9,97.3 1 0
github.com/kudig/kudig/pkg/analyzer/network/network.go:99.2,101.47 2 0
[...]
github.com/kudig/kudig/pkg/reporter/text.go:127.33,129.4 1 1
github.com/kudig/kudig/pkg/reporter/text.go:131.2,131.15 1 1
github.com/kudig/kudig/pkg/reporter/text.go:135.60,139.31 3 1
github.com/kudig/kudig/pkg/reporter/text.go:139.31,141.17 2 1
github.com/kudig/kudig/pkg/reporter/text.go:141.17,144.4 2 1
github.com/kudig/kudig/pkg/reporter/text.go:146.2,146.15 1 1
github.com/kudig/kudig/pkg/reporter/text.go:150.63,160.2 8 1
github.com/kudig/kudig/pkg/reporter/text.go:163.13,165.2 1 1
github.com/kudig/kudig/pkg/rules/analyzer.go:17.52,27.2 1 0
github.com/kudig/kudig/pkg/rules/analyzer.go:30.104,32.2 1 0
github.com/kudig/kudig/pkg/rules/analyzer.go:35.42,39.2 3 0
github.com/kudig/kudig/pkg/rules/analyzer.go:42.61,44.44 2 0
github.com/kudig/kudig/pkg/rules/analyzer.go:44.44,46.3 1 0
github.com/kudig/kudig/pkg/rules/analyzer.go:47.2,47.37 1 0
github.com/kudig/kudig/pkg/rules/analyzer.go:51.63,53.46 2 0
github.com/kudig/kudig/pkg/rules/analyzer.go:53.46,55.3 1 0
github.com/kudig/kudig/pkg/rules/analyzer.go:56.2,56.37 1 0
github.com/kudig/kudig/pkg/rules/engine.go:18.40,22.2 1 1
github.com/kudig/kudig/pkg/rules/engine.go:25.99,29.29 3 1
github.com/kudig/kudig/pkg/rules/engine.go:29.29,30.10 1 1
github.com/kudig/kudig/pkg/rules/engine.go:31.21,32.28 1 1
github.com/kudig/kudig/pkg/rules/engine.go:33.11,33.11 0 1
github.com/kudig/kudig/pkg/rules/engine.go:36.3,37.17 2 1
github.com/kudig/kudig/pkg/rules/engine.go:37.17,39.12 1 1
github.com/kudig/kudig/pkg/rules/engine.go:42.3,42.14 1 1
github.com/kudig/kudig/pkg/rules/engine.go:42.14,45.4 2 1
github.com/kudig/kudig/pkg/rules/engine.go:48.2,48.20 1 1
github.com/kudig/kudig/pkg/rules/engine.go:56.26,60.29 3 1
github.com/kudig/kudig/pkg/rules/engine.go:60.29,61.10 1 1
github.com/kudig/kudig/pkg/rules/engine.go:62.21,63.28 1 1
github.com/kudig/kudig/pkg/rules/engine.go:64.11,64.11 0 1
github.com/kudig/kudig/pkg/rules/engine.go:67.3,68.17 2 1
github.com/kudig/kudig/pkg/rules/engine.go:68.17,69.12 1 0
github.com/kudig/kudig/pkg/rules/engine.go:72.3,72.14 1 1
github.com/kudig/kudig/pkg/rules/engine.go:72.14,75.4 2 1
github.com/kudig/kudig/pkg/rules/engine.go:78.2,78.20 1 1
github.com/kudig/kudig/pkg/rules/engine.go:85.62,87.2 1 1
github.com/kudig/kudig/pkg/rules/engine.go:93.62,94.19 1 1
github.com/kudig/kudig/pkg/rules/engine.go:95.23,96.40 1 1
github.com/kudig/kudig/pkg/rules/engine.go:97.21,98.38 1 1
github.com/kudig/kudig/pkg/rules/engine.go:99.26,100.43 1 1
github.com/kudig/kudig/pkg/rules/engine.go:101.13,102.31 1 1
github.com/kudig/kudig/pkg/rules/engine.go:103.12,104.30 1 1
github.com/kudig/kudig/pkg/rules/engine.go:105.10,106.76 1 1
github.com/kudig/kudig/pkg/rules/engine.go:111.109,113.9 2 1
github.com/kudig/kudig/pkg/rules/engine.go:113.9,115.3 1 1
github.com/kudig/kudig/pkg/rules/engine.go:118.2,119.16 2 1
github.com/kudig/kudig/pkg/rules/engine.go:119.16,121.54 1 1
github.com/kudig/kudig/pkg/rules/engine.go:121.54,123.44 2 1
github.com/kudig/kudig/pkg/rules/engine.go:123.44,125.5 1 0
github.com/kudig/kudig/pkg/rules/engine.go:126.4,128.42 3 1
github.com/kudig/kudig/pkg/rules/engine.go:130.3,130.41 1 0
github.com/kudig/kudig/pkg/rules/engine.go:133.2,136.15 3 1
github.com/kudig/kudig/pkg/rules/engine.go:136.15,137.43 1 1
github.com/kudig/kudig/pkg/rules/engine.go:137.43,139.4 1 1
github.com/kudig/kudig/pkg/rules/engine.go:140.3,142.41 3 1
github.com/kudig/kudig/pkg/rules/engine.go:145.2,145.40 1 1
github.com/kudig/kudig/pkg/rules/engine.go:149.107,151.9 2 1
github.com/kudig/kudig/pkg/rules/engine.go:151.9,153.3 1 1
github.com/kudig/kudig/pkg/rules/engine.go:155.2,156.16 2 1
github.com/kudig/kudig/pkg/rules/engine.go:156.16,158.3 1 1
github.com/kudig/kudig/pkg/rules/engine.go:160.2,161.17 2 1
github.com/kudig/kudig/pkg/rules/engine.go:161.17,165.3 3 1
github.com/kudig/kudig/pkg/rules/engine.go:167.2,167.40 1 1
github.com/kudig/kudig/pkg/rules/engine.go:171.112,172.31 1 1
github.com/kudig/kudig/pkg/rules/engine.go:172.31,174.3 1 1
github.com/kudig/kudig/pkg/rules/engine.go:176.2,179.21 3 1
github.com/kudig/kudig/pkg/rules/engine.go:180.23,183.38 2 1
github.com/kudig/kudig/pkg/rules/engine.go:183.38,185.4 1 1
github.com/kudig/kudig/pkg/rules/engine.go:186.3,186.15 1 1
github.com/kudig/kudig/pkg/rules/engine.go:187.23,189.38 2 1
github.com/kudig/kudig/pkg/rules/engine.go:189.38,191.4 1 1
github.com/kudig/kudig/pkg/rules/engine.go:192.3,192.15 1 1
github.com/kudig/kudig/pkg/rules/engine.go:193.24,195.38 2 1
github.com/kudig/kudig/pkg/rules/engine.go:195.38,197.4 1 1
github.com/kudig/kudig/pkg/rules/engine.go:198.3,198.15 1 1
github.com/kudig/kudig/pkg/rules/engine.go:199.26,200.38 1 1
github.com/kudig/kudig/pkg/rules/engine.go:200.38,204.4 3 1
github.com/kudig/kudig/pkg/rules/engine.go:205.31,206.38 1 1
github.com/kudig/kudig/pkg/rules/engine.go:206.38,209.4 2 1
github.com/kudig/kudig/pkg/rules/engine.go:210.27,211.39 1 1
github.com/kudig/kudig/pkg/rules/engine.go:211.39,215.4 3 1
github.com/kudig/kudig/pkg/rules/engine.go:216.27,218.53 1 1
github.com/kudig/kudig/pkg/rules/engine.go:218.53,219.32 1 1
github.com/kudig/kudig/pkg/rules/engine.go:219.32,221.5 1 1
github.com/kudig/kudig/pkg/rules/engine.go:222.4,222.16 1 1
github.com/kudig/kudig/pkg/rules/engine.go:224.27,225.42 1 1
github.com/kudig/kudig/pkg/rules/engine.go:225.42,228.4 2 1
github.com/kudig/kudig/pkg/rules/engine.go:231.2,231.12 1 1
github.com/kudig/kudig/pkg/rules/engine.go:231.12,233.3 1 1
github.com/kudig/kudig/pkg/rules/engine.go:235.2,236.23 2 1
github.com/kudig/kudig/pkg/rules/engine.go:237.17,238.35 1 1
github.com/kudig/kudig/pkg/rules/engine.go:239.19,240.36 1 1
github.com/kudig/kudig/pkg/rules/engine.go:241.17,242.35 1 1
github.com/kudig/kudig/pkg/rules/engine.go:243.19,244.36 1 1
github.com/kudig/kudig/pkg/rules/engine.go:245.18,246.36 1 1
github.com/kudig/kudig/pkg/rules/engine.go:247.18,248.36 1 1
github.com/kudig/kudig/pkg/rules/engine.go:249.10,250.88 1 1
github.com/kudig/kudig/pkg/rules/engine.go:253.2,253.17 1 1
github.com/kudig/kudig/pkg/rules/engine.go:253.17,255.3 1 0
github.com/kudig/kudig/pkg/rules/engine.go:257.2,258.48 2 1
github.com/kudig/kudig/pkg/rules/engine.go:262.100,266.29 3 1
github.com/kudig/kudig/pkg/rules/engine.go:266.29,268.17 2 1
github.com/kudig/kudig/pkg/rules/engine.go:268.17,270.4 1 0
github.com/kudig/kudig/pkg/rules/engine.go:271.3,271.15 1 1
github.com/kudig/kudig/pkg/rules/engine.go:271.15,273.4 1 1
github.com/kudig/kudig/pkg/rules/engine.go:274.3,274.14 1 1
github.com/kudig/kudig/pkg/rules/engine.go:274.14,276.4 1 1
github.com/kudig/kudig/pkg/rules/engine.go:277.3,277.16 1 1
github.com/kudig/kudig/pkg/rules/engine.go:277.16,279.4 1 1
github.com/kudig/kudig/pkg/rules/engine.go:282.2,282.57 1 1
github.com/kudig/kudig/pkg/rules/engine.go:286.99,287.28 1 1
github.com/kudig/kudig/pkg/rules/engine.go:287.28,289.17 2 1
github.com/kudig/kudig/pkg/rules/engine.go:289.17,290.12 1 0
github.com/kudig/kudig/pkg/rules/engine.go:292.3,292.14 1 1
github.com/kudig/kudig/pkg/rules/engine.go:292.14,294.4 1 1
github.com/kudig/kudig/pkg/rules/engine.go:297.2,297.27 1 1
github.com/kudig/kudig/pkg/rules/engine.go:301.50,302.22 1 1
github.com/kudig/kudig/pkg/rules/engine.go:302.22,304.3 1 1
github.com/kudig/kudig/pkg/rules/engine.go:305.2,305.27 1 1
github.com/kudig/kudig/pkg/rules/loader.go:17.26,21.2 1 1
github.com/kudig/kudig/pkg/rules/loader.go:24.46,26.16 2 1
github.com/kudig/kudig/pkg/rules/loader.go:26.16,28.3 1 1
github.com/kudig/kudig/pkg/rules/loader.go:30.2,31.55 2 1
github.com/kudig/kudig/pkg/rules/loader.go:31.55,33.3 1 1
github.com/kudig/kudig/pkg/rules/loader.go:36.2,36.37 1 1
github.com/kudig/kudig/pkg/rules/loader.go:36.37,37.20 1 1
github.com/kudig/kudig/pkg/rules/loader.go:37.20,39.4 1 1
github.com/kudig/kudig/pkg/rules/loader.go:40.3,40.22 1 1
github.com/kudig/kudig/pkg/rules/loader.go:40.22,42.4 1 1
github.com/kudig/kudig/pkg/rules/loader.go:43.3,43.26 1 1
github.com/kudig/kudig/pkg/rules/loader.go:43.26,45.4 1 1
github.com/kudig/kudig/pkg/rules/loader.go:47.3,47.20 1 1
github.com/kudig/kudig/pkg/rules/loader.go:47.20,49.4 1 1
github.com/kudig/kudig/pkg/rules/loader.go:52.2,53.12 2 1
github.com/kudig/kudig/pkg/rules/loader.go:57.44,59.16 2 1
github.com/kudig/kudig/pkg/rules/loader.go:59.16,61.3 1 0
github.com/kudig/kudig/pkg/rules/loader.go:63.2,63.32 1 1
github.com/kudig/kudig/pkg/rules/loader.go:63.32,64.20 1 1
github.com/kudig/kudig/pkg/rules/loader.go:64.20,65.12 1 0
github.com/kudig/kudig/pkg/rules/loader.go:68.3,69.38 2 1
github.com/kudig/kudig/pkg/rules/loader.go:69.38,70.12 1 1
github.com/kudig/kudig/pkg/rules/loader.go:73.3,74.42 2 1
github.com/kudig/kudig/pkg/rules/loader.go:74.42,76.4 1 0
github.com/kudig/kudig/pkg/rules/loader.go:79.2,79.12 1 1
github.com/kudig/kudig/pkg/rules/loader.go:83.38,247.2 3 1
github.com/kudig/kudig/pkg/rules/loader.go:250.39,252.32 2 1
github.com/kudig/kudig/pkg/rules/loader.go:252.32,253.30 1 1
github.com/kudig/kudig/pkg/rules/loader.go:253.30,254.17 1 1
github.com/kudig/kudig/pkg/rules/loader.go:254.17,256.5 1 1
github.com/kudig/kudig/pkg/rules/loader.go:259.2,259.14 1 1
github.com/kudig/kudig/pkg/rules/loader.go:263.61,265.32 2 1
github.com/kudig/kudig/pkg/rules/loader.go:265.32,266.30 1 1
github.com/kudig/kudig/pkg/rules/loader.go:266.30,267.43 1 1
github.com/kudig/kudig/pkg/rules/loader.go:267.43,269.5 1 1
github.com/kudig/kudig/pkg/rules/loader.go:272.2,272.14 1 1
github.com/kudig/kudig/pkg/rules/loader.go:276.47,277.32 1 1
github.com/kudig/kudig/pkg/rules/loader.go:277.32,278.30 1 1
github.com/kudig/kudig/pkg/rules/loader.go:278.30,279.18 1 1
github.com/kudig/kudig/pkg/rules/loader.go:279.18,281.5 1 1
github.com/kudig/kudig/pkg/rules/loader.go:284.2,284.12 1 1
github.com/kudig/kudig/pkg/rules/types.go:87.45,88.20 1 1
github.com/kudig/kudig/pkg/rules/types.go:89.28,90.32 1 1
github.com/kudig/kudig/pkg/rules/types.go:91.27,92.31 1 1
github.com/kudig/kudig/pkg/rules/types.go:93.24,94.28 1 1
github.com/kudig/kudig/pkg/rules/types.go:95.10,96.28 1 1
github.com/kudig/kudig/pkg/rules/types.go:101.63,111.2 3 1
github.com/kudig/kudig/pkg/scanner/image.go:22.38,27.2 1 1
github.com/kudig/kudig/pkg/scanner/image.go:60.90,62.29 1 0
github.com/kudig/kudig/pkg/scanner/image.go:62.29,64.3 1 0
github.com/kudig/kudig/pkg/scanner/image.go:67.2,73.16 3 0
github.com/kudig/kudig/pkg/scanner/image.go:73.16,75.3 1 0
github.com/kudig/kudig/pkg/scanner/image.go:78.2,78.42 1 0
github.com/kudig/kudig/pkg/scanner/image.go:82.50,85.2 2 1
github.com/kudig/kudig/pkg/scanner/image.go:88.91,113.61 3 1
github.com/kudig/kudig/pkg/scanner/image.go:113.61,116.3 1 1
github.com/kudig/kudig/pkg/scanner/image.go:119.2,119.40 1 1
github.com/kudig/kudig/pkg/scanner/image.go:119.40,120.39 1 1
github.com/kudig/kudig/pkg/scanner/image.go:120.39,134.22 3 1
github.com/kudig/kudig/pkg/scanner/image.go:135.20,136.30 1 1
github.com/kudig/kudig/pkg/scanner/image.go:137.16,138.26 1 1
github.com/kudig/kudig/pkg/scanner/image.go:139.18,140.28 1 0
github.com/kudig/kudig/pkg/scanner/image.go:141.15,142.25 1 0
github.com/kudig/kudig/pkg/scanner/image.go:144.4,144.26 1 1
github.com/kudig/kudig/pkg/scanner/image.go:148.2,148.20 1 1
github.com/kudig/kudig/pkg/scanner/image.go:152.46,167.37 10 1
github.com/kudig/kudig/pkg/scanner/image.go:167.37,169.44 2 1
github.com/kudig/kudig/pkg/scanner/image.go:169.44,170.15 1 1
github.com/kudig/kudig/pkg/scanner/image.go:170.15,172.10 2 0
github.com/kudig/kudig/pkg/scanner/image.go:174.4,177.23 4 1
github.com/kudig/kudig/pkg/scanner/image.go:177.23,179.5 1 0
github.com/kudig/kudig/pkg/scanner/image.go:180.4,180.24 1 1
github.com/kudig/kudig/pkg/scanner/image.go:184.2,184.20 1 1
github.com/kudig/kudig/pkg/scanner/image.go:188.47,208.2 1 1
github.com/kudig/kudig/pkg/tui/diagnosis.go:17.41,18.24 1 0
github.com/kudig/kudig/pkg/tui/diagnosis.go:18.24,32.3 1 0
github.com/kudig/kudig/pkg/tui/diagnosis.go:36.21,41.2 4 0
github.com/kudig/kudig/pkg/tui/model.go:63.40,63.58 1 1
github.com/kudig/kudig/pkg/tui/model.go:71.41,73.2 1 1
github.com/kudig/kudig/pkg/tui/model.go:76.35,78.48 2 1
github.com/kudig/kudig/pkg/tui/model.go:78.48,80.3 1 1
github.com/kudig/kudig/pkg/tui/model.go:80.8,80.54 1 1
github.com/kudig/kudig/pkg/tui/model.go:80.54,82.3 1 1
github.com/kudig/kudig/pkg/tui/model.go:82.8,82.51 1 1
github.com/kudig/kudig/pkg/tui/model.go:82.51,84.3 1 1
github.com/kudig/kudig/pkg/tui/model.go:85.2,85.59 1 1
github.com/kudig/kudig/pkg/tui/model.go:89.41,91.2 1 1
github.com/kudig/kudig/pkg/tui/model.go:139.23,201.2 21 1
github.com/kudig/kudig/pkg/tui/model.go:204.31,206.2 1 1
github.com/kudig/kudig/pkg/tui/model.go:209.57,210.27 1 0
github.com/kudig/kudig/pkg/tui/model.go:211.18,212.29 1 0
github.com/kudig/kudig/pkg/tui/model.go:214.25,219.16 5 0
github.com/kudig/kudig/pkg/tui/model.go:221.28,225.23 4 0
github.com/kudig/kudig/pkg/tui/model.go:225.23,228.4 2 0
github.com/kudig/kudig/pkg/tui/model.go:228.9,232.37 3 0
github.com/kudig/kudig/pkg/tui/model.go:232.37,234.5 1 0
github.com/kudig/kudig/pkg/tui/model.go:235.4,236.26 2 0
github.com/kudig/kudig/pkg/tui/model.go:238.3,238.16 1 0
github.com/kudig/kudig/pkg/tui/model.go:240.23,243.16 3 0
github.com/kudig/kudig/pkg/tui/model.go:247.2,247.17 1 0
github.com/kudig/kudig/pkg/tui/model.go:248.17,251.16 3 0
github.com/kudig/kudig/pkg/tui/model.go:252.20,255.16 3 0
github.com/kudig/kudig/pkg/tui/model.go:258.2,258.15 1 0
github.com/kudig/kudig/pkg/tui/model.go:262.30,263.17 1 0
github.com/kudig/kudig/pkg/tui/model.go:264.17,265.22 1 0
github.com/kudig/kudig/pkg/tui/model.go:266.23,267.28 1 0
github.com/kudig/kudig/pkg/tui/model.go:268.20,269.25 1 0
github.com/kudig/kudig/pkg/tui/model.go:270.24,271.29 1 0
github.com/kudig/kudig/pkg/tui/model.go:272.10,273.22 1 0
github.com/kudig/kudig/pkg/tui/model.go:277.34,291.21 7 0
github.com/kudig/kudig/pkg/tui/model.go:291.21,294.3 2 0
github.com/kudig/kudig/pkg/tui/model.go:296.2,296.19 1 0
github.com/kudig/kudig/pkg/tui/model.go:299.40,309.18 7 0
github.com/kudig/kudig/pkg/tui/model.go:309.18,311.3 1 0
github.com/kudig/kudig/pkg/tui/model.go:311.8,313.3 1 0
github.com/kudig/kudig/pkg/tui/model.go:315.2,318.19 3 0
github.com/kudig/kudig/pkg/tui/model.go:321.37,345.2 10 0
github.com/kudig/kudig/pkg/tui/model.go:347.41,348.28 1 0
github.com/kudig/kudig/pkg/tui/model.go:348.28,350.3 1 0
github.com/kudig/kudig/pkg/tui/model.go:352.2,363.46 7 0
github.com/kudig/kudig/pkg/tui/model.go:363.46,365.3 1 0
github.com/kudig/kudig/pkg/tui/model.go:365.8,365.52 1 0
github.com/kudig/kudig/pkg/tui/model.go:365.52,367.3 1 0
github.com/kudig/kudig/pkg/tui/model.go:368.2,381.26 8 0
github.com/kudig/kudig/pkg/tui/model.go:381.26,386.3 4 0
github.com/kudig/kudig/pkg/tui/model.go:389.2,389.68 1 0
github.com/kudig/kudig/pkg/tui/model.go:389.68,393.38 4 0
github.com/kudig/kudig/pkg/tui/model.go:393.38,396.4 2 0
github.com/kudig/kudig/pkg/tui/model.go:397.3,397.24 1 0
github.com/kudig/kudig/pkg/tui/model.go:401.2,401.29 1 0
github.com/kudig/kudig/pkg/tui/model.go:401.29,404.36 3 0
github.com/kudig/kudig/pkg/tui/model.go:404.36,407.4 2 0
github.com/kudig/kudig/pkg/tui/model.go:408.3,408.22 1 0
github.com/kudig/kudig/pkg/tui/model.go:412.2,414.19 2 0
github.com/kudig/kudig/pkg/tui/model.go:417.66,418.17 1 0
github.com/kudig/kudig/pkg/tui/model.go:419.17,420.23 1 0
github.com/kudig/kudig/pkg/tui/model.go:421.22,423.22 2 0
github.com/kudig/kudig/pkg/tui/model.go:424.16,425.53 1 0
github.com/kudig/kudig/pkg/tui/model.go:425.53,426.20 1 0
github.com/kudig/kudig/pkg/tui/model.go:427.30,434.7 4 0
github.com/kudig/kudig/pkg/tui/model.go:435.30,442.7 4 0
github.com/kudig/kudig/pkg/tui/model.go:443.23,444.24 1 0
github.com/kudig/kudig/pkg/tui/model.go:449.20,450.23 1 0
github.com/kudig/kudig/pkg/tui/model.go:451.22,452.22 1 0
github.com/kudig/kudig/pkg/tui/model.go:453.12,455.17 2 0
github.com/kudig/kudig/pkg/tui/model.go:456.16,457.60 1 0
github.com/kudig/kudig/pkg/tui/model.go:457.60,460.5 2 0
github.com/kudig/kudig/pkg/tui/model.go:461.4,461.17 1 0
github.com/kudig/kudig/pkg/tui/model.go:464.24,465.23 1 0
github.com/kudig/kudig/pkg/tui/model.go:466.12,468.17 2 0
github.com/kudig/kudig/pkg/tui/model.go:469.12,470.22 1 0
github.com/kudig/kudig/pkg/tui/model.go:474.2,474.15 1 0
github.com/kudig/kudig/pkg/tui/model.go:479.44,480.22 1 1
github.com/kudig/kudig/pkg/tui/model.go:480.22,482.3 1 1
github.com/kudig/kudig/pkg/tui/model.go:483.2,483.29 1 1
github.com/kudig/kudig/pkg/tui/model.go:486.80,487.31 1 1
github.com/kudig/kudig/pkg/tui/model.go:487.31,488.25 1 1
github.com/kudig/kudig/pkg/tui/model.go:489.31,490.14 1 1
github.com/kudig/kudig/pkg/tui/model.go:491.30,492.13 1 1
github.com/kudig/kudig/pkg/tui/model.go:493.27,494.10 1 1
github.com/kudig/kudig/pkg/tui/model.go:497.2,497.8 1 1
github.com/kudig/kudig/pkg/types/diagnostic_data.go:24.35,25.11 1 0
github.com/kudig/kudig/pkg/types/diagnostic_data.go:26.19,27.19 1 0
github.com/kudig/kudig/pkg/types/diagnostic_data.go:28.18,29.18 1 0
github.com/kudig/kudig/pkg/types/diagnostic_data.go:30.18,31.18 1 0
github.com/kudig/kudig/pkg/types/diagnostic_data.go:32.10,33.19 1 0
github.com/kudig/kudig/pkg/types/diagnostic_data.go:139.55,146.2 1 0
github.com/kudig/kudig/pkg/types/diagnostic_data.go:149.65,150.23 1 0
github.com/kudig/kudig/pkg/types/diagnostic_data.go:150.23,152.3 1 0
github.com/kudig/kudig/pkg/types/diagnostic_data.go:153.2,154.20 2 0
github.com/kudig/kudig/pkg/types/diagnostic_data.go:158.66,159.23 1 0
github.com/kudig/kudig/pkg/types/diagnostic_data.go:159.23,161.3 1 0
github.com/kudig/kudig/pkg/types/diagnostic_data.go:162.2,162.28 1 0
github.com/kudig/kudig/pkg/types/diagnostic_data.go:166.46,168.2 1 0
github.com/kudig/kudig/pkg/types/issue.go:54.83,64.2 1 1
github.com/kudig/kudig/pkg/types/issue.go:67.59,72.2 2 1
github.com/kudig/kudig/pkg/types/issue.go:75.56,76.23 1 1
github.com/kudig/kudig/pkg/types/issue.go:76.23,78.3 1 0
github.com/kudig/kudig/pkg/types/issue.go:79.2,80.10 2 1
github.com/kudig/kudig/pkg/types/issue.go:92.52,94.31 2 1
github.com/kudig/kudig/pkg/types/issue.go:94.31,95.25 1 1
github.com/kudig/kudig/pkg/types/issue.go:96.25,97.22 1 1
github.com/kudig/kudig/pkg/types/issue.go:98.24,99.21 1 1
github.com/kudig/kudig/pkg/types/issue.go:100.21,101.18 1 1
github.com/kudig/kudig/pkg/types/issue.go:103.3,103.18 1 1
github.com/kudig/kudig/pkg/types/issue.go:105.2,105.16 1 1
github.com/kudig/kudig/pkg/types/issue.go:109.43,111.31 2 1
github.com/kudig/kudig/pkg/types/issue.go:111.31,112.30 1 1
github.com/kudig/kudig/pkg/types/issue.go:112.30,114.4 1 1
github.com/kudig/kudig/pkg/types/issue.go:116.2,116.22 1 1
github.com/kudig/kudig/pkg/types/issue.go:116.22,118.3 1 1
github.com/kudig/kudig/pkg/types/issue.go:119.2,119.15 1 1
github.com/kudig/kudig/pkg/types/severity.go:22.35,23.11 1 1
github.com/kudig/kudig/pkg/types/severity.go:24.24,25.18 1 1
github.com/kudig/kudig/pkg/types/severity.go:26.23,27.18 1 1
github.com/kudig/kudig/pkg/types/severity.go:28.20,29.18 1 1
github.com/kudig/kudig/pkg/types/severity.go:30.10,31.18 1 1
github.com/kudig/kudig/pkg/types/severity.go:36.42,37.11 1 1
github.com/kudig/kudig/pkg/types/severity.go:38.24,39.20 1 1
github.com/kudig/kudig/pkg/types/severity.go:40.23,41.19 1 1
github.com/kudig/kudig/pkg/types/severity.go:42.20,43.16 1 1
github.com/kudig/kudig/pkg/types/severity.go:44.10,45.19 1 1
github.com/kudig/kudig/pkg/types/severity.go:50.49,52.2 1 1
github.com/kudig/kudig/pkg/types/severity.go:55.53,57.51 2 1
github.com/kudig/kudig/pkg/types/severity.go:57.51,59.3 1 0
github.com/kudig/kudig/pkg/types/severity.go:60.2,61.12 2 1
github.com/kudig/kudig/pkg/types/severity.go:65.39,66.28 1 1
github.com/kudig/kudig/pkg/types/severity.go:67.28,68.26 1 1
github.com/kudig/kudig/pkg/types/severity.go:69.27,70.25 1 1
github.com/kudig/kudig/pkg/types/severity.go:71.24,72.22 1 1
github.com/kudig/kudig/pkg/types/severity.go:73.10,74.22 1 1
github.com/kudig/kudig/pkg/types/severity.go:80.34,81.11 1 1
github.com/kudig/kudig/pkg/types/severity.go:82.24,83.11 1 1
github.com/kudig/kudig/pkg/types/severity.go:84.37,85.11 1 1
github.com/kudig/kudig/pkg/types/severity.go:86.10,87.11 1 1
